[2025-05-14T22:47:32.116+0000] {taskinstance.py:1159} INFO - Dependencies all met for dep_context=non-requeueable deps ti=<TaskInstance: sample_etl.aggregate_appointment_stats manual__2025-05-14T22:47:18.509036+00:00 [queued]>
[2025-05-14T22:47:32.134+0000] {taskinstance.py:1159} INFO - Dependencies all met for dep_context=requeueable deps ti=<TaskInstance: sample_etl.aggregate_appointment_stats manual__2025-05-14T22:47:18.509036+00:00 [queued]>
[2025-05-14T22:47:32.134+0000] {taskinstance.py:1361} INFO - Starting attempt 1 of 3
[2025-05-14T22:47:32.146+0000] {taskinstance.py:1382} INFO - Executing <Task(PostgresOperator): aggregate_appointment_stats> on 2025-05-14 22:47:18.509036+00:00
[2025-05-14T22:47:32.150+0000] {standard_task_runner.py:57} INFO - Started process 254 to run task
[2025-05-14T22:47:32.159+0000] {standard_task_runner.py:84} INFO - Running: ['airflow', 'tasks', 'run', 'sample_etl', 'aggregate_appointment_stats', 'manual__2025-05-14T22:47:18.509036+00:00', '--job-id', '15', '--raw', '--subdir', 'DAGS_FOLDER/sample_etl.py', '--cfg-path', '/tmp/tmpa152p2lw']
[2025-05-14T22:47:32.163+0000] {standard_task_runner.py:85} INFO - Job 15: Subtask aggregate_appointment_stats
[2025-05-14T22:47:32.183+0000] {logging_mixin.py:154} WARNING - /home/airflow/.local/lib/python3.8/site-packages/airflow/settings.py:195 DeprecationWarning: The sql_alchemy_conn option in [core] has been moved to the sql_alchemy_conn option in [database] - the old setting has been used, but please update your config.
[2025-05-14T22:47:32.227+0000] {task_command.py:416} INFO - Running <TaskInstance: sample_etl.aggregate_appointment_stats manual__2025-05-14T22:47:18.509036+00:00 [running]> on host dff7001aa755
[2025-05-14T22:47:32.305+0000] {taskinstance.py:1662} INFO - Exporting env vars: AIRFLOW_CTX_DAG_EMAIL='taimourabdulkarim20@gmail.com' AIRFLOW_CTX_DAG_OWNER='airflow' AIRFLOW_CTX_DAG_ID='sample_etl' AIRFLOW_CTX_TASK_ID='aggregate_appointment_stats' AIRFLOW_CTX_EXECUTION_DATE='2025-05-14T22:47:18.509036+00:00' AIRFLOW_CTX_TRY_NUMBER='1' AIRFLOW_CTX_DAG_RUN_ID='manual__2025-05-14T22:47:18.509036+00:00'
[2025-05-14T22:47:32.306+0000] {sql.py:274} INFO - Executing: 
            INSERT INTO appointment_stats (stat_date, total_appointments, avg_appointments_per_doctor)
            SELECT
                CURRENT_DATE,
                COUNT(*),
                COUNT(*)::float / NULLIF((SELECT COUNT(*) FROM users WHERE role = 'doctor'), 0)
            FROM appointments
            WHERE appointment_date::date = CURRENT_DATE
            ON CONFLICT (stat_date) DO UPDATE
            SET
                total_appointments = EXCLUDED.total_appointments,
                avg_appointments_per_doctor = EXCLUDED.avg_appointments_per_doctor;
        
[2025-05-14T22:47:32.328+0000] {base.py:73} INFO - Using connection ID '***_default' for task execution.
[2025-05-14T22:47:32.337+0000] {base.py:73} INFO - Using connection ID '***_default' for task execution.
[2025-05-14T22:47:32.346+0000] {sql.py:418} INFO - Running statement: 
            INSERT INTO appointment_stats (stat_date, total_appointments, avg_appointments_per_doctor)
            SELECT
                CURRENT_DATE,
                COUNT(*),
                COUNT(*)::float / NULLIF((SELECT COUNT(*) FROM users WHERE role = 'doctor'), 0)
            FROM appointments
            WHERE appointment_date::date = CURRENT_DATE
            ON CONFLICT (stat_date) DO UPDATE
            SET
                total_appointments = EXCLUDED.total_appointments,
                avg_appointments_per_doctor = EXCLUDED.avg_appointments_per_doctor;
        , parameters: None
[2025-05-14T22:47:32.348+0000] {sql.py:427} INFO - Rows affected: 1
[2025-05-14T22:47:32.359+0000] {taskinstance.py:1400} INFO - Marking task as SUCCESS. dag_id=sample_etl, task_id=aggregate_appointment_stats, execution_date=20250514T224718, start_date=20250514T224732, end_date=20250514T224732
[2025-05-14T22:47:32.385+0000] {local_task_job_runner.py:228} INFO - Task exited with return code 0
[2025-05-14T22:47:32.413+0000] {taskinstance.py:2778} INFO - 1 downstream tasks scheduled from follow-on schedule check
