[2025-05-15T09:24:46.846+0000] {taskinstance.py:1159} INFO - Dependencies all met for dep_context=non-requeueable deps ti=<TaskInstance: sample_etl.dbt_run manual__2025-05-15T09:24:23.032555+00:00 [queued]>
[2025-05-15T09:24:46.858+0000] {taskinstance.py:1159} INFO - Dependencies all met for dep_context=requeueable deps ti=<TaskInstance: sample_etl.dbt_run manual__2025-05-15T09:24:23.032555+00:00 [queued]>
[2025-05-15T09:24:46.859+0000] {taskinstance.py:1361} INFO - Starting attempt 1 of 3
[2025-05-15T09:24:46.870+0000] {taskinstance.py:1382} INFO - Executing <Task(BashOperator): dbt_run> on 2025-05-15 09:24:23.032555+00:00
[2025-05-15T09:24:46.874+0000] {standard_task_runner.py:57} INFO - Started process 268 to run task
[2025-05-15T09:24:46.877+0000] {standard_task_runner.py:84} INFO - Running: ['airflow', 'tasks', 'run', 'sample_etl', 'dbt_run', 'manual__2025-05-15T09:24:23.032555+00:00', '--job-id', '24', '--raw', '--subdir', 'DAGS_FOLDER/sample_etl.py', '--cfg-path', '/tmp/tmp51e_kq0x']
[2025-05-15T09:24:46.880+0000] {standard_task_runner.py:85} INFO - Job 24: Subtask dbt_run
[2025-05-15T09:24:46.899+0000] {logging_mixin.py:154} WARNING - /home/airflow/.local/lib/python3.8/site-packages/airflow/settings.py:195 DeprecationWarning: The sql_alchemy_conn option in [core] has been moved to the sql_alchemy_conn option in [database] - the old setting has been used, but please update your config.
[2025-05-15T09:24:47.027+0000] {task_command.py:416} INFO - Running <TaskInstance: sample_etl.dbt_run manual__2025-05-15T09:24:23.032555+00:00 [running]> on host 45eecb73d756
[2025-05-15T09:24:47.204+0000] {taskinstance.py:1662} INFO - Exporting env vars: AIRFLOW_CTX_DAG_EMAIL='taimourabdulkarim20@gmail.com' AIRFLOW_CTX_DAG_OWNER='airflow' AIRFLOW_CTX_DAG_ID='sample_etl' AIRFLOW_CTX_TASK_ID='dbt_run' AIRFLOW_CTX_EXECUTION_DATE='2025-05-15T09:24:23.032555+00:00' AIRFLOW_CTX_TRY_NUMBER='1' AIRFLOW_CTX_DAG_RUN_ID='manual__2025-05-15T09:24:23.032555+00:00'
[2025-05-15T09:24:47.263+0000] {subprocess.py:63} INFO - Tmp dir root location: /tmp
[2025-05-15T09:24:47.266+0000] {subprocess.py:75} INFO - Running command: ['/bin/bash', '-c', 'docker exec -i $(docker ps -qf "ancestor=ghcr.io/dbt-labs/dbt-***:1.7.4") dbt run --project-dir /usr/app --profiles-dir /usr/app']
[2025-05-15T09:24:47.291+0000] {subprocess.py:86} INFO - Output:
[2025-05-15T09:24:52.216+0000] {subprocess.py:93} INFO - [0m09:24:52  Running with dbt=1.7.4
[2025-05-15T09:24:52.585+0000] {subprocess.py:93} INFO - [0m09:24:52  Registered adapter: ***=1.7.4
[2025-05-15T09:24:52.684+0000] {subprocess.py:93} INFO - [0m09:24:52  Found 1 model, 0 sources, 0 exposures, 0 metrics, 401 macros, 0 groups, 0 semantic models
[2025-05-15T09:24:52.687+0000] {subprocess.py:93} INFO - [0m09:24:52
[2025-05-15T09:24:52.972+0000] {subprocess.py:93} INFO - [0m09:24:52  Concurrency: 1 threads (target='dev')
[2025-05-15T09:24:52.974+0000] {subprocess.py:93} INFO - [0m09:24:52
[2025-05-15T09:24:52.993+0000] {subprocess.py:93} INFO - [0m09:24:52  1 of 1 START sql view model public.doctor_appointments ......................... [RUN]
[2025-05-15T09:24:53.124+0000] {subprocess.py:93} INFO - [0m09:24:53  1 of 1 OK created sql view model public.doctor_appointments .................... [[32mCREATE VIEW[0m in 0.13s]
[2025-05-15T09:24:53.146+0000] {subprocess.py:93} INFO - [0m09:24:53
[2025-05-15T09:24:53.147+0000] {subprocess.py:93} INFO - [0m09:24:53  Finished running 1 view model in 0 hours 0 minutes and 0.45 seconds (0.45s).
[2025-05-15T09:24:53.168+0000] {subprocess.py:93} INFO - [0m09:24:53
[2025-05-15T09:24:53.169+0000] {subprocess.py:93} INFO - [0m09:24:53  [32mCompleted successfully[0m
[2025-05-15T09:24:53.170+0000] {subprocess.py:93} INFO - [0m09:24:53
[2025-05-15T09:24:53.173+0000] {subprocess.py:93} INFO - [0m09:24:53  Done. PASS=1 WARN=0 ERROR=0 SKIP=0 TOTAL=1
[2025-05-15T09:24:55.355+0000] {subprocess.py:97} INFO - Command exited with return code 0
[2025-05-15T09:24:55.477+0000] {taskinstance.py:1400} INFO - Marking task as SUCCESS. dag_id=sample_etl, task_id=dbt_run, execution_date=20250515T092423, start_date=20250515T092446, end_date=20250515T092455
[2025-05-15T09:24:55.538+0000] {local_task_job_runner.py:228} INFO - Task exited with return code 0
[2025-05-15T09:24:55.591+0000] {taskinstance.py:2778} INFO - 1 downstream tasks scheduled from follow-on schedule check
