[2025-05-14T19:23:46.912+0000] {taskinstance.py:1159} INFO - Dependencies all met for dep_context=non-requeueable deps ti=<TaskInstance: sample_etl.create_appointment_stats_table scheduled__2025-05-13T00:00:00+00:00 [queued]>
[2025-05-14T19:23:46.920+0000] {taskinstance.py:1159} INFO - Dependencies all met for dep_context=requeueable deps ti=<TaskInstance: sample_etl.create_appointment_stats_table scheduled__2025-05-13T00:00:00+00:00 [queued]>
[2025-05-14T19:23:46.921+0000] {taskinstance.py:1361} INFO - Starting attempt 1 of 3
[2025-05-14T19:23:46.932+0000] {taskinstance.py:1382} INFO - Executing <Task(PostgresOperator): create_appointment_stats_table> on 2025-05-13 00:00:00+00:00
[2025-05-14T19:23:46.956+0000] {standard_task_runner.py:57} INFO - Started process 220 to run task
[2025-05-14T19:23:46.967+0000] {standard_task_runner.py:84} INFO - Running: ['airflow', 'tasks', 'run', 'sample_etl', 'create_appointment_stats_table', 'scheduled__2025-05-13T00:00:00+00:00', '--job-id', '100', '--raw', '--subdir', 'DAGS_FOLDER/sample_etl.py', '--cfg-path', '/tmp/tmprui250k1']
[2025-05-14T19:23:46.973+0000] {standard_task_runner.py:85} INFO - Job 100: Subtask create_appointment_stats_table
[2025-05-14T19:23:47.077+0000] {logging_mixin.py:154} WARNING - /home/airflow/.local/lib/python3.8/site-packages/airflow/settings.py:195 DeprecationWarning: The sql_alchemy_conn option in [core] has been moved to the sql_alchemy_conn option in [database] - the old setting has been used, but please update your config.
[2025-05-14T19:23:47.369+0000] {task_command.py:416} INFO - Running <TaskInstance: sample_etl.create_appointment_stats_table scheduled__2025-05-13T00:00:00+00:00 [running]> on host 3dfadb756915
[2025-05-14T19:23:47.626+0000] {taskinstance.py:1662} INFO - Exporting env vars: AIRFLOW_CTX_DAG_EMAIL='taimourabdulkarim20@gmail.com' AIRFLOW_CTX_DAG_OWNER='airflow' AIRFLOW_CTX_DAG_ID='sample_etl' AIRFLOW_CTX_TASK_ID='create_appointment_stats_table' AIRFLOW_CTX_EXECUTION_DATE='2025-05-13T00:00:00+00:00' AIRFLOW_CTX_TRY_NUMBER='1' AIRFLOW_CTX_DAG_RUN_ID='scheduled__2025-05-13T00:00:00+00:00'
[2025-05-14T19:23:47.629+0000] {sql.py:274} INFO - Executing: 
            CREATE TABLE IF NOT EXISTS appointment_stats (
                stat_date DATE PRIMARY KEY,
                total_appointments INT,
                avg_appointments_per_doctor FLOAT
            );
        
[2025-05-14T19:23:47.713+0000] {base.py:73} INFO - Using connection ID '***_default' for task execution.
[2025-05-14T19:23:47.722+0000] {base.py:73} INFO - Using connection ID '***_default' for task execution.
[2025-05-14T19:23:47.738+0000] {sql.py:418} INFO - Running statement: 
            CREATE TABLE IF NOT EXISTS appointment_stats (
                stat_date DATE PRIMARY KEY,
                total_appointments INT,
                avg_appointments_per_doctor FLOAT
            );
        , parameters: None
[2025-05-14T19:23:47.762+0000] {taskinstance.py:1400} INFO - Marking task as SUCCESS. dag_id=sample_etl, task_id=create_appointment_stats_table, execution_date=20250513T000000, start_date=20250514T192346, end_date=20250514T192347
[2025-05-14T19:23:47.827+0000] {local_task_job_runner.py:228} INFO - Task exited with return code 0
[2025-05-14T19:23:47.904+0000] {taskinstance.py:2778} INFO - 1 downstream tasks scheduled from follow-on schedule check
[2025-05-14T22:13:29.014+0000] {taskinstance.py:1159} INFO - Dependencies all met for dep_context=non-requeueable deps ti=<TaskInstance: sample_etl.create_appointment_stats_table scheduled__2025-05-13T00:00:00+00:00 [queued]>
[2025-05-14T22:13:29.022+0000] {taskinstance.py:1159} INFO - Dependencies all met for dep_context=requeueable deps ti=<TaskInstance: sample_etl.create_appointment_stats_table scheduled__2025-05-13T00:00:00+00:00 [queued]>
[2025-05-14T22:13:29.022+0000] {taskinstance.py:1361} INFO - Starting attempt 1 of 3
[2025-05-14T22:13:29.033+0000] {taskinstance.py:1382} INFO - Executing <Task(PostgresOperator): create_appointment_stats_table> on 2025-05-13 00:00:00+00:00
[2025-05-14T22:13:29.036+0000] {standard_task_runner.py:57} INFO - Started process 530 to run task
[2025-05-14T22:13:29.041+0000] {standard_task_runner.py:84} INFO - Running: ['airflow', 'tasks', 'run', 'sample_etl', 'create_appointment_stats_table', 'scheduled__2025-05-13T00:00:00+00:00', '--job-id', '72', '--raw', '--subdir', 'DAGS_FOLDER/sample_etl.py', '--cfg-path', '/tmp/tmp3tc8j562']
[2025-05-14T22:13:29.044+0000] {standard_task_runner.py:85} INFO - Job 72: Subtask create_appointment_stats_table
[2025-05-14T22:13:29.061+0000] {logging_mixin.py:154} WARNING - /home/airflow/.local/lib/python3.8/site-packages/airflow/settings.py:195 DeprecationWarning: The sql_alchemy_conn option in [core] has been moved to the sql_alchemy_conn option in [database] - the old setting has been used, but please update your config.
[2025-05-14T22:13:29.102+0000] {task_command.py:416} INFO - Running <TaskInstance: sample_etl.create_appointment_stats_table scheduled__2025-05-13T00:00:00+00:00 [running]> on host dd657b0ac9c8
[2025-05-14T22:13:29.179+0000] {taskinstance.py:1662} INFO - Exporting env vars: AIRFLOW_CTX_DAG_EMAIL='taimourabdulkarim20@gmail.com' AIRFLOW_CTX_DAG_OWNER='airflow' AIRFLOW_CTX_DAG_ID='sample_etl' AIRFLOW_CTX_TASK_ID='create_appointment_stats_table' AIRFLOW_CTX_EXECUTION_DATE='2025-05-13T00:00:00+00:00' AIRFLOW_CTX_TRY_NUMBER='1' AIRFLOW_CTX_DAG_RUN_ID='scheduled__2025-05-13T00:00:00+00:00'
[2025-05-14T22:13:29.181+0000] {sql.py:274} INFO - Executing: 
            CREATE TABLE IF NOT EXISTS appointment_stats (
                stat_date DATE PRIMARY KEY,
                total_appointments INT,
                avg_appointments_per_doctor FLOAT
            );
        
[2025-05-14T22:13:29.202+0000] {base.py:73} INFO - Using connection ID '***_default' for task execution.
[2025-05-14T22:13:29.206+0000] {base.py:73} INFO - Using connection ID '***_default' for task execution.
[2025-05-14T22:13:29.217+0000] {sql.py:418} INFO - Running statement: 
            CREATE TABLE IF NOT EXISTS appointment_stats (
                stat_date DATE PRIMARY KEY,
                total_appointments INT,
                avg_appointments_per_doctor FLOAT
            );
        , parameters: None
[2025-05-14T22:13:29.244+0000] {taskinstance.py:1400} INFO - Marking task as SUCCESS. dag_id=sample_etl, task_id=create_appointment_stats_table, execution_date=20250513T000000, start_date=20250514T221329, end_date=20250514T221329
[2025-05-14T22:13:29.304+0000] {local_task_job_runner.py:228} INFO - Task exited with return code 0
[2025-05-14T22:13:29.348+0000] {taskinstance.py:2778} INFO - 1 downstream tasks scheduled from follow-on schedule check
[2025-05-14T22:52:33.225+0000] {taskinstance.py:1159} INFO - Dependencies all met for dep_context=non-requeueable deps ti=<TaskInstance: sample_etl.create_appointment_stats_table scheduled__2025-05-13T00:00:00+00:00 [queued]>
[2025-05-14T22:52:33.234+0000] {taskinstance.py:1159} INFO - Dependencies all met for dep_context=requeueable deps ti=<TaskInstance: sample_etl.create_appointment_stats_table scheduled__2025-05-13T00:00:00+00:00 [queued]>
[2025-05-14T22:52:33.234+0000] {taskinstance.py:1361} INFO - Starting attempt 1 of 3
[2025-05-14T22:52:33.244+0000] {taskinstance.py:1382} INFO - Executing <Task(PostgresOperator): create_appointment_stats_table> on 2025-05-13 00:00:00+00:00
[2025-05-14T22:52:33.250+0000] {standard_task_runner.py:57} INFO - Started process 378 to run task
[2025-05-14T22:52:33.255+0000] {standard_task_runner.py:84} INFO - Running: ['airflow', 'tasks', 'run', 'sample_etl', 'create_appointment_stats_table', 'scheduled__2025-05-13T00:00:00+00:00', '--job-id', '32', '--raw', '--subdir', 'DAGS_FOLDER/sample_etl.py', '--cfg-path', '/tmp/tmp65ep7y62']
[2025-05-14T22:52:33.258+0000] {standard_task_runner.py:85} INFO - Job 32: Subtask create_appointment_stats_table
[2025-05-14T22:52:33.281+0000] {logging_mixin.py:154} WARNING - /home/airflow/.local/lib/python3.8/site-packages/airflow/settings.py:195 DeprecationWarning: The sql_alchemy_conn option in [core] has been moved to the sql_alchemy_conn option in [database] - the old setting has been used, but please update your config.
[2025-05-14T22:52:33.332+0000] {task_command.py:416} INFO - Running <TaskInstance: sample_etl.create_appointment_stats_table scheduled__2025-05-13T00:00:00+00:00 [running]> on host dff7001aa755
[2025-05-14T22:52:33.413+0000] {taskinstance.py:1662} INFO - Exporting env vars: AIRFLOW_CTX_DAG_EMAIL='taimourabdulkarim20@gmail.com' AIRFLOW_CTX_DAG_OWNER='airflow' AIRFLOW_CTX_DAG_ID='sample_etl' AIRFLOW_CTX_TASK_ID='create_appointment_stats_table' AIRFLOW_CTX_EXECUTION_DATE='2025-05-13T00:00:00+00:00' AIRFLOW_CTX_TRY_NUMBER='1' AIRFLOW_CTX_DAG_RUN_ID='scheduled__2025-05-13T00:00:00+00:00'
[2025-05-14T22:52:33.414+0000] {sql.py:274} INFO - Executing: 
            CREATE TABLE IF NOT EXISTS appointment_stats (
                stat_date DATE PRIMARY KEY,
                total_appointments INT,
                avg_appointments_per_doctor FLOAT
            );
        
[2025-05-14T22:52:33.453+0000] {base.py:73} INFO - Using connection ID '***_default' for task execution.
[2025-05-14T22:52:33.464+0000] {base.py:73} INFO - Using connection ID '***_default' for task execution.
[2025-05-14T22:52:33.473+0000] {sql.py:418} INFO - Running statement: 
            CREATE TABLE IF NOT EXISTS appointment_stats (
                stat_date DATE PRIMARY KEY,
                total_appointments INT,
                avg_appointments_per_doctor FLOAT
            );
        , parameters: None
[2025-05-14T22:52:33.484+0000] {taskinstance.py:1400} INFO - Marking task as SUCCESS. dag_id=sample_etl, task_id=create_appointment_stats_table, execution_date=20250513T000000, start_date=20250514T225233, end_date=20250514T225233
[2025-05-14T22:52:33.522+0000] {local_task_job_runner.py:228} INFO - Task exited with return code 0
[2025-05-14T22:52:33.558+0000] {taskinstance.py:2778} INFO - 1 downstream tasks scheduled from follow-on schedule check
