[2025-05-14T19:49:02.450+0000] {taskinstance.py:1159} INFO - Dependencies all met for dep_context=non-requeueable deps ti=<TaskInstance: sample_etl.create_doctor_specialty_table manual__2025-05-14T19:48:54.821631+00:00 [queued]>
[2025-05-14T19:49:02.464+0000] {taskinstance.py:1159} INFO - Dependencies all met for dep_context=requeueable deps ti=<TaskInstance: sample_etl.create_doctor_specialty_table manual__2025-05-14T19:48:54.821631+00:00 [queued]>
[2025-05-14T19:49:02.465+0000] {taskinstance.py:1361} INFO - Starting attempt 1 of 3
[2025-05-14T19:49:02.476+0000] {taskinstance.py:1382} INFO - Executing <Task(PostgresOperator): create_doctor_specialty_table> on 2025-05-14 19:48:54.821631+00:00
[2025-05-14T19:49:02.480+0000] {standard_task_runner.py:57} INFO - Started process 236 to run task
[2025-05-14T19:49:02.493+0000] {standard_task_runner.py:84} INFO - Running: ['airflow', 'tasks', 'run', 'sample_etl', 'create_doctor_specialty_table', 'manual__2025-05-14T19:48:54.821631+00:00', '--job-id', '140', '--raw', '--subdir', 'DAGS_FOLDER/sample_etl.py', '--cfg-path', '/tmp/tmpedmma7un']
[2025-05-14T19:49:02.502+0000] {standard_task_runner.py:85} INFO - Job 140: Subtask create_doctor_specialty_table
[2025-05-14T19:49:02.531+0000] {logging_mixin.py:154} WARNING - /home/airflow/.local/lib/python3.8/site-packages/airflow/settings.py:195 DeprecationWarning: The sql_alchemy_conn option in [core] has been moved to the sql_alchemy_conn option in [database] - the old setting has been used, but please update your config.
[2025-05-14T19:49:02.601+0000] {task_command.py:416} INFO - Running <TaskInstance: sample_etl.create_doctor_specialty_table manual__2025-05-14T19:48:54.821631+00:00 [running]> on host 6e6caaaae917
[2025-05-14T19:49:02.709+0000] {taskinstance.py:1662} INFO - Exporting env vars: AIRFLOW_CTX_DAG_EMAIL='taimourabdulkarim20@gmail.com' AIRFLOW_CTX_DAG_OWNER='airflow' AIRFLOW_CTX_DAG_ID='sample_etl' AIRFLOW_CTX_TASK_ID='create_doctor_specialty_table' AIRFLOW_CTX_EXECUTION_DATE='2025-05-14T19:48:54.821631+00:00' AIRFLOW_CTX_TRY_NUMBER='1' AIRFLOW_CTX_DAG_RUN_ID='manual__2025-05-14T19:48:54.821631+00:00'
[2025-05-14T19:49:02.710+0000] {sql.py:274} INFO - Executing: 
            CREATE TABLE IF NOT EXISTS doctor_specialty_counts (
                stat_date DATE,
                specialty TEXT,
                doctor_count INT,
                PRIMARY KEY (stat_date, specialty)
            );
        
[2025-05-14T19:49:02.732+0000] {base.py:73} INFO - Using connection ID '***_default' for task execution.
[2025-05-14T19:49:02.737+0000] {base.py:73} INFO - Using connection ID '***_default' for task execution.
[2025-05-14T19:49:02.743+0000] {sql.py:418} INFO - Running statement: 
            CREATE TABLE IF NOT EXISTS doctor_specialty_counts (
                stat_date DATE,
                specialty TEXT,
                doctor_count INT,
                PRIMARY KEY (stat_date, specialty)
            );
        , parameters: None
[2025-05-14T19:49:02.755+0000] {taskinstance.py:1400} INFO - Marking task as SUCCESS. dag_id=sample_etl, task_id=create_doctor_specialty_table, execution_date=20250514T194854, start_date=20250514T194902, end_date=20250514T194902
[2025-05-14T19:49:02.802+0000] {local_task_job_runner.py:228} INFO - Task exited with return code 0
[2025-05-14T19:49:02.837+0000] {taskinstance.py:2778} INFO - 1 downstream tasks scheduled from follow-on schedule check
