[2025-05-14T19:23:36.736+0000] {taskinstance.py:1159} INFO - Dependencies all met for dep_context=non-requeueable deps ti=<TaskInstance: sample_etl.transform_data scheduled__2025-05-13T00:00:00+00:00 [queued]>
[2025-05-14T19:23:36.751+0000] {taskinstance.py:1159} INFO - Dependencies all met for dep_context=requeueable deps ti=<TaskInstance: sample_etl.transform_data scheduled__2025-05-13T00:00:00+00:00 [queued]>
[2025-05-14T19:23:36.752+0000] {taskinstance.py:1361} INFO - Starting attempt 1 of 3
[2025-05-14T19:23:36.784+0000] {taskinstance.py:1382} INFO - Executing <Task(PythonOperator): transform_data> on 2025-05-13 00:00:00+00:00
[2025-05-14T19:23:36.796+0000] {standard_task_runner.py:57} INFO - Started process 198 to run task
[2025-05-14T19:23:36.799+0000] {standard_task_runner.py:84} INFO - Running: ['airflow', 'tasks', 'run', 'sample_etl', 'transform_data', 'scheduled__2025-05-13T00:00:00+00:00', '--job-id', '93', '--raw', '--subdir', 'DAGS_FOLDER/sample_etl.py', '--cfg-path', '/tmp/tmpm2r_72jj']
[2025-05-14T19:23:36.807+0000] {standard_task_runner.py:85} INFO - Job 93: Subtask transform_data
[2025-05-14T19:23:36.843+0000] {logging_mixin.py:154} WARNING - /home/airflow/.local/lib/python3.8/site-packages/airflow/settings.py:195 DeprecationWarning: The sql_alchemy_conn option in [core] has been moved to the sql_alchemy_conn option in [database] - the old setting has been used, but please update your config.
[2025-05-14T19:23:36.924+0000] {task_command.py:416} INFO - Running <TaskInstance: sample_etl.transform_data scheduled__2025-05-13T00:00:00+00:00 [running]> on host 3dfadb756915
[2025-05-14T19:23:37.035+0000] {taskinstance.py:1662} INFO - Exporting env vars: AIRFLOW_CTX_DAG_EMAIL='taimourabdulkarim20@gmail.com' AIRFLOW_CTX_DAG_OWNER='airflow' AIRFLOW_CTX_DAG_ID='sample_etl' AIRFLOW_CTX_TASK_ID='transform_data' AIRFLOW_CTX_EXECUTION_DATE='2025-05-13T00:00:00+00:00' AIRFLOW_CTX_TRY_NUMBER='1' AIRFLOW_CTX_DAG_RUN_ID='scheduled__2025-05-13T00:00:00+00:00'
[2025-05-14T19:23:37.067+0000] {sample_etl.py:31} INFO - Transformed data: [{'id': 1, 'name': 'Dr. Smith', 'role': 'doctor'}, {'id': 2, 'name': 'Dr. Jones', 'role': 'doctor'}, {'id': 3, 'name': 'Dr. Lee', 'role': 'doctor'}]
[2025-05-14T19:23:37.112+0000] {python.py:194} INFO - Done. Returned value was: None
[2025-05-14T19:23:37.131+0000] {taskinstance.py:1400} INFO - Marking task as SUCCESS. dag_id=sample_etl, task_id=transform_data, execution_date=20250513T000000, start_date=20250514T192336, end_date=20250514T192337
[2025-05-14T19:23:37.153+0000] {local_task_job_runner.py:228} INFO - Task exited with return code 0
[2025-05-14T19:23:37.213+0000] {taskinstance.py:2778} INFO - 1 downstream tasks scheduled from follow-on schedule check
[2025-05-14T21:47:52.351+0000] {taskinstance.py:1159} INFO - Dependencies all met for dep_context=non-requeueable deps ti=<TaskInstance: sample_etl.transform_data scheduled__2025-05-13T00:00:00+00:00 [queued]>
[2025-05-14T21:47:52.370+0000] {taskinstance.py:1159} INFO - Dependencies all met for dep_context=requeueable deps ti=<TaskInstance: sample_etl.transform_data scheduled__2025-05-13T00:00:00+00:00 [queued]>
[2025-05-14T21:47:52.373+0000] {taskinstance.py:1361} INFO - Starting attempt 1 of 3
[2025-05-14T21:47:52.396+0000] {taskinstance.py:1382} INFO - Executing <Task(PythonOperator): transform_data> on 2025-05-13 00:00:00+00:00
[2025-05-14T21:47:52.407+0000] {standard_task_runner.py:57} INFO - Started process 341 to run task
[2025-05-14T21:47:52.420+0000] {standard_task_runner.py:84} INFO - Running: ['airflow', 'tasks', 'run', 'sample_etl', 'transform_data', 'scheduled__2025-05-13T00:00:00+00:00', '--job-id', '5', '--raw', '--subdir', 'DAGS_FOLDER/sample_etl.py', '--cfg-path', '/tmp/tmpy9z0rc0g']
[2025-05-14T21:47:52.427+0000] {standard_task_runner.py:85} INFO - Job 5: Subtask transform_data
[2025-05-14T21:47:52.462+0000] {logging_mixin.py:154} WARNING - /home/airflow/.local/lib/python3.8/site-packages/airflow/settings.py:195 DeprecationWarning: The sql_alchemy_conn option in [core] has been moved to the sql_alchemy_conn option in [database] - the old setting has been used, but please update your config.
[2025-05-14T21:47:52.536+0000] {task_command.py:416} INFO - Running <TaskInstance: sample_etl.transform_data scheduled__2025-05-13T00:00:00+00:00 [running]> on host 6cf6e5bc95cc
[2025-05-14T21:47:52.635+0000] {taskinstance.py:1662} INFO - Exporting env vars: AIRFLOW_CTX_DAG_EMAIL='taimourabdulkarim20@gmail.com' AIRFLOW_CTX_DAG_OWNER='airflow' AIRFLOW_CTX_DAG_ID='sample_etl' AIRFLOW_CTX_TASK_ID='transform_data' AIRFLOW_CTX_EXECUTION_DATE='2025-05-13T00:00:00+00:00' AIRFLOW_CTX_TRY_NUMBER='1' AIRFLOW_CTX_DAG_RUN_ID='scheduled__2025-05-13T00:00:00+00:00'
[2025-05-14T21:47:52.668+0000] {sample_etl.py:31} INFO - Transformed data: [{'id': 1, 'name': 'Dr. Smith', 'role': 'doctor'}, {'id': 2, 'name': 'Dr. Jones', 'role': 'doctor'}, {'id': 3, 'name': 'Dr. Lee', 'role': 'doctor'}]
[2025-05-14T21:47:52.686+0000] {python.py:194} INFO - Done. Returned value was: None
[2025-05-14T21:47:52.697+0000] {taskinstance.py:1400} INFO - Marking task as SUCCESS. dag_id=sample_etl, task_id=transform_data, execution_date=20250513T000000, start_date=20250514T214752, end_date=20250514T214752
[2025-05-14T21:47:52.721+0000] {local_task_job_runner.py:228} INFO - Task exited with return code 0
[2025-05-14T21:47:52.763+0000] {taskinstance.py:2778} INFO - 1 downstream tasks scheduled from follow-on schedule check
[2025-05-14T22:08:19.622+0000] {taskinstance.py:1159} INFO - Dependencies all met for dep_context=non-requeueable deps ti=<TaskInstance: sample_etl.transform_data scheduled__2025-05-13T00:00:00+00:00 [queued]>
[2025-05-14T22:08:19.638+0000] {taskinstance.py:1159} INFO - Dependencies all met for dep_context=requeueable deps ti=<TaskInstance: sample_etl.transform_data scheduled__2025-05-13T00:00:00+00:00 [queued]>
[2025-05-14T22:08:19.639+0000] {taskinstance.py:1361} INFO - Starting attempt 1 of 3
[2025-05-14T22:08:19.656+0000] {taskinstance.py:1382} INFO - Executing <Task(PythonOperator): transform_data> on 2025-05-13 00:00:00+00:00
[2025-05-14T22:08:19.661+0000] {standard_task_runner.py:57} INFO - Started process 222 to run task
[2025-05-14T22:08:19.666+0000] {standard_task_runner.py:84} INFO - Running: ['airflow', 'tasks', 'run', 'sample_etl', 'transform_data', 'scheduled__2025-05-13T00:00:00+00:00', '--job-id', '6', '--raw', '--subdir', 'DAGS_FOLDER/sample_etl.py', '--cfg-path', '/tmp/tmppxrr3r2l']
[2025-05-14T22:08:19.674+0000] {standard_task_runner.py:85} INFO - Job 6: Subtask transform_data
[2025-05-14T22:08:19.693+0000] {logging_mixin.py:154} WARNING - /home/airflow/.local/lib/python3.8/site-packages/airflow/settings.py:195 DeprecationWarning: The sql_alchemy_conn option in [core] has been moved to the sql_alchemy_conn option in [database] - the old setting has been used, but please update your config.
[2025-05-14T22:08:19.729+0000] {task_command.py:416} INFO - Running <TaskInstance: sample_etl.transform_data scheduled__2025-05-13T00:00:00+00:00 [running]> on host dd657b0ac9c8
[2025-05-14T22:08:19.806+0000] {taskinstance.py:1662} INFO - Exporting env vars: AIRFLOW_CTX_DAG_EMAIL='taimourabdulkarim20@gmail.com' AIRFLOW_CTX_DAG_OWNER='airflow' AIRFLOW_CTX_DAG_ID='sample_etl' AIRFLOW_CTX_TASK_ID='transform_data' AIRFLOW_CTX_EXECUTION_DATE='2025-05-13T00:00:00+00:00' AIRFLOW_CTX_TRY_NUMBER='1' AIRFLOW_CTX_DAG_RUN_ID='scheduled__2025-05-13T00:00:00+00:00'
[2025-05-14T22:08:19.825+0000] {sample_etl.py:31} INFO - Transformed data: [{'id': 1, 'name': 'Dr. Smith', 'role': 'doctor'}, {'id': 2, 'name': 'Dr. Jones', 'role': 'doctor'}, {'id': 3, 'name': 'Dr. Lee', 'role': 'doctor'}]
[2025-05-14T22:08:19.841+0000] {python.py:194} INFO - Done. Returned value was: None
[2025-05-14T22:08:19.853+0000] {taskinstance.py:1400} INFO - Marking task as SUCCESS. dag_id=sample_etl, task_id=transform_data, execution_date=20250513T000000, start_date=20250514T220819, end_date=20250514T220819
[2025-05-14T22:08:19.887+0000] {local_task_job_runner.py:228} INFO - Task exited with return code 0
[2025-05-14T22:08:19.926+0000] {taskinstance.py:2778} INFO - 1 downstream tasks scheduled from follow-on schedule check
[2025-05-14T22:29:37.527+0000] {taskinstance.py:1159} INFO - Dependencies all met for dep_context=non-requeueable deps ti=<TaskInstance: sample_etl.transform_data scheduled__2025-05-13T00:00:00+00:00 [queued]>
[2025-05-14T22:29:37.536+0000] {taskinstance.py:1159} INFO - Dependencies all met for dep_context=requeueable deps ti=<TaskInstance: sample_etl.transform_data scheduled__2025-05-13T00:00:00+00:00 [queued]>
[2025-05-14T22:29:37.537+0000] {taskinstance.py:1361} INFO - Starting attempt 1 of 3
[2025-05-14T22:29:37.550+0000] {taskinstance.py:1382} INFO - Executing <Task(PythonOperator): transform_data> on 2025-05-13 00:00:00+00:00
[2025-05-14T22:29:37.555+0000] {standard_task_runner.py:57} INFO - Started process 234 to run task
[2025-05-14T22:29:37.559+0000] {standard_task_runner.py:84} INFO - Running: ['airflow', 'tasks', 'run', 'sample_etl', 'transform_data', 'scheduled__2025-05-13T00:00:00+00:00', '--job-id', '6', '--raw', '--subdir', 'DAGS_FOLDER/sample_etl.py', '--cfg-path', '/tmp/tmpd9x8awca']
[2025-05-14T22:29:37.567+0000] {standard_task_runner.py:85} INFO - Job 6: Subtask transform_data
[2025-05-14T22:29:37.621+0000] {logging_mixin.py:154} WARNING - /home/airflow/.local/lib/python3.8/site-packages/airflow/settings.py:195 DeprecationWarning: The sql_alchemy_conn option in [core] has been moved to the sql_alchemy_conn option in [database] - the old setting has been used, but please update your config.
[2025-05-14T22:29:37.694+0000] {task_command.py:416} INFO - Running <TaskInstance: sample_etl.transform_data scheduled__2025-05-13T00:00:00+00:00 [running]> on host fb68c317c0a1
[2025-05-14T22:29:37.781+0000] {taskinstance.py:1662} INFO - Exporting env vars: AIRFLOW_CTX_DAG_EMAIL='taimourabdulkarim20@gmail.com' AIRFLOW_CTX_DAG_OWNER='airflow' AIRFLOW_CTX_DAG_ID='sample_etl' AIRFLOW_CTX_TASK_ID='transform_data' AIRFLOW_CTX_EXECUTION_DATE='2025-05-13T00:00:00+00:00' AIRFLOW_CTX_TRY_NUMBER='1' AIRFLOW_CTX_DAG_RUN_ID='scheduled__2025-05-13T00:00:00+00:00'
[2025-05-14T22:29:37.804+0000] {sample_etl.py:31} INFO - Transformed data: [{'id': 1, 'name': 'Dr. Smith', 'role': 'doctor'}, {'id': 2, 'name': 'Dr. Jones', 'role': 'doctor'}, {'id': 3, 'name': 'Dr. Lee', 'role': 'doctor'}]
[2025-05-14T22:29:37.820+0000] {python.py:194} INFO - Done. Returned value was: None
[2025-05-14T22:29:37.831+0000] {taskinstance.py:1400} INFO - Marking task as SUCCESS. dag_id=sample_etl, task_id=transform_data, execution_date=20250513T000000, start_date=20250514T222937, end_date=20250514T222937
[2025-05-14T22:29:37.863+0000] {local_task_job_runner.py:228} INFO - Task exited with return code 0
[2025-05-14T22:29:37.911+0000] {taskinstance.py:2778} INFO - 1 downstream tasks scheduled from follow-on schedule check
[2025-05-14T22:47:21.427+0000] {taskinstance.py:1159} INFO - Dependencies all met for dep_context=non-requeueable deps ti=<TaskInstance: sample_etl.transform_data scheduled__2025-05-13T00:00:00+00:00 [queued]>
[2025-05-14T22:47:21.438+0000] {taskinstance.py:1159} INFO - Dependencies all met for dep_context=requeueable deps ti=<TaskInstance: sample_etl.transform_data scheduled__2025-05-13T00:00:00+00:00 [queued]>
[2025-05-14T22:47:21.439+0000] {taskinstance.py:1361} INFO - Starting attempt 1 of 3
[2025-05-14T22:47:21.464+0000] {taskinstance.py:1382} INFO - Executing <Task(PythonOperator): transform_data> on 2025-05-13 00:00:00+00:00
[2025-05-14T22:47:21.468+0000] {standard_task_runner.py:57} INFO - Started process 236 to run task
[2025-05-14T22:47:21.472+0000] {standard_task_runner.py:84} INFO - Running: ['airflow', 'tasks', 'run', 'sample_etl', 'transform_data', 'scheduled__2025-05-13T00:00:00+00:00', '--job-id', '5', '--raw', '--subdir', 'DAGS_FOLDER/sample_etl.py', '--cfg-path', '/tmp/tmphq5ab87t']
[2025-05-14T22:47:21.475+0000] {standard_task_runner.py:85} INFO - Job 5: Subtask transform_data
[2025-05-14T22:47:21.491+0000] {logging_mixin.py:154} WARNING - /home/airflow/.local/lib/python3.8/site-packages/airflow/settings.py:195 DeprecationWarning: The sql_alchemy_conn option in [core] has been moved to the sql_alchemy_conn option in [database] - the old setting has been used, but please update your config.
[2025-05-14T22:47:21.527+0000] {task_command.py:416} INFO - Running <TaskInstance: sample_etl.transform_data scheduled__2025-05-13T00:00:00+00:00 [running]> on host dff7001aa755
[2025-05-14T22:47:21.683+0000] {taskinstance.py:1662} INFO - Exporting env vars: AIRFLOW_CTX_DAG_EMAIL='taimourabdulkarim20@gmail.com' AIRFLOW_CTX_DAG_OWNER='airflow' AIRFLOW_CTX_DAG_ID='sample_etl' AIRFLOW_CTX_TASK_ID='transform_data' AIRFLOW_CTX_EXECUTION_DATE='2025-05-13T00:00:00+00:00' AIRFLOW_CTX_TRY_NUMBER='1' AIRFLOW_CTX_DAG_RUN_ID='scheduled__2025-05-13T00:00:00+00:00'
[2025-05-14T22:47:21.711+0000] {sample_etl.py:31} INFO - Transformed data: [{'id': 1, 'name': 'Dr. Smith', 'role': 'doctor'}, {'id': 2, 'name': 'Dr. Jones', 'role': 'doctor'}, {'id': 3, 'name': 'Dr. Lee', 'role': 'doctor'}]
[2025-05-14T22:47:21.741+0000] {python.py:194} INFO - Done. Returned value was: None
[2025-05-14T22:47:21.763+0000] {taskinstance.py:1400} INFO - Marking task as SUCCESS. dag_id=sample_etl, task_id=transform_data, execution_date=20250513T000000, start_date=20250514T224721, end_date=20250514T224721
[2025-05-14T22:47:21.816+0000] {local_task_job_runner.py:228} INFO - Task exited with return code 0
[2025-05-14T22:47:21.863+0000] {taskinstance.py:2778} INFO - 1 downstream tasks scheduled from follow-on schedule check
