[2025-05-15T13:35:42.704+0000] {taskinstance.py:1159} INFO - Dependencies all met for dep_context=non-requeueable deps ti=<TaskInstance: sample_etl.aggregate_hospital_stats manual__2025-05-15T13:35:23.092101+00:00 [queued]>
[2025-05-15T13:35:42.718+0000] {taskinstance.py:1159} INFO - Dependencies all met for dep_context=requeueable deps ti=<TaskInstance: sample_etl.aggregate_hospital_stats manual__2025-05-15T13:35:23.092101+00:00 [queued]>
[2025-05-15T13:35:42.719+0000] {taskinstance.py:1361} INFO - Starting attempt 1 of 3
[2025-05-15T13:35:42.730+0000] {taskinstance.py:1382} INFO - Executing <Task(PostgresOperator): aggregate_hospital_stats> on 2025-05-15 13:35:23.092101+00:00
[2025-05-15T13:35:42.738+0000] {standard_task_runner.py:57} INFO - Started process 2939 to run task
[2025-05-15T13:35:42.743+0000] {standard_task_runner.py:84} INFO - Running: ['airflow', 'tasks', 'run', 'sample_etl', 'aggregate_hospital_stats', 'manual__2025-05-15T13:35:23.092101+00:00', '--job-id', '77', '--raw', '--subdir', 'DAGS_FOLDER/sample_etl.py', '--cfg-path', '/tmp/tmp9xa6o_sm']
[2025-05-15T13:35:42.746+0000] {standard_task_runner.py:85} INFO - Job 77: Subtask aggregate_hospital_stats
[2025-05-15T13:35:42.765+0000] {logging_mixin.py:154} WARNING - /home/airflow/.local/lib/python3.8/site-packages/airflow/settings.py:195 DeprecationWarning: The sql_alchemy_conn option in [core] has been moved to the sql_alchemy_conn option in [database] - the old setting has been used, but please update your config.
[2025-05-15T13:35:42.806+0000] {task_command.py:416} INFO - Running <TaskInstance: sample_etl.aggregate_hospital_stats manual__2025-05-15T13:35:23.092101+00:00 [running]> on host 45eecb73d756
[2025-05-15T13:35:42.904+0000] {taskinstance.py:1662} INFO - Exporting env vars: AIRFLOW_CTX_DAG_EMAIL='taimourabdulkarim20@gmail.com' AIRFLOW_CTX_DAG_OWNER='airflow' AIRFLOW_CTX_DAG_ID='sample_etl' AIRFLOW_CTX_TASK_ID='aggregate_hospital_stats' AIRFLOW_CTX_EXECUTION_DATE='2025-05-15T13:35:23.092101+00:00' AIRFLOW_CTX_TRY_NUMBER='1' AIRFLOW_CTX_DAG_RUN_ID='manual__2025-05-15T13:35:23.092101+00:00'
[2025-05-15T13:35:42.905+0000] {sql.py:274} INFO - Executing: 
            INSERT INTO hospital_stats (stat_date, total_hospitals, total_departments)
            SELECT
                CURRENT_DATE,
                (SELECT COUNT(*) FROM hospitals),
                (SELECT COUNT(*) FROM departments)
            ON CONFLICT (stat_date) DO UPDATE
            SET
                total_hospitals = EXCLUDED.total_hospitals,
                total_departments = EXCLUDED.total_departments;
        
[2025-05-15T13:35:42.932+0000] {base.py:73} INFO - Using connection ID '***_default' for task execution.
[2025-05-15T13:35:42.938+0000] {base.py:73} INFO - Using connection ID '***_default' for task execution.
[2025-05-15T13:35:42.948+0000] {sql.py:418} INFO - Running statement: 
            INSERT INTO hospital_stats (stat_date, total_hospitals, total_departments)
            SELECT
                CURRENT_DATE,
                (SELECT COUNT(*) FROM hospitals),
                (SELECT COUNT(*) FROM departments)
            ON CONFLICT (stat_date) DO UPDATE
            SET
                total_hospitals = EXCLUDED.total_hospitals,
                total_departments = EXCLUDED.total_departments;
        , parameters: None
[2025-05-15T13:35:42.950+0000] {sql.py:427} INFO - Rows affected: 1
[2025-05-15T13:35:42.963+0000] {taskinstance.py:1400} INFO - Marking task as SUCCESS. dag_id=sample_etl, task_id=aggregate_hospital_stats, execution_date=20250515T133523, start_date=20250515T133542, end_date=20250515T133542
[2025-05-15T13:35:43.013+0000] {local_task_job_runner.py:228} INFO - Task exited with return code 0
[2025-05-15T13:35:43.125+0000] {taskinstance.py:2778} INFO - 1 downstream tasks scheduled from follow-on schedule check
