[2025-05-15T09:29:37.570+0000] {taskinstance.py:1159} INFO - Dependencies all met for dep_context=non-requeueable deps ti=<TaskInstance: sample_etl.aggregate_doctor_specialty scheduled__2025-05-14T00:00:00+00:00 [queued]>
[2025-05-15T09:29:37.580+0000] {taskinstance.py:1159} INFO - Dependencies all met for dep_context=requeueable deps ti=<TaskInstance: sample_etl.aggregate_doctor_specialty scheduled__2025-05-14T00:00:00+00:00 [queued]>
[2025-05-15T09:29:37.581+0000] {taskinstance.py:1361} INFO - Starting attempt 1 of 3
[2025-05-15T09:29:37.592+0000] {taskinstance.py:1382} INFO - Executing <Task(PostgresOperator): aggregate_doctor_specialty> on 2025-05-14 00:00:00+00:00
[2025-05-15T09:29:37.600+0000] {standard_task_runner.py:57} INFO - Started process 372 to run task
[2025-05-15T09:29:37.612+0000] {standard_task_runner.py:84} INFO - Running: ['airflow', 'tasks', 'run', 'sample_etl', 'aggregate_doctor_specialty', 'scheduled__2025-05-14T00:00:00+00:00', '--job-id', '31', '--raw', '--subdir', 'DAGS_FOLDER/sample_etl.py', '--cfg-path', '/tmp/tmp2gbwqhfl']
[2025-05-15T09:29:37.616+0000] {standard_task_runner.py:85} INFO - Job 31: Subtask aggregate_doctor_specialty
[2025-05-15T09:29:37.648+0000] {logging_mixin.py:154} WARNING - /home/airflow/.local/lib/python3.8/site-packages/airflow/settings.py:195 DeprecationWarning: The sql_alchemy_conn option in [core] has been moved to the sql_alchemy_conn option in [database] - the old setting has been used, but please update your config.
[2025-05-15T09:29:37.700+0000] {task_command.py:416} INFO - Running <TaskInstance: sample_etl.aggregate_doctor_specialty scheduled__2025-05-14T00:00:00+00:00 [running]> on host 45eecb73d756
[2025-05-15T09:29:37.771+0000] {taskinstance.py:1662} INFO - Exporting env vars: AIRFLOW_CTX_DAG_EMAIL='taimourabdulkarim20@gmail.com' AIRFLOW_CTX_DAG_OWNER='airflow' AIRFLOW_CTX_DAG_ID='sample_etl' AIRFLOW_CTX_TASK_ID='aggregate_doctor_specialty' AIRFLOW_CTX_EXECUTION_DATE='2025-05-14T00:00:00+00:00' AIRFLOW_CTX_TRY_NUMBER='1' AIRFLOW_CTX_DAG_RUN_ID='scheduled__2025-05-14T00:00:00+00:00'
[2025-05-15T09:29:37.772+0000] {sql.py:274} INFO - Executing: 
            INSERT INTO doctor_specialty_counts (stat_date, specialty, doctor_count)
            SELECT
                CURRENT_DATE,
                specialty,
                COUNT(*)
            FROM doctors
            GROUP BY specialty
            ON CONFLICT (stat_date, specialty) DO UPDATE
            SET doctor_count = EXCLUDED.doctor_count;
        
[2025-05-15T09:29:37.799+0000] {base.py:73} INFO - Using connection ID '***_default' for task execution.
[2025-05-15T09:29:37.809+0000] {base.py:73} INFO - Using connection ID '***_default' for task execution.
[2025-05-15T09:29:37.818+0000] {sql.py:418} INFO - Running statement: 
            INSERT INTO doctor_specialty_counts (stat_date, specialty, doctor_count)
            SELECT
                CURRENT_DATE,
                specialty,
                COUNT(*)
            FROM doctors
            GROUP BY specialty
            ON CONFLICT (stat_date, specialty) DO UPDATE
            SET doctor_count = EXCLUDED.doctor_count;
        , parameters: None
[2025-05-15T09:29:37.820+0000] {sql.py:427} INFO - Rows affected: 5
[2025-05-15T09:29:37.831+0000] {taskinstance.py:1400} INFO - Marking task as SUCCESS. dag_id=sample_etl, task_id=aggregate_doctor_specialty, execution_date=20250514T000000, start_date=20250515T092937, end_date=20250515T092937
[2025-05-15T09:29:37.881+0000] {local_task_job_runner.py:228} INFO - Task exited with return code 0
[2025-05-15T09:29:37.913+0000] {taskinstance.py:2778} INFO - 1 downstream tasks scheduled from follow-on schedule check
