[2025-05-14T19:24:16.734+0000] {taskinstance.py:1159} INFO - Dependencies all met for dep_context=non-requeueable deps ti=<TaskInstance: sample_etl.data_quality_check scheduled__2025-05-13T00:00:00+00:00 [queued]>
[2025-05-14T19:24:16.742+0000] {taskinstance.py:1159} INFO - Dependencies all met for dep_context=requeueable deps ti=<TaskInstance: sample_etl.data_quality_check scheduled__2025-05-13T00:00:00+00:00 [queued]>
[2025-05-14T19:24:16.743+0000] {taskinstance.py:1361} INFO - Starting attempt 1 of 3
[2025-05-14T19:24:16.752+0000] {taskinstance.py:1382} INFO - Executing <Task(PythonOperator): data_quality_check> on 2025-05-13 00:00:00+00:00
[2025-05-14T19:24:16.757+0000] {standard_task_runner.py:57} INFO - Started process 291 to run task
[2025-05-14T19:24:16.763+0000] {standard_task_runner.py:84} INFO - Running: ['airflow', 'tasks', 'run', 'sample_etl', 'data_quality_check', 'scheduled__2025-05-13T00:00:00+00:00', '--job-id', '110', '--raw', '--subdir', 'DAGS_FOLDER/sample_etl.py', '--cfg-path', '/tmp/tmpa525fk5c']
[2025-05-14T19:24:16.766+0000] {standard_task_runner.py:85} INFO - Job 110: Subtask data_quality_check
[2025-05-14T19:24:16.786+0000] {logging_mixin.py:154} WARNING - /home/airflow/.local/lib/python3.8/site-packages/airflow/settings.py:195 DeprecationWarning: The sql_alchemy_conn option in [core] has been moved to the sql_alchemy_conn option in [database] - the old setting has been used, but please update your config.
[2025-05-14T19:24:16.831+0000] {task_command.py:416} INFO - Running <TaskInstance: sample_etl.data_quality_check scheduled__2025-05-13T00:00:00+00:00 [running]> on host 3dfadb756915
[2025-05-14T19:24:16.907+0000] {taskinstance.py:1662} INFO - Exporting env vars: AIRFLOW_CTX_DAG_EMAIL='taimourabdulkarim20@gmail.com' AIRFLOW_CTX_DAG_OWNER='airflow' AIRFLOW_CTX_DAG_ID='sample_etl' AIRFLOW_CTX_TASK_ID='data_quality_check' AIRFLOW_CTX_EXECUTION_DATE='2025-05-13T00:00:00+00:00' AIRFLOW_CTX_TRY_NUMBER='1' AIRFLOW_CTX_DAG_RUN_ID='scheduled__2025-05-13T00:00:00+00:00'
[2025-05-14T19:24:16.915+0000] {sample_etl.py:52} INFO - Rows for today: 1
[2025-05-14T19:24:16.915+0000] {python.py:194} INFO - Done. Returned value was: None
[2025-05-14T19:24:16.925+0000] {taskinstance.py:1400} INFO - Marking task as SUCCESS. dag_id=sample_etl, task_id=data_quality_check, execution_date=20250513T000000, start_date=20250514T192416, end_date=20250514T192416
[2025-05-14T19:24:16.944+0000] {local_task_job_runner.py:228} INFO - Task exited with return code 0
[2025-05-14T19:24:16.966+0000] {taskinstance.py:2778} INFO - 1 downstream tasks scheduled from follow-on schedule check
[2025-05-14T22:14:00.961+0000] {taskinstance.py:1159} INFO - Dependencies all met for dep_context=non-requeueable deps ti=<TaskInstance: sample_etl.data_quality_check scheduled__2025-05-13T00:00:00+00:00 [queued]>
[2025-05-14T22:14:00.971+0000] {taskinstance.py:1159} INFO - Dependencies all met for dep_context=requeueable deps ti=<TaskInstance: sample_etl.data_quality_check scheduled__2025-05-13T00:00:00+00:00 [queued]>
[2025-05-14T22:14:00.971+0000] {taskinstance.py:1361} INFO - Starting attempt 1 of 3
[2025-05-14T22:14:00.986+0000] {taskinstance.py:1382} INFO - Executing <Task(PythonOperator): data_quality_check> on 2025-05-13 00:00:00+00:00
[2025-05-14T22:14:00.995+0000] {standard_task_runner.py:57} INFO - Started process 595 to run task
[2025-05-14T22:14:01.002+0000] {standard_task_runner.py:84} INFO - Running: ['airflow', 'tasks', 'run', 'sample_etl', 'data_quality_check', 'scheduled__2025-05-13T00:00:00+00:00', '--job-id', '82', '--raw', '--subdir', 'DAGS_FOLDER/sample_etl.py', '--cfg-path', '/tmp/tmp_0_i732s']
[2025-05-14T22:14:01.005+0000] {standard_task_runner.py:85} INFO - Job 82: Subtask data_quality_check
[2025-05-14T22:14:01.046+0000] {logging_mixin.py:154} WARNING - /home/airflow/.local/lib/python3.8/site-packages/airflow/settings.py:195 DeprecationWarning: The sql_alchemy_conn option in [core] has been moved to the sql_alchemy_conn option in [database] - the old setting has been used, but please update your config.
[2025-05-14T22:14:01.124+0000] {task_command.py:416} INFO - Running <TaskInstance: sample_etl.data_quality_check scheduled__2025-05-13T00:00:00+00:00 [running]> on host dd657b0ac9c8
[2025-05-14T22:14:01.229+0000] {taskinstance.py:1662} INFO - Exporting env vars: AIRFLOW_CTX_DAG_EMAIL='taimourabdulkarim20@gmail.com' AIRFLOW_CTX_DAG_OWNER='airflow' AIRFLOW_CTX_DAG_ID='sample_etl' AIRFLOW_CTX_TASK_ID='data_quality_check' AIRFLOW_CTX_EXECUTION_DATE='2025-05-13T00:00:00+00:00' AIRFLOW_CTX_TRY_NUMBER='1' AIRFLOW_CTX_DAG_RUN_ID='scheduled__2025-05-13T00:00:00+00:00'
[2025-05-14T22:14:01.240+0000] {sample_etl.py:52} INFO - Rows for today: 1
[2025-05-14T22:14:01.241+0000] {python.py:194} INFO - Done. Returned value was: None
[2025-05-14T22:14:01.253+0000] {taskinstance.py:1400} INFO - Marking task as SUCCESS. dag_id=sample_etl, task_id=data_quality_check, execution_date=20250513T000000, start_date=20250514T221400, end_date=20250514T221401
[2025-05-14T22:14:01.272+0000] {local_task_job_runner.py:228} INFO - Task exited with return code 0
[2025-05-14T22:14:01.294+0000] {taskinstance.py:2778} INFO - 1 downstream tasks scheduled from follow-on schedule check
[2025-05-14T22:52:56.622+0000] {taskinstance.py:1159} INFO - Dependencies all met for dep_context=non-requeueable deps ti=<TaskInstance: sample_etl.data_quality_check scheduled__2025-05-13T00:00:00+00:00 [queued]>
[2025-05-14T22:52:56.631+0000] {taskinstance.py:1159} INFO - Dependencies all met for dep_context=requeueable deps ti=<TaskInstance: sample_etl.data_quality_check scheduled__2025-05-13T00:00:00+00:00 [queued]>
[2025-05-14T22:52:56.631+0000] {taskinstance.py:1361} INFO - Starting attempt 1 of 3
[2025-05-14T22:52:56.642+0000] {taskinstance.py:1382} INFO - Executing <Task(PythonOperator): data_quality_check> on 2025-05-13 00:00:00+00:00
[2025-05-14T22:52:56.645+0000] {standard_task_runner.py:57} INFO - Started process 443 to run task
[2025-05-14T22:52:56.648+0000] {standard_task_runner.py:84} INFO - Running: ['airflow', 'tasks', 'run', 'sample_etl', 'data_quality_check', 'scheduled__2025-05-13T00:00:00+00:00', '--job-id', '42', '--raw', '--subdir', 'DAGS_FOLDER/sample_etl.py', '--cfg-path', '/tmp/tmp1sj2r45b']
[2025-05-14T22:52:56.650+0000] {standard_task_runner.py:85} INFO - Job 42: Subtask data_quality_check
[2025-05-14T22:52:56.674+0000] {logging_mixin.py:154} WARNING - /home/airflow/.local/lib/python3.8/site-packages/airflow/settings.py:195 DeprecationWarning: The sql_alchemy_conn option in [core] has been moved to the sql_alchemy_conn option in [database] - the old setting has been used, but please update your config.
[2025-05-14T22:52:56.717+0000] {task_command.py:416} INFO - Running <TaskInstance: sample_etl.data_quality_check scheduled__2025-05-13T00:00:00+00:00 [running]> on host dff7001aa755
[2025-05-14T22:52:56.820+0000] {taskinstance.py:1662} INFO - Exporting env vars: AIRFLOW_CTX_DAG_EMAIL='taimourabdulkarim20@gmail.com' AIRFLOW_CTX_DAG_OWNER='airflow' AIRFLOW_CTX_DAG_ID='sample_etl' AIRFLOW_CTX_TASK_ID='data_quality_check' AIRFLOW_CTX_EXECUTION_DATE='2025-05-13T00:00:00+00:00' AIRFLOW_CTX_TRY_NUMBER='1' AIRFLOW_CTX_DAG_RUN_ID='scheduled__2025-05-13T00:00:00+00:00'
[2025-05-14T22:52:56.832+0000] {sample_etl.py:52} INFO - Rows for today: 1
[2025-05-14T22:52:56.833+0000] {python.py:194} INFO - Done. Returned value was: None
[2025-05-14T22:52:56.844+0000] {taskinstance.py:1400} INFO - Marking task as SUCCESS. dag_id=sample_etl, task_id=data_quality_check, execution_date=20250513T000000, start_date=20250514T225256, end_date=20250514T225256
[2025-05-14T22:52:56.875+0000] {local_task_job_runner.py:228} INFO - Task exited with return code 0
[2025-05-14T22:52:56.898+0000] {taskinstance.py:2778} INFO - 1 downstream tasks scheduled from follow-on schedule check
