[2025-05-15T09:29:49.402+0000] {taskinstance.py:1159} INFO - Dependencies all met for dep_context=non-requeueable deps ti=<TaskInstance: sample_etl.dbt_run scheduled__2025-05-14T00:00:00+00:00 [queued]>
[2025-05-15T09:29:49.411+0000] {taskinstance.py:1159} INFO - Dependencies all met for dep_context=requeueable deps ti=<TaskInstance: sample_etl.dbt_run scheduled__2025-05-14T00:00:00+00:00 [queued]>
[2025-05-15T09:29:49.412+0000] {taskinstance.py:1361} INFO - Starting attempt 1 of 3
[2025-05-15T09:29:49.424+0000] {taskinstance.py:1382} INFO - Executing <Task(BashOperator): dbt_run> on 2025-05-14 00:00:00+00:00
[2025-05-15T09:29:49.432+0000] {standard_task_runner.py:57} INFO - Started process 390 to run task
[2025-05-15T09:29:49.438+0000] {standard_task_runner.py:84} INFO - Running: ['airflow', 'tasks', 'run', 'sample_etl', 'dbt_run', 'scheduled__2025-05-14T00:00:00+00:00', '--job-id', '40', '--raw', '--subdir', 'DAGS_FOLDER/sample_etl.py', '--cfg-path', '/tmp/tmp0091_wde']
[2025-05-15T09:29:49.441+0000] {standard_task_runner.py:85} INFO - Job 40: Subtask dbt_run
[2025-05-15T09:29:49.475+0000] {logging_mixin.py:154} WARNING - /home/airflow/.local/lib/python3.8/site-packages/airflow/settings.py:195 DeprecationWarning: The sql_alchemy_conn option in [core] has been moved to the sql_alchemy_conn option in [database] - the old setting has been used, but please update your config.
[2025-05-15T09:29:49.537+0000] {task_command.py:416} INFO - Running <TaskInstance: sample_etl.dbt_run scheduled__2025-05-14T00:00:00+00:00 [running]> on host 45eecb73d756
[2025-05-15T09:29:49.638+0000] {taskinstance.py:1662} INFO - Exporting env vars: AIRFLOW_CTX_DAG_EMAIL='taimourabdulkarim20@gmail.com' AIRFLOW_CTX_DAG_OWNER='airflow' AIRFLOW_CTX_DAG_ID='sample_etl' AIRFLOW_CTX_TASK_ID='dbt_run' AIRFLOW_CTX_EXECUTION_DATE='2025-05-14T00:00:00+00:00' AIRFLOW_CTX_TRY_NUMBER='1' AIRFLOW_CTX_DAG_RUN_ID='scheduled__2025-05-14T00:00:00+00:00'
[2025-05-15T09:29:49.642+0000] {subprocess.py:63} INFO - Tmp dir root location: /tmp
[2025-05-15T09:29:49.646+0000] {subprocess.py:75} INFO - Running command: ['/bin/bash', '-c', 'docker exec -i $(docker ps -qf "ancestor=ghcr.io/dbt-labs/dbt-***:1.7.4") dbt run --project-dir /usr/app --profiles-dir /usr/app']
[2025-05-15T09:29:49.660+0000] {subprocess.py:86} INFO - Output:
[2025-05-15T09:29:52.817+0000] {subprocess.py:93} INFO - [0m09:29:52  Running with dbt=1.7.4
[2025-05-15T09:29:53.223+0000] {subprocess.py:93} INFO - [0m09:29:53  Registered adapter: ***=1.7.4
[2025-05-15T09:29:53.375+0000] {subprocess.py:93} INFO - [0m09:29:53  Found 1 model, 0 sources, 0 exposures, 0 metrics, 401 macros, 0 groups, 0 semantic models
[2025-05-15T09:29:53.380+0000] {subprocess.py:93} INFO - [0m09:29:53
[2025-05-15T09:29:53.733+0000] {subprocess.py:93} INFO - [0m09:29:53  Concurrency: 1 threads (target='dev')
[2025-05-15T09:29:53.744+0000] {subprocess.py:93} INFO - [0m09:29:53
[2025-05-15T09:29:53.746+0000] {subprocess.py:93} INFO - [0m09:29:53  1 of 1 START sql view model public.doctor_appointments ......................... [RUN]
[2025-05-15T09:29:53.902+0000] {subprocess.py:93} INFO - [0m09:29:53  1 of 1 OK created sql view model public.doctor_appointments .................... [[32mCREATE VIEW[0m in 0.15s]
[2025-05-15T09:29:53.925+0000] {subprocess.py:93} INFO - [0m09:29:53
[2025-05-15T09:29:53.926+0000] {subprocess.py:93} INFO - [0m09:29:53  Finished running 1 view model in 0 hours 0 minutes and 0.54 seconds (0.54s).
[2025-05-15T09:29:53.945+0000] {subprocess.py:93} INFO - [0m09:29:53
[2025-05-15T09:29:53.946+0000] {subprocess.py:93} INFO - [0m09:29:53  [32mCompleted successfully[0m
[2025-05-15T09:29:53.947+0000] {subprocess.py:93} INFO - [0m09:29:53
[2025-05-15T09:29:53.948+0000] {subprocess.py:93} INFO - [0m09:29:53  Done. PASS=1 WARN=0 ERROR=0 SKIP=0 TOTAL=1
[2025-05-15T09:29:55.625+0000] {subprocess.py:97} INFO - Command exited with return code 0
[2025-05-15T09:29:55.695+0000] {taskinstance.py:1400} INFO - Marking task as SUCCESS. dag_id=sample_etl, task_id=dbt_run, execution_date=20250514T000000, start_date=20250515T092949, end_date=20250515T092955
[2025-05-15T09:29:55.755+0000] {local_task_job_runner.py:228} INFO - Task exited with return code 0
[2025-05-15T09:29:55.816+0000] {taskinstance.py:2778} INFO - 1 downstream tasks scheduled from follow-on schedule check
