[2025-05-12T15:07:02.124+0000] {taskinstance.py:1159} INFO - Dependencies all met for dep_context=non-requeueable deps ti=<TaskInstance: sample_etl.dbt_run manual__2025-05-12T15:06:54.408390+00:00 [queued]>
[2025-05-12T15:07:02.132+0000] {taskinstance.py:1159} INFO - Dependencies all met for dep_context=requeueable deps ti=<TaskInstance: sample_etl.dbt_run manual__2025-05-12T15:06:54.408390+00:00 [queued]>
[2025-05-12T15:07:02.132+0000] {taskinstance.py:1361} INFO - Starting attempt 1 of 3
[2025-05-12T15:07:02.144+0000] {taskinstance.py:1382} INFO - Executing <Task(BashOperator): dbt_run> on 2025-05-12 15:06:54.408390+00:00
[2025-05-12T15:07:02.152+0000] {standard_task_runner.py:57} INFO - Started process 238 to run task
[2025-05-12T15:07:02.156+0000] {standard_task_runner.py:84} INFO - Running: ['airflow', 'tasks', 'run', 'sample_etl', 'dbt_run', 'manual__2025-05-12T15:06:54.408390+00:00', '--job-id', '52', '--raw', '--subdir', 'DAGS_FOLDER/sample_etl.py', '--cfg-path', '/tmp/tmpnhjg6ary']
[2025-05-12T15:07:02.161+0000] {standard_task_runner.py:85} INFO - Job 52: Subtask dbt_run
[2025-05-12T15:07:02.182+0000] {logging_mixin.py:154} WARNING - /home/airflow/.local/lib/python3.8/site-packages/airflow/settings.py:195 DeprecationWarning: The sql_alchemy_conn option in [core] has been moved to the sql_alchemy_conn option in [database] - the old setting has been used, but please update your config.
[2025-05-12T15:07:02.217+0000] {task_command.py:416} INFO - Running <TaskInstance: sample_etl.dbt_run manual__2025-05-12T15:06:54.408390+00:00 [running]> on host de2b4b3e4d0c
[2025-05-12T15:07:02.301+0000] {taskinstance.py:1662} INFO - Exporting env vars: AIRFLOW_CTX_DAG_EMAIL='taimourabdulkarim20@gmail.com' AIRFLOW_CTX_DAG_OWNER='airflow' AIRFLOW_CTX_DAG_ID='sample_etl' AIRFLOW_CTX_TASK_ID='dbt_run' AIRFLOW_CTX_EXECUTION_DATE='2025-05-12T15:06:54.408390+00:00' AIRFLOW_CTX_TRY_NUMBER='1' AIRFLOW_CTX_DAG_RUN_ID='manual__2025-05-12T15:06:54.408390+00:00'
[2025-05-12T15:07:02.311+0000] {subprocess.py:63} INFO - Tmp dir root location: /tmp
[2025-05-12T15:07:02.313+0000] {subprocess.py:75} INFO - Running command: ['/bin/bash', '-c', 'docker exec -i $(docker ps -qf "ancestor=ghcr.io/dbt-labs/dbt-***:1.7.4") dbt run --project-dir /usr/app']
[2025-05-12T15:07:02.325+0000] {subprocess.py:86} INFO - Output:
[2025-05-12T15:07:06.618+0000] {subprocess.py:93} INFO - Usage: dbt run [OPTIONS]
[2025-05-12T15:07:06.628+0000] {subprocess.py:93} INFO - Try 'dbt run -h' for help.
[2025-05-12T15:07:06.628+0000] {subprocess.py:93} INFO - 
[2025-05-12T15:07:06.628+0000] {subprocess.py:93} INFO - Error: Invalid value for '--profiles-dir': Path '/root/.dbt' does not exist.
[2025-05-12T15:07:06.804+0000] {subprocess.py:97} INFO - Command exited with return code 2
[2025-05-12T15:07:06.851+0000] {taskinstance.py:1937} ERROR - Task failed with exception
Traceback (most recent call last):
  File "/home/airflow/.local/lib/python3.8/site-packages/airflow/operators/bash.py", line 210, in execute
    raise AirflowException(
airflow.exceptions.AirflowException: Bash command failed. The command returned a non-zero exit code 2.
[2025-05-12T15:07:06.864+0000] {taskinstance.py:1400} INFO - Marking task as UP_FOR_RETRY. dag_id=sample_etl, task_id=dbt_run, execution_date=20250512T150654, start_date=20250512T150702, end_date=20250512T150706
[2025-05-12T15:07:06.896+0000] {logging_mixin.py:154} WARNING - /home/airflow/.local/lib/python3.8/site-packages/airflow/utils/email.py:154 RemovedInAirflow3Warning: Fetching SMTP credentials from configuration variables will be deprecated in a future release. Please set credentials using a connection instead.
[2025-05-12T15:07:06.896+0000] {email.py:270} INFO - Email alerting: attempt 1
[2025-05-12T15:07:08.100+0000] {email.py:281} INFO - Sent an alert email to ['taimourabdulkarim20@gmail.com']
[2025-05-12T15:07:09.365+0000] {standard_task_runner.py:104} ERROR - Failed to execute job 52 for task dbt_run (Bash command failed. The command returned a non-zero exit code 2.; 238)
[2025-05-12T15:07:09.391+0000] {local_task_job_runner.py:228} INFO - Task exited with return code 1
[2025-05-12T15:07:09.440+0000] {taskinstance.py:2778} INFO - 0 downstream tasks scheduled from follow-on schedule check
