[2025-05-15T09:29:45.669+0000] {taskinstance.py:1159} INFO - Dependencies all met for dep_context=non-requeueable deps ti=<TaskInstance: sample_etl.create_department_doctor_counts_table scheduled__2025-05-14T00:00:00+00:00 [queued]>
[2025-05-15T09:29:45.677+0000] {taskinstance.py:1159} INFO - Dependencies all met for dep_context=requeueable deps ti=<TaskInstance: sample_etl.create_department_doctor_counts_table scheduled__2025-05-14T00:00:00+00:00 [queued]>
[2025-05-15T09:29:45.678+0000] {taskinstance.py:1361} INFO - Starting attempt 1 of 3
[2025-05-15T09:29:45.687+0000] {taskinstance.py:1382} INFO - Executing <Task(PostgresOperator): create_department_doctor_counts_table> on 2025-05-14 00:00:00+00:00
[2025-05-15T09:29:45.693+0000] {standard_task_runner.py:57} INFO - Started process 386 to run task
[2025-05-15T09:29:45.698+0000] {standard_task_runner.py:84} INFO - Running: ['airflow', 'tasks', 'run', 'sample_etl', 'create_department_doctor_counts_table', 'scheduled__2025-05-14T00:00:00+00:00', '--job-id', '38', '--raw', '--subdir', 'DAGS_FOLDER/sample_etl.py', '--cfg-path', '/tmp/tmp0r534w0b']
[2025-05-15T09:29:45.700+0000] {standard_task_runner.py:85} INFO - Job 38: Subtask create_department_doctor_counts_table
[2025-05-15T09:29:45.722+0000] {logging_mixin.py:154} WARNING - /home/airflow/.local/lib/python3.8/site-packages/airflow/settings.py:195 DeprecationWarning: The sql_alchemy_conn option in [core] has been moved to the sql_alchemy_conn option in [database] - the old setting has been used, but please update your config.
[2025-05-15T09:29:45.766+0000] {task_command.py:416} INFO - Running <TaskInstance: sample_etl.create_department_doctor_counts_table scheduled__2025-05-14T00:00:00+00:00 [running]> on host 45eecb73d756
[2025-05-15T09:29:45.900+0000] {taskinstance.py:1662} INFO - Exporting env vars: AIRFLOW_CTX_DAG_EMAIL='taimourabdulkarim20@gmail.com' AIRFLOW_CTX_DAG_OWNER='airflow' AIRFLOW_CTX_DAG_ID='sample_etl' AIRFLOW_CTX_TASK_ID='create_department_doctor_counts_table' AIRFLOW_CTX_EXECUTION_DATE='2025-05-14T00:00:00+00:00' AIRFLOW_CTX_TRY_NUMBER='1' AIRFLOW_CTX_DAG_RUN_ID='scheduled__2025-05-14T00:00:00+00:00'
[2025-05-15T09:29:45.902+0000] {sql.py:274} INFO - Executing: 
            CREATE TABLE IF NOT EXISTS department_doctor_counts (
                stat_date DATE,
                department_id UUID,
                doctor_count INT,
                PRIMARY KEY (stat_date, department_id)
            );
        
[2025-05-15T09:29:45.934+0000] {base.py:73} INFO - Using connection ID '***_default' for task execution.
[2025-05-15T09:29:45.939+0000] {base.py:73} INFO - Using connection ID '***_default' for task execution.
[2025-05-15T09:29:45.947+0000] {sql.py:418} INFO - Running statement: 
            CREATE TABLE IF NOT EXISTS department_doctor_counts (
                stat_date DATE,
                department_id UUID,
                doctor_count INT,
                PRIMARY KEY (stat_date, department_id)
            );
        , parameters: None
[2025-05-15T09:29:45.963+0000] {taskinstance.py:1400} INFO - Marking task as SUCCESS. dag_id=sample_etl, task_id=create_department_doctor_counts_table, execution_date=20250514T000000, start_date=20250515T092945, end_date=20250515T092945
[2025-05-15T09:29:46.003+0000] {local_task_job_runner.py:228} INFO - Task exited with return code 0
[2025-05-15T09:29:46.032+0000] {taskinstance.py:2778} INFO - 1 downstream tasks scheduled from follow-on schedule check
