[2025-05-14T22:47:28.914+0000] {taskinstance.py:1159} INFO - Dependencies all met for dep_context=non-requeueable deps ti=<TaskInstance: sample_etl.aggregate_doctor_specialty manual__2025-05-14T22:47:18.509036+00:00 [queued]>
[2025-05-14T22:47:28.924+0000] {taskinstance.py:1159} INFO - Dependencies all met for dep_context=requeueable deps ti=<TaskInstance: sample_etl.aggregate_doctor_specialty manual__2025-05-14T22:47:18.509036+00:00 [queued]>
[2025-05-14T22:47:28.924+0000] {taskinstance.py:1361} INFO - Starting attempt 1 of 3
[2025-05-14T22:47:28.936+0000] {taskinstance.py:1382} INFO - Executing <Task(PostgresOperator): aggregate_doctor_specialty> on 2025-05-14 22:47:18.509036+00:00
[2025-05-14T22:47:28.945+0000] {standard_task_runner.py:57} INFO - Started process 250 to run task
[2025-05-14T22:47:28.952+0000] {standard_task_runner.py:84} INFO - Running: ['airflow', 'tasks', 'run', 'sample_etl', 'aggregate_doctor_specialty', 'manual__2025-05-14T22:47:18.509036+00:00', '--job-id', '13', '--raw', '--subdir', 'DAGS_FOLDER/sample_etl.py', '--cfg-path', '/tmp/tmpxgypleqb']
[2025-05-14T22:47:28.955+0000] {standard_task_runner.py:85} INFO - Job 13: Subtask aggregate_doctor_specialty
[2025-05-14T22:47:28.983+0000] {logging_mixin.py:154} WARNING - /home/airflow/.local/lib/python3.8/site-packages/airflow/settings.py:195 DeprecationWarning: The sql_alchemy_conn option in [core] has been moved to the sql_alchemy_conn option in [database] - the old setting has been used, but please update your config.
[2025-05-14T22:47:29.038+0000] {task_command.py:416} INFO - Running <TaskInstance: sample_etl.aggregate_doctor_specialty manual__2025-05-14T22:47:18.509036+00:00 [running]> on host dff7001aa755
[2025-05-14T22:47:29.125+0000] {taskinstance.py:1662} INFO - Exporting env vars: AIRFLOW_CTX_DAG_EMAIL='taimourabdulkarim20@gmail.com' AIRFLOW_CTX_DAG_OWNER='airflow' AIRFLOW_CTX_DAG_ID='sample_etl' AIRFLOW_CTX_TASK_ID='aggregate_doctor_specialty' AIRFLOW_CTX_EXECUTION_DATE='2025-05-14T22:47:18.509036+00:00' AIRFLOW_CTX_TRY_NUMBER='1' AIRFLOW_CTX_DAG_RUN_ID='manual__2025-05-14T22:47:18.509036+00:00'
[2025-05-14T22:47:29.126+0000] {sql.py:274} INFO - Executing: 
            INSERT INTO doctor_specialty_counts (stat_date, specialty, doctor_count)
            SELECT
                CURRENT_DATE,
                specialty,
                COUNT(*)
            FROM doctors
            GROUP BY specialty
            ON CONFLICT (stat_date, specialty) DO UPDATE
            SET doctor_count = EXCLUDED.doctor_count;
        
[2025-05-14T22:47:29.159+0000] {base.py:73} INFO - Using connection ID '***_default' for task execution.
[2025-05-14T22:47:29.165+0000] {base.py:73} INFO - Using connection ID '***_default' for task execution.
[2025-05-14T22:47:29.174+0000] {sql.py:418} INFO - Running statement: 
            INSERT INTO doctor_specialty_counts (stat_date, specialty, doctor_count)
            SELECT
                CURRENT_DATE,
                specialty,
                COUNT(*)
            FROM doctors
            GROUP BY specialty
            ON CONFLICT (stat_date, specialty) DO UPDATE
            SET doctor_count = EXCLUDED.doctor_count;
        , parameters: None
[2025-05-14T22:47:29.175+0000] {sql.py:427} INFO - Rows affected: 5
[2025-05-14T22:47:29.192+0000] {taskinstance.py:1400} INFO - Marking task as SUCCESS. dag_id=sample_etl, task_id=aggregate_doctor_specialty, execution_date=20250514T224718, start_date=20250514T224728, end_date=20250514T224729
[2025-05-14T22:47:29.228+0000] {local_task_job_runner.py:228} INFO - Task exited with return code 0
[2025-05-14T22:47:29.265+0000] {taskinstance.py:2778} INFO - 1 downstream tasks scheduled from follow-on schedule check
