[2025-05-14T19:24:17.820+0000] {taskinstance.py:1159} INFO - Dependencies all met for dep_context=non-requeueable deps ti=<TaskInstance: sample_etl.notify scheduled__2025-05-13T00:00:00+00:00 [queued]>
[2025-05-14T19:24:17.830+0000] {taskinstance.py:1159} INFO - Dependencies all met for dep_context=requeueable deps ti=<TaskInstance: sample_etl.notify scheduled__2025-05-13T00:00:00+00:00 [queued]>
[2025-05-14T19:24:17.830+0000] {taskinstance.py:1361} INFO - Starting attempt 1 of 3
[2025-05-14T19:24:17.840+0000] {taskinstance.py:1382} INFO - Executing <Task(EmailOperator): notify> on 2025-05-13 00:00:00+00:00
[2025-05-14T19:24:17.846+0000] {standard_task_runner.py:57} INFO - Started process 293 to run task
[2025-05-14T19:24:17.850+0000] {standard_task_runner.py:84} INFO - Running: ['airflow', 'tasks', 'run', 'sample_etl', 'notify', 'scheduled__2025-05-13T00:00:00+00:00', '--job-id', '111', '--raw', '--subdir', 'DAGS_FOLDER/sample_etl.py', '--cfg-path', '/tmp/tmpc6w_km3j']
[2025-05-14T19:24:17.852+0000] {standard_task_runner.py:85} INFO - Job 111: Subtask notify
[2025-05-14T19:24:17.871+0000] {logging_mixin.py:154} WARNING - /home/airflow/.local/lib/python3.8/site-packages/airflow/settings.py:195 DeprecationWarning: The sql_alchemy_conn option in [core] has been moved to the sql_alchemy_conn option in [database] - the old setting has been used, but please update your config.
[2025-05-14T19:24:17.908+0000] {task_command.py:416} INFO - Running <TaskInstance: sample_etl.notify scheduled__2025-05-13T00:00:00+00:00 [running]> on host 3dfadb756915
[2025-05-14T19:24:17.991+0000] {taskinstance.py:1662} INFO - Exporting env vars: AIRFLOW_CTX_DAG_EMAIL='taimourabdulkarim20@gmail.com' AIRFLOW_CTX_DAG_OWNER='airflow' AIRFLOW_CTX_DAG_ID='sample_etl' AIRFLOW_CTX_TASK_ID='notify' AIRFLOW_CTX_EXECUTION_DATE='2025-05-13T00:00:00+00:00' AIRFLOW_CTX_TRY_NUMBER='1' AIRFLOW_CTX_DAG_RUN_ID='scheduled__2025-05-13T00:00:00+00:00'
[2025-05-14T19:24:18.010+0000] {logging_mixin.py:154} WARNING - /home/airflow/.local/lib/python3.8/site-packages/airflow/utils/email.py:154 RemovedInAirflow3Warning: Fetching SMTP credentials from configuration variables will be deprecated in a future release. Please set credentials using a connection instead.
[2025-05-14T19:24:18.011+0000] {email.py:270} INFO - Email alerting: attempt 1
[2025-05-14T19:24:19.223+0000] {email.py:281} INFO - Sent an alert email to ['taimourabdulkarim20@gmail.com']
[2025-05-14T19:24:20.475+0000] {taskinstance.py:1400} INFO - Marking task as SUCCESS. dag_id=sample_etl, task_id=notify, execution_date=20250513T000000, start_date=20250514T192417, end_date=20250514T192420
[2025-05-14T19:24:20.527+0000] {local_task_job_runner.py:228} INFO - Task exited with return code 0
[2025-05-14T19:24:20.561+0000] {taskinstance.py:2778} INFO - 0 downstream tasks scheduled from follow-on schedule check
[2025-05-14T22:14:02.883+0000] {taskinstance.py:1159} INFO - Dependencies all met for dep_context=non-requeueable deps ti=<TaskInstance: sample_etl.notify scheduled__2025-05-13T00:00:00+00:00 [queued]>
[2025-05-14T22:14:02.896+0000] {taskinstance.py:1159} INFO - Dependencies all met for dep_context=requeueable deps ti=<TaskInstance: sample_etl.notify scheduled__2025-05-13T00:00:00+00:00 [queued]>
[2025-05-14T22:14:02.897+0000] {taskinstance.py:1361} INFO - Starting attempt 1 of 3
[2025-05-14T22:14:02.910+0000] {taskinstance.py:1382} INFO - Executing <Task(EmailOperator): notify> on 2025-05-13 00:00:00+00:00
[2025-05-14T22:14:02.931+0000] {standard_task_runner.py:57} INFO - Started process 597 to run task
[2025-05-14T22:14:02.935+0000] {standard_task_runner.py:84} INFO - Running: ['airflow', 'tasks', 'run', 'sample_etl', 'notify', 'scheduled__2025-05-13T00:00:00+00:00', '--job-id', '83', '--raw', '--subdir', 'DAGS_FOLDER/sample_etl.py', '--cfg-path', '/tmp/tmpy3h3svr6']
[2025-05-14T22:14:02.938+0000] {standard_task_runner.py:85} INFO - Job 83: Subtask notify
[2025-05-14T22:14:02.966+0000] {logging_mixin.py:154} WARNING - /home/airflow/.local/lib/python3.8/site-packages/airflow/settings.py:195 DeprecationWarning: The sql_alchemy_conn option in [core] has been moved to the sql_alchemy_conn option in [database] - the old setting has been used, but please update your config.
[2025-05-14T22:14:03.013+0000] {task_command.py:416} INFO - Running <TaskInstance: sample_etl.notify scheduled__2025-05-13T00:00:00+00:00 [running]> on host dd657b0ac9c8
[2025-05-14T22:14:03.094+0000] {taskinstance.py:1662} INFO - Exporting env vars: AIRFLOW_CTX_DAG_EMAIL='taimourabdulkarim20@gmail.com' AIRFLOW_CTX_DAG_OWNER='airflow' AIRFLOW_CTX_DAG_ID='sample_etl' AIRFLOW_CTX_TASK_ID='notify' AIRFLOW_CTX_EXECUTION_DATE='2025-05-13T00:00:00+00:00' AIRFLOW_CTX_TRY_NUMBER='1' AIRFLOW_CTX_DAG_RUN_ID='scheduled__2025-05-13T00:00:00+00:00'
[2025-05-14T22:14:03.135+0000] {logging_mixin.py:154} WARNING - /home/airflow/.local/lib/python3.8/site-packages/airflow/utils/email.py:154 RemovedInAirflow3Warning: Fetching SMTP credentials from configuration variables will be deprecated in a future release. Please set credentials using a connection instead.
[2025-05-14T22:14:03.135+0000] {email.py:270} INFO - Email alerting: attempt 1
[2025-05-14T22:14:04.342+0000] {email.py:281} INFO - Sent an alert email to ['taimourabdulkarim20@gmail.com']
[2025-05-14T22:14:05.734+0000] {taskinstance.py:1400} INFO - Marking task as SUCCESS. dag_id=sample_etl, task_id=notify, execution_date=20250513T000000, start_date=20250514T221402, end_date=20250514T221405
[2025-05-14T22:14:05.830+0000] {local_task_job_runner.py:228} INFO - Task exited with return code 0
[2025-05-14T22:14:05.898+0000] {taskinstance.py:2778} INFO - 0 downstream tasks scheduled from follow-on schedule check
[2025-05-14T22:52:57.274+0000] {taskinstance.py:1159} INFO - Dependencies all met for dep_context=non-requeueable deps ti=<TaskInstance: sample_etl.notify scheduled__2025-05-13T00:00:00+00:00 [queued]>
[2025-05-14T22:52:57.282+0000] {taskinstance.py:1159} INFO - Dependencies all met for dep_context=requeueable deps ti=<TaskInstance: sample_etl.notify scheduled__2025-05-13T00:00:00+00:00 [queued]>
[2025-05-14T22:52:57.283+0000] {taskinstance.py:1361} INFO - Starting attempt 1 of 3
[2025-05-14T22:52:57.292+0000] {taskinstance.py:1382} INFO - Executing <Task(EmailOperator): notify> on 2025-05-13 00:00:00+00:00
[2025-05-14T22:52:57.294+0000] {standard_task_runner.py:57} INFO - Started process 445 to run task
[2025-05-14T22:52:57.300+0000] {standard_task_runner.py:84} INFO - Running: ['airflow', 'tasks', 'run', 'sample_etl', 'notify', 'scheduled__2025-05-13T00:00:00+00:00', '--job-id', '43', '--raw', '--subdir', 'DAGS_FOLDER/sample_etl.py', '--cfg-path', '/tmp/tmpsbdvjzui']
[2025-05-14T22:52:57.304+0000] {standard_task_runner.py:85} INFO - Job 43: Subtask notify
[2025-05-14T22:52:57.321+0000] {logging_mixin.py:154} WARNING - /home/airflow/.local/lib/python3.8/site-packages/airflow/settings.py:195 DeprecationWarning: The sql_alchemy_conn option in [core] has been moved to the sql_alchemy_conn option in [database] - the old setting has been used, but please update your config.
[2025-05-14T22:52:57.368+0000] {task_command.py:416} INFO - Running <TaskInstance: sample_etl.notify scheduled__2025-05-13T00:00:00+00:00 [running]> on host dff7001aa755
[2025-05-14T22:52:57.450+0000] {taskinstance.py:1662} INFO - Exporting env vars: AIRFLOW_CTX_DAG_EMAIL='taimourabdulkarim20@gmail.com' AIRFLOW_CTX_DAG_OWNER='airflow' AIRFLOW_CTX_DAG_ID='sample_etl' AIRFLOW_CTX_TASK_ID='notify' AIRFLOW_CTX_EXECUTION_DATE='2025-05-13T00:00:00+00:00' AIRFLOW_CTX_TRY_NUMBER='1' AIRFLOW_CTX_DAG_RUN_ID='scheduled__2025-05-13T00:00:00+00:00'
[2025-05-14T22:52:57.473+0000] {logging_mixin.py:154} WARNING - /home/airflow/.local/lib/python3.8/site-packages/airflow/utils/email.py:154 RemovedInAirflow3Warning: Fetching SMTP credentials from configuration variables will be deprecated in a future release. Please set credentials using a connection instead.
[2025-05-14T22:52:57.474+0000] {email.py:270} INFO - Email alerting: attempt 1
[2025-05-14T22:52:58.722+0000] {email.py:281} INFO - Sent an alert email to ['taimourabdulkarim20@gmail.com']
[2025-05-14T22:52:59.942+0000] {taskinstance.py:1400} INFO - Marking task as SUCCESS. dag_id=sample_etl, task_id=notify, execution_date=20250513T000000, start_date=20250514T225257, end_date=20250514T225259
[2025-05-14T22:53:00.012+0000] {local_task_job_runner.py:228} INFO - Task exited with return code 0
[2025-05-14T22:53:00.081+0000] {taskinstance.py:2778} INFO - 0 downstream tasks scheduled from follow-on schedule check
