[2025-05-14T19:23:56.896+0000] {taskinstance.py:1159} INFO - Dependencies all met for dep_context=non-requeueable deps ti=<TaskInstance: sample_etl.aggregate_hospital_stats scheduled__2025-05-13T00:00:00+00:00 [queued]>
[2025-05-14T19:23:56.946+0000] {taskinstance.py:1159} INFO - Dependencies all met for dep_context=requeueable deps ti=<TaskInstance: sample_etl.aggregate_hospital_stats scheduled__2025-05-13T00:00:00+00:00 [queued]>
[2025-05-14T19:23:56.947+0000] {taskinstance.py:1361} INFO - Starting attempt 1 of 3
[2025-05-14T19:23:56.991+0000] {taskinstance.py:1382} INFO - Executing <Task(PostgresOperator): aggregate_hospital_stats> on 2025-05-13 00:00:00+00:00
[2025-05-14T19:23:57.014+0000] {standard_task_runner.py:57} INFO - Started process 231 to run task
[2025-05-14T19:23:57.025+0000] {standard_task_runner.py:84} INFO - Running: ['airflow', 'tasks', 'run', 'sample_etl', 'aggregate_hospital_stats', 'scheduled__2025-05-13T00:00:00+00:00', '--job-id', '105', '--raw', '--subdir', 'DAGS_FOLDER/sample_etl.py', '--cfg-path', '/tmp/tmplhit9egf']
[2025-05-14T19:23:57.031+0000] {standard_task_runner.py:85} INFO - Job 105: Subtask aggregate_hospital_stats
[2025-05-14T19:23:57.080+0000] {logging_mixin.py:154} WARNING - /home/airflow/.local/lib/python3.8/site-packages/airflow/settings.py:195 DeprecationWarning: The sql_alchemy_conn option in [core] has been moved to the sql_alchemy_conn option in [database] - the old setting has been used, but please update your config.
[2025-05-14T19:23:57.161+0000] {task_command.py:416} INFO - Running <TaskInstance: sample_etl.aggregate_hospital_stats scheduled__2025-05-13T00:00:00+00:00 [running]> on host 3dfadb756915
[2025-05-14T19:23:57.300+0000] {taskinstance.py:1662} INFO - Exporting env vars: AIRFLOW_CTX_DAG_EMAIL='taimourabdulkarim20@gmail.com' AIRFLOW_CTX_DAG_OWNER='airflow' AIRFLOW_CTX_DAG_ID='sample_etl' AIRFLOW_CTX_TASK_ID='aggregate_hospital_stats' AIRFLOW_CTX_EXECUTION_DATE='2025-05-13T00:00:00+00:00' AIRFLOW_CTX_TRY_NUMBER='1' AIRFLOW_CTX_DAG_RUN_ID='scheduled__2025-05-13T00:00:00+00:00'
[2025-05-14T19:23:57.301+0000] {sql.py:274} INFO - Executing: 
            INSERT INTO hospital_stats (stat_date, total_hospitals, total_departments)
            SELECT
                CURRENT_DATE,
                (SELECT COUNT(*) FROM hospitals),
                (SELECT COUNT(*) FROM departments)
            ON CONFLICT (stat_date) DO UPDATE
            SET
                total_hospitals = EXCLUDED.total_hospitals,
                total_departments = EXCLUDED.total_departments;
        
[2025-05-14T19:23:57.342+0000] {base.py:73} INFO - Using connection ID '***_default' for task execution.
[2025-05-14T19:23:57.364+0000] {base.py:73} INFO - Using connection ID '***_default' for task execution.
[2025-05-14T19:23:57.385+0000] {sql.py:418} INFO - Running statement: 
            INSERT INTO hospital_stats (stat_date, total_hospitals, total_departments)
            SELECT
                CURRENT_DATE,
                (SELECT COUNT(*) FROM hospitals),
                (SELECT COUNT(*) FROM departments)
            ON CONFLICT (stat_date) DO UPDATE
            SET
                total_hospitals = EXCLUDED.total_hospitals,
                total_departments = EXCLUDED.total_departments;
        , parameters: None
[2025-05-14T19:23:57.394+0000] {sql.py:427} INFO - Rows affected: 1
[2025-05-14T19:23:57.417+0000] {taskinstance.py:1400} INFO - Marking task as SUCCESS. dag_id=sample_etl, task_id=aggregate_hospital_stats, execution_date=20250513T000000, start_date=20250514T192356, end_date=20250514T192357
[2025-05-14T19:23:57.459+0000] {local_task_job_runner.py:228} INFO - Task exited with return code 0
[2025-05-14T19:23:57.502+0000] {taskinstance.py:2778} INFO - 1 downstream tasks scheduled from follow-on schedule check
[2025-05-14T22:13:35.690+0000] {taskinstance.py:1159} INFO - Dependencies all met for dep_context=non-requeueable deps ti=<TaskInstance: sample_etl.aggregate_hospital_stats scheduled__2025-05-13T00:00:00+00:00 [queued]>
[2025-05-14T22:13:35.702+0000] {taskinstance.py:1159} INFO - Dependencies all met for dep_context=requeueable deps ti=<TaskInstance: sample_etl.aggregate_hospital_stats scheduled__2025-05-13T00:00:00+00:00 [queued]>
[2025-05-14T22:13:35.703+0000] {taskinstance.py:1361} INFO - Starting attempt 1 of 3
[2025-05-14T22:13:35.735+0000] {taskinstance.py:1382} INFO - Executing <Task(PostgresOperator): aggregate_hospital_stats> on 2025-05-13 00:00:00+00:00
[2025-05-14T22:13:35.743+0000] {standard_task_runner.py:57} INFO - Started process 540 to run task
[2025-05-14T22:13:35.747+0000] {standard_task_runner.py:84} INFO - Running: ['airflow', 'tasks', 'run', 'sample_etl', 'aggregate_hospital_stats', 'scheduled__2025-05-13T00:00:00+00:00', '--job-id', '77', '--raw', '--subdir', 'DAGS_FOLDER/sample_etl.py', '--cfg-path', '/tmp/tmpnhwg6t5g']
[2025-05-14T22:13:35.757+0000] {standard_task_runner.py:85} INFO - Job 77: Subtask aggregate_hospital_stats
[2025-05-14T22:13:35.781+0000] {logging_mixin.py:154} WARNING - /home/airflow/.local/lib/python3.8/site-packages/airflow/settings.py:195 DeprecationWarning: The sql_alchemy_conn option in [core] has been moved to the sql_alchemy_conn option in [database] - the old setting has been used, but please update your config.
[2025-05-14T22:13:35.831+0000] {task_command.py:416} INFO - Running <TaskInstance: sample_etl.aggregate_hospital_stats scheduled__2025-05-13T00:00:00+00:00 [running]> on host dd657b0ac9c8
[2025-05-14T22:13:35.935+0000] {taskinstance.py:1662} INFO - Exporting env vars: AIRFLOW_CTX_DAG_EMAIL='taimourabdulkarim20@gmail.com' AIRFLOW_CTX_DAG_OWNER='airflow' AIRFLOW_CTX_DAG_ID='sample_etl' AIRFLOW_CTX_TASK_ID='aggregate_hospital_stats' AIRFLOW_CTX_EXECUTION_DATE='2025-05-13T00:00:00+00:00' AIRFLOW_CTX_TRY_NUMBER='1' AIRFLOW_CTX_DAG_RUN_ID='scheduled__2025-05-13T00:00:00+00:00'
[2025-05-14T22:13:35.938+0000] {sql.py:274} INFO - Executing: 
            INSERT INTO hospital_stats (stat_date, total_hospitals, total_departments)
            SELECT
                CURRENT_DATE,
                (SELECT COUNT(*) FROM hospitals),
                (SELECT COUNT(*) FROM departments)
            ON CONFLICT (stat_date) DO UPDATE
            SET
                total_hospitals = EXCLUDED.total_hospitals,
                total_departments = EXCLUDED.total_departments;
        
[2025-05-14T22:13:35.982+0000] {base.py:73} INFO - Using connection ID '***_default' for task execution.
[2025-05-14T22:13:35.995+0000] {base.py:73} INFO - Using connection ID '***_default' for task execution.
[2025-05-14T22:13:36.004+0000] {sql.py:418} INFO - Running statement: 
            INSERT INTO hospital_stats (stat_date, total_hospitals, total_departments)
            SELECT
                CURRENT_DATE,
                (SELECT COUNT(*) FROM hospitals),
                (SELECT COUNT(*) FROM departments)
            ON CONFLICT (stat_date) DO UPDATE
            SET
                total_hospitals = EXCLUDED.total_hospitals,
                total_departments = EXCLUDED.total_departments;
        , parameters: None
[2025-05-14T22:13:36.008+0000] {sql.py:427} INFO - Rows affected: 1
[2025-05-14T22:13:36.023+0000] {taskinstance.py:1400} INFO - Marking task as SUCCESS. dag_id=sample_etl, task_id=aggregate_hospital_stats, execution_date=20250513T000000, start_date=20250514T221335, end_date=20250514T221336
[2025-05-14T22:13:36.059+0000] {local_task_job_runner.py:228} INFO - Task exited with return code 0
[2025-05-14T22:13:36.117+0000] {taskinstance.py:2778} INFO - 1 downstream tasks scheduled from follow-on schedule check
[2025-05-14T22:52:39.293+0000] {taskinstance.py:1159} INFO - Dependencies all met for dep_context=non-requeueable deps ti=<TaskInstance: sample_etl.aggregate_hospital_stats scheduled__2025-05-13T00:00:00+00:00 [queued]>
[2025-05-14T22:52:39.301+0000] {taskinstance.py:1159} INFO - Dependencies all met for dep_context=requeueable deps ti=<TaskInstance: sample_etl.aggregate_hospital_stats scheduled__2025-05-13T00:00:00+00:00 [queued]>
[2025-05-14T22:52:39.301+0000] {taskinstance.py:1361} INFO - Starting attempt 1 of 3
[2025-05-14T22:52:39.312+0000] {taskinstance.py:1382} INFO - Executing <Task(PostgresOperator): aggregate_hospital_stats> on 2025-05-13 00:00:00+00:00
[2025-05-14T22:52:39.316+0000] {standard_task_runner.py:57} INFO - Started process 388 to run task
[2025-05-14T22:52:39.320+0000] {standard_task_runner.py:84} INFO - Running: ['airflow', 'tasks', 'run', 'sample_etl', 'aggregate_hospital_stats', 'scheduled__2025-05-13T00:00:00+00:00', '--job-id', '37', '--raw', '--subdir', 'DAGS_FOLDER/sample_etl.py', '--cfg-path', '/tmp/tmpv8a35aeo']
[2025-05-14T22:52:39.323+0000] {standard_task_runner.py:85} INFO - Job 37: Subtask aggregate_hospital_stats
[2025-05-14T22:52:39.342+0000] {logging_mixin.py:154} WARNING - /home/airflow/.local/lib/python3.8/site-packages/airflow/settings.py:195 DeprecationWarning: The sql_alchemy_conn option in [core] has been moved to the sql_alchemy_conn option in [database] - the old setting has been used, but please update your config.
[2025-05-14T22:52:39.375+0000] {task_command.py:416} INFO - Running <TaskInstance: sample_etl.aggregate_hospital_stats scheduled__2025-05-13T00:00:00+00:00 [running]> on host dff7001aa755
[2025-05-14T22:52:39.460+0000] {taskinstance.py:1662} INFO - Exporting env vars: AIRFLOW_CTX_DAG_EMAIL='taimourabdulkarim20@gmail.com' AIRFLOW_CTX_DAG_OWNER='airflow' AIRFLOW_CTX_DAG_ID='sample_etl' AIRFLOW_CTX_TASK_ID='aggregate_hospital_stats' AIRFLOW_CTX_EXECUTION_DATE='2025-05-13T00:00:00+00:00' AIRFLOW_CTX_TRY_NUMBER='1' AIRFLOW_CTX_DAG_RUN_ID='scheduled__2025-05-13T00:00:00+00:00'
[2025-05-14T22:52:39.462+0000] {sql.py:274} INFO - Executing: 
            INSERT INTO hospital_stats (stat_date, total_hospitals, total_departments)
            SELECT
                CURRENT_DATE,
                (SELECT COUNT(*) FROM hospitals),
                (SELECT COUNT(*) FROM departments)
            ON CONFLICT (stat_date) DO UPDATE
            SET
                total_hospitals = EXCLUDED.total_hospitals,
                total_departments = EXCLUDED.total_departments;
        
[2025-05-14T22:52:39.486+0000] {base.py:73} INFO - Using connection ID '***_default' for task execution.
[2025-05-14T22:52:39.492+0000] {base.py:73} INFO - Using connection ID '***_default' for task execution.
[2025-05-14T22:52:39.501+0000] {sql.py:418} INFO - Running statement: 
            INSERT INTO hospital_stats (stat_date, total_hospitals, total_departments)
            SELECT
                CURRENT_DATE,
                (SELECT COUNT(*) FROM hospitals),
                (SELECT COUNT(*) FROM departments)
            ON CONFLICT (stat_date) DO UPDATE
            SET
                total_hospitals = EXCLUDED.total_hospitals,
                total_departments = EXCLUDED.total_departments;
        , parameters: None
[2025-05-14T22:52:39.503+0000] {sql.py:427} INFO - Rows affected: 1
[2025-05-14T22:52:39.519+0000] {taskinstance.py:1400} INFO - Marking task as SUCCESS. dag_id=sample_etl, task_id=aggregate_hospital_stats, execution_date=20250513T000000, start_date=20250514T225239, end_date=20250514T225239
[2025-05-14T22:52:39.544+0000] {local_task_job_runner.py:228} INFO - Task exited with return code 0
[2025-05-14T22:52:39.578+0000] {taskinstance.py:2778} INFO - 1 downstream tasks scheduled from follow-on schedule check
