[2025-05-14T19:25:09.743+0000] {taskinstance.py:1159} INFO - Dependencies all met for dep_context=non-requeueable deps ti=<TaskInstance: sample_etl.aggregate_appointment_stats manual__2025-05-14T19:24:59.580405+00:00 [queued]>
[2025-05-14T19:25:09.750+0000] {taskinstance.py:1159} INFO - Dependencies all met for dep_context=requeueable deps ti=<TaskInstance: sample_etl.aggregate_appointment_stats manual__2025-05-14T19:24:59.580405+00:00 [queued]>
[2025-05-14T19:25:09.750+0000] {taskinstance.py:1361} INFO - Starting attempt 1 of 3
[2025-05-14T19:25:09.760+0000] {taskinstance.py:1382} INFO - Executing <Task(PostgresOperator): aggregate_appointment_stats> on 2025-05-14 19:24:59.580405+00:00
[2025-05-14T19:25:09.764+0000] {standard_task_runner.py:57} INFO - Started process 323 to run task
[2025-05-14T19:25:09.767+0000] {standard_task_runner.py:84} INFO - Running: ['airflow', 'tasks', 'run', 'sample_etl', 'aggregate_appointment_stats', 'manual__2025-05-14T19:24:59.580405+00:00', '--job-id', '121', '--raw', '--subdir', 'DAGS_FOLDER/sample_etl.py', '--cfg-path', '/tmp/tmp9qa0hsxm']
[2025-05-14T19:25:09.769+0000] {standard_task_runner.py:85} INFO - Job 121: Subtask aggregate_appointment_stats
[2025-05-14T19:25:09.784+0000] {logging_mixin.py:154} WARNING - /home/airflow/.local/lib/python3.8/site-packages/airflow/settings.py:195 DeprecationWarning: The sql_alchemy_conn option in [core] has been moved to the sql_alchemy_conn option in [database] - the old setting has been used, but please update your config.
[2025-05-14T19:25:09.813+0000] {task_command.py:416} INFO - Running <TaskInstance: sample_etl.aggregate_appointment_stats manual__2025-05-14T19:24:59.580405+00:00 [running]> on host 3dfadb756915
[2025-05-14T19:25:09.883+0000] {taskinstance.py:1662} INFO - Exporting env vars: AIRFLOW_CTX_DAG_EMAIL='taimourabdulkarim20@gmail.com' AIRFLOW_CTX_DAG_OWNER='airflow' AIRFLOW_CTX_DAG_ID='sample_etl' AIRFLOW_CTX_TASK_ID='aggregate_appointment_stats' AIRFLOW_CTX_EXECUTION_DATE='2025-05-14T19:24:59.580405+00:00' AIRFLOW_CTX_TRY_NUMBER='1' AIRFLOW_CTX_DAG_RUN_ID='manual__2025-05-14T19:24:59.580405+00:00'
[2025-05-14T19:25:09.883+0000] {sql.py:274} INFO - Executing: 
            INSERT INTO appointment_stats (stat_date, total_appointments, avg_appointments_per_doctor)
            SELECT
                CURRENT_DATE,
                COUNT(*),
                COUNT(*)::float / NULLIF((SELECT COUNT(*) FROM users WHERE role = 'doctor'), 0)
            FROM appointments
            WHERE appointment_date::date = CURRENT_DATE
            ON CONFLICT (stat_date) DO UPDATE
            SET
                total_appointments = EXCLUDED.total_appointments,
                avg_appointments_per_doctor = EXCLUDED.avg_appointments_per_doctor;
        
[2025-05-14T19:25:09.900+0000] {base.py:73} INFO - Using connection ID '***_default' for task execution.
[2025-05-14T19:25:09.903+0000] {base.py:73} INFO - Using connection ID '***_default' for task execution.
[2025-05-14T19:25:09.910+0000] {sql.py:418} INFO - Running statement: 
            INSERT INTO appointment_stats (stat_date, total_appointments, avg_appointments_per_doctor)
            SELECT
                CURRENT_DATE,
                COUNT(*),
                COUNT(*)::float / NULLIF((SELECT COUNT(*) FROM users WHERE role = 'doctor'), 0)
            FROM appointments
            WHERE appointment_date::date = CURRENT_DATE
            ON CONFLICT (stat_date) DO UPDATE
            SET
                total_appointments = EXCLUDED.total_appointments,
                avg_appointments_per_doctor = EXCLUDED.avg_appointments_per_doctor;
        , parameters: None
[2025-05-14T19:25:09.912+0000] {sql.py:427} INFO - Rows affected: 1
[2025-05-14T19:25:09.922+0000] {taskinstance.py:1400} INFO - Marking task as SUCCESS. dag_id=sample_etl, task_id=aggregate_appointment_stats, execution_date=20250514T192459, start_date=20250514T192509, end_date=20250514T192509
[2025-05-14T19:25:09.952+0000] {local_task_job_runner.py:228} INFO - Task exited with return code 0
[2025-05-14T19:25:09.983+0000] {taskinstance.py:2778} INFO - 1 downstream tasks scheduled from follow-on schedule check
