[2025-05-14T22:29:42.707+0000] {taskinstance.py:1159} INFO - Dependencies all met for dep_context=non-requeueable deps ti=<TaskInstance: sample_etl.create_doctor_specialty_table manual__2025-05-14T22:29:35.089094+00:00 [queued]>
[2025-05-14T22:29:42.720+0000] {taskinstance.py:1159} INFO - Dependencies all met for dep_context=requeueable deps ti=<TaskInstance: sample_etl.create_doctor_specialty_table manual__2025-05-14T22:29:35.089094+00:00 [queued]>
[2025-05-14T22:29:42.720+0000] {taskinstance.py:1361} INFO - Starting attempt 1 of 3
[2025-05-14T22:29:42.732+0000] {taskinstance.py:1382} INFO - Executing <Task(PostgresOperator): create_doctor_specialty_table> on 2025-05-14 22:29:35.089094+00:00
[2025-05-14T22:29:42.738+0000] {standard_task_runner.py:57} INFO - Started process 246 to run task
[2025-05-14T22:29:42.746+0000] {standard_task_runner.py:84} INFO - Running: ['airflow', 'tasks', 'run', 'sample_etl', 'create_doctor_specialty_table', 'manual__2025-05-14T22:29:35.089094+00:00', '--job-id', '12', '--raw', '--subdir', 'DAGS_FOLDER/sample_etl.py', '--cfg-path', '/tmp/tmpnrgsmqxa']
[2025-05-14T22:29:42.755+0000] {standard_task_runner.py:85} INFO - Job 12: Subtask create_doctor_specialty_table
[2025-05-14T22:29:42.788+0000] {logging_mixin.py:154} WARNING - /home/airflow/.local/lib/python3.8/site-packages/airflow/settings.py:195 DeprecationWarning: The sql_alchemy_conn option in [core] has been moved to the sql_alchemy_conn option in [database] - the old setting has been used, but please update your config.
[2025-05-14T22:29:42.828+0000] {task_command.py:416} INFO - Running <TaskInstance: sample_etl.create_doctor_specialty_table manual__2025-05-14T22:29:35.089094+00:00 [running]> on host fb68c317c0a1
[2025-05-14T22:29:42.917+0000] {taskinstance.py:1662} INFO - Exporting env vars: AIRFLOW_CTX_DAG_EMAIL='taimourabdulkarim20@gmail.com' AIRFLOW_CTX_DAG_OWNER='airflow' AIRFLOW_CTX_DAG_ID='sample_etl' AIRFLOW_CTX_TASK_ID='create_doctor_specialty_table' AIRFLOW_CTX_EXECUTION_DATE='2025-05-14T22:29:35.089094+00:00' AIRFLOW_CTX_TRY_NUMBER='1' AIRFLOW_CTX_DAG_RUN_ID='manual__2025-05-14T22:29:35.089094+00:00'
[2025-05-14T22:29:42.919+0000] {sql.py:274} INFO - Executing: 
            CREATE TABLE IF NOT EXISTS doctor_specialty_counts (
                stat_date DATE,
                specialty TEXT,
                doctor_count INT,
                PRIMARY KEY (stat_date, specialty)
            );
        
[2025-05-14T22:29:42.949+0000] {base.py:73} INFO - Using connection ID '***_default' for task execution.
[2025-05-14T22:29:42.956+0000] {base.py:73} INFO - Using connection ID '***_default' for task execution.
[2025-05-14T22:29:42.964+0000] {sql.py:418} INFO - Running statement: 
            CREATE TABLE IF NOT EXISTS doctor_specialty_counts (
                stat_date DATE,
                specialty TEXT,
                doctor_count INT,
                PRIMARY KEY (stat_date, specialty)
            );
        , parameters: None
[2025-05-14T22:29:42.981+0000] {taskinstance.py:1400} INFO - Marking task as SUCCESS. dag_id=sample_etl, task_id=create_doctor_specialty_table, execution_date=20250514T222935, start_date=20250514T222942, end_date=20250514T222942
[2025-05-14T22:29:43.020+0000] {local_task_job_runner.py:228} INFO - Task exited with return code 0
[2025-05-14T22:29:43.054+0000] {taskinstance.py:2778} INFO - 1 downstream tasks scheduled from follow-on schedule check
