[2025-05-14T19:23:53.258+0000] {taskinstance.py:1159} INFO - Dependencies all met for dep_context=non-requeueable deps ti=<TaskInstance: sample_etl.aggregate_weekly_signups scheduled__2025-05-13T00:00:00+00:00 [queued]>
[2025-05-14T19:23:53.280+0000] {taskinstance.py:1159} INFO - Dependencies all met for dep_context=requeueable deps ti=<TaskInstance: sample_etl.aggregate_weekly_signups scheduled__2025-05-13T00:00:00+00:00 [queued]>
[2025-05-14T19:23:53.281+0000] {taskinstance.py:1361} INFO - Starting attempt 1 of 3
[2025-05-14T19:23:53.302+0000] {taskinstance.py:1382} INFO - Executing <Task(PostgresOperator): aggregate_weekly_signups> on 2025-05-13 00:00:00+00:00
[2025-05-14T19:23:53.323+0000] {standard_task_runner.py:57} INFO - Started process 227 to run task
[2025-05-14T19:23:53.340+0000] {standard_task_runner.py:84} INFO - Running: ['airflow', 'tasks', 'run', 'sample_etl', 'aggregate_weekly_signups', 'scheduled__2025-05-13T00:00:00+00:00', '--job-id', '103', '--raw', '--subdir', 'DAGS_FOLDER/sample_etl.py', '--cfg-path', '/tmp/tmp7z9jaj9e']
[2025-05-14T19:23:53.346+0000] {standard_task_runner.py:85} INFO - Job 103: Subtask aggregate_weekly_signups
[2025-05-14T19:23:53.381+0000] {logging_mixin.py:154} WARNING - /home/airflow/.local/lib/python3.8/site-packages/airflow/settings.py:195 DeprecationWarning: The sql_alchemy_conn option in [core] has been moved to the sql_alchemy_conn option in [database] - the old setting has been used, but please update your config.
[2025-05-14T19:23:53.460+0000] {task_command.py:416} INFO - Running <TaskInstance: sample_etl.aggregate_weekly_signups scheduled__2025-05-13T00:00:00+00:00 [running]> on host 3dfadb756915
[2025-05-14T19:23:53.689+0000] {taskinstance.py:1662} INFO - Exporting env vars: AIRFLOW_CTX_DAG_EMAIL='taimourabdulkarim20@gmail.com' AIRFLOW_CTX_DAG_OWNER='airflow' AIRFLOW_CTX_DAG_ID='sample_etl' AIRFLOW_CTX_TASK_ID='aggregate_weekly_signups' AIRFLOW_CTX_EXECUTION_DATE='2025-05-13T00:00:00+00:00' AIRFLOW_CTX_TRY_NUMBER='1' AIRFLOW_CTX_DAG_RUN_ID='scheduled__2025-05-13T00:00:00+00:00'
[2025-05-14T19:23:53.691+0000] {sql.py:274} INFO - Executing: 
            INSERT INTO weekly_signups (week_start, user_signups)
            SELECT
                date_trunc('week', CURRENT_DATE)::date AS week_start,
                COUNT(*)
            FROM users
            WHERE created_at >= date_trunc('week', CURRENT_DATE)
            AND created_at < date_trunc('week', CURRENT_DATE) + INTERVAL '7 days'
            ON CONFLICT (week_start) DO UPDATE
            SET user_signups = EXCLUDED.user_signups;
        
[2025-05-14T19:23:53.773+0000] {base.py:73} INFO - Using connection ID '***_default' for task execution.
[2025-05-14T19:23:53.806+0000] {base.py:73} INFO - Using connection ID '***_default' for task execution.
[2025-05-14T19:23:53.834+0000] {sql.py:418} INFO - Running statement: 
            INSERT INTO weekly_signups (week_start, user_signups)
            SELECT
                date_trunc('week', CURRENT_DATE)::date AS week_start,
                COUNT(*)
            FROM users
            WHERE created_at >= date_trunc('week', CURRENT_DATE)
            AND created_at < date_trunc('week', CURRENT_DATE) + INTERVAL '7 days'
            ON CONFLICT (week_start) DO UPDATE
            SET user_signups = EXCLUDED.user_signups;
        , parameters: None
[2025-05-14T19:23:53.848+0000] {sql.py:427} INFO - Rows affected: 1
[2025-05-14T19:23:53.872+0000] {taskinstance.py:1400} INFO - Marking task as SUCCESS. dag_id=sample_etl, task_id=aggregate_weekly_signups, execution_date=20250513T000000, start_date=20250514T192353, end_date=20250514T192353
[2025-05-14T19:23:53.948+0000] {local_task_job_runner.py:228} INFO - Task exited with return code 0
[2025-05-14T19:23:54.032+0000] {taskinstance.py:2778} INFO - 1 downstream tasks scheduled from follow-on schedule check
[2025-05-14T22:13:33.267+0000] {taskinstance.py:1159} INFO - Dependencies all met for dep_context=non-requeueable deps ti=<TaskInstance: sample_etl.aggregate_weekly_signups scheduled__2025-05-13T00:00:00+00:00 [queued]>
[2025-05-14T22:13:33.283+0000] {taskinstance.py:1159} INFO - Dependencies all met for dep_context=requeueable deps ti=<TaskInstance: sample_etl.aggregate_weekly_signups scheduled__2025-05-13T00:00:00+00:00 [queued]>
[2025-05-14T22:13:33.284+0000] {taskinstance.py:1361} INFO - Starting attempt 1 of 3
[2025-05-14T22:13:33.304+0000] {taskinstance.py:1382} INFO - Executing <Task(PostgresOperator): aggregate_weekly_signups> on 2025-05-13 00:00:00+00:00
[2025-05-14T22:13:33.323+0000] {standard_task_runner.py:57} INFO - Started process 536 to run task
[2025-05-14T22:13:33.339+0000] {standard_task_runner.py:84} INFO - Running: ['airflow', 'tasks', 'run', 'sample_etl', 'aggregate_weekly_signups', 'scheduled__2025-05-13T00:00:00+00:00', '--job-id', '75', '--raw', '--subdir', 'DAGS_FOLDER/sample_etl.py', '--cfg-path', '/tmp/tmpf2u2o315']
[2025-05-14T22:13:33.342+0000] {standard_task_runner.py:85} INFO - Job 75: Subtask aggregate_weekly_signups
[2025-05-14T22:13:33.378+0000] {logging_mixin.py:154} WARNING - /home/airflow/.local/lib/python3.8/site-packages/airflow/settings.py:195 DeprecationWarning: The sql_alchemy_conn option in [core] has been moved to the sql_alchemy_conn option in [database] - the old setting has been used, but please update your config.
[2025-05-14T22:13:33.453+0000] {task_command.py:416} INFO - Running <TaskInstance: sample_etl.aggregate_weekly_signups scheduled__2025-05-13T00:00:00+00:00 [running]> on host dd657b0ac9c8
[2025-05-14T22:13:33.606+0000] {taskinstance.py:1662} INFO - Exporting env vars: AIRFLOW_CTX_DAG_EMAIL='taimourabdulkarim20@gmail.com' AIRFLOW_CTX_DAG_OWNER='airflow' AIRFLOW_CTX_DAG_ID='sample_etl' AIRFLOW_CTX_TASK_ID='aggregate_weekly_signups' AIRFLOW_CTX_EXECUTION_DATE='2025-05-13T00:00:00+00:00' AIRFLOW_CTX_TRY_NUMBER='1' AIRFLOW_CTX_DAG_RUN_ID='scheduled__2025-05-13T00:00:00+00:00'
[2025-05-14T22:13:33.607+0000] {sql.py:274} INFO - Executing: 
            INSERT INTO weekly_signups (week_start, user_signups)
            SELECT
                date_trunc('week', CURRENT_DATE)::date AS week_start,
                COUNT(*)
            FROM users
            WHERE created_at >= date_trunc('week', CURRENT_DATE)
            AND created_at < date_trunc('week', CURRENT_DATE) + INTERVAL '7 days'
            ON CONFLICT (week_start) DO UPDATE
            SET user_signups = EXCLUDED.user_signups;
        
[2025-05-14T22:13:33.660+0000] {base.py:73} INFO - Using connection ID '***_default' for task execution.
[2025-05-14T22:13:33.666+0000] {base.py:73} INFO - Using connection ID '***_default' for task execution.
[2025-05-14T22:13:33.711+0000] {sql.py:418} INFO - Running statement: 
            INSERT INTO weekly_signups (week_start, user_signups)
            SELECT
                date_trunc('week', CURRENT_DATE)::date AS week_start,
                COUNT(*)
            FROM users
            WHERE created_at >= date_trunc('week', CURRENT_DATE)
            AND created_at < date_trunc('week', CURRENT_DATE) + INTERVAL '7 days'
            ON CONFLICT (week_start) DO UPDATE
            SET user_signups = EXCLUDED.user_signups;
        , parameters: None
[2025-05-14T22:13:33.742+0000] {sql.py:427} INFO - Rows affected: 1
[2025-05-14T22:13:33.833+0000] {taskinstance.py:1400} INFO - Marking task as SUCCESS. dag_id=sample_etl, task_id=aggregate_weekly_signups, execution_date=20250513T000000, start_date=20250514T221333, end_date=20250514T221333
[2025-05-14T22:13:33.878+0000] {local_task_job_runner.py:228} INFO - Task exited with return code 0
[2025-05-14T22:13:33.962+0000] {taskinstance.py:2778} INFO - 0 downstream tasks scheduled from follow-on schedule check
[2025-05-14T22:52:36.627+0000] {taskinstance.py:1159} INFO - Dependencies all met for dep_context=non-requeueable deps ti=<TaskInstance: sample_etl.aggregate_weekly_signups scheduled__2025-05-13T00:00:00+00:00 [queued]>
[2025-05-14T22:52:36.635+0000] {taskinstance.py:1159} INFO - Dependencies all met for dep_context=requeueable deps ti=<TaskInstance: sample_etl.aggregate_weekly_signups scheduled__2025-05-13T00:00:00+00:00 [queued]>
[2025-05-14T22:52:36.635+0000] {taskinstance.py:1361} INFO - Starting attempt 1 of 3
[2025-05-14T22:52:36.646+0000] {taskinstance.py:1382} INFO - Executing <Task(PostgresOperator): aggregate_weekly_signups> on 2025-05-13 00:00:00+00:00
[2025-05-14T22:52:36.651+0000] {standard_task_runner.py:57} INFO - Started process 384 to run task
[2025-05-14T22:52:36.655+0000] {standard_task_runner.py:84} INFO - Running: ['airflow', 'tasks', 'run', 'sample_etl', 'aggregate_weekly_signups', 'scheduled__2025-05-13T00:00:00+00:00', '--job-id', '35', '--raw', '--subdir', 'DAGS_FOLDER/sample_etl.py', '--cfg-path', '/tmp/tmpiajv29ca']
[2025-05-14T22:52:36.657+0000] {standard_task_runner.py:85} INFO - Job 35: Subtask aggregate_weekly_signups
[2025-05-14T22:52:36.674+0000] {logging_mixin.py:154} WARNING - /home/airflow/.local/lib/python3.8/site-packages/airflow/settings.py:195 DeprecationWarning: The sql_alchemy_conn option in [core] has been moved to the sql_alchemy_conn option in [database] - the old setting has been used, but please update your config.
[2025-05-14T22:52:36.710+0000] {task_command.py:416} INFO - Running <TaskInstance: sample_etl.aggregate_weekly_signups scheduled__2025-05-13T00:00:00+00:00 [running]> on host dff7001aa755
[2025-05-14T22:52:36.799+0000] {taskinstance.py:1662} INFO - Exporting env vars: AIRFLOW_CTX_DAG_EMAIL='taimourabdulkarim20@gmail.com' AIRFLOW_CTX_DAG_OWNER='airflow' AIRFLOW_CTX_DAG_ID='sample_etl' AIRFLOW_CTX_TASK_ID='aggregate_weekly_signups' AIRFLOW_CTX_EXECUTION_DATE='2025-05-13T00:00:00+00:00' AIRFLOW_CTX_TRY_NUMBER='1' AIRFLOW_CTX_DAG_RUN_ID='scheduled__2025-05-13T00:00:00+00:00'
[2025-05-14T22:52:36.799+0000] {sql.py:274} INFO - Executing: 
            INSERT INTO weekly_signups (week_start, user_signups)
            SELECT
                date_trunc('week', CURRENT_DATE)::date AS week_start,
                COUNT(*)
            FROM users
            WHERE created_at >= date_trunc('week', CURRENT_DATE)
            AND created_at < date_trunc('week', CURRENT_DATE) + INTERVAL '7 days'
            ON CONFLICT (week_start) DO UPDATE
            SET user_signups = EXCLUDED.user_signups;
        
[2025-05-14T22:52:36.817+0000] {base.py:73} INFO - Using connection ID '***_default' for task execution.
[2025-05-14T22:52:36.820+0000] {base.py:73} INFO - Using connection ID '***_default' for task execution.
[2025-05-14T22:52:36.827+0000] {sql.py:418} INFO - Running statement: 
            INSERT INTO weekly_signups (week_start, user_signups)
            SELECT
                date_trunc('week', CURRENT_DATE)::date AS week_start,
                COUNT(*)
            FROM users
            WHERE created_at >= date_trunc('week', CURRENT_DATE)
            AND created_at < date_trunc('week', CURRENT_DATE) + INTERVAL '7 days'
            ON CONFLICT (week_start) DO UPDATE
            SET user_signups = EXCLUDED.user_signups;
        , parameters: None
[2025-05-14T22:52:36.829+0000] {sql.py:427} INFO - Rows affected: 1
[2025-05-14T22:52:36.842+0000] {taskinstance.py:1400} INFO - Marking task as SUCCESS. dag_id=sample_etl, task_id=aggregate_weekly_signups, execution_date=20250513T000000, start_date=20250514T225236, end_date=20250514T225236
[2025-05-14T22:52:36.876+0000] {local_task_job_runner.py:228} INFO - Task exited with return code 0
[2025-05-14T22:52:36.907+0000] {taskinstance.py:2778} INFO - 1 downstream tasks scheduled from follow-on schedule check
