[2025-05-14T19:23:40.149+0000] {taskinstance.py:1159} INFO - Dependencies all met for dep_context=non-requeueable deps ti=<TaskInstance: sample_etl.create_user_stats_table scheduled__2025-05-13T00:00:00+00:00 [queued]>
[2025-05-14T19:23:40.159+0000] {taskinstance.py:1159} INFO - Dependencies all met for dep_context=requeueable deps ti=<TaskInstance: sample_etl.create_user_stats_table scheduled__2025-05-13T00:00:00+00:00 [queued]>
[2025-05-14T19:23:40.159+0000] {taskinstance.py:1361} INFO - Starting attempt 1 of 3
[2025-05-14T19:23:40.172+0000] {taskinstance.py:1382} INFO - Executing <Task(PostgresOperator): create_user_stats_table> on 2025-05-13 00:00:00+00:00
[2025-05-14T19:23:40.176+0000] {standard_task_runner.py:57} INFO - Started process 212 to run task
[2025-05-14T19:23:40.184+0000] {standard_task_runner.py:84} INFO - Running: ['airflow', 'tasks', 'run', 'sample_etl', 'create_user_stats_table', 'scheduled__2025-05-13T00:00:00+00:00', '--job-id', '96', '--raw', '--subdir', 'DAGS_FOLDER/sample_etl.py', '--cfg-path', '/tmp/tmpa4j0adex']
[2025-05-14T19:23:40.186+0000] {standard_task_runner.py:85} INFO - Job 96: Subtask create_user_stats_table
[2025-05-14T19:23:40.205+0000] {logging_mixin.py:154} WARNING - /home/airflow/.local/lib/python3.8/site-packages/airflow/settings.py:195 DeprecationWarning: The sql_alchemy_conn option in [core] has been moved to the sql_alchemy_conn option in [database] - the old setting has been used, but please update your config.
[2025-05-14T19:23:40.256+0000] {task_command.py:416} INFO - Running <TaskInstance: sample_etl.create_user_stats_table scheduled__2025-05-13T00:00:00+00:00 [running]> on host 3dfadb756915
[2025-05-14T19:23:40.382+0000] {taskinstance.py:1662} INFO - Exporting env vars: AIRFLOW_CTX_DAG_EMAIL='taimourabdulkarim20@gmail.com' AIRFLOW_CTX_DAG_OWNER='airflow' AIRFLOW_CTX_DAG_ID='sample_etl' AIRFLOW_CTX_TASK_ID='create_user_stats_table' AIRFLOW_CTX_EXECUTION_DATE='2025-05-13T00:00:00+00:00' AIRFLOW_CTX_TRY_NUMBER='1' AIRFLOW_CTX_DAG_RUN_ID='scheduled__2025-05-13T00:00:00+00:00'
[2025-05-14T19:23:40.383+0000] {sql.py:274} INFO - Executing: 
            CREATE TABLE IF NOT EXISTS user_stats (
                stat_date DATE PRIMARY KEY,
                total_users INT,
                new_users INT
            );
        
[2025-05-14T19:23:40.425+0000] {base.py:73} INFO - Using connection ID '***_default' for task execution.
[2025-05-14T19:23:40.437+0000] {base.py:73} INFO - Using connection ID '***_default' for task execution.
[2025-05-14T19:23:40.456+0000] {sql.py:418} INFO - Running statement: 
            CREATE TABLE IF NOT EXISTS user_stats (
                stat_date DATE PRIMARY KEY,
                total_users INT,
                new_users INT
            );
        , parameters: None
[2025-05-14T19:23:40.477+0000] {taskinstance.py:1400} INFO - Marking task as SUCCESS. dag_id=sample_etl, task_id=create_user_stats_table, execution_date=20250513T000000, start_date=20250514T192340, end_date=20250514T192340
[2025-05-14T19:23:40.525+0000] {local_task_job_runner.py:228} INFO - Task exited with return code 0
[2025-05-14T19:23:40.565+0000] {taskinstance.py:2778} INFO - 1 downstream tasks scheduled from follow-on schedule check
[2025-05-14T22:13:23.980+0000] {taskinstance.py:1159} INFO - Dependencies all met for dep_context=non-requeueable deps ti=<TaskInstance: sample_etl.create_user_stats_table scheduled__2025-05-13T00:00:00+00:00 [queued]>
[2025-05-14T22:13:23.988+0000] {taskinstance.py:1159} INFO - Dependencies all met for dep_context=requeueable deps ti=<TaskInstance: sample_etl.create_user_stats_table scheduled__2025-05-13T00:00:00+00:00 [queued]>
[2025-05-14T22:13:23.988+0000] {taskinstance.py:1361} INFO - Starting attempt 1 of 3
[2025-05-14T22:13:23.999+0000] {taskinstance.py:1382} INFO - Executing <Task(PostgresOperator): create_user_stats_table> on 2025-05-13 00:00:00+00:00
[2025-05-14T22:13:24.005+0000] {standard_task_runner.py:57} INFO - Started process 517 to run task
[2025-05-14T22:13:24.015+0000] {standard_task_runner.py:84} INFO - Running: ['airflow', 'tasks', 'run', 'sample_etl', 'create_user_stats_table', 'scheduled__2025-05-13T00:00:00+00:00', '--job-id', '68', '--raw', '--subdir', 'DAGS_FOLDER/sample_etl.py', '--cfg-path', '/tmp/tmpyt3tx32o']
[2025-05-14T22:13:24.020+0000] {standard_task_runner.py:85} INFO - Job 68: Subtask create_user_stats_table
[2025-05-14T22:13:24.049+0000] {logging_mixin.py:154} WARNING - /home/airflow/.local/lib/python3.8/site-packages/airflow/settings.py:195 DeprecationWarning: The sql_alchemy_conn option in [core] has been moved to the sql_alchemy_conn option in [database] - the old setting has been used, but please update your config.
[2025-05-14T22:13:24.103+0000] {task_command.py:416} INFO - Running <TaskInstance: sample_etl.create_user_stats_table scheduled__2025-05-13T00:00:00+00:00 [running]> on host dd657b0ac9c8
[2025-05-14T22:13:24.261+0000] {taskinstance.py:1662} INFO - Exporting env vars: AIRFLOW_CTX_DAG_EMAIL='taimourabdulkarim20@gmail.com' AIRFLOW_CTX_DAG_OWNER='airflow' AIRFLOW_CTX_DAG_ID='sample_etl' AIRFLOW_CTX_TASK_ID='create_user_stats_table' AIRFLOW_CTX_EXECUTION_DATE='2025-05-13T00:00:00+00:00' AIRFLOW_CTX_TRY_NUMBER='1' AIRFLOW_CTX_DAG_RUN_ID='scheduled__2025-05-13T00:00:00+00:00'
[2025-05-14T22:13:24.262+0000] {sql.py:274} INFO - Executing: 
            CREATE TABLE IF NOT EXISTS user_stats (
                stat_date DATE PRIMARY KEY,
                total_users INT,
                new_users INT
            );
        
[2025-05-14T22:13:24.291+0000] {base.py:73} INFO - Using connection ID '***_default' for task execution.
[2025-05-14T22:13:24.297+0000] {base.py:73} INFO - Using connection ID '***_default' for task execution.
[2025-05-14T22:13:24.308+0000] {sql.py:418} INFO - Running statement: 
            CREATE TABLE IF NOT EXISTS user_stats (
                stat_date DATE PRIMARY KEY,
                total_users INT,
                new_users INT
            );
        , parameters: None
[2025-05-14T22:13:24.320+0000] {taskinstance.py:1400} INFO - Marking task as SUCCESS. dag_id=sample_etl, task_id=create_user_stats_table, execution_date=20250513T000000, start_date=20250514T221323, end_date=20250514T221324
[2025-05-14T22:13:24.369+0000] {local_task_job_runner.py:228} INFO - Task exited with return code 0
[2025-05-14T22:13:24.420+0000] {taskinstance.py:2778} INFO - 1 downstream tasks scheduled from follow-on schedule check
[2025-05-14T22:52:27.968+0000] {taskinstance.py:1159} INFO - Dependencies all met for dep_context=non-requeueable deps ti=<TaskInstance: sample_etl.create_user_stats_table scheduled__2025-05-13T00:00:00+00:00 [queued]>
[2025-05-14T22:52:27.976+0000] {taskinstance.py:1159} INFO - Dependencies all met for dep_context=requeueable deps ti=<TaskInstance: sample_etl.create_user_stats_table scheduled__2025-05-13T00:00:00+00:00 [queued]>
[2025-05-14T22:52:27.976+0000] {taskinstance.py:1361} INFO - Starting attempt 1 of 3
[2025-05-14T22:52:27.986+0000] {taskinstance.py:1382} INFO - Executing <Task(PostgresOperator): create_user_stats_table> on 2025-05-13 00:00:00+00:00
[2025-05-14T22:52:27.991+0000] {standard_task_runner.py:57} INFO - Started process 370 to run task
[2025-05-14T22:52:27.994+0000] {standard_task_runner.py:84} INFO - Running: ['airflow', 'tasks', 'run', 'sample_etl', 'create_user_stats_table', 'scheduled__2025-05-13T00:00:00+00:00', '--job-id', '28', '--raw', '--subdir', 'DAGS_FOLDER/sample_etl.py', '--cfg-path', '/tmp/tmpjg37mpml']
[2025-05-14T22:52:27.997+0000] {standard_task_runner.py:85} INFO - Job 28: Subtask create_user_stats_table
[2025-05-14T22:52:28.015+0000] {logging_mixin.py:154} WARNING - /home/airflow/.local/lib/python3.8/site-packages/airflow/settings.py:195 DeprecationWarning: The sql_alchemy_conn option in [core] has been moved to the sql_alchemy_conn option in [database] - the old setting has been used, but please update your config.
[2025-05-14T22:52:28.049+0000] {task_command.py:416} INFO - Running <TaskInstance: sample_etl.create_user_stats_table scheduled__2025-05-13T00:00:00+00:00 [running]> on host dff7001aa755
[2025-05-14T22:52:28.122+0000] {taskinstance.py:1662} INFO - Exporting env vars: AIRFLOW_CTX_DAG_EMAIL='taimourabdulkarim20@gmail.com' AIRFLOW_CTX_DAG_OWNER='airflow' AIRFLOW_CTX_DAG_ID='sample_etl' AIRFLOW_CTX_TASK_ID='create_user_stats_table' AIRFLOW_CTX_EXECUTION_DATE='2025-05-13T00:00:00+00:00' AIRFLOW_CTX_TRY_NUMBER='1' AIRFLOW_CTX_DAG_RUN_ID='scheduled__2025-05-13T00:00:00+00:00'
[2025-05-14T22:52:28.122+0000] {sql.py:274} INFO - Executing: 
            CREATE TABLE IF NOT EXISTS user_stats (
                stat_date DATE PRIMARY KEY,
                total_users INT,
                new_users INT
            );
        
[2025-05-14T22:52:28.141+0000] {base.py:73} INFO - Using connection ID '***_default' for task execution.
[2025-05-14T22:52:28.145+0000] {base.py:73} INFO - Using connection ID '***_default' for task execution.
[2025-05-14T22:52:28.153+0000] {sql.py:418} INFO - Running statement: 
            CREATE TABLE IF NOT EXISTS user_stats (
                stat_date DATE PRIMARY KEY,
                total_users INT,
                new_users INT
            );
        , parameters: None
[2025-05-14T22:52:28.171+0000] {taskinstance.py:1400} INFO - Marking task as SUCCESS. dag_id=sample_etl, task_id=create_user_stats_table, execution_date=20250513T000000, start_date=20250514T225227, end_date=20250514T225228
[2025-05-14T22:52:28.220+0000] {local_task_job_runner.py:228} INFO - Task exited with return code 0
[2025-05-14T22:52:28.254+0000] {taskinstance.py:2778} INFO - 1 downstream tasks scheduled from follow-on schedule check
