[2025-05-15T14:25:57.582+0000] {taskinstance.py:1159} INFO - Dependencies all met for dep_context=non-requeueable deps ti=<TaskInstance: sample_etl.load_data manual__2025-05-15T14:25:42.970543+00:00 [queued]>
[2025-05-15T14:25:57.602+0000] {taskinstance.py:1159} INFO - Dependencies all met for dep_context=requeueable deps ti=<TaskInstance: sample_etl.load_data manual__2025-05-15T14:25:42.970543+00:00 [queued]>
[2025-05-15T14:25:57.602+0000] {taskinstance.py:1361} INFO - Starting attempt 1 of 3
[2025-05-15T14:25:57.620+0000] {taskinstance.py:1382} INFO - Executing <Task(PostgresOperator): load_data> on 2025-05-15 14:25:42.970543+00:00
[2025-05-15T14:25:57.638+0000] {standard_task_runner.py:57} INFO - Started process 3570 to run task
[2025-05-15T14:25:57.647+0000] {standard_task_runner.py:84} INFO - Running: ['airflow', 'tasks', 'run', 'sample_etl', 'load_data', 'manual__2025-05-15T14:25:42.970543+00:00', '--job-id', '107', '--raw', '--subdir', 'DAGS_FOLDER/sample_etl.py', '--cfg-path', '/tmp/tmpajcpame3']
[2025-05-15T14:25:57.653+0000] {standard_task_runner.py:85} INFO - Job 107: Subtask load_data
[2025-05-15T14:25:57.680+0000] {logging_mixin.py:154} WARNING - /home/airflow/.local/lib/python3.8/site-packages/airflow/settings.py:195 DeprecationWarning: The sql_alchemy_conn option in [core] has been moved to the sql_alchemy_conn option in [database] - the old setting has been used, but please update your config.
[2025-05-15T14:25:57.741+0000] {task_command.py:416} INFO - Running <TaskInstance: sample_etl.load_data manual__2025-05-15T14:25:42.970543+00:00 [running]> on host 45eecb73d756
[2025-05-15T14:25:57.874+0000] {taskinstance.py:1662} INFO - Exporting env vars: AIRFLOW_CTX_DAG_EMAIL='taimourabdulkarim20@gmail.com' AIRFLOW_CTX_DAG_OWNER='airflow' AIRFLOW_CTX_DAG_ID='sample_etl' AIRFLOW_CTX_TASK_ID='load_data' AIRFLOW_CTX_EXECUTION_DATE='2025-05-15T14:25:42.970543+00:00' AIRFLOW_CTX_TRY_NUMBER='1' AIRFLOW_CTX_DAG_RUN_ID='manual__2025-05-15T14:25:42.970543+00:00'
[2025-05-15T14:25:57.876+0000] {sql.py:274} INFO - Executing: 
            INSERT INTO etl_stats (run_date, doctor_count)
            SELECT CURRENT_DATE, COUNT(*) FROM users WHERE role = 'doctor'
            ON CONFLICT (run_date) DO UPDATE
            SET doctor_count = EXCLUDED.doctor_count;
        
[2025-05-15T14:25:57.917+0000] {base.py:73} INFO - Using connection ID '***_default' for task execution.
[2025-05-15T14:25:57.924+0000] {base.py:73} INFO - Using connection ID '***_default' for task execution.
[2025-05-15T14:25:57.939+0000] {sql.py:418} INFO - Running statement: 
            INSERT INTO etl_stats (run_date, doctor_count)
            SELECT CURRENT_DATE, COUNT(*) FROM users WHERE role = 'doctor'
            ON CONFLICT (run_date) DO UPDATE
            SET doctor_count = EXCLUDED.doctor_count;
        , parameters: None
[2025-05-15T14:25:57.942+0000] {sql.py:427} INFO - Rows affected: 1
[2025-05-15T14:25:57.956+0000] {taskinstance.py:1400} INFO - Marking task as SUCCESS. dag_id=sample_etl, task_id=load_data, execution_date=20250515T142542, start_date=20250515T142557, end_date=20250515T142557
[2025-05-15T14:25:57.996+0000] {local_task_job_runner.py:228} INFO - Task exited with return code 0
[2025-05-15T14:25:58.077+0000] {taskinstance.py:2778} INFO - 1 downstream tasks scheduled from follow-on schedule check
