[2025-05-12T15:12:28.542+0000] {taskinstance.py:1159} INFO - Dependencies all met for dep_context=non-requeueable deps ti=<TaskInstance: sample_etl.dbt_run manual__2025-05-12T15:02:17.767912+00:00 [queued]>
[2025-05-12T15:12:28.549+0000] {taskinstance.py:1159} INFO - Dependencies all met for dep_context=requeueable deps ti=<TaskInstance: sample_etl.dbt_run manual__2025-05-12T15:02:17.767912+00:00 [queued]>
[2025-05-12T15:12:28.549+0000] {taskinstance.py:1361} INFO - Starting attempt 3 of 3
[2025-05-12T15:12:28.563+0000] {taskinstance.py:1382} INFO - Executing <Task(BashOperator): dbt_run> on 2025-05-12 15:02:17.767912+00:00
[2025-05-12T15:12:28.569+0000] {standard_task_runner.py:57} INFO - Started process 262 to run task
[2025-05-12T15:12:28.575+0000] {standard_task_runner.py:84} INFO - Running: ['airflow', 'tasks', 'run', 'sample_etl', 'dbt_run', 'manual__2025-05-12T15:02:17.767912+00:00', '--job-id', '57', '--raw', '--subdir', 'DAGS_FOLDER/sample_etl.py', '--cfg-path', '/tmp/tmpmfydthkh']
[2025-05-12T15:12:28.579+0000] {standard_task_runner.py:85} INFO - Job 57: Subtask dbt_run
[2025-05-12T15:12:28.605+0000] {logging_mixin.py:154} WARNING - /home/airflow/.local/lib/python3.8/site-packages/airflow/settings.py:195 DeprecationWarning: The sql_alchemy_conn option in [core] has been moved to the sql_alchemy_conn option in [database] - the old setting has been used, but please update your config.
[2025-05-12T15:12:28.642+0000] {task_command.py:416} INFO - Running <TaskInstance: sample_etl.dbt_run manual__2025-05-12T15:02:17.767912+00:00 [running]> on host 82fab61d3126
[2025-05-12T15:12:28.737+0000] {taskinstance.py:1662} INFO - Exporting env vars: AIRFLOW_CTX_DAG_EMAIL='taimourabdulkarim20@gmail.com' AIRFLOW_CTX_DAG_OWNER='airflow' AIRFLOW_CTX_DAG_ID='sample_etl' AIRFLOW_CTX_TASK_ID='dbt_run' AIRFLOW_CTX_EXECUTION_DATE='2025-05-12T15:02:17.767912+00:00' AIRFLOW_CTX_TRY_NUMBER='3' AIRFLOW_CTX_DAG_RUN_ID='manual__2025-05-12T15:02:17.767912+00:00'
[2025-05-12T15:12:28.740+0000] {subprocess.py:63} INFO - Tmp dir root location: /tmp
[2025-05-12T15:12:28.743+0000] {subprocess.py:75} INFO - Running command: ['/bin/bash', '-c', 'docker exec -i $(docker ps -qf "ancestor=ghcr.io/dbt-labs/dbt-***:1.7.4") dbt run --project-dir /usr/app --profiles-dir /usr/app']
[2025-05-12T15:12:28.760+0000] {subprocess.py:86} INFO - Output:
[2025-05-12T15:12:31.557+0000] {subprocess.py:93} INFO - [0m15:12:31  Running with dbt=1.7.4
[2025-05-12T15:12:31.562+0000] {subprocess.py:93} INFO - [0m15:12:31  Encountered an error:
[2025-05-12T15:12:31.562+0000] {subprocess.py:93} INFO - Runtime Error
[2025-05-12T15:12:31.563+0000] {subprocess.py:93} INFO -   No dbt_project.yml found at expected path /usr/app/dbt_project.yml
[2025-05-12T15:12:31.563+0000] {subprocess.py:93} INFO -   Verify that each entry within packages.yml (and their transitive dependencies) contains a file named dbt_project.yml
[2025-05-12T15:12:31.563+0000] {subprocess.py:93} INFO - 
[2025-05-12T15:12:32.972+0000] {subprocess.py:97} INFO - Command exited with return code 2
[2025-05-12T15:12:33.018+0000] {taskinstance.py:1937} ERROR - Task failed with exception
Traceback (most recent call last):
  File "/home/airflow/.local/lib/python3.8/site-packages/airflow/operators/bash.py", line 210, in execute
    raise AirflowException(
airflow.exceptions.AirflowException: Bash command failed. The command returned a non-zero exit code 2.
[2025-05-12T15:12:33.026+0000] {taskinstance.py:1400} INFO - Marking task as FAILED. dag_id=sample_etl, task_id=dbt_run, execution_date=20250512T150217, start_date=20250512T151228, end_date=20250512T151233
[2025-05-12T15:12:33.052+0000] {logging_mixin.py:154} WARNING - /home/airflow/.local/lib/python3.8/site-packages/airflow/utils/email.py:154 RemovedInAirflow3Warning: Fetching SMTP credentials from configuration variables will be deprecated in a future release. Please set credentials using a connection instead.
[2025-05-12T15:12:33.053+0000] {email.py:270} INFO - Email alerting: attempt 1
[2025-05-12T15:12:34.207+0000] {email.py:281} INFO - Sent an alert email to ['taimourabdulkarim20@gmail.com']
[2025-05-12T15:12:35.393+0000] {standard_task_runner.py:104} ERROR - Failed to execute job 57 for task dbt_run (Bash command failed. The command returned a non-zero exit code 2.; 262)
[2025-05-12T15:12:35.434+0000] {local_task_job_runner.py:228} INFO - Task exited with return code 1
[2025-05-12T15:12:35.474+0000] {taskinstance.py:2778} INFO - 0 downstream tasks scheduled from follow-on schedule check
