[2025-05-12T15:02:23.035+0000] {taskinstance.py:1159} INFO - Dependencies all met for dep_context=non-requeueable deps ti=<TaskInstance: sample_etl.dbt_run manual__2025-05-12T15:02:17.767912+00:00 [queued]>
[2025-05-12T15:02:23.042+0000] {taskinstance.py:1159} INFO - Dependencies all met for dep_context=requeueable deps ti=<TaskInstance: sample_etl.dbt_run manual__2025-05-12T15:02:17.767912+00:00 [queued]>
[2025-05-12T15:02:23.043+0000] {taskinstance.py:1361} INFO - Starting attempt 1 of 3
[2025-05-12T15:02:23.053+0000] {taskinstance.py:1382} INFO - Executing <Task(BashOperator): dbt_run> on 2025-05-12 15:02:17.767912+00:00
[2025-05-12T15:02:23.056+0000] {standard_task_runner.py:57} INFO - Started process 224 to run task
[2025-05-12T15:02:23.059+0000] {standard_task_runner.py:84} INFO - Running: ['airflow', 'tasks', 'run', 'sample_etl', 'dbt_run', 'manual__2025-05-12T15:02:17.767912+00:00', '--job-id', '45', '--raw', '--subdir', 'DAGS_FOLDER/sample_etl.py', '--cfg-path', '/tmp/tmphtd683r9']
[2025-05-12T15:02:23.061+0000] {standard_task_runner.py:85} INFO - Job 45: Subtask dbt_run
[2025-05-12T15:02:23.077+0000] {logging_mixin.py:154} WARNING - /home/airflow/.local/lib/python3.8/site-packages/airflow/settings.py:195 DeprecationWarning: The sql_alchemy_conn option in [core] has been moved to the sql_alchemy_conn option in [database] - the old setting has been used, but please update your config.
[2025-05-12T15:02:23.105+0000] {task_command.py:416} INFO - Running <TaskInstance: sample_etl.dbt_run manual__2025-05-12T15:02:17.767912+00:00 [running]> on host 36c9fa25070d
[2025-05-12T15:02:23.181+0000] {taskinstance.py:1662} INFO - Exporting env vars: AIRFLOW_CTX_DAG_EMAIL='your@email.com' AIRFLOW_CTX_DAG_OWNER='airflow' AIRFLOW_CTX_DAG_ID='sample_etl' AIRFLOW_CTX_TASK_ID='dbt_run' AIRFLOW_CTX_EXECUTION_DATE='2025-05-12T15:02:17.767912+00:00' AIRFLOW_CTX_TRY_NUMBER='1' AIRFLOW_CTX_DAG_RUN_ID='manual__2025-05-12T15:02:17.767912+00:00'
[2025-05-12T15:02:23.189+0000] {subprocess.py:63} INFO - Tmp dir root location: /tmp
[2025-05-12T15:02:23.190+0000] {subprocess.py:75} INFO - Running command: ['/bin/bash', '-c', 'docker exec -i $(docker ps -qf "ancestor=ghcr.io/dbt-labs/dbt-***:1.7.4") dbt run --project-dir /usr/app']
[2025-05-12T15:02:23.197+0000] {subprocess.py:86} INFO - Output:
[2025-05-12T15:02:23.397+0000] {subprocess.py:93} INFO - Cannot connect to the Docker daemon at unix:///var/run/docker.sock. Is the docker daemon running?
[2025-05-12T15:02:23.516+0000] {subprocess.py:93} INFO - Cannot connect to the Docker daemon at unix:///var/run/docker.sock. Is the docker daemon running?
[2025-05-12T15:02:23.518+0000] {subprocess.py:97} INFO - Command exited with return code 1
[2025-05-12T15:02:23.534+0000] {taskinstance.py:1937} ERROR - Task failed with exception
Traceback (most recent call last):
  File "/home/airflow/.local/lib/python3.8/site-packages/airflow/operators/bash.py", line 210, in execute
    raise AirflowException(
airflow.exceptions.AirflowException: Bash command failed. The command returned a non-zero exit code 1.
[2025-05-12T15:02:23.538+0000] {taskinstance.py:1400} INFO - Marking task as UP_FOR_RETRY. dag_id=sample_etl, task_id=dbt_run, execution_date=20250512T150217, start_date=20250512T150223, end_date=20250512T150223
[2025-05-12T15:02:23.554+0000] {logging_mixin.py:154} WARNING - /home/airflow/.local/lib/python3.8/site-packages/airflow/utils/email.py:154 RemovedInAirflow3Warning: Fetching SMTP credentials from configuration variables will be deprecated in a future release. Please set credentials using a connection instead.
[2025-05-12T15:02:23.554+0000] {email.py:270} INFO - Email alerting: attempt 1
[2025-05-12T15:02:24.754+0000] {email.py:281} INFO - Sent an alert email to ['your@email.com']
[2025-05-12T15:02:25.934+0000] {standard_task_runner.py:104} ERROR - Failed to execute job 45 for task dbt_run (Bash command failed. The command returned a non-zero exit code 1.; 224)
[2025-05-12T15:02:25.990+0000] {local_task_job_runner.py:228} INFO - Task exited with return code 1
[2025-05-12T15:02:26.052+0000] {taskinstance.py:2778} INFO - 0 downstream tasks scheduled from follow-on schedule check
