[2025-05-14T21:47:53.813+0000] {taskinstance.py:1159} INFO - Dependencies all met for dep_context=non-requeueable deps ti=<TaskInstance: sample_etl.create_table manual__2025-05-14T21:47:48.548604+00:00 [queued]>
[2025-05-14T21:47:53.825+0000] {taskinstance.py:1159} INFO - Dependencies all met for dep_context=requeueable deps ti=<TaskInstance: sample_etl.create_table manual__2025-05-14T21:47:48.548604+00:00 [queued]>
[2025-05-14T21:47:53.828+0000] {taskinstance.py:1361} INFO - Starting attempt 1 of 3
[2025-05-14T21:47:53.846+0000] {taskinstance.py:1382} INFO - Executing <Task(PostgresOperator): create_table> on 2025-05-14 21:47:48.548604+00:00
[2025-05-14T21:47:53.853+0000] {standard_task_runner.py:57} INFO - Started process 350 to run task
[2025-05-14T21:47:53.861+0000] {standard_task_runner.py:84} INFO - Running: ['airflow', 'tasks', 'run', 'sample_etl', 'create_table', 'manual__2025-05-14T21:47:48.548604+00:00', '--job-id', '8', '--raw', '--subdir', 'DAGS_FOLDER/sample_etl.py', '--cfg-path', '/tmp/tmpvjpqkl7n']
[2025-05-14T21:47:53.864+0000] {standard_task_runner.py:85} INFO - Job 8: Subtask create_table
[2025-05-14T21:47:53.887+0000] {logging_mixin.py:154} WARNING - /home/airflow/.local/lib/python3.8/site-packages/airflow/settings.py:195 DeprecationWarning: The sql_alchemy_conn option in [core] has been moved to the sql_alchemy_conn option in [database] - the old setting has been used, but please update your config.
[2025-05-14T21:47:53.928+0000] {task_command.py:416} INFO - Running <TaskInstance: sample_etl.create_table manual__2025-05-14T21:47:48.548604+00:00 [running]> on host 6cf6e5bc95cc
[2025-05-14T21:47:54.019+0000] {taskinstance.py:1662} INFO - Exporting env vars: AIRFLOW_CTX_DAG_EMAIL='taimourabdulkarim20@gmail.com' AIRFLOW_CTX_DAG_OWNER='airflow' AIRFLOW_CTX_DAG_ID='sample_etl' AIRFLOW_CTX_TASK_ID='create_table' AIRFLOW_CTX_EXECUTION_DATE='2025-05-14T21:47:48.548604+00:00' AIRFLOW_CTX_TRY_NUMBER='1' AIRFLOW_CTX_DAG_RUN_ID='manual__2025-05-14T21:47:48.548604+00:00'
[2025-05-14T21:47:54.020+0000] {sql.py:274} INFO - Executing: 
            CREATE TABLE IF NOT EXISTS etl_stats (
                id SERIAL PRIMARY KEY,
                run_date DATE,
                doctor_count INT
            );
        
[2025-05-14T21:47:54.165+0000] {base.py:73} INFO - Using connection ID '***_default' for task execution.
[2025-05-14T21:47:54.176+0000] {base.py:73} INFO - Using connection ID '***_default' for task execution.
[2025-05-14T21:47:54.195+0000] {sql.py:418} INFO - Running statement: 
            CREATE TABLE IF NOT EXISTS etl_stats (
                id SERIAL PRIMARY KEY,
                run_date DATE,
                doctor_count INT
            );
        , parameters: None
[2025-05-14T21:47:54.223+0000] {taskinstance.py:1937} ERROR - Task failed with exception
Traceback (most recent call last):
  File "/home/airflow/.local/lib/python3.8/site-packages/airflow/providers/common/sql/operators/sql.py", line 280, in execute
    output = hook.run(
  File "/home/airflow/.local/lib/python3.8/site-packages/airflow/providers/common/sql/hooks/sql.py", line 392, in run
    self._run_command(cur, sql_statement, parameters)
  File "/home/airflow/.local/lib/python3.8/site-packages/airflow/providers/common/sql/hooks/sql.py", line 423, in _run_command
    cur.execute(sql_statement)
psycopg2.errors.UniqueViolation: duplicate key value violates unique constraint "pg_class_relname_nsp_index"
DETAIL:  Key (relname, relnamespace)=(etl_stats_id_seq, 2200) already exists.

[2025-05-14T21:47:54.245+0000] {taskinstance.py:1400} INFO - Marking task as UP_FOR_RETRY. dag_id=sample_etl, task_id=create_table, execution_date=20250514T214748, start_date=20250514T214753, end_date=20250514T214754
[2025-05-14T21:47:54.284+0000] {logging_mixin.py:154} WARNING - /home/airflow/.local/lib/python3.8/site-packages/airflow/utils/email.py:154 RemovedInAirflow3Warning: Fetching SMTP credentials from configuration variables will be deprecated in a future release. Please set credentials using a connection instead.
[2025-05-14T21:47:54.285+0000] {email.py:270} INFO - Email alerting: attempt 1
[2025-05-14T21:47:55.553+0000] {email.py:281} INFO - Sent an alert email to ['taimourabdulkarim20@gmail.com']
[2025-05-14T21:47:56.771+0000] {standard_task_runner.py:104} ERROR - Failed to execute job 8 for task create_table (duplicate key value violates unique constraint "pg_class_relname_nsp_index"
DETAIL:  Key (relname, relnamespace)=(etl_stats_id_seq, 2200) already exists.
; 350)
[2025-05-14T21:47:56.830+0000] {local_task_job_runner.py:228} INFO - Task exited with return code 1
[2025-05-14T21:47:56.896+0000] {taskinstance.py:2778} INFO - 0 downstream tasks scheduled from follow-on schedule check
