[2025-05-14T19:56:34.157+0000] {taskinstance.py:1159} INFO - Dependencies all met for dep_context=non-requeueable deps ti=<TaskInstance: sample_etl.create_table manual__2025-05-14T19:56:30.648742+00:00 [queued]>
[2025-05-14T19:56:34.164+0000] {taskinstance.py:1159} INFO - Dependencies all met for dep_context=requeueable deps ti=<TaskInstance: sample_etl.create_table manual__2025-05-14T19:56:30.648742+00:00 [queued]>
[2025-05-14T19:56:34.164+0000] {taskinstance.py:1361} INFO - Starting attempt 1 of 3
[2025-05-14T19:56:34.173+0000] {taskinstance.py:1382} INFO - Executing <Task(PostgresOperator): create_table> on 2025-05-14 19:56:30.648742+00:00
[2025-05-14T19:56:34.179+0000] {standard_task_runner.py:57} INFO - Started process 219 to run task
[2025-05-14T19:56:34.182+0000] {standard_task_runner.py:84} INFO - Running: ['airflow', 'tasks', 'run', 'sample_etl', 'create_table', 'manual__2025-05-14T19:56:30.648742+00:00', '--job-id', '160', '--raw', '--subdir', 'DAGS_FOLDER/sample_etl.py', '--cfg-path', '/tmp/tmpvasnymx7']
[2025-05-14T19:56:34.184+0000] {standard_task_runner.py:85} INFO - Job 160: Subtask create_table
[2025-05-14T19:56:34.198+0000] {logging_mixin.py:154} WARNING - /home/airflow/.local/lib/python3.8/site-packages/airflow/settings.py:195 DeprecationWarning: The sql_alchemy_conn option in [core] has been moved to the sql_alchemy_conn option in [database] - the old setting has been used, but please update your config.
[2025-05-14T19:56:34.226+0000] {task_command.py:416} INFO - Running <TaskInstance: sample_etl.create_table manual__2025-05-14T19:56:30.648742+00:00 [running]> on host 9fe39872fea7
[2025-05-14T19:56:34.294+0000] {taskinstance.py:1662} INFO - Exporting env vars: AIRFLOW_CTX_DAG_EMAIL='taimourabdulkarim20@gmail.com' AIRFLOW_CTX_DAG_OWNER='airflow' AIRFLOW_CTX_DAG_ID='sample_etl' AIRFLOW_CTX_TASK_ID='create_table' AIRFLOW_CTX_EXECUTION_DATE='2025-05-14T19:56:30.648742+00:00' AIRFLOW_CTX_TRY_NUMBER='1' AIRFLOW_CTX_DAG_RUN_ID='manual__2025-05-14T19:56:30.648742+00:00'
[2025-05-14T19:56:34.294+0000] {sql.py:274} INFO - Executing: 
            CREATE TABLE IF NOT EXISTS etl_stats (
                id SERIAL PRIMARY KEY,
                run_date DATE,
                doctor_count INT
            );
        
[2025-05-14T19:56:34.336+0000] {base.py:73} INFO - Using connection ID '***_default' for task execution.
[2025-05-14T19:56:34.343+0000] {base.py:73} INFO - Using connection ID '***_default' for task execution.
[2025-05-14T19:56:34.361+0000] {sql.py:418} INFO - Running statement: 
            CREATE TABLE IF NOT EXISTS etl_stats (
                id SERIAL PRIMARY KEY,
                run_date DATE,
                doctor_count INT
            );
        , parameters: None
[2025-05-14T19:56:34.389+0000] {taskinstance.py:1400} INFO - Marking task as SUCCESS. dag_id=sample_etl, task_id=create_table, execution_date=20250514T195630, start_date=20250514T195634, end_date=20250514T195634
[2025-05-14T19:56:34.444+0000] {local_task_job_runner.py:228} INFO - Task exited with return code 0
[2025-05-14T19:56:34.485+0000] {taskinstance.py:2778} INFO - 1 downstream tasks scheduled from follow-on schedule check
