[2025-05-15T09:29:36.376+0000] {taskinstance.py:1159} INFO - Dependencies all met for dep_context=non-requeueable deps ti=<TaskInstance: sample_etl.create_doctor_specialty_table scheduled__2025-05-14T00:00:00+00:00 [queued]>
[2025-05-15T09:29:36.384+0000] {taskinstance.py:1159} INFO - Dependencies all met for dep_context=requeueable deps ti=<TaskInstance: sample_etl.create_doctor_specialty_table scheduled__2025-05-14T00:00:00+00:00 [queued]>
[2025-05-15T09:29:36.384+0000] {taskinstance.py:1361} INFO - Starting attempt 1 of 3
[2025-05-15T09:29:36.399+0000] {taskinstance.py:1382} INFO - Executing <Task(PostgresOperator): create_doctor_specialty_table> on 2025-05-14 00:00:00+00:00
[2025-05-15T09:29:36.409+0000] {standard_task_runner.py:57} INFO - Started process 370 to run task
[2025-05-15T09:29:36.415+0000] {standard_task_runner.py:84} INFO - Running: ['airflow', 'tasks', 'run', 'sample_etl', 'create_doctor_specialty_table', 'scheduled__2025-05-14T00:00:00+00:00', '--job-id', '30', '--raw', '--subdir', 'DAGS_FOLDER/sample_etl.py', '--cfg-path', '/tmp/tmp9x505_9b']
[2025-05-15T09:29:36.418+0000] {standard_task_runner.py:85} INFO - Job 30: Subtask create_doctor_specialty_table
[2025-05-15T09:29:36.442+0000] {logging_mixin.py:154} WARNING - /home/airflow/.local/lib/python3.8/site-packages/airflow/settings.py:195 DeprecationWarning: The sql_alchemy_conn option in [core] has been moved to the sql_alchemy_conn option in [database] - the old setting has been used, but please update your config.
[2025-05-15T09:29:36.485+0000] {task_command.py:416} INFO - Running <TaskInstance: sample_etl.create_doctor_specialty_table scheduled__2025-05-14T00:00:00+00:00 [running]> on host 45eecb73d756
[2025-05-15T09:29:36.612+0000] {taskinstance.py:1662} INFO - Exporting env vars: AIRFLOW_CTX_DAG_EMAIL='taimourabdulkarim20@gmail.com' AIRFLOW_CTX_DAG_OWNER='airflow' AIRFLOW_CTX_DAG_ID='sample_etl' AIRFLOW_CTX_TASK_ID='create_doctor_specialty_table' AIRFLOW_CTX_EXECUTION_DATE='2025-05-14T00:00:00+00:00' AIRFLOW_CTX_TRY_NUMBER='1' AIRFLOW_CTX_DAG_RUN_ID='scheduled__2025-05-14T00:00:00+00:00'
[2025-05-15T09:29:36.613+0000] {sql.py:274} INFO - Executing: 
            CREATE TABLE IF NOT EXISTS doctor_specialty_counts (
                stat_date DATE,
                specialty TEXT,
                doctor_count INT,
                PRIMARY KEY (stat_date, specialty)
            );
        
[2025-05-15T09:29:36.639+0000] {base.py:73} INFO - Using connection ID '***_default' for task execution.
[2025-05-15T09:29:36.645+0000] {base.py:73} INFO - Using connection ID '***_default' for task execution.
[2025-05-15T09:29:36.655+0000] {sql.py:418} INFO - Running statement: 
            CREATE TABLE IF NOT EXISTS doctor_specialty_counts (
                stat_date DATE,
                specialty TEXT,
                doctor_count INT,
                PRIMARY KEY (stat_date, specialty)
            );
        , parameters: None
[2025-05-15T09:29:36.669+0000] {taskinstance.py:1400} INFO - Marking task as SUCCESS. dag_id=sample_etl, task_id=create_doctor_specialty_table, execution_date=20250514T000000, start_date=20250515T092936, end_date=20250515T092936
[2025-05-15T09:29:36.681+0000] {local_task_job_runner.py:228} INFO - Task exited with return code 0
[2025-05-15T09:29:36.713+0000] {taskinstance.py:2778} INFO - 1 downstream tasks scheduled from follow-on schedule check
