[2025-05-14T19:23:49.080+0000] {taskinstance.py:1159} INFO - Dependencies all met for dep_context=non-requeueable deps ti=<TaskInstance: sample_etl.aggregate_appointment_stats scheduled__2025-05-13T00:00:00+00:00 [queued]>
[2025-05-14T19:23:49.095+0000] {taskinstance.py:1159} INFO - Dependencies all met for dep_context=requeueable deps ti=<TaskInstance: sample_etl.aggregate_appointment_stats scheduled__2025-05-13T00:00:00+00:00 [queued]>
[2025-05-14T19:23:49.095+0000] {taskinstance.py:1361} INFO - Starting attempt 1 of 3
[2025-05-14T19:23:49.111+0000] {taskinstance.py:1382} INFO - Executing <Task(PostgresOperator): aggregate_appointment_stats> on 2025-05-13 00:00:00+00:00
[2025-05-14T19:23:49.121+0000] {standard_task_runner.py:57} INFO - Started process 222 to run task
[2025-05-14T19:23:49.127+0000] {standard_task_runner.py:84} INFO - Running: ['airflow', 'tasks', 'run', 'sample_etl', 'aggregate_appointment_stats', 'scheduled__2025-05-13T00:00:00+00:00', '--job-id', '101', '--raw', '--subdir', 'DAGS_FOLDER/sample_etl.py', '--cfg-path', '/tmp/tmpw09e_tvr']
[2025-05-14T19:23:49.129+0000] {standard_task_runner.py:85} INFO - Job 101: Subtask aggregate_appointment_stats
[2025-05-14T19:23:49.168+0000] {logging_mixin.py:154} WARNING - /home/airflow/.local/lib/python3.8/site-packages/airflow/settings.py:195 DeprecationWarning: The sql_alchemy_conn option in [core] has been moved to the sql_alchemy_conn option in [database] - the old setting has been used, but please update your config.
[2025-05-14T19:23:49.231+0000] {task_command.py:416} INFO - Running <TaskInstance: sample_etl.aggregate_appointment_stats scheduled__2025-05-13T00:00:00+00:00 [running]> on host 3dfadb756915
[2025-05-14T19:23:49.348+0000] {taskinstance.py:1662} INFO - Exporting env vars: AIRFLOW_CTX_DAG_EMAIL='taimourabdulkarim20@gmail.com' AIRFLOW_CTX_DAG_OWNER='airflow' AIRFLOW_CTX_DAG_ID='sample_etl' AIRFLOW_CTX_TASK_ID='aggregate_appointment_stats' AIRFLOW_CTX_EXECUTION_DATE='2025-05-13T00:00:00+00:00' AIRFLOW_CTX_TRY_NUMBER='1' AIRFLOW_CTX_DAG_RUN_ID='scheduled__2025-05-13T00:00:00+00:00'
[2025-05-14T19:23:49.348+0000] {sql.py:274} INFO - Executing: 
            INSERT INTO appointment_stats (stat_date, total_appointments, avg_appointments_per_doctor)
            SELECT
                CURRENT_DATE,
                COUNT(*),
                COUNT(*)::float / NULLIF((SELECT COUNT(*) FROM users WHERE role = 'doctor'), 0)
            FROM appointments
            WHERE appointment_date::date = CURRENT_DATE
            ON CONFLICT (stat_date) DO UPDATE
            SET
                total_appointments = EXCLUDED.total_appointments,
                avg_appointments_per_doctor = EXCLUDED.avg_appointments_per_doctor;
        
[2025-05-14T19:23:49.392+0000] {base.py:73} INFO - Using connection ID '***_default' for task execution.
[2025-05-14T19:23:49.398+0000] {base.py:73} INFO - Using connection ID '***_default' for task execution.
[2025-05-14T19:23:49.410+0000] {sql.py:418} INFO - Running statement: 
            INSERT INTO appointment_stats (stat_date, total_appointments, avg_appointments_per_doctor)
            SELECT
                CURRENT_DATE,
                COUNT(*),
                COUNT(*)::float / NULLIF((SELECT COUNT(*) FROM users WHERE role = 'doctor'), 0)
            FROM appointments
            WHERE appointment_date::date = CURRENT_DATE
            ON CONFLICT (stat_date) DO UPDATE
            SET
                total_appointments = EXCLUDED.total_appointments,
                avg_appointments_per_doctor = EXCLUDED.avg_appointments_per_doctor;
        , parameters: None
[2025-05-14T19:23:49.415+0000] {sql.py:427} INFO - Rows affected: 1
[2025-05-14T19:23:49.431+0000] {taskinstance.py:1400} INFO - Marking task as SUCCESS. dag_id=sample_etl, task_id=aggregate_appointment_stats, execution_date=20250513T000000, start_date=20250514T192349, end_date=20250514T192349
[2025-05-14T19:23:49.480+0000] {local_task_job_runner.py:228} INFO - Task exited with return code 0
[2025-05-14T19:23:49.523+0000] {taskinstance.py:2778} INFO - 1 downstream tasks scheduled from follow-on schedule check
[2025-05-14T22:13:30.470+0000] {taskinstance.py:1159} INFO - Dependencies all met for dep_context=non-requeueable deps ti=<TaskInstance: sample_etl.aggregate_appointment_stats scheduled__2025-05-13T00:00:00+00:00 [queued]>
[2025-05-14T22:13:30.478+0000] {taskinstance.py:1159} INFO - Dependencies all met for dep_context=requeueable deps ti=<TaskInstance: sample_etl.aggregate_appointment_stats scheduled__2025-05-13T00:00:00+00:00 [queued]>
[2025-05-14T22:13:30.479+0000] {taskinstance.py:1361} INFO - Starting attempt 1 of 3
[2025-05-14T22:13:30.492+0000] {taskinstance.py:1382} INFO - Executing <Task(PostgresOperator): aggregate_appointment_stats> on 2025-05-13 00:00:00+00:00
[2025-05-14T22:13:30.498+0000] {standard_task_runner.py:57} INFO - Started process 532 to run task
[2025-05-14T22:13:30.504+0000] {standard_task_runner.py:84} INFO - Running: ['airflow', 'tasks', 'run', 'sample_etl', 'aggregate_appointment_stats', 'scheduled__2025-05-13T00:00:00+00:00', '--job-id', '73', '--raw', '--subdir', 'DAGS_FOLDER/sample_etl.py', '--cfg-path', '/tmp/tmpikdu9fo2']
[2025-05-14T22:13:30.507+0000] {standard_task_runner.py:85} INFO - Job 73: Subtask aggregate_appointment_stats
[2025-05-14T22:13:30.529+0000] {logging_mixin.py:154} WARNING - /home/airflow/.local/lib/python3.8/site-packages/airflow/settings.py:195 DeprecationWarning: The sql_alchemy_conn option in [core] has been moved to the sql_alchemy_conn option in [database] - the old setting has been used, but please update your config.
[2025-05-14T22:13:30.570+0000] {task_command.py:416} INFO - Running <TaskInstance: sample_etl.aggregate_appointment_stats scheduled__2025-05-13T00:00:00+00:00 [running]> on host dd657b0ac9c8
[2025-05-14T22:13:30.651+0000] {taskinstance.py:1662} INFO - Exporting env vars: AIRFLOW_CTX_DAG_EMAIL='taimourabdulkarim20@gmail.com' AIRFLOW_CTX_DAG_OWNER='airflow' AIRFLOW_CTX_DAG_ID='sample_etl' AIRFLOW_CTX_TASK_ID='aggregate_appointment_stats' AIRFLOW_CTX_EXECUTION_DATE='2025-05-13T00:00:00+00:00' AIRFLOW_CTX_TRY_NUMBER='1' AIRFLOW_CTX_DAG_RUN_ID='scheduled__2025-05-13T00:00:00+00:00'
[2025-05-14T22:13:30.652+0000] {sql.py:274} INFO - Executing: 
            INSERT INTO appointment_stats (stat_date, total_appointments, avg_appointments_per_doctor)
            SELECT
                CURRENT_DATE,
                COUNT(*),
                COUNT(*)::float / NULLIF((SELECT COUNT(*) FROM users WHERE role = 'doctor'), 0)
            FROM appointments
            WHERE appointment_date::date = CURRENT_DATE
            ON CONFLICT (stat_date) DO UPDATE
            SET
                total_appointments = EXCLUDED.total_appointments,
                avg_appointments_per_doctor = EXCLUDED.avg_appointments_per_doctor;
        
[2025-05-14T22:13:30.677+0000] {base.py:73} INFO - Using connection ID '***_default' for task execution.
[2025-05-14T22:13:30.686+0000] {base.py:73} INFO - Using connection ID '***_default' for task execution.
[2025-05-14T22:13:30.693+0000] {sql.py:418} INFO - Running statement: 
            INSERT INTO appointment_stats (stat_date, total_appointments, avg_appointments_per_doctor)
            SELECT
                CURRENT_DATE,
                COUNT(*),
                COUNT(*)::float / NULLIF((SELECT COUNT(*) FROM users WHERE role = 'doctor'), 0)
            FROM appointments
            WHERE appointment_date::date = CURRENT_DATE
            ON CONFLICT (stat_date) DO UPDATE
            SET
                total_appointments = EXCLUDED.total_appointments,
                avg_appointments_per_doctor = EXCLUDED.avg_appointments_per_doctor;
        , parameters: None
[2025-05-14T22:13:30.695+0000] {sql.py:427} INFO - Rows affected: 1
[2025-05-14T22:13:30.706+0000] {taskinstance.py:1400} INFO - Marking task as SUCCESS. dag_id=sample_etl, task_id=aggregate_appointment_stats, execution_date=20250513T000000, start_date=20250514T221330, end_date=20250514T221330
[2025-05-14T22:13:30.729+0000] {local_task_job_runner.py:228} INFO - Task exited with return code 0
[2025-05-14T22:13:30.760+0000] {taskinstance.py:2778} INFO - 1 downstream tasks scheduled from follow-on schedule check
[2025-05-14T22:52:34.261+0000] {taskinstance.py:1159} INFO - Dependencies all met for dep_context=non-requeueable deps ti=<TaskInstance: sample_etl.aggregate_appointment_stats scheduled__2025-05-13T00:00:00+00:00 [queued]>
[2025-05-14T22:52:34.270+0000] {taskinstance.py:1159} INFO - Dependencies all met for dep_context=requeueable deps ti=<TaskInstance: sample_etl.aggregate_appointment_stats scheduled__2025-05-13T00:00:00+00:00 [queued]>
[2025-05-14T22:52:34.271+0000] {taskinstance.py:1361} INFO - Starting attempt 1 of 3
[2025-05-14T22:52:34.280+0000] {taskinstance.py:1382} INFO - Executing <Task(PostgresOperator): aggregate_appointment_stats> on 2025-05-13 00:00:00+00:00
[2025-05-14T22:52:34.284+0000] {standard_task_runner.py:57} INFO - Started process 380 to run task
[2025-05-14T22:52:34.288+0000] {standard_task_runner.py:84} INFO - Running: ['airflow', 'tasks', 'run', 'sample_etl', 'aggregate_appointment_stats', 'scheduled__2025-05-13T00:00:00+00:00', '--job-id', '33', '--raw', '--subdir', 'DAGS_FOLDER/sample_etl.py', '--cfg-path', '/tmp/tmp97x00l6d']
[2025-05-14T22:52:34.290+0000] {standard_task_runner.py:85} INFO - Job 33: Subtask aggregate_appointment_stats
[2025-05-14T22:52:34.304+0000] {logging_mixin.py:154} WARNING - /home/airflow/.local/lib/python3.8/site-packages/airflow/settings.py:195 DeprecationWarning: The sql_alchemy_conn option in [core] has been moved to the sql_alchemy_conn option in [database] - the old setting has been used, but please update your config.
[2025-05-14T22:52:34.339+0000] {task_command.py:416} INFO - Running <TaskInstance: sample_etl.aggregate_appointment_stats scheduled__2025-05-13T00:00:00+00:00 [running]> on host dff7001aa755
[2025-05-14T22:52:34.418+0000] {taskinstance.py:1662} INFO - Exporting env vars: AIRFLOW_CTX_DAG_EMAIL='taimourabdulkarim20@gmail.com' AIRFLOW_CTX_DAG_OWNER='airflow' AIRFLOW_CTX_DAG_ID='sample_etl' AIRFLOW_CTX_TASK_ID='aggregate_appointment_stats' AIRFLOW_CTX_EXECUTION_DATE='2025-05-13T00:00:00+00:00' AIRFLOW_CTX_TRY_NUMBER='1' AIRFLOW_CTX_DAG_RUN_ID='scheduled__2025-05-13T00:00:00+00:00'
[2025-05-14T22:52:34.419+0000] {sql.py:274} INFO - Executing: 
            INSERT INTO appointment_stats (stat_date, total_appointments, avg_appointments_per_doctor)
            SELECT
                CURRENT_DATE,
                COUNT(*),
                COUNT(*)::float / NULLIF((SELECT COUNT(*) FROM users WHERE role = 'doctor'), 0)
            FROM appointments
            WHERE appointment_date::date = CURRENT_DATE
            ON CONFLICT (stat_date) DO UPDATE
            SET
                total_appointments = EXCLUDED.total_appointments,
                avg_appointments_per_doctor = EXCLUDED.avg_appointments_per_doctor;
        
[2025-05-14T22:52:34.441+0000] {base.py:73} INFO - Using connection ID '***_default' for task execution.
[2025-05-14T22:52:34.445+0000] {base.py:73} INFO - Using connection ID '***_default' for task execution.
[2025-05-14T22:52:34.456+0000] {sql.py:418} INFO - Running statement: 
            INSERT INTO appointment_stats (stat_date, total_appointments, avg_appointments_per_doctor)
            SELECT
                CURRENT_DATE,
                COUNT(*),
                COUNT(*)::float / NULLIF((SELECT COUNT(*) FROM users WHERE role = 'doctor'), 0)
            FROM appointments
            WHERE appointment_date::date = CURRENT_DATE
            ON CONFLICT (stat_date) DO UPDATE
            SET
                total_appointments = EXCLUDED.total_appointments,
                avg_appointments_per_doctor = EXCLUDED.avg_appointments_per_doctor;
        , parameters: None
[2025-05-14T22:52:34.458+0000] {sql.py:427} INFO - Rows affected: 1
[2025-05-14T22:52:34.470+0000] {taskinstance.py:1400} INFO - Marking task as SUCCESS. dag_id=sample_etl, task_id=aggregate_appointment_stats, execution_date=20250513T000000, start_date=20250514T225234, end_date=20250514T225234
[2025-05-14T22:52:34.515+0000] {local_task_job_runner.py:228} INFO - Task exited with return code 0
[2025-05-14T22:52:34.554+0000] {taskinstance.py:2778} INFO - 1 downstream tasks scheduled from follow-on schedule check
