[2025-05-14T19:24:01.621+0000] {taskinstance.py:1159} INFO - Dependencies all met for dep_context=non-requeueable deps ti=<TaskInstance: sample_etl.dbt_run scheduled__2025-05-13T00:00:00+00:00 [queued]>
[2025-05-14T19:24:01.631+0000] {taskinstance.py:1159} INFO - Dependencies all met for dep_context=requeueable deps ti=<TaskInstance: sample_etl.dbt_run scheduled__2025-05-13T00:00:00+00:00 [queued]>
[2025-05-14T19:24:01.631+0000] {taskinstance.py:1361} INFO - Starting attempt 1 of 3
[2025-05-14T19:24:01.644+0000] {taskinstance.py:1382} INFO - Executing <Task(BashOperator): dbt_run> on 2025-05-13 00:00:00+00:00
[2025-05-14T19:24:01.649+0000] {standard_task_runner.py:57} INFO - Started process 237 to run task
[2025-05-14T19:24:01.653+0000] {standard_task_runner.py:84} INFO - Running: ['airflow', 'tasks', 'run', 'sample_etl', 'dbt_run', 'scheduled__2025-05-13T00:00:00+00:00', '--job-id', '108', '--raw', '--subdir', 'DAGS_FOLDER/sample_etl.py', '--cfg-path', '/tmp/tmp4hwgqu1l']
[2025-05-14T19:24:01.656+0000] {standard_task_runner.py:85} INFO - Job 108: Subtask dbt_run
[2025-05-14T19:24:01.689+0000] {logging_mixin.py:154} WARNING - /home/airflow/.local/lib/python3.8/site-packages/airflow/settings.py:195 DeprecationWarning: The sql_alchemy_conn option in [core] has been moved to the sql_alchemy_conn option in [database] - the old setting has been used, but please update your config.
[2025-05-14T19:24:01.756+0000] {task_command.py:416} INFO - Running <TaskInstance: sample_etl.dbt_run scheduled__2025-05-13T00:00:00+00:00 [running]> on host 3dfadb756915
[2025-05-14T19:24:01.998+0000] {taskinstance.py:1662} INFO - Exporting env vars: AIRFLOW_CTX_DAG_EMAIL='taimourabdulkarim20@gmail.com' AIRFLOW_CTX_DAG_OWNER='airflow' AIRFLOW_CTX_DAG_ID='sample_etl' AIRFLOW_CTX_TASK_ID='dbt_run' AIRFLOW_CTX_EXECUTION_DATE='2025-05-13T00:00:00+00:00' AIRFLOW_CTX_TRY_NUMBER='1' AIRFLOW_CTX_DAG_RUN_ID='scheduled__2025-05-13T00:00:00+00:00'
[2025-05-14T19:24:02.006+0000] {subprocess.py:63} INFO - Tmp dir root location: /tmp
[2025-05-14T19:24:02.009+0000] {subprocess.py:75} INFO - Running command: ['/bin/bash', '-c', 'docker exec -i $(docker ps -qf "ancestor=ghcr.io/dbt-labs/dbt-***:1.7.4") dbt run --project-dir /usr/app --profiles-dir /usr/app']
[2025-05-14T19:24:02.044+0000] {subprocess.py:86} INFO - Output:
[2025-05-14T19:24:06.508+0000] {subprocess.py:93} INFO - [0m19:24:06  Running with dbt=1.7.4
[2025-05-14T19:24:06.860+0000] {subprocess.py:93} INFO - [0m19:24:06  Registered adapter: ***=1.7.4
[2025-05-14T19:24:06.949+0000] {subprocess.py:93} INFO - [0m19:24:06  Found 1 model, 0 sources, 0 exposures, 0 metrics, 401 macros, 0 groups, 0 semantic models
[2025-05-14T19:24:06.953+0000] {subprocess.py:93} INFO - [0m19:24:06
[2025-05-14T19:24:07.170+0000] {subprocess.py:93} INFO - [0m19:24:07  Concurrency: 1 threads (target='dev')
[2025-05-14T19:24:07.171+0000] {subprocess.py:93} INFO - [0m19:24:07
[2025-05-14T19:24:07.183+0000] {subprocess.py:93} INFO - [0m19:24:07  1 of 1 START sql view model public.doctor_appointments ......................... [RUN]
[2025-05-14T19:24:07.318+0000] {subprocess.py:93} INFO - [0m19:24:07  1 of 1 OK created sql view model public.doctor_appointments .................... [[32mCREATE VIEW[0m in 0.13s]
[2025-05-14T19:24:07.344+0000] {subprocess.py:93} INFO - [0m19:24:07
[2025-05-14T19:24:07.345+0000] {subprocess.py:93} INFO - [0m19:24:07  Finished running 1 view model in 0 hours 0 minutes and 0.39 seconds (0.39s).
[2025-05-14T19:24:07.360+0000] {subprocess.py:93} INFO - [0m19:24:07
[2025-05-14T19:24:07.361+0000] {subprocess.py:93} INFO - [0m19:24:07  [32mCompleted successfully[0m
[2025-05-14T19:24:07.363+0000] {subprocess.py:93} INFO - [0m19:24:07
[2025-05-14T19:24:07.364+0000] {subprocess.py:93} INFO - [0m19:24:07  Done. PASS=1 WARN=0 ERROR=0 SKIP=0 TOTAL=1
[2025-05-14T19:24:08.907+0000] {subprocess.py:97} INFO - Command exited with return code 0
[2025-05-14T19:24:09.035+0000] {taskinstance.py:1400} INFO - Marking task as SUCCESS. dag_id=sample_etl, task_id=dbt_run, execution_date=20250513T000000, start_date=20250514T192401, end_date=20250514T192409
[2025-05-14T19:24:09.101+0000] {local_task_job_runner.py:228} INFO - Task exited with return code 0
[2025-05-14T19:24:09.227+0000] {taskinstance.py:2778} INFO - 1 downstream tasks scheduled from follow-on schedule check
[2025-05-14T22:13:39.681+0000] {taskinstance.py:1159} INFO - Dependencies all met for dep_context=non-requeueable deps ti=<TaskInstance: sample_etl.dbt_run scheduled__2025-05-13T00:00:00+00:00 [queued]>
[2025-05-14T22:13:39.688+0000] {taskinstance.py:1159} INFO - Dependencies all met for dep_context=requeueable deps ti=<TaskInstance: sample_etl.dbt_run scheduled__2025-05-13T00:00:00+00:00 [queued]>
[2025-05-14T22:13:39.689+0000] {taskinstance.py:1361} INFO - Starting attempt 1 of 3
[2025-05-14T22:13:39.698+0000] {taskinstance.py:1382} INFO - Executing <Task(BashOperator): dbt_run> on 2025-05-13 00:00:00+00:00
[2025-05-14T22:13:39.702+0000] {standard_task_runner.py:57} INFO - Started process 546 to run task
[2025-05-14T22:13:39.705+0000] {standard_task_runner.py:84} INFO - Running: ['airflow', 'tasks', 'run', 'sample_etl', 'dbt_run', 'scheduled__2025-05-13T00:00:00+00:00', '--job-id', '80', '--raw', '--subdir', 'DAGS_FOLDER/sample_etl.py', '--cfg-path', '/tmp/tmplabzwpmi']
[2025-05-14T22:13:39.707+0000] {standard_task_runner.py:85} INFO - Job 80: Subtask dbt_run
[2025-05-14T22:13:39.722+0000] {logging_mixin.py:154} WARNING - /home/airflow/.local/lib/python3.8/site-packages/airflow/settings.py:195 DeprecationWarning: The sql_alchemy_conn option in [core] has been moved to the sql_alchemy_conn option in [database] - the old setting has been used, but please update your config.
[2025-05-14T22:13:39.761+0000] {task_command.py:416} INFO - Running <TaskInstance: sample_etl.dbt_run scheduled__2025-05-13T00:00:00+00:00 [running]> on host dd657b0ac9c8
[2025-05-14T22:13:39.829+0000] {taskinstance.py:1662} INFO - Exporting env vars: AIRFLOW_CTX_DAG_EMAIL='taimourabdulkarim20@gmail.com' AIRFLOW_CTX_DAG_OWNER='airflow' AIRFLOW_CTX_DAG_ID='sample_etl' AIRFLOW_CTX_TASK_ID='dbt_run' AIRFLOW_CTX_EXECUTION_DATE='2025-05-13T00:00:00+00:00' AIRFLOW_CTX_TRY_NUMBER='1' AIRFLOW_CTX_DAG_RUN_ID='scheduled__2025-05-13T00:00:00+00:00'
[2025-05-14T22:13:39.831+0000] {subprocess.py:63} INFO - Tmp dir root location: /tmp
[2025-05-14T22:13:39.833+0000] {subprocess.py:75} INFO - Running command: ['/bin/bash', '-c', 'docker exec -i $(docker ps -qf "ancestor=ghcr.io/dbt-labs/dbt-***:1.7.4") dbt run --project-dir /usr/app --profiles-dir /usr/app']
[2025-05-14T22:13:39.842+0000] {subprocess.py:86} INFO - Output:
[2025-05-14T22:13:43.620+0000] {subprocess.py:93} INFO - [0m22:13:43  Running with dbt=1.7.4
[2025-05-14T22:13:44.195+0000] {subprocess.py:93} INFO - [0m22:13:44  Registered adapter: ***=1.7.4
[2025-05-14T22:13:44.311+0000] {subprocess.py:93} INFO - [0m22:13:44  Found 1 model, 0 sources, 0 exposures, 0 metrics, 401 macros, 0 groups, 0 semantic models
[2025-05-14T22:13:44.317+0000] {subprocess.py:93} INFO - [0m22:13:44
[2025-05-14T22:13:44.641+0000] {subprocess.py:93} INFO - [0m22:13:44  Concurrency: 1 threads (target='dev')
[2025-05-14T22:13:44.643+0000] {subprocess.py:93} INFO - [0m22:13:44
[2025-05-14T22:13:44.652+0000] {subprocess.py:93} INFO - [0m22:13:44  1 of 1 START sql view model public.doctor_appointments ......................... [RUN]
[2025-05-14T22:13:44.843+0000] {subprocess.py:93} INFO - [0m22:13:44  1 of 1 OK created sql view model public.doctor_appointments .................... [[32mCREATE VIEW[0m in 0.19s]
[2025-05-14T22:13:44.875+0000] {subprocess.py:93} INFO - [0m22:13:44
[2025-05-14T22:13:44.876+0000] {subprocess.py:93} INFO - [0m22:13:44  Finished running 1 view model in 0 hours 0 minutes and 0.56 seconds (0.56s).
[2025-05-14T22:13:44.891+0000] {subprocess.py:93} INFO - [0m22:13:44
[2025-05-14T22:13:44.892+0000] {subprocess.py:93} INFO - [0m22:13:44  [32mCompleted successfully[0m
[2025-05-14T22:13:44.892+0000] {subprocess.py:93} INFO - [0m22:13:44
[2025-05-14T22:13:44.893+0000] {subprocess.py:93} INFO - [0m22:13:44  Done. PASS=1 WARN=0 ERROR=0 SKIP=0 TOTAL=1
[2025-05-14T22:13:46.528+0000] {subprocess.py:97} INFO - Command exited with return code 0
[2025-05-14T22:13:46.623+0000] {taskinstance.py:1400} INFO - Marking task as SUCCESS. dag_id=sample_etl, task_id=dbt_run, execution_date=20250513T000000, start_date=20250514T221339, end_date=20250514T221346
[2025-05-14T22:13:46.664+0000] {local_task_job_runner.py:228} INFO - Task exited with return code 0
[2025-05-14T22:13:46.717+0000] {taskinstance.py:2778} INFO - 1 downstream tasks scheduled from follow-on schedule check
[2025-05-14T22:52:43.172+0000] {taskinstance.py:1159} INFO - Dependencies all met for dep_context=non-requeueable deps ti=<TaskInstance: sample_etl.dbt_run scheduled__2025-05-13T00:00:00+00:00 [queued]>
[2025-05-14T22:52:43.181+0000] {taskinstance.py:1159} INFO - Dependencies all met for dep_context=requeueable deps ti=<TaskInstance: sample_etl.dbt_run scheduled__2025-05-13T00:00:00+00:00 [queued]>
[2025-05-14T22:52:43.181+0000] {taskinstance.py:1361} INFO - Starting attempt 1 of 3
[2025-05-14T22:52:43.193+0000] {taskinstance.py:1382} INFO - Executing <Task(BashOperator): dbt_run> on 2025-05-13 00:00:00+00:00
[2025-05-14T22:52:43.197+0000] {standard_task_runner.py:57} INFO - Started process 394 to run task
[2025-05-14T22:52:43.202+0000] {standard_task_runner.py:84} INFO - Running: ['airflow', 'tasks', 'run', 'sample_etl', 'dbt_run', 'scheduled__2025-05-13T00:00:00+00:00', '--job-id', '40', '--raw', '--subdir', 'DAGS_FOLDER/sample_etl.py', '--cfg-path', '/tmp/tmp3s49htwo']
[2025-05-14T22:52:43.207+0000] {standard_task_runner.py:85} INFO - Job 40: Subtask dbt_run
[2025-05-14T22:52:43.225+0000] {logging_mixin.py:154} WARNING - /home/airflow/.local/lib/python3.8/site-packages/airflow/settings.py:195 DeprecationWarning: The sql_alchemy_conn option in [core] has been moved to the sql_alchemy_conn option in [database] - the old setting has been used, but please update your config.
[2025-05-14T22:52:43.268+0000] {task_command.py:416} INFO - Running <TaskInstance: sample_etl.dbt_run scheduled__2025-05-13T00:00:00+00:00 [running]> on host dff7001aa755
[2025-05-14T22:52:43.338+0000] {taskinstance.py:1662} INFO - Exporting env vars: AIRFLOW_CTX_DAG_EMAIL='taimourabdulkarim20@gmail.com' AIRFLOW_CTX_DAG_OWNER='airflow' AIRFLOW_CTX_DAG_ID='sample_etl' AIRFLOW_CTX_TASK_ID='dbt_run' AIRFLOW_CTX_EXECUTION_DATE='2025-05-13T00:00:00+00:00' AIRFLOW_CTX_TRY_NUMBER='1' AIRFLOW_CTX_DAG_RUN_ID='scheduled__2025-05-13T00:00:00+00:00'
[2025-05-14T22:52:43.341+0000] {subprocess.py:63} INFO - Tmp dir root location: /tmp
[2025-05-14T22:52:43.343+0000] {subprocess.py:75} INFO - Running command: ['/bin/bash', '-c', 'docker exec -i $(docker ps -qf "ancestor=ghcr.io/dbt-labs/dbt-***:1.7.4") dbt run --project-dir /usr/app --profiles-dir /usr/app']
[2025-05-14T22:52:43.359+0000] {subprocess.py:86} INFO - Output:
[2025-05-14T22:52:46.657+0000] {subprocess.py:93} INFO - [0m22:52:46  Running with dbt=1.7.4
[2025-05-14T22:52:47.071+0000] {subprocess.py:93} INFO - [0m22:52:47  Registered adapter: ***=1.7.4
[2025-05-14T22:52:47.186+0000] {subprocess.py:93} INFO - [0m22:52:47  Found 1 model, 0 sources, 0 exposures, 0 metrics, 401 macros, 0 groups, 0 semantic models
[2025-05-14T22:52:47.188+0000] {subprocess.py:93} INFO - [0m22:52:47
[2025-05-14T22:52:47.401+0000] {subprocess.py:93} INFO - [0m22:52:47  Concurrency: 1 threads (target='dev')
[2025-05-14T22:52:47.402+0000] {subprocess.py:93} INFO - [0m22:52:47
[2025-05-14T22:52:47.407+0000] {subprocess.py:93} INFO - [0m22:52:47  1 of 1 START sql view model public.doctor_appointments ......................... [RUN]
[2025-05-14T22:52:47.525+0000] {subprocess.py:93} INFO - [0m22:52:47  1 of 1 OK created sql view model public.doctor_appointments .................... [[32mCREATE VIEW[0m in 0.12s]
[2025-05-14T22:52:47.540+0000] {subprocess.py:93} INFO - [0m22:52:47
[2025-05-14T22:52:47.541+0000] {subprocess.py:93} INFO - [0m22:52:47  Finished running 1 view model in 0 hours 0 minutes and 0.35 seconds (0.35s).
[2025-05-14T22:52:47.554+0000] {subprocess.py:93} INFO - [0m22:52:47
[2025-05-14T22:52:47.555+0000] {subprocess.py:93} INFO - [0m22:52:47  [32mCompleted successfully[0m
[2025-05-14T22:52:47.556+0000] {subprocess.py:93} INFO - [0m22:52:47
[2025-05-14T22:52:47.556+0000] {subprocess.py:93} INFO - [0m22:52:47  Done. PASS=1 WARN=0 ERROR=0 SKIP=0 TOTAL=1
[2025-05-14T22:52:49.070+0000] {subprocess.py:97} INFO - Command exited with return code 0
[2025-05-14T22:52:49.167+0000] {taskinstance.py:1400} INFO - Marking task as SUCCESS. dag_id=sample_etl, task_id=dbt_run, execution_date=20250513T000000, start_date=20250514T225243, end_date=20250514T225249
[2025-05-14T22:52:49.209+0000] {local_task_job_runner.py:228} INFO - Task exited with return code 0
[2025-05-14T22:52:49.247+0000] {taskinstance.py:2778} INFO - 1 downstream tasks scheduled from follow-on schedule check
