[2025-05-14T19:49:11.617+0000] {taskinstance.py:1159} INFO - Dependencies all met for dep_context=non-requeueable deps ti=<TaskInstance: sample_etl.aggregate_department_doctor_counts manual__2025-05-14T19:48:54.821631+00:00 [queued]>
[2025-05-14T19:49:11.630+0000] {taskinstance.py:1159} INFO - Dependencies all met for dep_context=requeueable deps ti=<TaskInstance: sample_etl.aggregate_department_doctor_counts manual__2025-05-14T19:48:54.821631+00:00 [queued]>
[2025-05-14T19:49:11.630+0000] {taskinstance.py:1361} INFO - Starting attempt 1 of 3
[2025-05-14T19:49:11.642+0000] {taskinstance.py:1382} INFO - Executing <Task(PostgresOperator): aggregate_department_doctor_counts> on 2025-05-14 19:48:54.821631+00:00
[2025-05-14T19:49:11.647+0000] {standard_task_runner.py:57} INFO - Started process 254 to run task
[2025-05-14T19:49:11.651+0000] {standard_task_runner.py:84} INFO - Running: ['airflow', 'tasks', 'run', 'sample_etl', 'aggregate_department_doctor_counts', 'manual__2025-05-14T19:48:54.821631+00:00', '--job-id', '149', '--raw', '--subdir', 'DAGS_FOLDER/sample_etl.py', '--cfg-path', '/tmp/tmpdfabktn1']
[2025-05-14T19:49:11.654+0000] {standard_task_runner.py:85} INFO - Job 149: Subtask aggregate_department_doctor_counts
[2025-05-14T19:49:11.671+0000] {logging_mixin.py:154} WARNING - /home/airflow/.local/lib/python3.8/site-packages/airflow/settings.py:195 DeprecationWarning: The sql_alchemy_conn option in [core] has been moved to the sql_alchemy_conn option in [database] - the old setting has been used, but please update your config.
[2025-05-14T19:49:11.702+0000] {task_command.py:416} INFO - Running <TaskInstance: sample_etl.aggregate_department_doctor_counts manual__2025-05-14T19:48:54.821631+00:00 [running]> on host 6e6caaaae917
[2025-05-14T19:49:11.770+0000] {taskinstance.py:1662} INFO - Exporting env vars: AIRFLOW_CTX_DAG_EMAIL='taimourabdulkarim20@gmail.com' AIRFLOW_CTX_DAG_OWNER='airflow' AIRFLOW_CTX_DAG_ID='sample_etl' AIRFLOW_CTX_TASK_ID='aggregate_department_doctor_counts' AIRFLOW_CTX_EXECUTION_DATE='2025-05-14T19:48:54.821631+00:00' AIRFLOW_CTX_TRY_NUMBER='1' AIRFLOW_CTX_DAG_RUN_ID='manual__2025-05-14T19:48:54.821631+00:00'
[2025-05-14T19:49:11.771+0000] {sql.py:274} INFO - Executing: 
            INSERT INTO department_doctor_counts (stat_date, department_id, doctor_count)
            SELECT
                CURRENT_DATE,
                department_id,
                COUNT(*)
            FROM doctors
            GROUP BY department_id
            ON CONFLICT (stat_date, department_id) DO UPDATE
            SET doctor_count = EXCLUDED.doctor_count;
        
[2025-05-14T19:49:11.790+0000] {base.py:73} INFO - Using connection ID '***_default' for task execution.
[2025-05-14T19:49:11.794+0000] {base.py:73} INFO - Using connection ID '***_default' for task execution.
[2025-05-14T19:49:11.803+0000] {sql.py:418} INFO - Running statement: 
            INSERT INTO department_doctor_counts (stat_date, department_id, doctor_count)
            SELECT
                CURRENT_DATE,
                department_id,
                COUNT(*)
            FROM doctors
            GROUP BY department_id
            ON CONFLICT (stat_date, department_id) DO UPDATE
            SET doctor_count = EXCLUDED.doctor_count;
        , parameters: None
[2025-05-14T19:49:11.806+0000] {sql.py:427} INFO - Rows affected: 15
[2025-05-14T19:49:11.817+0000] {taskinstance.py:1400} INFO - Marking task as SUCCESS. dag_id=sample_etl, task_id=aggregate_department_doctor_counts, execution_date=20250514T194854, start_date=20250514T194911, end_date=20250514T194911
[2025-05-14T19:49:11.840+0000] {local_task_job_runner.py:228} INFO - Task exited with return code 0
[2025-05-14T19:49:11.865+0000] {taskinstance.py:2778} INFO - 1 downstream tasks scheduled from follow-on schedule check
