[2025-05-12T15:26:35.514+0000] {taskinstance.py:1159} INFO - Dependencies all met for dep_context=non-requeueable deps ti=<TaskInstance: sample_etl.dbt_run manual__2025-05-12T15:21:44.959527+00:00 [queued]>
[2025-05-12T15:26:35.533+0000] {taskinstance.py:1159} INFO - Dependencies all met for dep_context=requeueable deps ti=<TaskInstance: sample_etl.dbt_run manual__2025-05-12T15:21:44.959527+00:00 [queued]>
[2025-05-12T15:26:35.534+0000] {taskinstance.py:1361} INFO - Starting attempt 1 of 3
[2025-05-12T15:26:35.555+0000] {taskinstance.py:1382} INFO - Executing <Task(BashOperator): dbt_run> on 2025-05-12 15:21:44.959527+00:00
[2025-05-12T15:26:35.560+0000] {standard_task_runner.py:57} INFO - Started process 255 to run task
[2025-05-12T15:26:35.564+0000] {standard_task_runner.py:84} INFO - Running: ['airflow', 'tasks', 'run', 'sample_etl', 'dbt_run', 'manual__2025-05-12T15:21:44.959527+00:00', '--job-id', '86', '--raw', '--subdir', 'DAGS_FOLDER/sample_etl.py', '--cfg-path', '/tmp/tmp9pblo40o']
[2025-05-12T15:26:35.566+0000] {standard_task_runner.py:85} INFO - Job 86: Subtask dbt_run
[2025-05-12T15:26:35.586+0000] {logging_mixin.py:154} WARNING - /home/airflow/.local/lib/python3.8/site-packages/airflow/settings.py:195 DeprecationWarning: The sql_alchemy_conn option in [core] has been moved to the sql_alchemy_conn option in [database] - the old setting has been used, but please update your config.
[2025-05-12T15:26:35.619+0000] {task_command.py:416} INFO - Running <TaskInstance: sample_etl.dbt_run manual__2025-05-12T15:21:44.959527+00:00 [running]> on host a601936fee7b
[2025-05-12T15:26:35.694+0000] {taskinstance.py:1662} INFO - Exporting env vars: AIRFLOW_CTX_DAG_EMAIL='taimourabdulkarim20@gmail.com' AIRFLOW_CTX_DAG_OWNER='airflow' AIRFLOW_CTX_DAG_ID='sample_etl' AIRFLOW_CTX_TASK_ID='dbt_run' AIRFLOW_CTX_EXECUTION_DATE='2025-05-12T15:21:44.959527+00:00' AIRFLOW_CTX_TRY_NUMBER='1' AIRFLOW_CTX_DAG_RUN_ID='manual__2025-05-12T15:21:44.959527+00:00'
[2025-05-12T15:26:35.701+0000] {subprocess.py:63} INFO - Tmp dir root location: /tmp
[2025-05-12T15:26:35.702+0000] {subprocess.py:75} INFO - Running command: ['/bin/bash', '-c', 'docker exec -i $(docker ps -qf "ancestor=ghcr.io/dbt-labs/dbt-***:1.7.4") dbt run --project-dir /usr/app --profiles-dir /usr/app']
[2025-05-12T15:26:35.710+0000] {subprocess.py:86} INFO - Output:
[2025-05-12T15:26:39.232+0000] {subprocess.py:93} INFO - [0m15:26:39  Running with dbt=1.7.4
[2025-05-12T15:26:39.532+0000] {subprocess.py:93} INFO - [0m15:26:39  Registered adapter: ***=1.7.4
[2025-05-12T15:26:39.612+0000] {subprocess.py:93} INFO - [0m15:26:39  Found 1 model, 0 sources, 0 exposures, 0 metrics, 401 macros, 0 groups, 0 semantic models
[2025-05-12T15:26:39.616+0000] {subprocess.py:93} INFO - [0m15:26:39
[2025-05-12T15:26:39.811+0000] {subprocess.py:93} INFO - [0m15:26:39  Concurrency: 1 threads (target='dev')
[2025-05-12T15:26:39.811+0000] {subprocess.py:93} INFO - [0m15:26:39
[2025-05-12T15:26:39.821+0000] {subprocess.py:93} INFO - [0m15:26:39  1 of 1 START sql view model public.doctor_appointments ......................... [RUN]
[2025-05-12T15:26:39.930+0000] {subprocess.py:93} INFO - [0m15:26:39  1 of 1 OK created sql view model public.doctor_appointments .................... [[32mCREATE VIEW[0m in 0.11s]
[2025-05-12T15:26:39.944+0000] {subprocess.py:93} INFO - [0m15:26:39
[2025-05-12T15:26:39.945+0000] {subprocess.py:93} INFO - [0m15:26:39  Finished running 1 view model in 0 hours 0 minutes and 0.33 seconds (0.33s).
[2025-05-12T15:26:39.953+0000] {subprocess.py:93} INFO - [0m15:26:39
[2025-05-12T15:26:39.954+0000] {subprocess.py:93} INFO - [0m15:26:39  [32mCompleted successfully[0m
[2025-05-12T15:26:39.955+0000] {subprocess.py:93} INFO - [0m15:26:39
[2025-05-12T15:26:39.955+0000] {subprocess.py:93} INFO - [0m15:26:39  Done. PASS=1 WARN=0 ERROR=0 SKIP=0 TOTAL=1
[2025-05-12T15:26:41.703+0000] {subprocess.py:97} INFO - Command exited with return code 0
[2025-05-12T15:26:41.782+0000] {taskinstance.py:1400} INFO - Marking task as SUCCESS. dag_id=sample_etl, task_id=dbt_run, execution_date=20250512T152144, start_date=20250512T152635, end_date=20250512T152641
[2025-05-12T15:26:41.815+0000] {local_task_job_runner.py:228} INFO - Task exited with return code 0
[2025-05-12T15:26:41.850+0000] {taskinstance.py:2778} INFO - 1 downstream tasks scheduled from follow-on schedule check
