[2025-05-15T09:24:34.467+0000] {taskinstance.py:1159} INFO - Dependencies all met for dep_context=non-requeueable deps ti=<TaskInstance: sample_etl.aggregate_doctor_specialty manual__2025-05-15T09:24:23.032555+00:00 [queued]>
[2025-05-15T09:24:34.476+0000] {taskinstance.py:1159} INFO - Dependencies all met for dep_context=requeueable deps ti=<TaskInstance: sample_etl.aggregate_doctor_specialty manual__2025-05-15T09:24:23.032555+00:00 [queued]>
[2025-05-15T09:24:34.476+0000] {taskinstance.py:1361} INFO - Starting attempt 1 of 3
[2025-05-15T09:24:34.492+0000] {taskinstance.py:1382} INFO - Executing <Task(PostgresOperator): aggregate_doctor_specialty> on 2025-05-15 09:24:23.032555+00:00
[2025-05-15T09:24:34.497+0000] {standard_task_runner.py:57} INFO - Started process 250 to run task
[2025-05-15T09:24:34.501+0000] {standard_task_runner.py:84} INFO - Running: ['airflow', 'tasks', 'run', 'sample_etl', 'aggregate_doctor_specialty', 'manual__2025-05-15T09:24:23.032555+00:00', '--job-id', '15', '--raw', '--subdir', 'DAGS_FOLDER/sample_etl.py', '--cfg-path', '/tmp/tmpl3n_d_7a']
[2025-05-15T09:24:34.505+0000] {standard_task_runner.py:85} INFO - Job 15: Subtask aggregate_doctor_specialty
[2025-05-15T09:24:34.525+0000] {logging_mixin.py:154} WARNING - /home/airflow/.local/lib/python3.8/site-packages/airflow/settings.py:195 DeprecationWarning: The sql_alchemy_conn option in [core] has been moved to the sql_alchemy_conn option in [database] - the old setting has been used, but please update your config.
[2025-05-15T09:24:34.568+0000] {task_command.py:416} INFO - Running <TaskInstance: sample_etl.aggregate_doctor_specialty manual__2025-05-15T09:24:23.032555+00:00 [running]> on host 45eecb73d756
[2025-05-15T09:24:34.656+0000] {taskinstance.py:1662} INFO - Exporting env vars: AIRFLOW_CTX_DAG_EMAIL='taimourabdulkarim20@gmail.com' AIRFLOW_CTX_DAG_OWNER='airflow' AIRFLOW_CTX_DAG_ID='sample_etl' AIRFLOW_CTX_TASK_ID='aggregate_doctor_specialty' AIRFLOW_CTX_EXECUTION_DATE='2025-05-15T09:24:23.032555+00:00' AIRFLOW_CTX_TRY_NUMBER='1' AIRFLOW_CTX_DAG_RUN_ID='manual__2025-05-15T09:24:23.032555+00:00'
[2025-05-15T09:24:34.657+0000] {sql.py:274} INFO - Executing: 
            INSERT INTO doctor_specialty_counts (stat_date, specialty, doctor_count)
            SELECT
                CURRENT_DATE,
                specialty,
                COUNT(*)
            FROM doctors
            GROUP BY specialty
            ON CONFLICT (stat_date, specialty) DO UPDATE
            SET doctor_count = EXCLUDED.doctor_count;
        
[2025-05-15T09:24:34.684+0000] {base.py:73} INFO - Using connection ID '***_default' for task execution.
[2025-05-15T09:24:34.689+0000] {base.py:73} INFO - Using connection ID '***_default' for task execution.
[2025-05-15T09:24:34.698+0000] {sql.py:418} INFO - Running statement: 
            INSERT INTO doctor_specialty_counts (stat_date, specialty, doctor_count)
            SELECT
                CURRENT_DATE,
                specialty,
                COUNT(*)
            FROM doctors
            GROUP BY specialty
            ON CONFLICT (stat_date, specialty) DO UPDATE
            SET doctor_count = EXCLUDED.doctor_count;
        , parameters: None
[2025-05-15T09:24:34.700+0000] {sql.py:427} INFO - Rows affected: 5
[2025-05-15T09:24:34.711+0000] {taskinstance.py:1400} INFO - Marking task as SUCCESS. dag_id=sample_etl, task_id=aggregate_doctor_specialty, execution_date=20250515T092423, start_date=20250515T092434, end_date=20250515T092434
[2025-05-15T09:24:34.767+0000] {local_task_job_runner.py:228} INFO - Task exited with return code 0
[2025-05-15T09:24:34.799+0000] {taskinstance.py:2778} INFO - 1 downstream tasks scheduled from follow-on schedule check
