[2025-05-14T22:12:03.830+0000] {taskinstance.py:1159} INFO - Dependencies all met for dep_context=non-requeueable deps ti=<TaskInstance: sample_etl.create_hospital_stats_table manual__2025-05-14T22:11:47.884245+00:00 [queued]>
[2025-05-14T22:12:03.841+0000] {taskinstance.py:1159} INFO - Dependencies all met for dep_context=requeueable deps ti=<TaskInstance: sample_etl.create_hospital_stats_table manual__2025-05-14T22:11:47.884245+00:00 [queued]>
[2025-05-14T22:12:03.841+0000] {taskinstance.py:1361} INFO - Starting attempt 1 of 3
[2025-05-14T22:12:03.851+0000] {taskinstance.py:1382} INFO - Executing <Task(PostgresOperator): create_hospital_stats_table> on 2025-05-14 22:11:47.884245+00:00
[2025-05-14T22:12:03.858+0000] {standard_task_runner.py:57} INFO - Started process 447 to run task
[2025-05-14T22:12:03.860+0000] {standard_task_runner.py:84} INFO - Running: ['airflow', 'tasks', 'run', 'sample_etl', 'create_hospital_stats_table', 'manual__2025-05-14T22:11:47.884245+00:00', '--job-id', '58', '--raw', '--subdir', 'DAGS_FOLDER/sample_etl.py', '--cfg-path', '/tmp/tmptzp3wv7f']
[2025-05-14T22:12:03.862+0000] {standard_task_runner.py:85} INFO - Job 58: Subtask create_hospital_stats_table
[2025-05-14T22:12:03.878+0000] {logging_mixin.py:154} WARNING - /home/airflow/.local/lib/python3.8/site-packages/airflow/settings.py:195 DeprecationWarning: The sql_alchemy_conn option in [core] has been moved to the sql_alchemy_conn option in [database] - the old setting has been used, but please update your config.
[2025-05-14T22:12:03.912+0000] {task_command.py:416} INFO - Running <TaskInstance: sample_etl.create_hospital_stats_table manual__2025-05-14T22:11:47.884245+00:00 [running]> on host dd657b0ac9c8
[2025-05-14T22:12:03.992+0000] {taskinstance.py:1662} INFO - Exporting env vars: AIRFLOW_CTX_DAG_EMAIL='taimourabdulkarim20@gmail.com' AIRFLOW_CTX_DAG_OWNER='airflow' AIRFLOW_CTX_DAG_ID='sample_etl' AIRFLOW_CTX_TASK_ID='create_hospital_stats_table' AIRFLOW_CTX_EXECUTION_DATE='2025-05-14T22:11:47.884245+00:00' AIRFLOW_CTX_TRY_NUMBER='1' AIRFLOW_CTX_DAG_RUN_ID='manual__2025-05-14T22:11:47.884245+00:00'
[2025-05-14T22:12:03.993+0000] {sql.py:274} INFO - Executing: 
            CREATE TABLE IF NOT EXISTS hospital_stats (
                stat_date DATE PRIMARY KEY,
                total_hospitals INT,
                total_departments INT
            );
        
[2025-05-14T22:12:04.013+0000] {base.py:73} INFO - Using connection ID '***_default' for task execution.
[2025-05-14T22:12:04.018+0000] {base.py:73} INFO - Using connection ID '***_default' for task execution.
[2025-05-14T22:12:04.026+0000] {sql.py:418} INFO - Running statement: 
            CREATE TABLE IF NOT EXISTS hospital_stats (
                stat_date DATE PRIMARY KEY,
                total_hospitals INT,
                total_departments INT
            );
        , parameters: None
[2025-05-14T22:12:04.038+0000] {taskinstance.py:1400} INFO - Marking task as SUCCESS. dag_id=sample_etl, task_id=create_hospital_stats_table, execution_date=20250514T221147, start_date=20250514T221203, end_date=20250514T221204
[2025-05-14T22:12:04.088+0000] {local_task_job_runner.py:228} INFO - Task exited with return code 0
[2025-05-14T22:12:04.127+0000] {taskinstance.py:2778} INFO - 1 downstream tasks scheduled from follow-on schedule check
