[2025-05-14T22:11:58.782+0000] {taskinstance.py:1159} INFO - Dependencies all met for dep_context=non-requeueable deps ti=<TaskInstance: sample_etl.create_appointment_stats_table manual__2025-05-14T22:11:47.884245+00:00 [queued]>
[2025-05-14T22:11:58.790+0000] {taskinstance.py:1159} INFO - Dependencies all met for dep_context=requeueable deps ti=<TaskInstance: sample_etl.create_appointment_stats_table manual__2025-05-14T22:11:47.884245+00:00 [queued]>
[2025-05-14T22:11:58.790+0000] {taskinstance.py:1361} INFO - Starting attempt 1 of 3
[2025-05-14T22:11:58.800+0000] {taskinstance.py:1382} INFO - Executing <Task(PostgresOperator): create_appointment_stats_table> on 2025-05-14 22:11:47.884245+00:00
[2025-05-14T22:11:58.803+0000] {standard_task_runner.py:57} INFO - Started process 439 to run task
[2025-05-14T22:11:58.810+0000] {standard_task_runner.py:84} INFO - Running: ['airflow', 'tasks', 'run', 'sample_etl', 'create_appointment_stats_table', 'manual__2025-05-14T22:11:47.884245+00:00', '--job-id', '54', '--raw', '--subdir', 'DAGS_FOLDER/sample_etl.py', '--cfg-path', '/tmp/tmp6h4105uj']
[2025-05-14T22:11:58.813+0000] {standard_task_runner.py:85} INFO - Job 54: Subtask create_appointment_stats_table
[2025-05-14T22:11:58.831+0000] {logging_mixin.py:154} WARNING - /home/airflow/.local/lib/python3.8/site-packages/airflow/settings.py:195 DeprecationWarning: The sql_alchemy_conn option in [core] has been moved to the sql_alchemy_conn option in [database] - the old setting has been used, but please update your config.
[2025-05-14T22:11:58.871+0000] {task_command.py:416} INFO - Running <TaskInstance: sample_etl.create_appointment_stats_table manual__2025-05-14T22:11:47.884245+00:00 [running]> on host dd657b0ac9c8
[2025-05-14T22:11:58.958+0000] {taskinstance.py:1662} INFO - Exporting env vars: AIRFLOW_CTX_DAG_EMAIL='taimourabdulkarim20@gmail.com' AIRFLOW_CTX_DAG_OWNER='airflow' AIRFLOW_CTX_DAG_ID='sample_etl' AIRFLOW_CTX_TASK_ID='create_appointment_stats_table' AIRFLOW_CTX_EXECUTION_DATE='2025-05-14T22:11:47.884245+00:00' AIRFLOW_CTX_TRY_NUMBER='1' AIRFLOW_CTX_DAG_RUN_ID='manual__2025-05-14T22:11:47.884245+00:00'
[2025-05-14T22:11:58.959+0000] {sql.py:274} INFO - Executing: 
            CREATE TABLE IF NOT EXISTS appointment_stats (
                stat_date DATE PRIMARY KEY,
                total_appointments INT,
                avg_appointments_per_doctor FLOAT
            );
        
[2025-05-14T22:11:58.980+0000] {base.py:73} INFO - Using connection ID '***_default' for task execution.
[2025-05-14T22:11:58.988+0000] {base.py:73} INFO - Using connection ID '***_default' for task execution.
[2025-05-14T22:11:58.995+0000] {sql.py:418} INFO - Running statement: 
            CREATE TABLE IF NOT EXISTS appointment_stats (
                stat_date DATE PRIMARY KEY,
                total_appointments INT,
                avg_appointments_per_doctor FLOAT
            );
        , parameters: None
[2025-05-14T22:11:59.006+0000] {taskinstance.py:1400} INFO - Marking task as SUCCESS. dag_id=sample_etl, task_id=create_appointment_stats_table, execution_date=20250514T221147, start_date=20250514T221158, end_date=20250514T221159
[2025-05-14T22:11:59.034+0000] {local_task_job_runner.py:228} INFO - Task exited with return code 0
[2025-05-14T22:11:59.066+0000] {taskinstance.py:2778} INFO - 1 downstream tasks scheduled from follow-on schedule check
