[2025-05-14T19:25:06.344+0000] {taskinstance.py:1159} INFO - Dependencies all met for dep_context=non-requeueable deps ti=<TaskInstance: sample_etl.create_doctor_specialty_table manual__2025-05-14T19:24:59.580405+00:00 [queued]>
[2025-05-14T19:25:06.352+0000] {taskinstance.py:1159} INFO - Dependencies all met for dep_context=requeueable deps ti=<TaskInstance: sample_etl.create_doctor_specialty_table manual__2025-05-14T19:24:59.580405+00:00 [queued]>
[2025-05-14T19:25:06.352+0000] {taskinstance.py:1361} INFO - Starting attempt 1 of 3
[2025-05-14T19:25:06.376+0000] {taskinstance.py:1382} INFO - Executing <Task(PostgresOperator): create_doctor_specialty_table> on 2025-05-14 19:24:59.580405+00:00
[2025-05-14T19:25:06.380+0000] {standard_task_runner.py:57} INFO - Started process 317 to run task
[2025-05-14T19:25:06.384+0000] {standard_task_runner.py:84} INFO - Running: ['airflow', 'tasks', 'run', 'sample_etl', 'create_doctor_specialty_table', 'manual__2025-05-14T19:24:59.580405+00:00', '--job-id', '118', '--raw', '--subdir', 'DAGS_FOLDER/sample_etl.py', '--cfg-path', '/tmp/tmpxri1mtcm']
[2025-05-14T19:25:06.386+0000] {standard_task_runner.py:85} INFO - Job 118: Subtask create_doctor_specialty_table
[2025-05-14T19:25:06.400+0000] {logging_mixin.py:154} WARNING - /home/airflow/.local/lib/python3.8/site-packages/airflow/settings.py:195 DeprecationWarning: The sql_alchemy_conn option in [core] has been moved to the sql_alchemy_conn option in [database] - the old setting has been used, but please update your config.
[2025-05-14T19:25:06.428+0000] {task_command.py:416} INFO - Running <TaskInstance: sample_etl.create_doctor_specialty_table manual__2025-05-14T19:24:59.580405+00:00 [running]> on host 3dfadb756915
[2025-05-14T19:25:06.493+0000] {taskinstance.py:1662} INFO - Exporting env vars: AIRFLOW_CTX_DAG_EMAIL='taimourabdulkarim20@gmail.com' AIRFLOW_CTX_DAG_OWNER='airflow' AIRFLOW_CTX_DAG_ID='sample_etl' AIRFLOW_CTX_TASK_ID='create_doctor_specialty_table' AIRFLOW_CTX_EXECUTION_DATE='2025-05-14T19:24:59.580405+00:00' AIRFLOW_CTX_TRY_NUMBER='1' AIRFLOW_CTX_DAG_RUN_ID='manual__2025-05-14T19:24:59.580405+00:00'
[2025-05-14T19:25:06.494+0000] {sql.py:274} INFO - Executing: 
            CREATE TABLE IF NOT EXISTS doctor_specialty_counts (
                stat_date DATE,
                specialty TEXT,
                doctor_count INT,
                PRIMARY KEY (stat_date, specialty)
            );
        
[2025-05-14T19:25:06.510+0000] {base.py:73} INFO - Using connection ID '***_default' for task execution.
[2025-05-14T19:25:06.517+0000] {base.py:73} INFO - Using connection ID '***_default' for task execution.
[2025-05-14T19:25:06.528+0000] {sql.py:418} INFO - Running statement: 
            CREATE TABLE IF NOT EXISTS doctor_specialty_counts (
                stat_date DATE,
                specialty TEXT,
                doctor_count INT,
                PRIMARY KEY (stat_date, specialty)
            );
        , parameters: None
[2025-05-14T19:25:06.553+0000] {taskinstance.py:1400} INFO - Marking task as SUCCESS. dag_id=sample_etl, task_id=create_doctor_specialty_table, execution_date=20250514T192459, start_date=20250514T192506, end_date=20250514T192506
[2025-05-14T19:25:06.571+0000] {local_task_job_runner.py:228} INFO - Task exited with return code 0
[2025-05-14T19:25:06.609+0000] {taskinstance.py:2778} INFO - 1 downstream tasks scheduled from follow-on schedule check
