[2025-05-15T13:06:49.569+0000] {taskinstance.py:1159} INFO - Dependencies all met for dep_context=non-requeueable deps ti=<TaskInstance: sample_etl.dbt_run manual__2025-05-15T13:06:29.484623+00:00 [queued]>
[2025-05-15T13:06:49.578+0000] {taskinstance.py:1159} INFO - Dependencies all met for dep_context=requeueable deps ti=<TaskInstance: sample_etl.dbt_run manual__2025-05-15T13:06:29.484623+00:00 [queued]>
[2025-05-15T13:06:49.578+0000] {taskinstance.py:1361} INFO - Starting attempt 1 of 3
[2025-05-15T13:06:49.594+0000] {taskinstance.py:1382} INFO - Executing <Task(BashOperator): dbt_run> on 2025-05-15 13:06:29.484623+00:00
[2025-05-15T13:06:49.600+0000] {standard_task_runner.py:57} INFO - Started process 2590 to run task
[2025-05-15T13:06:49.605+0000] {standard_task_runner.py:84} INFO - Running: ['airflow', 'tasks', 'run', 'sample_etl', 'dbt_run', 'manual__2025-05-15T13:06:29.484623+00:00', '--job-id', '60', '--raw', '--subdir', 'DAGS_FOLDER/sample_etl.py', '--cfg-path', '/tmp/tmpm7m8jubj']
[2025-05-15T13:06:49.608+0000] {standard_task_runner.py:85} INFO - Job 60: Subtask dbt_run
[2025-05-15T13:06:49.638+0000] {logging_mixin.py:154} WARNING - /home/airflow/.local/lib/python3.8/site-packages/airflow/settings.py:195 DeprecationWarning: The sql_alchemy_conn option in [core] has been moved to the sql_alchemy_conn option in [database] - the old setting has been used, but please update your config.
[2025-05-15T13:06:49.690+0000] {task_command.py:416} INFO - Running <TaskInstance: sample_etl.dbt_run manual__2025-05-15T13:06:29.484623+00:00 [running]> on host 45eecb73d756
[2025-05-15T13:06:49.848+0000] {taskinstance.py:1662} INFO - Exporting env vars: AIRFLOW_CTX_DAG_EMAIL='taimourabdulkarim20@gmail.com' AIRFLOW_CTX_DAG_OWNER='airflow' AIRFLOW_CTX_DAG_ID='sample_etl' AIRFLOW_CTX_TASK_ID='dbt_run' AIRFLOW_CTX_EXECUTION_DATE='2025-05-15T13:06:29.484623+00:00' AIRFLOW_CTX_TRY_NUMBER='1' AIRFLOW_CTX_DAG_RUN_ID='manual__2025-05-15T13:06:29.484623+00:00'
[2025-05-15T13:06:49.851+0000] {subprocess.py:63} INFO - Tmp dir root location: /tmp
[2025-05-15T13:06:49.854+0000] {subprocess.py:75} INFO - Running command: ['/bin/bash', '-c', 'docker exec -i $(docker ps -qf "ancestor=ghcr.io/dbt-labs/dbt-***:1.7.4") dbt run --project-dir /usr/app --profiles-dir /usr/app']
[2025-05-15T13:06:49.873+0000] {subprocess.py:86} INFO - Output:
[2025-05-15T13:06:54.786+0000] {subprocess.py:93} INFO - [0m13:06:54  Running with dbt=1.7.4
[2025-05-15T13:06:55.621+0000] {subprocess.py:93} INFO - [0m13:06:55  Registered adapter: ***=1.7.4
[2025-05-15T13:06:55.732+0000] {subprocess.py:93} INFO - [0m13:06:55  Found 1 model, 0 sources, 0 exposures, 0 metrics, 401 macros, 0 groups, 0 semantic models
[2025-05-15T13:06:55.739+0000] {subprocess.py:93} INFO - [0m13:06:55
[2025-05-15T13:06:56.019+0000] {subprocess.py:93} INFO - [0m13:06:56  Concurrency: 1 threads (target='dev')
[2025-05-15T13:06:56.020+0000] {subprocess.py:93} INFO - [0m13:06:56
[2025-05-15T13:06:56.026+0000] {subprocess.py:93} INFO - [0m13:06:56  1 of 1 START sql view model public.doctor_appointments ......................... [RUN]
[2025-05-15T13:06:56.179+0000] {subprocess.py:93} INFO - [0m13:06:56  1 of 1 OK created sql view model public.doctor_appointments .................... [[32mCREATE VIEW[0m in 0.15s]
[2025-05-15T13:06:56.208+0000] {subprocess.py:93} INFO - [0m13:06:56
[2025-05-15T13:06:56.209+0000] {subprocess.py:93} INFO - [0m13:06:56  Finished running 1 view model in 0 hours 0 minutes and 0.47 seconds (0.47s).
[2025-05-15T13:06:56.218+0000] {subprocess.py:93} INFO - [0m13:06:56
[2025-05-15T13:06:56.219+0000] {subprocess.py:93} INFO - [0m13:06:56  [32mCompleted successfully[0m
[2025-05-15T13:06:56.219+0000] {subprocess.py:93} INFO - [0m13:06:56
[2025-05-15T13:06:56.220+0000] {subprocess.py:93} INFO - [0m13:06:56  Done. PASS=1 WARN=0 ERROR=0 SKIP=0 TOTAL=1
[2025-05-15T13:06:58.155+0000] {subprocess.py:97} INFO - Command exited with return code 0
[2025-05-15T13:06:58.326+0000] {taskinstance.py:1400} INFO - Marking task as SUCCESS. dag_id=sample_etl, task_id=dbt_run, execution_date=20250515T130629, start_date=20250515T130649, end_date=20250515T130658
[2025-05-15T13:06:58.372+0000] {local_task_job_runner.py:228} INFO - Task exited with return code 0
[2025-05-15T13:06:58.456+0000] {taskinstance.py:2778} INFO - 1 downstream tasks scheduled from follow-on schedule check
