[2025-05-15T13:35:46.577+0000] {taskinstance.py:1159} INFO - Dependencies all met for dep_context=non-requeueable deps ti=<TaskInstance: sample_etl.dbt_run manual__2025-05-15T13:35:23.092101+00:00 [queued]>
[2025-05-15T13:35:46.593+0000] {taskinstance.py:1159} INFO - Dependencies all met for dep_context=requeueable deps ti=<TaskInstance: sample_etl.dbt_run manual__2025-05-15T13:35:23.092101+00:00 [queued]>
[2025-05-15T13:35:46.594+0000] {taskinstance.py:1361} INFO - Starting attempt 1 of 3
[2025-05-15T13:35:46.611+0000] {taskinstance.py:1382} INFO - Executing <Task(BashOperator): dbt_run> on 2025-05-15 13:35:23.092101+00:00
[2025-05-15T13:35:46.631+0000] {standard_task_runner.py:57} INFO - Started process 2950 to run task
[2025-05-15T13:35:46.643+0000] {standard_task_runner.py:84} INFO - Running: ['airflow', 'tasks', 'run', 'sample_etl', 'dbt_run', 'manual__2025-05-15T13:35:23.092101+00:00', '--job-id', '80', '--raw', '--subdir', 'DAGS_FOLDER/sample_etl.py', '--cfg-path', '/tmp/tmpdc8oi2vy']
[2025-05-15T13:35:46.649+0000] {standard_task_runner.py:85} INFO - Job 80: Subtask dbt_run
[2025-05-15T13:35:46.673+0000] {logging_mixin.py:154} WARNING - /home/airflow/.local/lib/python3.8/site-packages/airflow/settings.py:195 DeprecationWarning: The sql_alchemy_conn option in [core] has been moved to the sql_alchemy_conn option in [database] - the old setting has been used, but please update your config.
[2025-05-15T13:35:46.740+0000] {task_command.py:416} INFO - Running <TaskInstance: sample_etl.dbt_run manual__2025-05-15T13:35:23.092101+00:00 [running]> on host 45eecb73d756
[2025-05-15T13:35:46.864+0000] {taskinstance.py:1662} INFO - Exporting env vars: AIRFLOW_CTX_DAG_EMAIL='taimourabdulkarim20@gmail.com' AIRFLOW_CTX_DAG_OWNER='airflow' AIRFLOW_CTX_DAG_ID='sample_etl' AIRFLOW_CTX_TASK_ID='dbt_run' AIRFLOW_CTX_EXECUTION_DATE='2025-05-15T13:35:23.092101+00:00' AIRFLOW_CTX_TRY_NUMBER='1' AIRFLOW_CTX_DAG_RUN_ID='manual__2025-05-15T13:35:23.092101+00:00'
[2025-05-15T13:35:46.894+0000] {subprocess.py:63} INFO - Tmp dir root location: /tmp
[2025-05-15T13:35:46.901+0000] {subprocess.py:75} INFO - Running command: ['/bin/bash', '-c', 'docker exec -i $(docker ps -qf "ancestor=ghcr.io/dbt-labs/dbt-***:1.7.4") dbt run --project-dir /usr/app --profiles-dir /usr/app']
[2025-05-15T13:35:46.935+0000] {subprocess.py:86} INFO - Output:
[2025-05-15T13:35:51.318+0000] {subprocess.py:93} INFO - [0m13:35:51  Running with dbt=1.7.4
[2025-05-15T13:35:51.860+0000] {subprocess.py:93} INFO - [0m13:35:51  Registered adapter: ***=1.7.4
[2025-05-15T13:35:52.040+0000] {subprocess.py:93} INFO - [0m13:35:52  Found 1 model, 0 sources, 0 exposures, 0 metrics, 401 macros, 0 groups, 0 semantic models
[2025-05-15T13:35:52.049+0000] {subprocess.py:93} INFO - [0m13:35:52
[2025-05-15T13:35:52.324+0000] {subprocess.py:93} INFO - [0m13:35:52  Concurrency: 1 threads (target='dev')
[2025-05-15T13:35:52.327+0000] {subprocess.py:93} INFO - [0m13:35:52
[2025-05-15T13:35:52.331+0000] {subprocess.py:93} INFO - [0m13:35:52  1 of 1 START sql view model public.doctor_appointments ......................... [RUN]
[2025-05-15T13:35:52.505+0000] {subprocess.py:93} INFO - [0m13:35:52  1 of 1 OK created sql view model public.doctor_appointments .................... [[32mCREATE VIEW[0m in 0.17s]
[2025-05-15T13:35:52.528+0000] {subprocess.py:93} INFO - [0m13:35:52
[2025-05-15T13:35:52.528+0000] {subprocess.py:93} INFO - [0m13:35:52  Finished running 1 view model in 0 hours 0 minutes and 0.48 seconds (0.48s).
[2025-05-15T13:35:52.540+0000] {subprocess.py:93} INFO - [0m13:35:52
[2025-05-15T13:35:52.541+0000] {subprocess.py:93} INFO - [0m13:35:52  [32mCompleted successfully[0m
[2025-05-15T13:35:52.541+0000] {subprocess.py:93} INFO - [0m13:35:52
[2025-05-15T13:35:52.542+0000] {subprocess.py:93} INFO - [0m13:35:52  Done. PASS=1 WARN=0 ERROR=0 SKIP=0 TOTAL=1
[2025-05-15T13:35:54.167+0000] {subprocess.py:97} INFO - Command exited with return code 0
[2025-05-15T13:35:54.265+0000] {taskinstance.py:1400} INFO - Marking task as SUCCESS. dag_id=sample_etl, task_id=dbt_run, execution_date=20250515T133523, start_date=20250515T133546, end_date=20250515T133554
[2025-05-15T13:35:54.305+0000] {local_task_job_runner.py:228} INFO - Task exited with return code 0
[2025-05-15T13:35:54.371+0000] {taskinstance.py:2778} INFO - 1 downstream tasks scheduled from follow-on schedule check
