[2025-05-14T19:23:34.491+0000] {taskinstance.py:1159} INFO - Dependencies all met for dep_context=non-requeueable deps ti=<TaskInstance: sample_etl.extract_data scheduled__2025-05-13T00:00:00+00:00 [queued]>
[2025-05-14T19:23:34.501+0000] {taskinstance.py:1159} INFO - Dependencies all met for dep_context=requeueable deps ti=<TaskInstance: sample_etl.extract_data scheduled__2025-05-13T00:00:00+00:00 [queued]>
[2025-05-14T19:23:34.501+0000] {taskinstance.py:1361} INFO - Starting attempt 1 of 3
[2025-05-14T19:23:34.514+0000] {taskinstance.py:1382} INFO - Executing <Task(PythonOperator): extract_data> on 2025-05-13 00:00:00+00:00
[2025-05-14T19:23:34.521+0000] {standard_task_runner.py:57} INFO - Started process 196 to run task
[2025-05-14T19:23:34.525+0000] {standard_task_runner.py:84} INFO - Running: ['airflow', 'tasks', 'run', 'sample_etl', 'extract_data', 'scheduled__2025-05-13T00:00:00+00:00', '--job-id', '92', '--raw', '--subdir', 'DAGS_FOLDER/sample_etl.py', '--cfg-path', '/tmp/tmplftcehbx']
[2025-05-14T19:23:34.528+0000] {standard_task_runner.py:85} INFO - Job 92: Subtask extract_data
[2025-05-14T19:23:34.560+0000] {logging_mixin.py:154} WARNING - /home/airflow/.local/lib/python3.8/site-packages/airflow/settings.py:195 DeprecationWarning: The sql_alchemy_conn option in [core] has been moved to the sql_alchemy_conn option in [database] - the old setting has been used, but please update your config.
[2025-05-14T19:23:34.651+0000] {task_command.py:416} INFO - Running <TaskInstance: sample_etl.extract_data scheduled__2025-05-13T00:00:00+00:00 [running]> on host 3dfadb756915
[2025-05-14T19:23:35.196+0000] {taskinstance.py:1662} INFO - Exporting env vars: AIRFLOW_CTX_DAG_EMAIL='taimourabdulkarim20@gmail.com' AIRFLOW_CTX_DAG_OWNER='airflow' AIRFLOW_CTX_DAG_ID='sample_etl' AIRFLOW_CTX_TASK_ID='extract_data' AIRFLOW_CTX_EXECUTION_DATE='2025-05-13T00:00:00+00:00' AIRFLOW_CTX_TRY_NUMBER='1' AIRFLOW_CTX_DAG_RUN_ID='scheduled__2025-05-13T00:00:00+00:00'
[2025-05-14T19:23:35.201+0000] {sample_etl.py:22} INFO - Extracted 3 doctors.
[2025-05-14T19:23:35.248+0000] {python.py:194} INFO - Done. Returned value was: None
[2025-05-14T19:23:35.294+0000] {taskinstance.py:1400} INFO - Marking task as SUCCESS. dag_id=sample_etl, task_id=extract_data, execution_date=20250513T000000, start_date=20250514T192334, end_date=20250514T192335
[2025-05-14T19:23:35.432+0000] {local_task_job_runner.py:228} INFO - Task exited with return code 0
[2025-05-14T19:23:35.621+0000] {taskinstance.py:2778} INFO - 1 downstream tasks scheduled from follow-on schedule check
[2025-05-14T21:47:50.676+0000] {taskinstance.py:1159} INFO - Dependencies all met for dep_context=non-requeueable deps ti=<TaskInstance: sample_etl.extract_data scheduled__2025-05-13T00:00:00+00:00 [queued]>
[2025-05-14T21:47:50.718+0000] {taskinstance.py:1159} INFO - Dependencies all met for dep_context=requeueable deps ti=<TaskInstance: sample_etl.extract_data scheduled__2025-05-13T00:00:00+00:00 [queued]>
[2025-05-14T21:47:50.720+0000] {taskinstance.py:1361} INFO - Starting attempt 1 of 3
[2025-05-14T21:47:50.771+0000] {taskinstance.py:1382} INFO - Executing <Task(PythonOperator): extract_data> on 2025-05-13 00:00:00+00:00
[2025-05-14T21:47:50.801+0000] {standard_task_runner.py:57} INFO - Started process 337 to run task
[2025-05-14T21:47:50.816+0000] {standard_task_runner.py:84} INFO - Running: ['airflow', 'tasks', 'run', 'sample_etl', 'extract_data', 'scheduled__2025-05-13T00:00:00+00:00', '--job-id', '4', '--raw', '--subdir', 'DAGS_FOLDER/sample_etl.py', '--cfg-path', '/tmp/tmptjnmh8vc']
[2025-05-14T21:47:50.833+0000] {standard_task_runner.py:85} INFO - Job 4: Subtask extract_data
[2025-05-14T21:47:50.943+0000] {logging_mixin.py:154} WARNING - /home/airflow/.local/lib/python3.8/site-packages/airflow/settings.py:195 DeprecationWarning: The sql_alchemy_conn option in [core] has been moved to the sql_alchemy_conn option in [database] - the old setting has been used, but please update your config.
[2025-05-14T21:47:51.131+0000] {task_command.py:416} INFO - Running <TaskInstance: sample_etl.extract_data scheduled__2025-05-13T00:00:00+00:00 [running]> on host 6cf6e5bc95cc
[2025-05-14T21:47:51.331+0000] {taskinstance.py:1662} INFO - Exporting env vars: AIRFLOW_CTX_DAG_EMAIL='taimourabdulkarim20@gmail.com' AIRFLOW_CTX_DAG_OWNER='airflow' AIRFLOW_CTX_DAG_ID='sample_etl' AIRFLOW_CTX_TASK_ID='extract_data' AIRFLOW_CTX_EXECUTION_DATE='2025-05-13T00:00:00+00:00' AIRFLOW_CTX_TRY_NUMBER='1' AIRFLOW_CTX_DAG_RUN_ID='scheduled__2025-05-13T00:00:00+00:00'
[2025-05-14T21:47:51.335+0000] {sample_etl.py:22} INFO - Extracted 3 doctors.
[2025-05-14T21:47:51.369+0000] {python.py:194} INFO - Done. Returned value was: None
[2025-05-14T21:47:51.388+0000] {taskinstance.py:1400} INFO - Marking task as SUCCESS. dag_id=sample_etl, task_id=extract_data, execution_date=20250513T000000, start_date=20250514T214750, end_date=20250514T214751
[2025-05-14T21:47:51.430+0000] {local_task_job_runner.py:228} INFO - Task exited with return code 0
[2025-05-14T21:47:51.472+0000] {taskinstance.py:2778} INFO - 1 downstream tasks scheduled from follow-on schedule check
[2025-05-14T22:08:18.776+0000] {taskinstance.py:1159} INFO - Dependencies all met for dep_context=non-requeueable deps ti=<TaskInstance: sample_etl.extract_data scheduled__2025-05-13T00:00:00+00:00 [queued]>
[2025-05-14T22:08:18.800+0000] {taskinstance.py:1159} INFO - Dependencies all met for dep_context=requeueable deps ti=<TaskInstance: sample_etl.extract_data scheduled__2025-05-13T00:00:00+00:00 [queued]>
[2025-05-14T22:08:18.801+0000] {taskinstance.py:1361} INFO - Starting attempt 1 of 3
[2025-05-14T22:08:18.836+0000] {taskinstance.py:1382} INFO - Executing <Task(PythonOperator): extract_data> on 2025-05-13 00:00:00+00:00
[2025-05-14T22:08:18.847+0000] {standard_task_runner.py:57} INFO - Started process 219 to run task
[2025-05-14T22:08:18.854+0000] {standard_task_runner.py:84} INFO - Running: ['airflow', 'tasks', 'run', 'sample_etl', 'extract_data', 'scheduled__2025-05-13T00:00:00+00:00', '--job-id', '3', '--raw', '--subdir', 'DAGS_FOLDER/sample_etl.py', '--cfg-path', '/tmp/tmpch_wk680']
[2025-05-14T22:08:18.863+0000] {standard_task_runner.py:85} INFO - Job 3: Subtask extract_data
[2025-05-14T22:08:18.904+0000] {logging_mixin.py:154} WARNING - /home/airflow/.local/lib/python3.8/site-packages/airflow/settings.py:195 DeprecationWarning: The sql_alchemy_conn option in [core] has been moved to the sql_alchemy_conn option in [database] - the old setting has been used, but please update your config.
[2025-05-14T22:08:18.981+0000] {task_command.py:416} INFO - Running <TaskInstance: sample_etl.extract_data scheduled__2025-05-13T00:00:00+00:00 [running]> on host dd657b0ac9c8
[2025-05-14T22:08:19.091+0000] {taskinstance.py:1662} INFO - Exporting env vars: AIRFLOW_CTX_DAG_EMAIL='taimourabdulkarim20@gmail.com' AIRFLOW_CTX_DAG_OWNER='airflow' AIRFLOW_CTX_DAG_ID='sample_etl' AIRFLOW_CTX_TASK_ID='extract_data' AIRFLOW_CTX_EXECUTION_DATE='2025-05-13T00:00:00+00:00' AIRFLOW_CTX_TRY_NUMBER='1' AIRFLOW_CTX_DAG_RUN_ID='scheduled__2025-05-13T00:00:00+00:00'
[2025-05-14T22:08:19.092+0000] {sample_etl.py:22} INFO - Extracted 3 doctors.
[2025-05-14T22:08:19.116+0000] {python.py:194} INFO - Done. Returned value was: None
[2025-05-14T22:08:19.129+0000] {taskinstance.py:1400} INFO - Marking task as SUCCESS. dag_id=sample_etl, task_id=extract_data, execution_date=20250513T000000, start_date=20250514T220818, end_date=20250514T220819
[2025-05-14T22:08:19.163+0000] {local_task_job_runner.py:228} INFO - Task exited with return code 0
[2025-05-14T22:08:19.205+0000] {taskinstance.py:2778} INFO - 1 downstream tasks scheduled from follow-on schedule check
[2025-05-14T22:29:36.648+0000] {taskinstance.py:1159} INFO - Dependencies all met for dep_context=non-requeueable deps ti=<TaskInstance: sample_etl.extract_data scheduled__2025-05-13T00:00:00+00:00 [queued]>
[2025-05-14T22:29:36.664+0000] {taskinstance.py:1159} INFO - Dependencies all met for dep_context=requeueable deps ti=<TaskInstance: sample_etl.extract_data scheduled__2025-05-13T00:00:00+00:00 [queued]>
[2025-05-14T22:29:36.665+0000] {taskinstance.py:1361} INFO - Starting attempt 1 of 3
[2025-05-14T22:29:36.685+0000] {taskinstance.py:1382} INFO - Executing <Task(PythonOperator): extract_data> on 2025-05-13 00:00:00+00:00
[2025-05-14T22:29:36.694+0000] {standard_task_runner.py:57} INFO - Started process 229 to run task
[2025-05-14T22:29:36.701+0000] {standard_task_runner.py:84} INFO - Running: ['airflow', 'tasks', 'run', 'sample_etl', 'extract_data', 'scheduled__2025-05-13T00:00:00+00:00', '--job-id', '3', '--raw', '--subdir', 'DAGS_FOLDER/sample_etl.py', '--cfg-path', '/tmp/tmpg8jiy8sc']
[2025-05-14T22:29:36.709+0000] {standard_task_runner.py:85} INFO - Job 3: Subtask extract_data
[2025-05-14T22:29:36.787+0000] {logging_mixin.py:154} WARNING - /home/airflow/.local/lib/python3.8/site-packages/airflow/settings.py:195 DeprecationWarning: The sql_alchemy_conn option in [core] has been moved to the sql_alchemy_conn option in [database] - the old setting has been used, but please update your config.
[2025-05-14T22:29:36.919+0000] {task_command.py:416} INFO - Running <TaskInstance: sample_etl.extract_data scheduled__2025-05-13T00:00:00+00:00 [running]> on host fb68c317c0a1
[2025-05-14T22:29:37.040+0000] {taskinstance.py:1662} INFO - Exporting env vars: AIRFLOW_CTX_DAG_EMAIL='taimourabdulkarim20@gmail.com' AIRFLOW_CTX_DAG_OWNER='airflow' AIRFLOW_CTX_DAG_ID='sample_etl' AIRFLOW_CTX_TASK_ID='extract_data' AIRFLOW_CTX_EXECUTION_DATE='2025-05-13T00:00:00+00:00' AIRFLOW_CTX_TRY_NUMBER='1' AIRFLOW_CTX_DAG_RUN_ID='scheduled__2025-05-13T00:00:00+00:00'
[2025-05-14T22:29:37.042+0000] {sample_etl.py:22} INFO - Extracted 3 doctors.
[2025-05-14T22:29:37.064+0000] {python.py:194} INFO - Done. Returned value was: None
[2025-05-14T22:29:37.082+0000] {taskinstance.py:1400} INFO - Marking task as SUCCESS. dag_id=sample_etl, task_id=extract_data, execution_date=20250513T000000, start_date=20250514T222936, end_date=20250514T222937
[2025-05-14T22:29:37.097+0000] {local_task_job_runner.py:228} INFO - Task exited with return code 0
[2025-05-14T22:29:37.160+0000] {taskinstance.py:2778} INFO - 1 downstream tasks scheduled from follow-on schedule check
[2025-05-14T22:47:20.275+0000] {taskinstance.py:1159} INFO - Dependencies all met for dep_context=non-requeueable deps ti=<TaskInstance: sample_etl.extract_data scheduled__2025-05-13T00:00:00+00:00 [queued]>
[2025-05-14T22:47:20.288+0000] {taskinstance.py:1159} INFO - Dependencies all met for dep_context=requeueable deps ti=<TaskInstance: sample_etl.extract_data scheduled__2025-05-13T00:00:00+00:00 [queued]>
[2025-05-14T22:47:20.290+0000] {taskinstance.py:1361} INFO - Starting attempt 1 of 3
[2025-05-14T22:47:20.319+0000] {taskinstance.py:1382} INFO - Executing <Task(PythonOperator): extract_data> on 2025-05-13 00:00:00+00:00
[2025-05-14T22:47:20.326+0000] {standard_task_runner.py:57} INFO - Started process 231 to run task
[2025-05-14T22:47:20.345+0000] {standard_task_runner.py:84} INFO - Running: ['airflow', 'tasks', 'run', 'sample_etl', 'extract_data', 'scheduled__2025-05-13T00:00:00+00:00', '--job-id', '3', '--raw', '--subdir', 'DAGS_FOLDER/sample_etl.py', '--cfg-path', '/tmp/tmpfiapkcr4']
[2025-05-14T22:47:20.350+0000] {standard_task_runner.py:85} INFO - Job 3: Subtask extract_data
[2025-05-14T22:47:20.404+0000] {logging_mixin.py:154} WARNING - /home/airflow/.local/lib/python3.8/site-packages/airflow/settings.py:195 DeprecationWarning: The sql_alchemy_conn option in [core] has been moved to the sql_alchemy_conn option in [database] - the old setting has been used, but please update your config.
[2025-05-14T22:47:20.514+0000] {task_command.py:416} INFO - Running <TaskInstance: sample_etl.extract_data scheduled__2025-05-13T00:00:00+00:00 [running]> on host dff7001aa755
[2025-05-14T22:47:20.616+0000] {taskinstance.py:1662} INFO - Exporting env vars: AIRFLOW_CTX_DAG_EMAIL='taimourabdulkarim20@gmail.com' AIRFLOW_CTX_DAG_OWNER='airflow' AIRFLOW_CTX_DAG_ID='sample_etl' AIRFLOW_CTX_TASK_ID='extract_data' AIRFLOW_CTX_EXECUTION_DATE='2025-05-13T00:00:00+00:00' AIRFLOW_CTX_TRY_NUMBER='1' AIRFLOW_CTX_DAG_RUN_ID='scheduled__2025-05-13T00:00:00+00:00'
[2025-05-14T22:47:20.617+0000] {sample_etl.py:22} INFO - Extracted 3 doctors.
[2025-05-14T22:47:20.633+0000] {python.py:194} INFO - Done. Returned value was: None
[2025-05-14T22:47:20.645+0000] {taskinstance.py:1400} INFO - Marking task as SUCCESS. dag_id=sample_etl, task_id=extract_data, execution_date=20250513T000000, start_date=20250514T224720, end_date=20250514T224720
[2025-05-14T22:47:20.695+0000] {local_task_job_runner.py:228} INFO - Task exited with return code 0
[2025-05-14T22:47:20.745+0000] {taskinstance.py:2778} INFO - 1 downstream tasks scheduled from follow-on schedule check
