[2025-05-15T14:26:01.736+0000] {taskinstance.py:1159} INFO - Dependencies all met for dep_context=non-requeueable deps ti=<TaskInstance: sample_etl.aggregate_user_stats manual__2025-05-15T14:25:42.970543+00:00 [queued]>
[2025-05-15T14:26:01.752+0000] {taskinstance.py:1159} INFO - Dependencies all met for dep_context=requeueable deps ti=<TaskInstance: sample_etl.aggregate_user_stats manual__2025-05-15T14:25:42.970543+00:00 [queued]>
[2025-05-15T14:26:01.752+0000] {taskinstance.py:1361} INFO - Starting attempt 1 of 3
[2025-05-15T14:26:01.772+0000] {taskinstance.py:1382} INFO - Executing <Task(PostgresOperator): aggregate_user_stats> on 2025-05-15 14:25:42.970543+00:00
[2025-05-15T14:26:01.786+0000] {standard_task_runner.py:57} INFO - Started process 3574 to run task
[2025-05-15T14:26:01.803+0000] {standard_task_runner.py:84} INFO - Running: ['airflow', 'tasks', 'run', 'sample_etl', 'aggregate_user_stats', 'manual__2025-05-15T14:25:42.970543+00:00', '--job-id', '109', '--raw', '--subdir', 'DAGS_FOLDER/sample_etl.py', '--cfg-path', '/tmp/tmp9i_uuyqn']
[2025-05-15T14:26:01.807+0000] {standard_task_runner.py:85} INFO - Job 109: Subtask aggregate_user_stats
[2025-05-15T14:26:01.844+0000] {logging_mixin.py:154} WARNING - /home/airflow/.local/lib/python3.8/site-packages/airflow/settings.py:195 DeprecationWarning: The sql_alchemy_conn option in [core] has been moved to the sql_alchemy_conn option in [database] - the old setting has been used, but please update your config.
[2025-05-15T14:26:01.894+0000] {task_command.py:416} INFO - Running <TaskInstance: sample_etl.aggregate_user_stats manual__2025-05-15T14:25:42.970543+00:00 [running]> on host 45eecb73d756
[2025-05-15T14:26:02.105+0000] {taskinstance.py:1662} INFO - Exporting env vars: AIRFLOW_CTX_DAG_EMAIL='taimourabdulkarim20@gmail.com' AIRFLOW_CTX_DAG_OWNER='airflow' AIRFLOW_CTX_DAG_ID='sample_etl' AIRFLOW_CTX_TASK_ID='aggregate_user_stats' AIRFLOW_CTX_EXECUTION_DATE='2025-05-15T14:25:42.970543+00:00' AIRFLOW_CTX_TRY_NUMBER='1' AIRFLOW_CTX_DAG_RUN_ID='manual__2025-05-15T14:25:42.970543+00:00'
[2025-05-15T14:26:02.108+0000] {sql.py:274} INFO - Executing: 
            INSERT INTO user_stats (stat_date, total_users, new_users)
            SELECT
                CURRENT_DATE,
                COUNT(*),
                COUNT(*) FILTER (WHERE created_at::date = CURRENT_DATE)
            FROM users
            ON CONFLICT (stat_date) DO UPDATE
            SET
                total_users = EXCLUDED.total_users,
                new_users = EXCLUDED.new_users;
        
[2025-05-15T14:26:02.167+0000] {base.py:73} INFO - Using connection ID '***_default' for task execution.
[2025-05-15T14:26:02.184+0000] {base.py:73} INFO - Using connection ID '***_default' for task execution.
[2025-05-15T14:26:02.207+0000] {sql.py:418} INFO - Running statement: 
            INSERT INTO user_stats (stat_date, total_users, new_users)
            SELECT
                CURRENT_DATE,
                COUNT(*),
                COUNT(*) FILTER (WHERE created_at::date = CURRENT_DATE)
            FROM users
            ON CONFLICT (stat_date) DO UPDATE
            SET
                total_users = EXCLUDED.total_users,
                new_users = EXCLUDED.new_users;
        , parameters: None
[2025-05-15T14:26:02.211+0000] {sql.py:427} INFO - Rows affected: 1
[2025-05-15T14:26:02.249+0000] {taskinstance.py:1400} INFO - Marking task as SUCCESS. dag_id=sample_etl, task_id=aggregate_user_stats, execution_date=20250515T142542, start_date=20250515T142601, end_date=20250515T142602
[2025-05-15T14:26:02.327+0000] {local_task_job_runner.py:228} INFO - Task exited with return code 0
[2025-05-15T14:26:02.484+0000] {taskinstance.py:2778} INFO - 1 downstream tasks scheduled from follow-on schedule check
