[2025-05-14T19:23:55.446+0000] {taskinstance.py:1159} INFO - Dependencies all met for dep_context=non-requeueable deps ti=<TaskInstance: sample_etl.create_hospital_stats_table scheduled__2025-05-13T00:00:00+00:00 [queued]>
[2025-05-14T19:23:55.455+0000] {taskinstance.py:1159} INFO - Dependencies all met for dep_context=requeueable deps ti=<TaskInstance: sample_etl.create_hospital_stats_table scheduled__2025-05-13T00:00:00+00:00 [queued]>
[2025-05-14T19:23:55.456+0000] {taskinstance.py:1361} INFO - Starting attempt 1 of 3
[2025-05-14T19:23:55.467+0000] {taskinstance.py:1382} INFO - Executing <Task(PostgresOperator): create_hospital_stats_table> on 2025-05-13 00:00:00+00:00
[2025-05-14T19:23:55.472+0000] {standard_task_runner.py:57} INFO - Started process 229 to run task
[2025-05-14T19:23:55.476+0000] {standard_task_runner.py:84} INFO - Running: ['airflow', 'tasks', 'run', 'sample_etl', 'create_hospital_stats_table', 'scheduled__2025-05-13T00:00:00+00:00', '--job-id', '104', '--raw', '--subdir', 'DAGS_FOLDER/sample_etl.py', '--cfg-path', '/tmp/tmpahy46ws7']
[2025-05-14T19:23:55.478+0000] {standard_task_runner.py:85} INFO - Job 104: Subtask create_hospital_stats_table
[2025-05-14T19:23:55.501+0000] {logging_mixin.py:154} WARNING - /home/airflow/.local/lib/python3.8/site-packages/airflow/settings.py:195 DeprecationWarning: The sql_alchemy_conn option in [core] has been moved to the sql_alchemy_conn option in [database] - the old setting has been used, but please update your config.
[2025-05-14T19:23:55.537+0000] {task_command.py:416} INFO - Running <TaskInstance: sample_etl.create_hospital_stats_table scheduled__2025-05-13T00:00:00+00:00 [running]> on host 3dfadb756915
[2025-05-14T19:23:55.631+0000] {taskinstance.py:1662} INFO - Exporting env vars: AIRFLOW_CTX_DAG_EMAIL='taimourabdulkarim20@gmail.com' AIRFLOW_CTX_DAG_OWNER='airflow' AIRFLOW_CTX_DAG_ID='sample_etl' AIRFLOW_CTX_TASK_ID='create_hospital_stats_table' AIRFLOW_CTX_EXECUTION_DATE='2025-05-13T00:00:00+00:00' AIRFLOW_CTX_TRY_NUMBER='1' AIRFLOW_CTX_DAG_RUN_ID='scheduled__2025-05-13T00:00:00+00:00'
[2025-05-14T19:23:55.632+0000] {sql.py:274} INFO - Executing: 
            CREATE TABLE IF NOT EXISTS hospital_stats (
                stat_date DATE PRIMARY KEY,
                total_hospitals INT,
                total_departments INT
            );
        
[2025-05-14T19:23:55.666+0000] {base.py:73} INFO - Using connection ID '***_default' for task execution.
[2025-05-14T19:23:55.676+0000] {base.py:73} INFO - Using connection ID '***_default' for task execution.
[2025-05-14T19:23:55.685+0000] {sql.py:418} INFO - Running statement: 
            CREATE TABLE IF NOT EXISTS hospital_stats (
                stat_date DATE PRIMARY KEY,
                total_hospitals INT,
                total_departments INT
            );
        , parameters: None
[2025-05-14T19:23:55.706+0000] {taskinstance.py:1400} INFO - Marking task as SUCCESS. dag_id=sample_etl, task_id=create_hospital_stats_table, execution_date=20250513T000000, start_date=20250514T192355, end_date=20250514T192355
[2025-05-14T19:23:55.741+0000] {local_task_job_runner.py:228} INFO - Task exited with return code 0
[2025-05-14T19:23:55.802+0000] {taskinstance.py:2778} INFO - 1 downstream tasks scheduled from follow-on schedule check
[2025-05-14T22:13:34.563+0000] {taskinstance.py:1159} INFO - Dependencies all met for dep_context=non-requeueable deps ti=<TaskInstance: sample_etl.create_hospital_stats_table scheduled__2025-05-13T00:00:00+00:00 [queued]>
[2025-05-14T22:13:34.585+0000] {taskinstance.py:1159} INFO - Dependencies all met for dep_context=requeueable deps ti=<TaskInstance: sample_etl.create_hospital_stats_table scheduled__2025-05-13T00:00:00+00:00 [queued]>
[2025-05-14T22:13:34.585+0000] {taskinstance.py:1361} INFO - Starting attempt 1 of 3
[2025-05-14T22:13:34.605+0000] {taskinstance.py:1382} INFO - Executing <Task(PostgresOperator): create_hospital_stats_table> on 2025-05-13 00:00:00+00:00
[2025-05-14T22:13:34.621+0000] {standard_task_runner.py:57} INFO - Started process 538 to run task
[2025-05-14T22:13:34.631+0000] {standard_task_runner.py:84} INFO - Running: ['airflow', 'tasks', 'run', 'sample_etl', 'create_hospital_stats_table', 'scheduled__2025-05-13T00:00:00+00:00', '--job-id', '76', '--raw', '--subdir', 'DAGS_FOLDER/sample_etl.py', '--cfg-path', '/tmp/tmpu_wilo5n']
[2025-05-14T22:13:34.636+0000] {standard_task_runner.py:85} INFO - Job 76: Subtask create_hospital_stats_table
[2025-05-14T22:13:34.689+0000] {logging_mixin.py:154} WARNING - /home/airflow/.local/lib/python3.8/site-packages/airflow/settings.py:195 DeprecationWarning: The sql_alchemy_conn option in [core] has been moved to the sql_alchemy_conn option in [database] - the old setting has been used, but please update your config.
[2025-05-14T22:13:34.759+0000] {task_command.py:416} INFO - Running <TaskInstance: sample_etl.create_hospital_stats_table scheduled__2025-05-13T00:00:00+00:00 [running]> on host dd657b0ac9c8
[2025-05-14T22:13:34.934+0000] {taskinstance.py:1662} INFO - Exporting env vars: AIRFLOW_CTX_DAG_EMAIL='taimourabdulkarim20@gmail.com' AIRFLOW_CTX_DAG_OWNER='airflow' AIRFLOW_CTX_DAG_ID='sample_etl' AIRFLOW_CTX_TASK_ID='create_hospital_stats_table' AIRFLOW_CTX_EXECUTION_DATE='2025-05-13T00:00:00+00:00' AIRFLOW_CTX_TRY_NUMBER='1' AIRFLOW_CTX_DAG_RUN_ID='scheduled__2025-05-13T00:00:00+00:00'
[2025-05-14T22:13:34.935+0000] {sql.py:274} INFO - Executing: 
            CREATE TABLE IF NOT EXISTS hospital_stats (
                stat_date DATE PRIMARY KEY,
                total_hospitals INT,
                total_departments INT
            );
        
[2025-05-14T22:13:34.976+0000] {base.py:73} INFO - Using connection ID '***_default' for task execution.
[2025-05-14T22:13:34.985+0000] {base.py:73} INFO - Using connection ID '***_default' for task execution.
[2025-05-14T22:13:34.996+0000] {sql.py:418} INFO - Running statement: 
            CREATE TABLE IF NOT EXISTS hospital_stats (
                stat_date DATE PRIMARY KEY,
                total_hospitals INT,
                total_departments INT
            );
        , parameters: None
[2025-05-14T22:13:35.011+0000] {taskinstance.py:1400} INFO - Marking task as SUCCESS. dag_id=sample_etl, task_id=create_hospital_stats_table, execution_date=20250513T000000, start_date=20250514T221334, end_date=20250514T221335
[2025-05-14T22:13:35.066+0000] {local_task_job_runner.py:228} INFO - Task exited with return code 0
[2025-05-14T22:13:35.151+0000] {taskinstance.py:2778} INFO - 1 downstream tasks scheduled from follow-on schedule check
[2025-05-14T22:52:38.131+0000] {taskinstance.py:1159} INFO - Dependencies all met for dep_context=non-requeueable deps ti=<TaskInstance: sample_etl.create_hospital_stats_table scheduled__2025-05-13T00:00:00+00:00 [queued]>
[2025-05-14T22:52:38.141+0000] {taskinstance.py:1159} INFO - Dependencies all met for dep_context=requeueable deps ti=<TaskInstance: sample_etl.create_hospital_stats_table scheduled__2025-05-13T00:00:00+00:00 [queued]>
[2025-05-14T22:52:38.142+0000] {taskinstance.py:1361} INFO - Starting attempt 1 of 3
[2025-05-14T22:52:38.151+0000] {taskinstance.py:1382} INFO - Executing <Task(PostgresOperator): create_hospital_stats_table> on 2025-05-13 00:00:00+00:00
[2025-05-14T22:52:38.155+0000] {standard_task_runner.py:57} INFO - Started process 386 to run task
[2025-05-14T22:52:38.168+0000] {standard_task_runner.py:84} INFO - Running: ['airflow', 'tasks', 'run', 'sample_etl', 'create_hospital_stats_table', 'scheduled__2025-05-13T00:00:00+00:00', '--job-id', '36', '--raw', '--subdir', 'DAGS_FOLDER/sample_etl.py', '--cfg-path', '/tmp/tmpmh1yempt']
[2025-05-14T22:52:38.171+0000] {standard_task_runner.py:85} INFO - Job 36: Subtask create_hospital_stats_table
[2025-05-14T22:52:38.188+0000] {logging_mixin.py:154} WARNING - /home/airflow/.local/lib/python3.8/site-packages/airflow/settings.py:195 DeprecationWarning: The sql_alchemy_conn option in [core] has been moved to the sql_alchemy_conn option in [database] - the old setting has been used, but please update your config.
[2025-05-14T22:52:38.233+0000] {task_command.py:416} INFO - Running <TaskInstance: sample_etl.create_hospital_stats_table scheduled__2025-05-13T00:00:00+00:00 [running]> on host dff7001aa755
[2025-05-14T22:52:38.309+0000] {taskinstance.py:1662} INFO - Exporting env vars: AIRFLOW_CTX_DAG_EMAIL='taimourabdulkarim20@gmail.com' AIRFLOW_CTX_DAG_OWNER='airflow' AIRFLOW_CTX_DAG_ID='sample_etl' AIRFLOW_CTX_TASK_ID='create_hospital_stats_table' AIRFLOW_CTX_EXECUTION_DATE='2025-05-13T00:00:00+00:00' AIRFLOW_CTX_TRY_NUMBER='1' AIRFLOW_CTX_DAG_RUN_ID='scheduled__2025-05-13T00:00:00+00:00'
[2025-05-14T22:52:38.310+0000] {sql.py:274} INFO - Executing: 
            CREATE TABLE IF NOT EXISTS hospital_stats (
                stat_date DATE PRIMARY KEY,
                total_hospitals INT,
                total_departments INT
            );
        
[2025-05-14T22:52:38.333+0000] {base.py:73} INFO - Using connection ID '***_default' for task execution.
[2025-05-14T22:52:38.341+0000] {base.py:73} INFO - Using connection ID '***_default' for task execution.
[2025-05-14T22:52:38.353+0000] {sql.py:418} INFO - Running statement: 
            CREATE TABLE IF NOT EXISTS hospital_stats (
                stat_date DATE PRIMARY KEY,
                total_hospitals INT,
                total_departments INT
            );
        , parameters: None
[2025-05-14T22:52:38.365+0000] {taskinstance.py:1400} INFO - Marking task as SUCCESS. dag_id=sample_etl, task_id=create_hospital_stats_table, execution_date=20250513T000000, start_date=20250514T225238, end_date=20250514T225238
[2025-05-14T22:52:38.388+0000] {local_task_job_runner.py:228} INFO - Task exited with return code 0
[2025-05-14T22:52:38.434+0000] {taskinstance.py:2778} INFO - 1 downstream tasks scheduled from follow-on schedule check
