[2025-05-14T19:23:58.944+0000] {taskinstance.py:1159} INFO - Dependencies all met for dep_context=non-requeueable deps ti=<TaskInstance: sample_etl.create_department_doctor_counts_table scheduled__2025-05-13T00:00:00+00:00 [queued]>
[2025-05-14T19:23:58.957+0000] {taskinstance.py:1159} INFO - Dependencies all met for dep_context=requeueable deps ti=<TaskInstance: sample_etl.create_department_doctor_counts_table scheduled__2025-05-13T00:00:00+00:00 [queued]>
[2025-05-14T19:23:58.958+0000] {taskinstance.py:1361} INFO - Starting attempt 1 of 3
[2025-05-14T19:23:58.972+0000] {taskinstance.py:1382} INFO - Executing <Task(PostgresOperator): create_department_doctor_counts_table> on 2025-05-13 00:00:00+00:00
[2025-05-14T19:23:58.978+0000] {standard_task_runner.py:57} INFO - Started process 233 to run task
[2025-05-14T19:23:58.989+0000] {standard_task_runner.py:84} INFO - Running: ['airflow', 'tasks', 'run', 'sample_etl', 'create_department_doctor_counts_table', 'scheduled__2025-05-13T00:00:00+00:00', '--job-id', '106', '--raw', '--subdir', 'DAGS_FOLDER/sample_etl.py', '--cfg-path', '/tmp/tmp4id0uzxv']
[2025-05-14T19:23:58.993+0000] {standard_task_runner.py:85} INFO - Job 106: Subtask create_department_doctor_counts_table
[2025-05-14T19:23:59.020+0000] {logging_mixin.py:154} WARNING - /home/airflow/.local/lib/python3.8/site-packages/airflow/settings.py:195 DeprecationWarning: The sql_alchemy_conn option in [core] has been moved to the sql_alchemy_conn option in [database] - the old setting has been used, but please update your config.
[2025-05-14T19:23:59.071+0000] {task_command.py:416} INFO - Running <TaskInstance: sample_etl.create_department_doctor_counts_table scheduled__2025-05-13T00:00:00+00:00 [running]> on host 3dfadb756915
[2025-05-14T19:23:59.207+0000] {taskinstance.py:1662} INFO - Exporting env vars: AIRFLOW_CTX_DAG_EMAIL='taimourabdulkarim20@gmail.com' AIRFLOW_CTX_DAG_OWNER='airflow' AIRFLOW_CTX_DAG_ID='sample_etl' AIRFLOW_CTX_TASK_ID='create_department_doctor_counts_table' AIRFLOW_CTX_EXECUTION_DATE='2025-05-13T00:00:00+00:00' AIRFLOW_CTX_TRY_NUMBER='1' AIRFLOW_CTX_DAG_RUN_ID='scheduled__2025-05-13T00:00:00+00:00'
[2025-05-14T19:23:59.208+0000] {sql.py:274} INFO - Executing: 
            CREATE TABLE IF NOT EXISTS department_doctor_counts (
                stat_date DATE,
                department_id UUID,
                doctor_count INT,
                PRIMARY KEY (stat_date, department_id)
            );
        
[2025-05-14T19:23:59.237+0000] {base.py:73} INFO - Using connection ID '***_default' for task execution.
[2025-05-14T19:23:59.278+0000] {base.py:73} INFO - Using connection ID '***_default' for task execution.
[2025-05-14T19:23:59.293+0000] {sql.py:418} INFO - Running statement: 
            CREATE TABLE IF NOT EXISTS department_doctor_counts (
                stat_date DATE,
                department_id UUID,
                doctor_count INT,
                PRIMARY KEY (stat_date, department_id)
            );
        , parameters: None
[2025-05-14T19:23:59.314+0000] {taskinstance.py:1400} INFO - Marking task as SUCCESS. dag_id=sample_etl, task_id=create_department_doctor_counts_table, execution_date=20250513T000000, start_date=20250514T192358, end_date=20250514T192359
[2025-05-14T19:23:59.347+0000] {local_task_job_runner.py:228} INFO - Task exited with return code 0
[2025-05-14T19:23:59.384+0000] {taskinstance.py:2778} INFO - 1 downstream tasks scheduled from follow-on schedule check
[2025-05-14T22:13:37.635+0000] {taskinstance.py:1159} INFO - Dependencies all met for dep_context=non-requeueable deps ti=<TaskInstance: sample_etl.create_department_doctor_counts_table scheduled__2025-05-13T00:00:00+00:00 [queued]>
[2025-05-14T22:13:37.645+0000] {taskinstance.py:1159} INFO - Dependencies all met for dep_context=requeueable deps ti=<TaskInstance: sample_etl.create_department_doctor_counts_table scheduled__2025-05-13T00:00:00+00:00 [queued]>
[2025-05-14T22:13:37.646+0000] {taskinstance.py:1361} INFO - Starting attempt 1 of 3
[2025-05-14T22:13:37.668+0000] {taskinstance.py:1382} INFO - Executing <Task(PostgresOperator): create_department_doctor_counts_table> on 2025-05-13 00:00:00+00:00
[2025-05-14T22:13:37.675+0000] {standard_task_runner.py:57} INFO - Started process 542 to run task
[2025-05-14T22:13:37.691+0000] {standard_task_runner.py:84} INFO - Running: ['airflow', 'tasks', 'run', 'sample_etl', 'create_department_doctor_counts_table', 'scheduled__2025-05-13T00:00:00+00:00', '--job-id', '78', '--raw', '--subdir', 'DAGS_FOLDER/sample_etl.py', '--cfg-path', '/tmp/tmpqprc77ao']
[2025-05-14T22:13:37.694+0000] {standard_task_runner.py:85} INFO - Job 78: Subtask create_department_doctor_counts_table
[2025-05-14T22:13:37.719+0000] {logging_mixin.py:154} WARNING - /home/airflow/.local/lib/python3.8/site-packages/airflow/settings.py:195 DeprecationWarning: The sql_alchemy_conn option in [core] has been moved to the sql_alchemy_conn option in [database] - the old setting has been used, but please update your config.
[2025-05-14T22:13:37.756+0000] {task_command.py:416} INFO - Running <TaskInstance: sample_etl.create_department_doctor_counts_table scheduled__2025-05-13T00:00:00+00:00 [running]> on host dd657b0ac9c8
[2025-05-14T22:13:37.835+0000] {taskinstance.py:1662} INFO - Exporting env vars: AIRFLOW_CTX_DAG_EMAIL='taimourabdulkarim20@gmail.com' AIRFLOW_CTX_DAG_OWNER='airflow' AIRFLOW_CTX_DAG_ID='sample_etl' AIRFLOW_CTX_TASK_ID='create_department_doctor_counts_table' AIRFLOW_CTX_EXECUTION_DATE='2025-05-13T00:00:00+00:00' AIRFLOW_CTX_TRY_NUMBER='1' AIRFLOW_CTX_DAG_RUN_ID='scheduled__2025-05-13T00:00:00+00:00'
[2025-05-14T22:13:37.836+0000] {sql.py:274} INFO - Executing: 
            CREATE TABLE IF NOT EXISTS department_doctor_counts (
                stat_date DATE,
                department_id UUID,
                doctor_count INT,
                PRIMARY KEY (stat_date, department_id)
            );
        
[2025-05-14T22:13:37.875+0000] {base.py:73} INFO - Using connection ID '***_default' for task execution.
[2025-05-14T22:13:37.883+0000] {base.py:73} INFO - Using connection ID '***_default' for task execution.
[2025-05-14T22:13:37.896+0000] {sql.py:418} INFO - Running statement: 
            CREATE TABLE IF NOT EXISTS department_doctor_counts (
                stat_date DATE,
                department_id UUID,
                doctor_count INT,
                PRIMARY KEY (stat_date, department_id)
            );
        , parameters: None
[2025-05-14T22:13:37.919+0000] {taskinstance.py:1400} INFO - Marking task as SUCCESS. dag_id=sample_etl, task_id=create_department_doctor_counts_table, execution_date=20250513T000000, start_date=20250514T221337, end_date=20250514T221337
[2025-05-14T22:13:37.961+0000] {local_task_job_runner.py:228} INFO - Task exited with return code 0
[2025-05-14T22:13:37.998+0000] {taskinstance.py:2778} INFO - 1 downstream tasks scheduled from follow-on schedule check
[2025-05-14T22:52:40.369+0000] {taskinstance.py:1159} INFO - Dependencies all met for dep_context=non-requeueable deps ti=<TaskInstance: sample_etl.create_department_doctor_counts_table scheduled__2025-05-13T00:00:00+00:00 [queued]>
[2025-05-14T22:52:40.377+0000] {taskinstance.py:1159} INFO - Dependencies all met for dep_context=requeueable deps ti=<TaskInstance: sample_etl.create_department_doctor_counts_table scheduled__2025-05-13T00:00:00+00:00 [queued]>
[2025-05-14T22:52:40.377+0000] {taskinstance.py:1361} INFO - Starting attempt 1 of 3
[2025-05-14T22:52:40.387+0000] {taskinstance.py:1382} INFO - Executing <Task(PostgresOperator): create_department_doctor_counts_table> on 2025-05-13 00:00:00+00:00
[2025-05-14T22:52:40.391+0000] {standard_task_runner.py:57} INFO - Started process 390 to run task
[2025-05-14T22:52:40.394+0000] {standard_task_runner.py:84} INFO - Running: ['airflow', 'tasks', 'run', 'sample_etl', 'create_department_doctor_counts_table', 'scheduled__2025-05-13T00:00:00+00:00', '--job-id', '38', '--raw', '--subdir', 'DAGS_FOLDER/sample_etl.py', '--cfg-path', '/tmp/tmp3a356wr4']
[2025-05-14T22:52:40.397+0000] {standard_task_runner.py:85} INFO - Job 38: Subtask create_department_doctor_counts_table
[2025-05-14T22:52:40.418+0000] {logging_mixin.py:154} WARNING - /home/airflow/.local/lib/python3.8/site-packages/airflow/settings.py:195 DeprecationWarning: The sql_alchemy_conn option in [core] has been moved to the sql_alchemy_conn option in [database] - the old setting has been used, but please update your config.
[2025-05-14T22:52:40.457+0000] {task_command.py:416} INFO - Running <TaskInstance: sample_etl.create_department_doctor_counts_table scheduled__2025-05-13T00:00:00+00:00 [running]> on host dff7001aa755
[2025-05-14T22:52:40.533+0000] {taskinstance.py:1662} INFO - Exporting env vars: AIRFLOW_CTX_DAG_EMAIL='taimourabdulkarim20@gmail.com' AIRFLOW_CTX_DAG_OWNER='airflow' AIRFLOW_CTX_DAG_ID='sample_etl' AIRFLOW_CTX_TASK_ID='create_department_doctor_counts_table' AIRFLOW_CTX_EXECUTION_DATE='2025-05-13T00:00:00+00:00' AIRFLOW_CTX_TRY_NUMBER='1' AIRFLOW_CTX_DAG_RUN_ID='scheduled__2025-05-13T00:00:00+00:00'
[2025-05-14T22:52:40.534+0000] {sql.py:274} INFO - Executing: 
            CREATE TABLE IF NOT EXISTS department_doctor_counts (
                stat_date DATE,
                department_id UUID,
                doctor_count INT,
                PRIMARY KEY (stat_date, department_id)
            );
        
[2025-05-14T22:52:40.559+0000] {base.py:73} INFO - Using connection ID '***_default' for task execution.
[2025-05-14T22:52:40.564+0000] {base.py:73} INFO - Using connection ID '***_default' for task execution.
[2025-05-14T22:52:40.571+0000] {sql.py:418} INFO - Running statement: 
            CREATE TABLE IF NOT EXISTS department_doctor_counts (
                stat_date DATE,
                department_id UUID,
                doctor_count INT,
                PRIMARY KEY (stat_date, department_id)
            );
        , parameters: None
[2025-05-14T22:52:40.583+0000] {taskinstance.py:1400} INFO - Marking task as SUCCESS. dag_id=sample_etl, task_id=create_department_doctor_counts_table, execution_date=20250513T000000, start_date=20250514T225240, end_date=20250514T225240
[2025-05-14T22:52:40.615+0000] {local_task_job_runner.py:228} INFO - Task exited with return code 0
[2025-05-14T22:52:40.653+0000] {taskinstance.py:2778} INFO - 1 downstream tasks scheduled from follow-on schedule check
