[2025-05-15T14:26:11.836+0000] {taskinstance.py:1159} INFO - Dependencies all met for dep_context=non-requeueable deps ti=<TaskInstance: sample_etl.create_weekly_signups_table manual__2025-05-15T14:25:42.970543+00:00 [queued]>
[2025-05-15T14:26:11.852+0000] {taskinstance.py:1159} INFO - Dependencies all met for dep_context=requeueable deps ti=<TaskInstance: sample_etl.create_weekly_signups_table manual__2025-05-15T14:25:42.970543+00:00 [queued]>
[2025-05-15T14:26:11.853+0000] {taskinstance.py:1361} INFO - Starting attempt 1 of 3
[2025-05-15T14:26:11.871+0000] {taskinstance.py:1382} INFO - Executing <Task(PostgresOperator): create_weekly_signups_table> on 2025-05-15 14:25:42.970543+00:00
[2025-05-15T14:26:11.888+0000] {standard_task_runner.py:57} INFO - Started process 3584 to run task
[2025-05-15T14:26:11.904+0000] {standard_task_runner.py:84} INFO - Running: ['airflow', 'tasks', 'run', 'sample_etl', 'create_weekly_signups_table', 'manual__2025-05-15T14:25:42.970543+00:00', '--job-id', '114', '--raw', '--subdir', 'DAGS_FOLDER/sample_etl.py', '--cfg-path', '/tmp/tmpf0hf4q2w']
[2025-05-15T14:26:11.912+0000] {standard_task_runner.py:85} INFO - Job 114: Subtask create_weekly_signups_table
[2025-05-15T14:26:12.053+0000] {logging_mixin.py:154} WARNING - /home/airflow/.local/lib/python3.8/site-packages/airflow/settings.py:195 DeprecationWarning: The sql_alchemy_conn option in [core] has been moved to the sql_alchemy_conn option in [database] - the old setting has been used, but please update your config.
[2025-05-15T14:26:12.202+0000] {task_command.py:416} INFO - Running <TaskInstance: sample_etl.create_weekly_signups_table manual__2025-05-15T14:25:42.970543+00:00 [running]> on host 45eecb73d756
[2025-05-15T14:26:12.448+0000] {taskinstance.py:1662} INFO - Exporting env vars: AIRFLOW_CTX_DAG_EMAIL='taimourabdulkarim20@gmail.com' AIRFLOW_CTX_DAG_OWNER='airflow' AIRFLOW_CTX_DAG_ID='sample_etl' AIRFLOW_CTX_TASK_ID='create_weekly_signups_table' AIRFLOW_CTX_EXECUTION_DATE='2025-05-15T14:25:42.970543+00:00' AIRFLOW_CTX_TRY_NUMBER='1' AIRFLOW_CTX_DAG_RUN_ID='manual__2025-05-15T14:25:42.970543+00:00'
[2025-05-15T14:26:12.450+0000] {sql.py:274} INFO - Executing: 
            CREATE TABLE IF NOT EXISTS weekly_signups (
                week_start DATE PRIMARY KEY,
                user_signups INT
            );
        
[2025-05-15T14:26:12.510+0000] {base.py:73} INFO - Using connection ID '***_default' for task execution.
[2025-05-15T14:26:12.530+0000] {base.py:73} INFO - Using connection ID '***_default' for task execution.
[2025-05-15T14:26:12.548+0000] {sql.py:418} INFO - Running statement: 
            CREATE TABLE IF NOT EXISTS weekly_signups (
                week_start DATE PRIMARY KEY,
                user_signups INT
            );
        , parameters: None
[2025-05-15T14:26:12.584+0000] {taskinstance.py:1400} INFO - Marking task as SUCCESS. dag_id=sample_etl, task_id=create_weekly_signups_table, execution_date=20250515T142542, start_date=20250515T142611, end_date=20250515T142612
[2025-05-15T14:26:12.670+0000] {local_task_job_runner.py:228} INFO - Task exited with return code 0
[2025-05-15T14:26:12.922+0000] {taskinstance.py:2778} INFO - 1 downstream tasks scheduled from follow-on schedule check
