[2025-05-14T19:23:42.920+0000] {taskinstance.py:1159} INFO - Dependencies all met for dep_context=non-requeueable deps ti=<TaskInstance: sample_etl.create_doctor_specialty_table scheduled__2025-05-13T00:00:00+00:00 [queued]>
[2025-05-14T19:23:42.934+0000] {taskinstance.py:1159} INFO - Dependencies all met for dep_context=requeueable deps ti=<TaskInstance: sample_etl.create_doctor_specialty_table scheduled__2025-05-13T00:00:00+00:00 [queued]>
[2025-05-14T19:23:42.935+0000] {taskinstance.py:1361} INFO - Starting attempt 1 of 3
[2025-05-14T19:23:42.963+0000] {taskinstance.py:1382} INFO - Executing <Task(PostgresOperator): create_doctor_specialty_table> on 2025-05-13 00:00:00+00:00
[2025-05-14T19:23:42.975+0000] {standard_task_runner.py:57} INFO - Started process 216 to run task
[2025-05-14T19:23:42.983+0000] {standard_task_runner.py:84} INFO - Running: ['airflow', 'tasks', 'run', 'sample_etl', 'create_doctor_specialty_table', 'scheduled__2025-05-13T00:00:00+00:00', '--job-id', '98', '--raw', '--subdir', 'DAGS_FOLDER/sample_etl.py', '--cfg-path', '/tmp/tmpgsifsr22']
[2025-05-14T19:23:42.988+0000] {standard_task_runner.py:85} INFO - Job 98: Subtask create_doctor_specialty_table
[2025-05-14T19:23:43.020+0000] {logging_mixin.py:154} WARNING - /home/airflow/.local/lib/python3.8/site-packages/airflow/settings.py:195 DeprecationWarning: The sql_alchemy_conn option in [core] has been moved to the sql_alchemy_conn option in [database] - the old setting has been used, but please update your config.
[2025-05-14T19:23:43.065+0000] {task_command.py:416} INFO - Running <TaskInstance: sample_etl.create_doctor_specialty_table scheduled__2025-05-13T00:00:00+00:00 [running]> on host 3dfadb756915
[2025-05-14T19:23:43.155+0000] {taskinstance.py:1662} INFO - Exporting env vars: AIRFLOW_CTX_DAG_EMAIL='taimourabdulkarim20@gmail.com' AIRFLOW_CTX_DAG_OWNER='airflow' AIRFLOW_CTX_DAG_ID='sample_etl' AIRFLOW_CTX_TASK_ID='create_doctor_specialty_table' AIRFLOW_CTX_EXECUTION_DATE='2025-05-13T00:00:00+00:00' AIRFLOW_CTX_TRY_NUMBER='1' AIRFLOW_CTX_DAG_RUN_ID='scheduled__2025-05-13T00:00:00+00:00'
[2025-05-14T19:23:43.157+0000] {sql.py:274} INFO - Executing: 
            CREATE TABLE IF NOT EXISTS doctor_specialty_counts (
                stat_date DATE,
                specialty TEXT,
                doctor_count INT,
                PRIMARY KEY (stat_date, specialty)
            );
        
[2025-05-14T19:23:43.195+0000] {base.py:73} INFO - Using connection ID '***_default' for task execution.
[2025-05-14T19:23:43.203+0000] {base.py:73} INFO - Using connection ID '***_default' for task execution.
[2025-05-14T19:23:43.220+0000] {sql.py:418} INFO - Running statement: 
            CREATE TABLE IF NOT EXISTS doctor_specialty_counts (
                stat_date DATE,
                specialty TEXT,
                doctor_count INT,
                PRIMARY KEY (stat_date, specialty)
            );
        , parameters: None
[2025-05-14T19:23:43.562+0000] {taskinstance.py:1400} INFO - Marking task as SUCCESS. dag_id=sample_etl, task_id=create_doctor_specialty_table, execution_date=20250513T000000, start_date=20250514T192342, end_date=20250514T192343
[2025-05-14T19:23:43.785+0000] {local_task_job_runner.py:228} INFO - Task exited with return code 0
[2025-05-14T19:23:43.987+0000] {taskinstance.py:2778} INFO - 1 downstream tasks scheduled from follow-on schedule check
[2025-05-14T22:13:26.777+0000] {taskinstance.py:1159} INFO - Dependencies all met for dep_context=non-requeueable deps ti=<TaskInstance: sample_etl.create_doctor_specialty_table scheduled__2025-05-13T00:00:00+00:00 [queued]>
[2025-05-14T22:13:26.788+0000] {taskinstance.py:1159} INFO - Dependencies all met for dep_context=requeueable deps ti=<TaskInstance: sample_etl.create_doctor_specialty_table scheduled__2025-05-13T00:00:00+00:00 [queued]>
[2025-05-14T22:13:26.789+0000] {taskinstance.py:1361} INFO - Starting attempt 1 of 3
[2025-05-14T22:13:26.799+0000] {taskinstance.py:1382} INFO - Executing <Task(PostgresOperator): create_doctor_specialty_table> on 2025-05-13 00:00:00+00:00
[2025-05-14T22:13:26.804+0000] {standard_task_runner.py:57} INFO - Started process 521 to run task
[2025-05-14T22:13:26.808+0000] {standard_task_runner.py:84} INFO - Running: ['airflow', 'tasks', 'run', 'sample_etl', 'create_doctor_specialty_table', 'scheduled__2025-05-13T00:00:00+00:00', '--job-id', '70', '--raw', '--subdir', 'DAGS_FOLDER/sample_etl.py', '--cfg-path', '/tmp/tmpngx5wdw8']
[2025-05-14T22:13:26.810+0000] {standard_task_runner.py:85} INFO - Job 70: Subtask create_doctor_specialty_table
[2025-05-14T22:13:26.831+0000] {logging_mixin.py:154} WARNING - /home/airflow/.local/lib/python3.8/site-packages/airflow/settings.py:195 DeprecationWarning: The sql_alchemy_conn option in [core] has been moved to the sql_alchemy_conn option in [database] - the old setting has been used, but please update your config.
[2025-05-14T22:13:26.871+0000] {task_command.py:416} INFO - Running <TaskInstance: sample_etl.create_doctor_specialty_table scheduled__2025-05-13T00:00:00+00:00 [running]> on host dd657b0ac9c8
[2025-05-14T22:13:26.943+0000] {taskinstance.py:1662} INFO - Exporting env vars: AIRFLOW_CTX_DAG_EMAIL='taimourabdulkarim20@gmail.com' AIRFLOW_CTX_DAG_OWNER='airflow' AIRFLOW_CTX_DAG_ID='sample_etl' AIRFLOW_CTX_TASK_ID='create_doctor_specialty_table' AIRFLOW_CTX_EXECUTION_DATE='2025-05-13T00:00:00+00:00' AIRFLOW_CTX_TRY_NUMBER='1' AIRFLOW_CTX_DAG_RUN_ID='scheduled__2025-05-13T00:00:00+00:00'
[2025-05-14T22:13:26.944+0000] {sql.py:274} INFO - Executing: 
            CREATE TABLE IF NOT EXISTS doctor_specialty_counts (
                stat_date DATE,
                specialty TEXT,
                doctor_count INT,
                PRIMARY KEY (stat_date, specialty)
            );
        
[2025-05-14T22:13:26.978+0000] {base.py:73} INFO - Using connection ID '***_default' for task execution.
[2025-05-14T22:13:26.987+0000] {base.py:73} INFO - Using connection ID '***_default' for task execution.
[2025-05-14T22:13:26.995+0000] {sql.py:418} INFO - Running statement: 
            CREATE TABLE IF NOT EXISTS doctor_specialty_counts (
                stat_date DATE,
                specialty TEXT,
                doctor_count INT,
                PRIMARY KEY (stat_date, specialty)
            );
        , parameters: None
[2025-05-14T22:13:27.008+0000] {taskinstance.py:1400} INFO - Marking task as SUCCESS. dag_id=sample_etl, task_id=create_doctor_specialty_table, execution_date=20250513T000000, start_date=20250514T221326, end_date=20250514T221327
[2025-05-14T22:13:27.037+0000] {local_task_job_runner.py:228} INFO - Task exited with return code 0
[2025-05-14T22:13:27.070+0000] {taskinstance.py:2778} INFO - 1 downstream tasks scheduled from follow-on schedule check
[2025-05-14T22:52:30.342+0000] {taskinstance.py:1159} INFO - Dependencies all met for dep_context=non-requeueable deps ti=<TaskInstance: sample_etl.create_doctor_specialty_table scheduled__2025-05-13T00:00:00+00:00 [queued]>
[2025-05-14T22:52:30.366+0000] {taskinstance.py:1159} INFO - Dependencies all met for dep_context=requeueable deps ti=<TaskInstance: sample_etl.create_doctor_specialty_table scheduled__2025-05-13T00:00:00+00:00 [queued]>
[2025-05-14T22:52:30.367+0000] {taskinstance.py:1361} INFO - Starting attempt 1 of 3
[2025-05-14T22:52:30.386+0000] {taskinstance.py:1382} INFO - Executing <Task(PostgresOperator): create_doctor_specialty_table> on 2025-05-13 00:00:00+00:00
[2025-05-14T22:52:30.393+0000] {standard_task_runner.py:57} INFO - Started process 374 to run task
[2025-05-14T22:52:30.412+0000] {standard_task_runner.py:84} INFO - Running: ['airflow', 'tasks', 'run', 'sample_etl', 'create_doctor_specialty_table', 'scheduled__2025-05-13T00:00:00+00:00', '--job-id', '30', '--raw', '--subdir', 'DAGS_FOLDER/sample_etl.py', '--cfg-path', '/tmp/tmp9ulo6myy']
[2025-05-14T22:52:30.420+0000] {standard_task_runner.py:85} INFO - Job 30: Subtask create_doctor_specialty_table
[2025-05-14T22:52:30.459+0000] {logging_mixin.py:154} WARNING - /home/airflow/.local/lib/python3.8/site-packages/airflow/settings.py:195 DeprecationWarning: The sql_alchemy_conn option in [core] has been moved to the sql_alchemy_conn option in [database] - the old setting has been used, but please update your config.
[2025-05-14T22:52:30.527+0000] {task_command.py:416} INFO - Running <TaskInstance: sample_etl.create_doctor_specialty_table scheduled__2025-05-13T00:00:00+00:00 [running]> on host dff7001aa755
[2025-05-14T22:52:30.630+0000] {taskinstance.py:1662} INFO - Exporting env vars: AIRFLOW_CTX_DAG_EMAIL='taimourabdulkarim20@gmail.com' AIRFLOW_CTX_DAG_OWNER='airflow' AIRFLOW_CTX_DAG_ID='sample_etl' AIRFLOW_CTX_TASK_ID='create_doctor_specialty_table' AIRFLOW_CTX_EXECUTION_DATE='2025-05-13T00:00:00+00:00' AIRFLOW_CTX_TRY_NUMBER='1' AIRFLOW_CTX_DAG_RUN_ID='scheduled__2025-05-13T00:00:00+00:00'
[2025-05-14T22:52:30.632+0000] {sql.py:274} INFO - Executing: 
            CREATE TABLE IF NOT EXISTS doctor_specialty_counts (
                stat_date DATE,
                specialty TEXT,
                doctor_count INT,
                PRIMARY KEY (stat_date, specialty)
            );
        
[2025-05-14T22:52:30.671+0000] {base.py:73} INFO - Using connection ID '***_default' for task execution.
[2025-05-14T22:52:30.677+0000] {base.py:73} INFO - Using connection ID '***_default' for task execution.
[2025-05-14T22:52:30.689+0000] {sql.py:418} INFO - Running statement: 
            CREATE TABLE IF NOT EXISTS doctor_specialty_counts (
                stat_date DATE,
                specialty TEXT,
                doctor_count INT,
                PRIMARY KEY (stat_date, specialty)
            );
        , parameters: None
[2025-05-14T22:52:30.702+0000] {taskinstance.py:1400} INFO - Marking task as SUCCESS. dag_id=sample_etl, task_id=create_doctor_specialty_table, execution_date=20250513T000000, start_date=20250514T225230, end_date=20250514T225230
[2025-05-14T22:52:30.718+0000] {local_task_job_runner.py:228} INFO - Task exited with return code 0
[2025-05-14T22:52:30.754+0000] {taskinstance.py:2778} INFO - 1 downstream tasks scheduled from follow-on schedule check
