[2025-05-14T19:56:39.214+0000] {taskinstance.py:1159} INFO - Dependencies all met for dep_context=non-requeueable deps ti=<TaskInstance: sample_etl.aggregate_doctor_specialty manual__2025-05-14T19:56:30.648742+00:00 [queued]>
[2025-05-14T19:56:39.221+0000] {taskinstance.py:1159} INFO - Dependencies all met for dep_context=requeueable deps ti=<TaskInstance: sample_etl.aggregate_doctor_specialty manual__2025-05-14T19:56:30.648742+00:00 [queued]>
[2025-05-14T19:56:39.221+0000] {taskinstance.py:1361} INFO - Starting attempt 1 of 3
[2025-05-14T19:56:39.230+0000] {taskinstance.py:1382} INFO - Executing <Task(PostgresOperator): aggregate_doctor_specialty> on 2025-05-14 19:56:30.648742+00:00
[2025-05-14T19:56:39.233+0000] {standard_task_runner.py:57} INFO - Started process 229 to run task
[2025-05-14T19:56:39.237+0000] {standard_task_runner.py:84} INFO - Running: ['airflow', 'tasks', 'run', 'sample_etl', 'aggregate_doctor_specialty', 'manual__2025-05-14T19:56:30.648742+00:00', '--job-id', '165', '--raw', '--subdir', 'DAGS_FOLDER/sample_etl.py', '--cfg-path', '/tmp/tmp4fteqhci']
[2025-05-14T19:56:39.240+0000] {standard_task_runner.py:85} INFO - Job 165: Subtask aggregate_doctor_specialty
[2025-05-14T19:56:39.258+0000] {logging_mixin.py:154} WARNING - /home/airflow/.local/lib/python3.8/site-packages/airflow/settings.py:195 DeprecationWarning: The sql_alchemy_conn option in [core] has been moved to the sql_alchemy_conn option in [database] - the old setting has been used, but please update your config.
[2025-05-14T19:56:39.288+0000] {task_command.py:416} INFO - Running <TaskInstance: sample_etl.aggregate_doctor_specialty manual__2025-05-14T19:56:30.648742+00:00 [running]> on host 9fe39872fea7
[2025-05-14T19:56:39.357+0000] {taskinstance.py:1662} INFO - Exporting env vars: AIRFLOW_CTX_DAG_EMAIL='taimourabdulkarim20@gmail.com' AIRFLOW_CTX_DAG_OWNER='airflow' AIRFLOW_CTX_DAG_ID='sample_etl' AIRFLOW_CTX_TASK_ID='aggregate_doctor_specialty' AIRFLOW_CTX_EXECUTION_DATE='2025-05-14T19:56:30.648742+00:00' AIRFLOW_CTX_TRY_NUMBER='1' AIRFLOW_CTX_DAG_RUN_ID='manual__2025-05-14T19:56:30.648742+00:00'
[2025-05-14T19:56:39.357+0000] {sql.py:274} INFO - Executing: 
            INSERT INTO doctor_specialty_counts (stat_date, specialty, doctor_count)
            SELECT
                CURRENT_DATE,
                specialty,
                COUNT(*)
            FROM doctors
            GROUP BY specialty
            ON CONFLICT (stat_date, specialty) DO UPDATE
            SET doctor_count = EXCLUDED.doctor_count;
        
[2025-05-14T19:56:39.376+0000] {base.py:73} INFO - Using connection ID '***_default' for task execution.
[2025-05-14T19:56:39.380+0000] {base.py:73} INFO - Using connection ID '***_default' for task execution.
[2025-05-14T19:56:39.388+0000] {sql.py:418} INFO - Running statement: 
            INSERT INTO doctor_specialty_counts (stat_date, specialty, doctor_count)
            SELECT
                CURRENT_DATE,
                specialty,
                COUNT(*)
            FROM doctors
            GROUP BY specialty
            ON CONFLICT (stat_date, specialty) DO UPDATE
            SET doctor_count = EXCLUDED.doctor_count;
        , parameters: None
[2025-05-14T19:56:39.391+0000] {sql.py:427} INFO - Rows affected: 3
[2025-05-14T19:56:39.402+0000] {taskinstance.py:1400} INFO - Marking task as SUCCESS. dag_id=sample_etl, task_id=aggregate_doctor_specialty, execution_date=20250514T195630, start_date=20250514T195639, end_date=20250514T195639
[2025-05-14T19:56:39.426+0000] {local_task_job_runner.py:228} INFO - Task exited with return code 0
[2025-05-14T19:56:39.453+0000] {taskinstance.py:2778} INFO - 1 downstream tasks scheduled from follow-on schedule check
