[2025-05-15T14:26:04.007+0000] {taskinstance.py:1159} INFO - Dependencies all met for dep_context=non-requeueable deps ti=<TaskInstance: sample_etl.create_doctor_specialty_table manual__2025-05-15T14:25:42.970543+00:00 [queued]>
[2025-05-15T14:26:04.024+0000] {taskinstance.py:1159} INFO - Dependencies all met for dep_context=requeueable deps ti=<TaskInstance: sample_etl.create_doctor_specialty_table manual__2025-05-15T14:25:42.970543+00:00 [queued]>
[2025-05-15T14:26:04.026+0000] {taskinstance.py:1361} INFO - Starting attempt 1 of 3
[2025-05-15T14:26:04.044+0000] {taskinstance.py:1382} INFO - Executing <Task(PostgresOperator): create_doctor_specialty_table> on 2025-05-15 14:25:42.970543+00:00
[2025-05-15T14:26:04.051+0000] {standard_task_runner.py:57} INFO - Started process 3576 to run task
[2025-05-15T14:26:04.066+0000] {standard_task_runner.py:84} INFO - Running: ['airflow', 'tasks', 'run', 'sample_etl', 'create_doctor_specialty_table', 'manual__2025-05-15T14:25:42.970543+00:00', '--job-id', '110', '--raw', '--subdir', 'DAGS_FOLDER/sample_etl.py', '--cfg-path', '/tmp/tmpld8fdglg']
[2025-05-15T14:26:04.070+0000] {standard_task_runner.py:85} INFO - Job 110: Subtask create_doctor_specialty_table
[2025-05-15T14:26:04.100+0000] {logging_mixin.py:154} WARNING - /home/airflow/.local/lib/python3.8/site-packages/airflow/settings.py:195 DeprecationWarning: The sql_alchemy_conn option in [core] has been moved to the sql_alchemy_conn option in [database] - the old setting has been used, but please update your config.
[2025-05-15T14:26:04.147+0000] {task_command.py:416} INFO - Running <TaskInstance: sample_etl.create_doctor_specialty_table manual__2025-05-15T14:25:42.970543+00:00 [running]> on host 45eecb73d756
[2025-05-15T14:26:04.264+0000] {taskinstance.py:1662} INFO - Exporting env vars: AIRFLOW_CTX_DAG_EMAIL='taimourabdulkarim20@gmail.com' AIRFLOW_CTX_DAG_OWNER='airflow' AIRFLOW_CTX_DAG_ID='sample_etl' AIRFLOW_CTX_TASK_ID='create_doctor_specialty_table' AIRFLOW_CTX_EXECUTION_DATE='2025-05-15T14:25:42.970543+00:00' AIRFLOW_CTX_TRY_NUMBER='1' AIRFLOW_CTX_DAG_RUN_ID='manual__2025-05-15T14:25:42.970543+00:00'
[2025-05-15T14:26:04.265+0000] {sql.py:274} INFO - Executing: 
            CREATE TABLE IF NOT EXISTS doctor_specialty_counts (
                stat_date DATE,
                specialty TEXT,
                doctor_count INT,
                PRIMARY KEY (stat_date, specialty)
            );
        
[2025-05-15T14:26:04.304+0000] {base.py:73} INFO - Using connection ID '***_default' for task execution.
[2025-05-15T14:26:04.311+0000] {base.py:73} INFO - Using connection ID '***_default' for task execution.
[2025-05-15T14:26:04.324+0000] {sql.py:418} INFO - Running statement: 
            CREATE TABLE IF NOT EXISTS doctor_specialty_counts (
                stat_date DATE,
                specialty TEXT,
                doctor_count INT,
                PRIMARY KEY (stat_date, specialty)
            );
        , parameters: None
[2025-05-15T14:26:04.343+0000] {taskinstance.py:1400} INFO - Marking task as SUCCESS. dag_id=sample_etl, task_id=create_doctor_specialty_table, execution_date=20250515T142542, start_date=20250515T142604, end_date=20250515T142604
[2025-05-15T14:26:04.375+0000] {local_task_job_runner.py:228} INFO - Task exited with return code 0
[2025-05-15T14:26:04.464+0000] {taskinstance.py:2778} INFO - 1 downstream tasks scheduled from follow-on schedule check
