[2025-05-14T19:23:37.868+0000] {taskinstance.py:1159} INFO - Dependencies all met for dep_context=non-requeueable deps ti=<TaskInstance: sample_etl.create_table scheduled__2025-05-13T00:00:00+00:00 [queued]>
[2025-05-14T19:23:37.878+0000] {taskinstance.py:1159} INFO - Dependencies all met for dep_context=requeueable deps ti=<TaskInstance: sample_etl.create_table scheduled__2025-05-13T00:00:00+00:00 [queued]>
[2025-05-14T19:23:37.878+0000] {taskinstance.py:1361} INFO - Starting attempt 1 of 3
[2025-05-14T19:23:37.894+0000] {taskinstance.py:1382} INFO - Executing <Task(PostgresOperator): create_table> on 2025-05-13 00:00:00+00:00
[2025-05-14T19:23:37.898+0000] {standard_task_runner.py:57} INFO - Started process 201 to run task
[2025-05-14T19:23:37.903+0000] {standard_task_runner.py:84} INFO - Running: ['airflow', 'tasks', 'run', 'sample_etl', 'create_table', 'scheduled__2025-05-13T00:00:00+00:00', '--job-id', '94', '--raw', '--subdir', 'DAGS_FOLDER/sample_etl.py', '--cfg-path', '/tmp/tmp1n2f6b78']
[2025-05-14T19:23:37.907+0000] {standard_task_runner.py:85} INFO - Job 94: Subtask create_table
[2025-05-14T19:23:37.935+0000] {logging_mixin.py:154} WARNING - /home/airflow/.local/lib/python3.8/site-packages/airflow/settings.py:195 DeprecationWarning: The sql_alchemy_conn option in [core] has been moved to the sql_alchemy_conn option in [database] - the old setting has been used, but please update your config.
[2025-05-14T19:23:38.002+0000] {task_command.py:416} INFO - Running <TaskInstance: sample_etl.create_table scheduled__2025-05-13T00:00:00+00:00 [running]> on host 3dfadb756915
[2025-05-14T19:23:38.122+0000] {taskinstance.py:1662} INFO - Exporting env vars: AIRFLOW_CTX_DAG_EMAIL='taimourabdulkarim20@gmail.com' AIRFLOW_CTX_DAG_OWNER='airflow' AIRFLOW_CTX_DAG_ID='sample_etl' AIRFLOW_CTX_TASK_ID='create_table' AIRFLOW_CTX_EXECUTION_DATE='2025-05-13T00:00:00+00:00' AIRFLOW_CTX_TRY_NUMBER='1' AIRFLOW_CTX_DAG_RUN_ID='scheduled__2025-05-13T00:00:00+00:00'
[2025-05-14T19:23:38.123+0000] {sql.py:274} INFO - Executing: 
            CREATE TABLE IF NOT EXISTS etl_stats (
                id SERIAL PRIMARY KEY,
                run_date DATE,
                doctor_count INT
            );
        
[2025-05-14T19:23:38.167+0000] {base.py:73} INFO - Using connection ID '***_default' for task execution.
[2025-05-14T19:23:38.185+0000] {base.py:73} INFO - Using connection ID '***_default' for task execution.
[2025-05-14T19:23:38.194+0000] {sql.py:418} INFO - Running statement: 
            CREATE TABLE IF NOT EXISTS etl_stats (
                id SERIAL PRIMARY KEY,
                run_date DATE,
                doctor_count INT
            );
        , parameters: None
[2025-05-14T19:23:38.214+0000] {taskinstance.py:1400} INFO - Marking task as SUCCESS. dag_id=sample_etl, task_id=create_table, execution_date=20250513T000000, start_date=20250514T192337, end_date=20250514T192338
[2025-05-14T19:23:38.255+0000] {local_task_job_runner.py:228} INFO - Task exited with return code 0
[2025-05-14T19:23:38.294+0000] {taskinstance.py:2778} INFO - 1 downstream tasks scheduled from follow-on schedule check
[2025-05-14T21:47:53.813+0000] {taskinstance.py:1159} INFO - Dependencies all met for dep_context=non-requeueable deps ti=<TaskInstance: sample_etl.create_table scheduled__2025-05-13T00:00:00+00:00 [queued]>
[2025-05-14T21:47:53.824+0000] {taskinstance.py:1159} INFO - Dependencies all met for dep_context=requeueable deps ti=<TaskInstance: sample_etl.create_table scheduled__2025-05-13T00:00:00+00:00 [queued]>
[2025-05-14T21:47:53.824+0000] {taskinstance.py:1361} INFO - Starting attempt 1 of 3
[2025-05-14T21:47:53.840+0000] {taskinstance.py:1382} INFO - Executing <Task(PostgresOperator): create_table> on 2025-05-13 00:00:00+00:00
[2025-05-14T21:47:53.852+0000] {standard_task_runner.py:57} INFO - Started process 349 to run task
[2025-05-14T21:47:53.859+0000] {standard_task_runner.py:84} INFO - Running: ['airflow', 'tasks', 'run', 'sample_etl', 'create_table', 'scheduled__2025-05-13T00:00:00+00:00', '--job-id', '7', '--raw', '--subdir', 'DAGS_FOLDER/sample_etl.py', '--cfg-path', '/tmp/tmp9akvvuzv']
[2025-05-14T21:47:53.862+0000] {standard_task_runner.py:85} INFO - Job 7: Subtask create_table
[2025-05-14T21:47:53.887+0000] {logging_mixin.py:154} WARNING - /home/airflow/.local/lib/python3.8/site-packages/airflow/settings.py:195 DeprecationWarning: The sql_alchemy_conn option in [core] has been moved to the sql_alchemy_conn option in [database] - the old setting has been used, but please update your config.
[2025-05-14T21:47:53.928+0000] {task_command.py:416} INFO - Running <TaskInstance: sample_etl.create_table scheduled__2025-05-13T00:00:00+00:00 [running]> on host 6cf6e5bc95cc
[2025-05-14T21:47:54.019+0000] {taskinstance.py:1662} INFO - Exporting env vars: AIRFLOW_CTX_DAG_EMAIL='taimourabdulkarim20@gmail.com' AIRFLOW_CTX_DAG_OWNER='airflow' AIRFLOW_CTX_DAG_ID='sample_etl' AIRFLOW_CTX_TASK_ID='create_table' AIRFLOW_CTX_EXECUTION_DATE='2025-05-13T00:00:00+00:00' AIRFLOW_CTX_TRY_NUMBER='1' AIRFLOW_CTX_DAG_RUN_ID='scheduled__2025-05-13T00:00:00+00:00'
[2025-05-14T21:47:54.020+0000] {sql.py:274} INFO - Executing: 
            CREATE TABLE IF NOT EXISTS etl_stats (
                id SERIAL PRIMARY KEY,
                run_date DATE,
                doctor_count INT
            );
        
[2025-05-14T21:47:54.165+0000] {base.py:73} INFO - Using connection ID '***_default' for task execution.
[2025-05-14T21:47:54.176+0000] {base.py:73} INFO - Using connection ID '***_default' for task execution.
[2025-05-14T21:47:54.200+0000] {sql.py:418} INFO - Running statement: 
            CREATE TABLE IF NOT EXISTS etl_stats (
                id SERIAL PRIMARY KEY,
                run_date DATE,
                doctor_count INT
            );
        , parameters: None
[2025-05-14T21:47:54.235+0000] {taskinstance.py:1400} INFO - Marking task as SUCCESS. dag_id=sample_etl, task_id=create_table, execution_date=20250513T000000, start_date=20250514T214753, end_date=20250514T214754
[2025-05-14T21:47:54.286+0000] {local_task_job_runner.py:228} INFO - Task exited with return code 0
[2025-05-14T21:47:54.343+0000] {taskinstance.py:2778} INFO - 1 downstream tasks scheduled from follow-on schedule check
[2025-05-14T22:08:20.299+0000] {taskinstance.py:1159} INFO - Dependencies all met for dep_context=non-requeueable deps ti=<TaskInstance: sample_etl.create_table scheduled__2025-05-13T00:00:00+00:00 [queued]>
[2025-05-14T22:08:20.308+0000] {taskinstance.py:1159} INFO - Dependencies all met for dep_context=requeueable deps ti=<TaskInstance: sample_etl.create_table scheduled__2025-05-13T00:00:00+00:00 [queued]>
[2025-05-14T22:08:20.309+0000] {taskinstance.py:1361} INFO - Starting attempt 1 of 3
[2025-05-14T22:08:20.323+0000] {taskinstance.py:1382} INFO - Executing <Task(PostgresOperator): create_table> on 2025-05-13 00:00:00+00:00
[2025-05-14T22:08:20.332+0000] {standard_task_runner.py:57} INFO - Started process 227 to run task
[2025-05-14T22:08:20.335+0000] {standard_task_runner.py:84} INFO - Running: ['airflow', 'tasks', 'run', 'sample_etl', 'create_table', 'scheduled__2025-05-13T00:00:00+00:00', '--job-id', '8', '--raw', '--subdir', 'DAGS_FOLDER/sample_etl.py', '--cfg-path', '/tmp/tmpdbupf_fk']
[2025-05-14T22:08:20.337+0000] {standard_task_runner.py:85} INFO - Job 8: Subtask create_table
[2025-05-14T22:08:20.364+0000] {logging_mixin.py:154} WARNING - /home/airflow/.local/lib/python3.8/site-packages/airflow/settings.py:195 DeprecationWarning: The sql_alchemy_conn option in [core] has been moved to the sql_alchemy_conn option in [database] - the old setting has been used, but please update your config.
[2025-05-14T22:08:20.430+0000] {task_command.py:416} INFO - Running <TaskInstance: sample_etl.create_table scheduled__2025-05-13T00:00:00+00:00 [running]> on host dd657b0ac9c8
[2025-05-14T22:08:20.516+0000] {taskinstance.py:1662} INFO - Exporting env vars: AIRFLOW_CTX_DAG_EMAIL='taimourabdulkarim20@gmail.com' AIRFLOW_CTX_DAG_OWNER='airflow' AIRFLOW_CTX_DAG_ID='sample_etl' AIRFLOW_CTX_TASK_ID='create_table' AIRFLOW_CTX_EXECUTION_DATE='2025-05-13T00:00:00+00:00' AIRFLOW_CTX_TRY_NUMBER='1' AIRFLOW_CTX_DAG_RUN_ID='scheduled__2025-05-13T00:00:00+00:00'
[2025-05-14T22:08:20.516+0000] {sql.py:274} INFO - Executing: 
            CREATE TABLE IF NOT EXISTS etl_stats (
                id SERIAL PRIMARY KEY,
                run_date DATE UNIQUE,
                doctor_count INT
            );
        
[2025-05-14T22:08:20.565+0000] {base.py:73} INFO - Using connection ID '***_default' for task execution.
[2025-05-14T22:08:20.575+0000] {base.py:73} INFO - Using connection ID '***_default' for task execution.
[2025-05-14T22:08:20.583+0000] {sql.py:418} INFO - Running statement: 
            CREATE TABLE IF NOT EXISTS etl_stats (
                id SERIAL PRIMARY KEY,
                run_date DATE UNIQUE,
                doctor_count INT
            );
        , parameters: None
[2025-05-14T22:08:20.594+0000] {taskinstance.py:1937} ERROR - Task failed with exception
Traceback (most recent call last):
  File "/home/airflow/.local/lib/python3.8/site-packages/airflow/providers/common/sql/operators/sql.py", line 280, in execute
    output = hook.run(
  File "/home/airflow/.local/lib/python3.8/site-packages/airflow/providers/common/sql/hooks/sql.py", line 392, in run
    self._run_command(cur, sql_statement, parameters)
  File "/home/airflow/.local/lib/python3.8/site-packages/airflow/providers/common/sql/hooks/sql.py", line 423, in _run_command
    cur.execute(sql_statement)
psycopg2.errors.UniqueViolation: duplicate key value violates unique constraint "pg_class_relname_nsp_index"
DETAIL:  Key (relname, relnamespace)=(etl_stats_id_seq, 2200) already exists.

[2025-05-14T22:08:20.611+0000] {taskinstance.py:1400} INFO - Marking task as UP_FOR_RETRY. dag_id=sample_etl, task_id=create_table, execution_date=20250513T000000, start_date=20250514T220820, end_date=20250514T220820
[2025-05-14T22:08:20.630+0000] {logging_mixin.py:154} WARNING - /home/airflow/.local/lib/python3.8/site-packages/airflow/utils/email.py:154 RemovedInAirflow3Warning: Fetching SMTP credentials from configuration variables will be deprecated in a future release. Please set credentials using a connection instead.
[2025-05-14T22:08:20.631+0000] {email.py:270} INFO - Email alerting: attempt 1
[2025-05-14T22:08:22.137+0000] {email.py:281} INFO - Sent an alert email to ['taimourabdulkarim20@gmail.com']
[2025-05-14T22:08:23.500+0000] {standard_task_runner.py:104} ERROR - Failed to execute job 8 for task create_table (duplicate key value violates unique constraint "pg_class_relname_nsp_index"
DETAIL:  Key (relname, relnamespace)=(etl_stats_id_seq, 2200) already exists.
; 227)
[2025-05-14T22:08:23.544+0000] {local_task_job_runner.py:228} INFO - Task exited with return code 1
[2025-05-14T22:08:23.594+0000] {taskinstance.py:2778} INFO - 0 downstream tasks scheduled from follow-on schedule check
[2025-05-14T22:29:38.705+0000] {taskinstance.py:1159} INFO - Dependencies all met for dep_context=non-requeueable deps ti=<TaskInstance: sample_etl.create_table scheduled__2025-05-13T00:00:00+00:00 [queued]>
[2025-05-14T22:29:38.722+0000] {taskinstance.py:1159} INFO - Dependencies all met for dep_context=requeueable deps ti=<TaskInstance: sample_etl.create_table scheduled__2025-05-13T00:00:00+00:00 [queued]>
[2025-05-14T22:29:38.725+0000] {taskinstance.py:1361} INFO - Starting attempt 1 of 3
[2025-05-14T22:29:38.747+0000] {taskinstance.py:1382} INFO - Executing <Task(PostgresOperator): create_table> on 2025-05-13 00:00:00+00:00
[2025-05-14T22:29:38.753+0000] {standard_task_runner.py:57} INFO - Started process 238 to run task
[2025-05-14T22:29:38.758+0000] {standard_task_runner.py:84} INFO - Running: ['airflow', 'tasks', 'run', 'sample_etl', 'create_table', 'scheduled__2025-05-13T00:00:00+00:00', '--job-id', '8', '--raw', '--subdir', 'DAGS_FOLDER/sample_etl.py', '--cfg-path', '/tmp/tmp3a5atx_s']
[2025-05-14T22:29:38.761+0000] {standard_task_runner.py:85} INFO - Job 8: Subtask create_table
[2025-05-14T22:29:38.793+0000] {logging_mixin.py:154} WARNING - /home/airflow/.local/lib/python3.8/site-packages/airflow/settings.py:195 DeprecationWarning: The sql_alchemy_conn option in [core] has been moved to the sql_alchemy_conn option in [database] - the old setting has been used, but please update your config.
[2025-05-14T22:29:38.836+0000] {task_command.py:416} INFO - Running <TaskInstance: sample_etl.create_table scheduled__2025-05-13T00:00:00+00:00 [running]> on host fb68c317c0a1
[2025-05-14T22:29:38.913+0000] {taskinstance.py:1662} INFO - Exporting env vars: AIRFLOW_CTX_DAG_EMAIL='taimourabdulkarim20@gmail.com' AIRFLOW_CTX_DAG_OWNER='airflow' AIRFLOW_CTX_DAG_ID='sample_etl' AIRFLOW_CTX_TASK_ID='create_table' AIRFLOW_CTX_EXECUTION_DATE='2025-05-13T00:00:00+00:00' AIRFLOW_CTX_TRY_NUMBER='1' AIRFLOW_CTX_DAG_RUN_ID='scheduled__2025-05-13T00:00:00+00:00'
[2025-05-14T22:29:38.915+0000] {sql.py:274} INFO - Executing: 
            CREATE TABLE IF NOT EXISTS etl_stats (
                id SERIAL PRIMARY KEY,
                run_date DATE UNIQUE,
                doctor_count INT
            );
        
[2025-05-14T22:29:38.998+0000] {base.py:73} INFO - Using connection ID '***_default' for task execution.
[2025-05-14T22:29:39.009+0000] {base.py:73} INFO - Using connection ID '***_default' for task execution.
[2025-05-14T22:29:39.024+0000] {sql.py:418} INFO - Running statement: 
            CREATE TABLE IF NOT EXISTS etl_stats (
                id SERIAL PRIMARY KEY,
                run_date DATE UNIQUE,
                doctor_count INT
            );
        , parameters: None
[2025-05-14T22:29:39.057+0000] {taskinstance.py:1937} ERROR - Task failed with exception
Traceback (most recent call last):
  File "/home/airflow/.local/lib/python3.8/site-packages/airflow/providers/common/sql/operators/sql.py", line 280, in execute
    output = hook.run(
  File "/home/airflow/.local/lib/python3.8/site-packages/airflow/providers/common/sql/hooks/sql.py", line 392, in run
    self._run_command(cur, sql_statement, parameters)
  File "/home/airflow/.local/lib/python3.8/site-packages/airflow/providers/common/sql/hooks/sql.py", line 423, in _run_command
    cur.execute(sql_statement)
psycopg2.errors.UniqueViolation: duplicate key value violates unique constraint "pg_class_relname_nsp_index"
DETAIL:  Key (relname, relnamespace)=(etl_stats_id_seq, 2200) already exists.

[2025-05-14T22:29:39.083+0000] {taskinstance.py:1400} INFO - Marking task as UP_FOR_RETRY. dag_id=sample_etl, task_id=create_table, execution_date=20250513T000000, start_date=20250514T222938, end_date=20250514T222939
[2025-05-14T22:29:39.107+0000] {logging_mixin.py:154} WARNING - /home/airflow/.local/lib/python3.8/site-packages/airflow/utils/email.py:154 RemovedInAirflow3Warning: Fetching SMTP credentials from configuration variables will be deprecated in a future release. Please set credentials using a connection instead.
[2025-05-14T22:29:39.108+0000] {email.py:270} INFO - Email alerting: attempt 1
[2025-05-14T22:29:40.522+0000] {email.py:281} INFO - Sent an alert email to ['taimourabdulkarim20@gmail.com']
[2025-05-14T22:29:41.968+0000] {standard_task_runner.py:104} ERROR - Failed to execute job 8 for task create_table (duplicate key value violates unique constraint "pg_class_relname_nsp_index"
DETAIL:  Key (relname, relnamespace)=(etl_stats_id_seq, 2200) already exists.
; 238)
[2025-05-14T22:29:42.015+0000] {local_task_job_runner.py:228} INFO - Task exited with return code 1
[2025-05-14T22:29:42.079+0000] {taskinstance.py:2778} INFO - 0 downstream tasks scheduled from follow-on schedule check
[2025-05-14T22:47:22.777+0000] {taskinstance.py:1159} INFO - Dependencies all met for dep_context=non-requeueable deps ti=<TaskInstance: sample_etl.create_table scheduled__2025-05-13T00:00:00+00:00 [queued]>
[2025-05-14T22:47:22.788+0000] {taskinstance.py:1159} INFO - Dependencies all met for dep_context=requeueable deps ti=<TaskInstance: sample_etl.create_table scheduled__2025-05-13T00:00:00+00:00 [queued]>
[2025-05-14T22:47:22.789+0000] {taskinstance.py:1361} INFO - Starting attempt 1 of 3
[2025-05-14T22:47:22.802+0000] {taskinstance.py:1382} INFO - Executing <Task(PostgresOperator): create_table> on 2025-05-13 00:00:00+00:00
[2025-05-14T22:47:22.816+0000] {standard_task_runner.py:57} INFO - Started process 240 to run task
[2025-05-14T22:47:22.843+0000] {standard_task_runner.py:84} INFO - Running: ['airflow', 'tasks', 'run', 'sample_etl', 'create_table', 'scheduled__2025-05-13T00:00:00+00:00', '--job-id', '8', '--raw', '--subdir', 'DAGS_FOLDER/sample_etl.py', '--cfg-path', '/tmp/tmpvwrbqop3']
[2025-05-14T22:47:22.850+0000] {standard_task_runner.py:85} INFO - Job 8: Subtask create_table
[2025-05-14T22:47:22.881+0000] {logging_mixin.py:154} WARNING - /home/airflow/.local/lib/python3.8/site-packages/airflow/settings.py:195 DeprecationWarning: The sql_alchemy_conn option in [core] has been moved to the sql_alchemy_conn option in [database] - the old setting has been used, but please update your config.
[2025-05-14T22:47:22.949+0000] {task_command.py:416} INFO - Running <TaskInstance: sample_etl.create_table scheduled__2025-05-13T00:00:00+00:00 [running]> on host dff7001aa755
[2025-05-14T22:47:23.060+0000] {taskinstance.py:1662} INFO - Exporting env vars: AIRFLOW_CTX_DAG_EMAIL='taimourabdulkarim20@gmail.com' AIRFLOW_CTX_DAG_OWNER='airflow' AIRFLOW_CTX_DAG_ID='sample_etl' AIRFLOW_CTX_TASK_ID='create_table' AIRFLOW_CTX_EXECUTION_DATE='2025-05-13T00:00:00+00:00' AIRFLOW_CTX_TRY_NUMBER='1' AIRFLOW_CTX_DAG_RUN_ID='scheduled__2025-05-13T00:00:00+00:00'
[2025-05-14T22:47:23.061+0000] {sql.py:274} INFO - Executing: 
            CREATE TABLE IF NOT EXISTS etl_stats (
                id SERIAL PRIMARY KEY,
                run_date DATE UNIQUE,
                doctor_count INT
            );
        
[2025-05-14T22:47:23.124+0000] {base.py:73} INFO - Using connection ID '***_default' for task execution.
[2025-05-14T22:47:23.133+0000] {base.py:73} INFO - Using connection ID '***_default' for task execution.
[2025-05-14T22:47:23.148+0000] {sql.py:418} INFO - Running statement: 
            CREATE TABLE IF NOT EXISTS etl_stats (
                id SERIAL PRIMARY KEY,
                run_date DATE UNIQUE,
                doctor_count INT
            );
        , parameters: None
[2025-05-14T22:47:23.172+0000] {taskinstance.py:1937} ERROR - Task failed with exception
Traceback (most recent call last):
  File "/home/airflow/.local/lib/python3.8/site-packages/airflow/providers/common/sql/operators/sql.py", line 280, in execute
    output = hook.run(
  File "/home/airflow/.local/lib/python3.8/site-packages/airflow/providers/common/sql/hooks/sql.py", line 392, in run
    self._run_command(cur, sql_statement, parameters)
  File "/home/airflow/.local/lib/python3.8/site-packages/airflow/providers/common/sql/hooks/sql.py", line 423, in _run_command
    cur.execute(sql_statement)
psycopg2.errors.UniqueViolation: duplicate key value violates unique constraint "pg_class_relname_nsp_index"
DETAIL:  Key (relname, relnamespace)=(etl_stats_id_seq, 2200) already exists.

[2025-05-14T22:47:23.194+0000] {taskinstance.py:1400} INFO - Marking task as UP_FOR_RETRY. dag_id=sample_etl, task_id=create_table, execution_date=20250513T000000, start_date=20250514T224722, end_date=20250514T224723
[2025-05-14T22:47:23.224+0000] {logging_mixin.py:154} WARNING - /home/airflow/.local/lib/python3.8/site-packages/airflow/utils/email.py:154 RemovedInAirflow3Warning: Fetching SMTP credentials from configuration variables will be deprecated in a future release. Please set credentials using a connection instead.
[2025-05-14T22:47:23.226+0000] {email.py:270} INFO - Email alerting: attempt 1
[2025-05-14T22:47:24.486+0000] {email.py:281} INFO - Sent an alert email to ['taimourabdulkarim20@gmail.com']
[2025-05-14T22:47:25.762+0000] {standard_task_runner.py:104} ERROR - Failed to execute job 8 for task create_table (duplicate key value violates unique constraint "pg_class_relname_nsp_index"
DETAIL:  Key (relname, relnamespace)=(etl_stats_id_seq, 2200) already exists.
; 240)
[2025-05-14T22:47:25.775+0000] {local_task_job_runner.py:228} INFO - Task exited with return code 1
[2025-05-14T22:47:25.847+0000] {taskinstance.py:2778} INFO - 0 downstream tasks scheduled from follow-on schedule check
