[2025-05-15T09:29:34.842+0000] {taskinstance.py:1159} INFO - Dependencies all met for dep_context=non-requeueable deps ti=<TaskInstance: sample_etl.aggregate_user_stats scheduled__2025-05-14T00:00:00+00:00 [queued]>
[2025-05-15T09:29:34.853+0000] {taskinstance.py:1159} INFO - Dependencies all met for dep_context=requeueable deps ti=<TaskInstance: sample_etl.aggregate_user_stats scheduled__2025-05-14T00:00:00+00:00 [queued]>
[2025-05-15T09:29:34.854+0000] {taskinstance.py:1361} INFO - Starting attempt 1 of 3
[2025-05-15T09:29:34.869+0000] {taskinstance.py:1382} INFO - Executing <Task(PostgresOperator): aggregate_user_stats> on 2025-05-14 00:00:00+00:00
[2025-05-15T09:29:34.883+0000] {standard_task_runner.py:57} INFO - Started process 368 to run task
[2025-05-15T09:29:34.895+0000] {standard_task_runner.py:84} INFO - Running: ['airflow', 'tasks', 'run', 'sample_etl', 'aggregate_user_stats', 'scheduled__2025-05-14T00:00:00+00:00', '--job-id', '29', '--raw', '--subdir', 'DAGS_FOLDER/sample_etl.py', '--cfg-path', '/tmp/tmpl1vj798q']
[2025-05-15T09:29:34.900+0000] {standard_task_runner.py:85} INFO - Job 29: Subtask aggregate_user_stats
[2025-05-15T09:29:34.936+0000] {logging_mixin.py:154} WARNING - /home/airflow/.local/lib/python3.8/site-packages/airflow/settings.py:195 DeprecationWarning: The sql_alchemy_conn option in [core] has been moved to the sql_alchemy_conn option in [database] - the old setting has been used, but please update your config.
[2025-05-15T09:29:34.997+0000] {task_command.py:416} INFO - Running <TaskInstance: sample_etl.aggregate_user_stats scheduled__2025-05-14T00:00:00+00:00 [running]> on host 45eecb73d756
[2025-05-15T09:29:35.145+0000] {taskinstance.py:1662} INFO - Exporting env vars: AIRFLOW_CTX_DAG_EMAIL='taimourabdulkarim20@gmail.com' AIRFLOW_CTX_DAG_OWNER='airflow' AIRFLOW_CTX_DAG_ID='sample_etl' AIRFLOW_CTX_TASK_ID='aggregate_user_stats' AIRFLOW_CTX_EXECUTION_DATE='2025-05-14T00:00:00+00:00' AIRFLOW_CTX_TRY_NUMBER='1' AIRFLOW_CTX_DAG_RUN_ID='scheduled__2025-05-14T00:00:00+00:00'
[2025-05-15T09:29:35.146+0000] {sql.py:274} INFO - Executing: 
            INSERT INTO user_stats (stat_date, total_users, new_users)
            SELECT
                CURRENT_DATE,
                COUNT(*),
                COUNT(*) FILTER (WHERE created_at::date = CURRENT_DATE)
            FROM users
            ON CONFLICT (stat_date) DO UPDATE
            SET
                total_users = EXCLUDED.total_users,
                new_users = EXCLUDED.new_users;
        
[2025-05-15T09:29:35.182+0000] {base.py:73} INFO - Using connection ID '***_default' for task execution.
[2025-05-15T09:29:35.193+0000] {base.py:73} INFO - Using connection ID '***_default' for task execution.
[2025-05-15T09:29:35.202+0000] {sql.py:418} INFO - Running statement: 
            INSERT INTO user_stats (stat_date, total_users, new_users)
            SELECT
                CURRENT_DATE,
                COUNT(*),
                COUNT(*) FILTER (WHERE created_at::date = CURRENT_DATE)
            FROM users
            ON CONFLICT (stat_date) DO UPDATE
            SET
                total_users = EXCLUDED.total_users,
                new_users = EXCLUDED.new_users;
        , parameters: None
[2025-05-15T09:29:35.206+0000] {sql.py:427} INFO - Rows affected: 1
[2025-05-15T09:29:35.255+0000] {taskinstance.py:1400} INFO - Marking task as SUCCESS. dag_id=sample_etl, task_id=aggregate_user_stats, execution_date=20250514T000000, start_date=20250515T092934, end_date=20250515T092935
[2025-05-15T09:29:35.337+0000] {local_task_job_runner.py:228} INFO - Task exited with return code 0
[2025-05-15T09:29:35.432+0000] {taskinstance.py:2778} INFO - 1 downstream tasks scheduled from follow-on schedule check
