[2025-05-12T11:23:41.838+0000] {taskinstance.py:1159} INFO - Dependencies all met for dep_context=non-requeueable deps ti=<TaskInstance: sample_etl.create_table manual__2025-05-12T11:23:39.652808+00:00 [queued]>
[2025-05-12T11:23:41.863+0000] {taskinstance.py:1159} INFO - Dependencies all met for dep_context=requeueable deps ti=<TaskInstance: sample_etl.create_table manual__2025-05-12T11:23:39.652808+00:00 [queued]>
[2025-05-12T11:23:41.864+0000] {taskinstance.py:1361} INFO - Starting attempt 1 of 1
[2025-05-12T11:23:41.907+0000] {taskinstance.py:1382} INFO - Executing <Task(PostgresOperator): create_table> on 2025-05-12 11:23:39.652808+00:00
[2025-05-12T11:23:41.922+0000] {standard_task_runner.py:57} INFO - Started process 248 to run task
[2025-05-12T11:23:41.958+0000] {standard_task_runner.py:84} INFO - Running: ['airflow', 'tasks', 'run', 'sample_etl', 'create_table', 'manual__2025-05-12T11:23:39.652808+00:00', '--job-id', '4', '--raw', '--subdir', 'DAGS_FOLDER/sample_etl.py', '--cfg-path', '/tmp/tmpdn9doodz']
[2025-05-12T11:23:41.970+0000] {standard_task_runner.py:85} INFO - Job 4: Subtask create_table
[2025-05-12T11:23:42.049+0000] {logging_mixin.py:154} WARNING - /home/airflow/.local/lib/python3.8/site-packages/airflow/settings.py:195 DeprecationWarning: The sql_alchemy_conn option in [core] has been moved to the sql_alchemy_conn option in [database] - the old setting has been used, but please update your config.
[2025-05-12T11:23:42.180+0000] {task_command.py:416} INFO - Running <TaskInstance: sample_etl.create_table manual__2025-05-12T11:23:39.652808+00:00 [running]> on host d784e67a65f1
[2025-05-12T11:23:42.336+0000] {taskinstance.py:1662} INFO - Exporting env vars: AIRFLOW_CTX_DAG_OWNER='airflow' AIRFLOW_CTX_DAG_ID='sample_etl' AIRFLOW_CTX_TASK_ID='create_table' AIRFLOW_CTX_EXECUTION_DATE='2025-05-12T11:23:39.652808+00:00' AIRFLOW_CTX_TRY_NUMBER='1' AIRFLOW_CTX_DAG_RUN_ID='manual__2025-05-12T11:23:39.652808+00:00'
[2025-05-12T11:23:42.338+0000] {sql.py:274} INFO - Executing: 
            CREATE TABLE IF NOT EXISTS etl_stats (
                id SERIAL PRIMARY KEY,
                run_date DATE,
                doctor_count INT
            );
        
[2025-05-12T11:23:42.483+0000] {base.py:73} INFO - Using connection ID '***_default' for task execution.
[2025-05-12T11:23:42.516+0000] {base.py:73} INFO - Using connection ID '***_default' for task execution.
[2025-05-12T11:23:42.541+0000] {taskinstance.py:1937} ERROR - Task failed with exception
Traceback (most recent call last):
  File "/home/airflow/.local/lib/python3.8/site-packages/airflow/providers/common/sql/operators/sql.py", line 280, in execute
    output = hook.run(
  File "/home/airflow/.local/lib/python3.8/site-packages/airflow/providers/common/sql/hooks/sql.py", line 385, in run
    with closing(self.get_conn()) as conn:
  File "/home/airflow/.local/lib/python3.8/site-packages/airflow/providers/postgres/hooks/postgres.py", line 155, in get_conn
    self.conn = psycopg2.connect(**conn_args)
  File "/home/airflow/.local/lib/python3.8/site-packages/psycopg2/__init__.py", line 122, in connect
    conn = _connect(dsn, connection_factory=connection_factory, **kwasync)
psycopg2.OperationalError: connection to server at "***" (172.18.0.2), port 5432 failed: FATAL:  password authentication failed for user "***"

[2025-05-12T11:23:42.572+0000] {taskinstance.py:1400} INFO - Marking task as FAILED. dag_id=sample_etl, task_id=create_table, execution_date=20250512T112339, start_date=20250512T112341, end_date=20250512T112342
[2025-05-12T11:23:42.605+0000] {standard_task_runner.py:104} ERROR - Failed to execute job 4 for task create_table (connection to server at "***" (172.18.0.2), port 5432 failed: FATAL:  password authentication failed for user "***"
; 248)
[2025-05-12T11:23:42.635+0000] {local_task_job_runner.py:228} INFO - Task exited with return code 1
[2025-05-12T11:23:42.686+0000] {taskinstance.py:2778} INFO - 0 downstream tasks scheduled from follow-on schedule check
