[2025-05-12T15:21:56.844+0000] {taskinstance.py:1159} INFO - Dependencies all met for dep_context=non-requeueable deps ti=<TaskInstance: sample_etl.aggregate_appointment_stats manual__2025-05-12T15:21:44.959527+00:00 [queued]>
[2025-05-12T15:21:56.850+0000] {taskinstance.py:1159} INFO - Dependencies all met for dep_context=requeueable deps ti=<TaskInstance: sample_etl.aggregate_appointment_stats manual__2025-05-12T15:21:44.959527+00:00 [queued]>
[2025-05-12T15:21:56.851+0000] {taskinstance.py:1361} INFO - Starting attempt 1 of 3
[2025-05-12T15:21:56.860+0000] {taskinstance.py:1382} INFO - Executing <Task(PostgresOperator): aggregate_appointment_stats> on 2025-05-12 15:21:44.959527+00:00
[2025-05-12T15:21:56.867+0000] {standard_task_runner.py:57} INFO - Started process 233 to run task
[2025-05-12T15:21:56.870+0000] {standard_task_runner.py:84} INFO - Running: ['airflow', 'tasks', 'run', 'sample_etl', 'aggregate_appointment_stats', 'manual__2025-05-12T15:21:44.959527+00:00', '--job-id', '76', '--raw', '--subdir', 'DAGS_FOLDER/sample_etl.py', '--cfg-path', '/tmp/tmpjbka4sfm']
[2025-05-12T15:21:56.872+0000] {standard_task_runner.py:85} INFO - Job 76: Subtask aggregate_appointment_stats
[2025-05-12T15:21:56.886+0000] {logging_mixin.py:154} WARNING - /home/airflow/.local/lib/python3.8/site-packages/airflow/settings.py:195 DeprecationWarning: The sql_alchemy_conn option in [core] has been moved to the sql_alchemy_conn option in [database] - the old setting has been used, but please update your config.
[2025-05-12T15:21:56.915+0000] {task_command.py:416} INFO - Running <TaskInstance: sample_etl.aggregate_appointment_stats manual__2025-05-12T15:21:44.959527+00:00 [running]> on host ed929e9a029f
[2025-05-12T15:21:56.981+0000] {taskinstance.py:1662} INFO - Exporting env vars: AIRFLOW_CTX_DAG_EMAIL='taimourabdulkarim20@gmail.com' AIRFLOW_CTX_DAG_OWNER='airflow' AIRFLOW_CTX_DAG_ID='sample_etl' AIRFLOW_CTX_TASK_ID='aggregate_appointment_stats' AIRFLOW_CTX_EXECUTION_DATE='2025-05-12T15:21:44.959527+00:00' AIRFLOW_CTX_TRY_NUMBER='1' AIRFLOW_CTX_DAG_RUN_ID='manual__2025-05-12T15:21:44.959527+00:00'
[2025-05-12T15:21:56.981+0000] {sql.py:274} INFO - Executing: 
            INSERT INTO appointment_stats (stat_date, total_appointments, avg_appointments_per_doctor)
            SELECT
                CURRENT_DATE,
                COUNT(*),
                COUNT(*)::float / NULLIF((SELECT COUNT(*) FROM users WHERE role = 'doctor'), 0)
            FROM appointments
            WHERE appointment_date = CURRENT_DATE
            ON CONFLICT (stat_date) DO UPDATE
            SET
                total_appointments = EXCLUDED.total_appointments,
                avg_appointments_per_doctor = EXCLUDED.avg_appointments_per_doctor;
        
[2025-05-12T15:21:56.997+0000] {base.py:73} INFO - Using connection ID '***_default' for task execution.
[2025-05-12T15:21:56.999+0000] {base.py:73} INFO - Using connection ID '***_default' for task execution.
[2025-05-12T15:21:57.006+0000] {sql.py:418} INFO - Running statement: 
            INSERT INTO appointment_stats (stat_date, total_appointments, avg_appointments_per_doctor)
            SELECT
                CURRENT_DATE,
                COUNT(*),
                COUNT(*)::float / NULLIF((SELECT COUNT(*) FROM users WHERE role = 'doctor'), 0)
            FROM appointments
            WHERE appointment_date = CURRENT_DATE
            ON CONFLICT (stat_date) DO UPDATE
            SET
                total_appointments = EXCLUDED.total_appointments,
                avg_appointments_per_doctor = EXCLUDED.avg_appointments_per_doctor;
        , parameters: None
[2025-05-12T15:21:57.010+0000] {taskinstance.py:1937} ERROR - Task failed with exception
Traceback (most recent call last):
  File "/home/airflow/.local/lib/python3.8/site-packages/airflow/providers/common/sql/operators/sql.py", line 280, in execute
    output = hook.run(
  File "/home/airflow/.local/lib/python3.8/site-packages/airflow/providers/common/sql/hooks/sql.py", line 392, in run
    self._run_command(cur, sql_statement, parameters)
  File "/home/airflow/.local/lib/python3.8/site-packages/airflow/providers/common/sql/hooks/sql.py", line 423, in _run_command
    cur.execute(sql_statement)
psycopg2.errors.UndefinedFunction: operator does not exist: text = date
LINE 8:             WHERE appointment_date = CURRENT_DATE
                                           ^
HINT:  No operator matches the given name and argument types. You might need to add explicit type casts.

[2025-05-12T15:21:57.024+0000] {taskinstance.py:1400} INFO - Marking task as UP_FOR_RETRY. dag_id=sample_etl, task_id=aggregate_appointment_stats, execution_date=20250512T152144, start_date=20250512T152156, end_date=20250512T152157
[2025-05-12T15:21:57.038+0000] {logging_mixin.py:154} WARNING - /home/airflow/.local/lib/python3.8/site-packages/airflow/utils/email.py:154 RemovedInAirflow3Warning: Fetching SMTP credentials from configuration variables will be deprecated in a future release. Please set credentials using a connection instead.
[2025-05-12T15:21:57.038+0000] {email.py:270} INFO - Email alerting: attempt 1
[2025-05-12T15:21:58.262+0000] {email.py:281} INFO - Sent an alert email to ['taimourabdulkarim20@gmail.com']
[2025-05-12T15:21:59.591+0000] {standard_task_runner.py:104} ERROR - Failed to execute job 76 for task aggregate_appointment_stats (operator does not exist: text = date
LINE 8:             WHERE appointment_date = CURRENT_DATE
                                           ^
HINT:  No operator matches the given name and argument types. You might need to add explicit type casts.
; 233)
[2025-05-12T15:21:59.628+0000] {local_task_job_runner.py:228} INFO - Task exited with return code 1
[2025-05-12T15:21:59.681+0000] {taskinstance.py:2778} INFO - 0 downstream tasks scheduled from follow-on schedule check
