[2025-05-12T15:26:33.114+0000] {taskinstance.py:1159} INFO - Dependencies all met for dep_context=non-requeueable deps ti=<TaskInstance: sample_etl.create_department_doctor_counts_table manual__2025-05-12T15:21:44.959527+00:00 [queued]>
[2025-05-12T15:26:33.121+0000] {taskinstance.py:1159} INFO - Dependencies all met for dep_context=requeueable deps ti=<TaskInstance: sample_etl.create_department_doctor_counts_table manual__2025-05-12T15:21:44.959527+00:00 [queued]>
[2025-05-12T15:26:33.122+0000] {taskinstance.py:1361} INFO - Starting attempt 1 of 3
[2025-05-12T15:26:33.133+0000] {taskinstance.py:1382} INFO - Executing <Task(PostgresOperator): create_department_doctor_counts_table> on 2025-05-12 15:21:44.959527+00:00
[2025-05-12T15:26:33.138+0000] {standard_task_runner.py:57} INFO - Started process 246 to run task
[2025-05-12T15:26:33.143+0000] {standard_task_runner.py:84} INFO - Running: ['airflow', 'tasks', 'run', 'sample_etl', 'create_department_doctor_counts_table', 'manual__2025-05-12T15:21:44.959527+00:00', '--job-id', '84', '--raw', '--subdir', 'DAGS_FOLDER/sample_etl.py', '--cfg-path', '/tmp/tmp3hqz3sjl']
[2025-05-12T15:26:33.146+0000] {standard_task_runner.py:85} INFO - Job 84: Subtask create_department_doctor_counts_table
[2025-05-12T15:26:33.184+0000] {logging_mixin.py:154} WARNING - /home/airflow/.local/lib/python3.8/site-packages/airflow/settings.py:195 DeprecationWarning: The sql_alchemy_conn option in [core] has been moved to the sql_alchemy_conn option in [database] - the old setting has been used, but please update your config.
[2025-05-12T15:26:33.240+0000] {task_command.py:416} INFO - Running <TaskInstance: sample_etl.create_department_doctor_counts_table manual__2025-05-12T15:21:44.959527+00:00 [running]> on host a601936fee7b
[2025-05-12T15:26:33.322+0000] {taskinstance.py:1662} INFO - Exporting env vars: AIRFLOW_CTX_DAG_EMAIL='taimourabdulkarim20@gmail.com' AIRFLOW_CTX_DAG_OWNER='airflow' AIRFLOW_CTX_DAG_ID='sample_etl' AIRFLOW_CTX_TASK_ID='create_department_doctor_counts_table' AIRFLOW_CTX_EXECUTION_DATE='2025-05-12T15:21:44.959527+00:00' AIRFLOW_CTX_TRY_NUMBER='1' AIRFLOW_CTX_DAG_RUN_ID='manual__2025-05-12T15:21:44.959527+00:00'
[2025-05-12T15:26:33.322+0000] {sql.py:274} INFO - Executing: 
            CREATE TABLE IF NOT EXISTS department_doctor_counts (
                stat_date DATE,
                department_id UUID,
                doctor_count INT,
                PRIMARY KEY (stat_date, department_id)
            );
        
[2025-05-12T15:26:33.359+0000] {base.py:73} INFO - Using connection ID '***_default' for task execution.
[2025-05-12T15:26:33.364+0000] {base.py:73} INFO - Using connection ID '***_default' for task execution.
[2025-05-12T15:26:33.371+0000] {sql.py:418} INFO - Running statement: 
            CREATE TABLE IF NOT EXISTS department_doctor_counts (
                stat_date DATE,
                department_id UUID,
                doctor_count INT,
                PRIMARY KEY (stat_date, department_id)
            );
        , parameters: None
[2025-05-12T15:26:33.404+0000] {taskinstance.py:1400} INFO - Marking task as SUCCESS. dag_id=sample_etl, task_id=create_department_doctor_counts_table, execution_date=20250512T152144, start_date=20250512T152633, end_date=20250512T152633
[2025-05-12T15:26:33.447+0000] {local_task_job_runner.py:228} INFO - Task exited with return code 0
[2025-05-12T15:26:33.475+0000] {taskinstance.py:2778} INFO - 1 downstream tasks scheduled from follow-on schedule check
