[2025-05-12T14:34:30.644+0000] {taskinstance.py:1159} INFO - Dependencies all met for dep_context=non-requeueable deps ti=<TaskInstance: sample_etl.count_doctors manual__2025-05-12T14:34:28.300991+00:00 [queued]>
[2025-05-12T14:34:30.652+0000] {taskinstance.py:1159} INFO - Dependencies all met for dep_context=requeueable deps ti=<TaskInstance: sample_etl.count_doctors manual__2025-05-12T14:34:28.300991+00:00 [queued]>
[2025-05-12T14:34:30.653+0000] {taskinstance.py:1361} INFO - Starting attempt 1 of 1
[2025-05-12T14:34:30.662+0000] {taskinstance.py:1382} INFO - Executing <Task(PostgresOperator): count_doctors> on 2025-05-12 14:34:28.300991+00:00
[2025-05-12T14:34:30.666+0000] {standard_task_runner.py:57} INFO - Started process 223 to run task
[2025-05-12T14:34:30.669+0000] {standard_task_runner.py:84} INFO - Running: ['airflow', 'tasks', 'run', 'sample_etl', 'count_doctors', 'manual__2025-05-12T14:34:28.300991+00:00', '--job-id', '11', '--raw', '--subdir', 'DAGS_FOLDER/sample_etl.py', '--cfg-path', '/tmp/tmpuotozy92']
[2025-05-12T14:34:30.671+0000] {standard_task_runner.py:85} INFO - Job 11: Subtask count_doctors
[2025-05-12T14:34:30.685+0000] {logging_mixin.py:154} WARNING - /home/airflow/.local/lib/python3.8/site-packages/airflow/settings.py:195 DeprecationWarning: The sql_alchemy_conn option in [core] has been moved to the sql_alchemy_conn option in [database] - the old setting has been used, but please update your config.
[2025-05-12T14:34:30.724+0000] {task_command.py:416} INFO - Running <TaskInstance: sample_etl.count_doctors manual__2025-05-12T14:34:28.300991+00:00 [running]> on host 661a2f56a66a
[2025-05-12T14:34:30.798+0000] {taskinstance.py:1662} INFO - Exporting env vars: AIRFLOW_CTX_DAG_OWNER='airflow' AIRFLOW_CTX_DAG_ID='sample_etl' AIRFLOW_CTX_TASK_ID='count_doctors' AIRFLOW_CTX_EXECUTION_DATE='2025-05-12T14:34:28.300991+00:00' AIRFLOW_CTX_TRY_NUMBER='1' AIRFLOW_CTX_DAG_RUN_ID='manual__2025-05-12T14:34:28.300991+00:00'
[2025-05-12T14:34:30.799+0000] {sql.py:274} INFO - Executing: 
            INSERT INTO etl_stats (run_date, doctor_count)
            SELECT CURRENT_DATE, COUNT(*) FROM users WHERE role = 'doctor';
        
[2025-05-12T14:34:30.815+0000] {base.py:73} INFO - Using connection ID '***_default' for task execution.
[2025-05-12T14:34:30.818+0000] {base.py:73} INFO - Using connection ID '***_default' for task execution.
[2025-05-12T14:34:30.826+0000] {sql.py:418} INFO - Running statement: 
            INSERT INTO etl_stats (run_date, doctor_count)
            SELECT CURRENT_DATE, COUNT(*) FROM users WHERE role = 'doctor';
        , parameters: None
[2025-05-12T14:34:30.829+0000] {sql.py:427} INFO - Rows affected: 1
[2025-05-12T14:34:30.841+0000] {taskinstance.py:1400} INFO - Marking task as SUCCESS. dag_id=sample_etl, task_id=count_doctors, execution_date=20250512T143428, start_date=20250512T143430, end_date=20250512T143430
[2025-05-12T14:34:30.854+0000] {local_task_job_runner.py:228} INFO - Task exited with return code 0
[2025-05-12T14:34:30.873+0000] {taskinstance.py:2778} INFO - 0 downstream tasks scheduled from follow-on schedule check
