[2025-05-14T19:25:13.757+0000] {taskinstance.py:1159} INFO - Dependencies all met for dep_context=non-requeueable deps ti=<TaskInstance: sample_etl.aggregate_hospital_stats manual__2025-05-14T19:24:59.580405+00:00 [queued]>
[2025-05-14T19:25:13.765+0000] {taskinstance.py:1159} INFO - Dependencies all met for dep_context=requeueable deps ti=<TaskInstance: sample_etl.aggregate_hospital_stats manual__2025-05-14T19:24:59.580405+00:00 [queued]>
[2025-05-14T19:25:13.765+0000] {taskinstance.py:1361} INFO - Starting attempt 1 of 3
[2025-05-14T19:25:13.774+0000] {taskinstance.py:1382} INFO - Executing <Task(PostgresOperator): aggregate_hospital_stats> on 2025-05-14 19:24:59.580405+00:00
[2025-05-14T19:25:13.778+0000] {standard_task_runner.py:57} INFO - Started process 331 to run task
[2025-05-14T19:25:13.781+0000] {standard_task_runner.py:84} INFO - Running: ['airflow', 'tasks', 'run', 'sample_etl', 'aggregate_hospital_stats', 'manual__2025-05-14T19:24:59.580405+00:00', '--job-id', '125', '--raw', '--subdir', 'DAGS_FOLDER/sample_etl.py', '--cfg-path', '/tmp/tmpbu6apqtr']
[2025-05-14T19:25:13.783+0000] {standard_task_runner.py:85} INFO - Job 125: Subtask aggregate_hospital_stats
[2025-05-14T19:25:13.799+0000] {logging_mixin.py:154} WARNING - /home/airflow/.local/lib/python3.8/site-packages/airflow/settings.py:195 DeprecationWarning: The sql_alchemy_conn option in [core] has been moved to the sql_alchemy_conn option in [database] - the old setting has been used, but please update your config.
[2025-05-14T19:25:13.835+0000] {task_command.py:416} INFO - Running <TaskInstance: sample_etl.aggregate_hospital_stats manual__2025-05-14T19:24:59.580405+00:00 [running]> on host 3dfadb756915
[2025-05-14T19:25:13.911+0000] {taskinstance.py:1662} INFO - Exporting env vars: AIRFLOW_CTX_DAG_EMAIL='taimourabdulkarim20@gmail.com' AIRFLOW_CTX_DAG_OWNER='airflow' AIRFLOW_CTX_DAG_ID='sample_etl' AIRFLOW_CTX_TASK_ID='aggregate_hospital_stats' AIRFLOW_CTX_EXECUTION_DATE='2025-05-14T19:24:59.580405+00:00' AIRFLOW_CTX_TRY_NUMBER='1' AIRFLOW_CTX_DAG_RUN_ID='manual__2025-05-14T19:24:59.580405+00:00'
[2025-05-14T19:25:13.912+0000] {sql.py:274} INFO - Executing: 
            INSERT INTO hospital_stats (stat_date, total_hospitals, total_departments)
            SELECT
                CURRENT_DATE,
                (SELECT COUNT(*) FROM hospitals),
                (SELECT COUNT(*) FROM departments)
            ON CONFLICT (stat_date) DO UPDATE
            SET
                total_hospitals = EXCLUDED.total_hospitals,
                total_departments = EXCLUDED.total_departments;
        
[2025-05-14T19:25:13.930+0000] {base.py:73} INFO - Using connection ID '***_default' for task execution.
[2025-05-14T19:25:13.933+0000] {base.py:73} INFO - Using connection ID '***_default' for task execution.
[2025-05-14T19:25:13.940+0000] {sql.py:418} INFO - Running statement: 
            INSERT INTO hospital_stats (stat_date, total_hospitals, total_departments)
            SELECT
                CURRENT_DATE,
                (SELECT COUNT(*) FROM hospitals),
                (SELECT COUNT(*) FROM departments)
            ON CONFLICT (stat_date) DO UPDATE
            SET
                total_hospitals = EXCLUDED.total_hospitals,
                total_departments = EXCLUDED.total_departments;
        , parameters: None
[2025-05-14T19:25:13.941+0000] {sql.py:427} INFO - Rows affected: 1
[2025-05-14T19:25:13.951+0000] {taskinstance.py:1400} INFO - Marking task as SUCCESS. dag_id=sample_etl, task_id=aggregate_hospital_stats, execution_date=20250514T192459, start_date=20250514T192513, end_date=20250514T192513
[2025-05-14T19:25:14.008+0000] {local_task_job_runner.py:228} INFO - Task exited with return code 0
[2025-05-14T19:25:14.041+0000] {taskinstance.py:2778} INFO - 1 downstream tasks scheduled from follow-on schedule check
