[2025-05-12T14:26:16.342+0000] {taskinstance.py:1159} INFO - Dependencies all met for dep_context=non-requeueable deps ti=<TaskInstance: sample_etl.create_table manual__2025-05-12T14:26:14.424551+00:00 [queued]>
[2025-05-12T14:26:16.350+0000] {taskinstance.py:1159} INFO - Dependencies all met for dep_context=requeueable deps ti=<TaskInstance: sample_etl.create_table manual__2025-05-12T14:26:14.424551+00:00 [queued]>
[2025-05-12T14:26:16.350+0000] {taskinstance.py:1361} INFO - Starting attempt 1 of 1
[2025-05-12T14:26:16.363+0000] {taskinstance.py:1382} INFO - Executing <Task(PostgresOperator): create_table> on 2025-05-12 14:26:14.424551+00:00
[2025-05-12T14:26:16.372+0000] {standard_task_runner.py:57} INFO - Started process 581 to run task
[2025-05-12T14:26:16.386+0000] {standard_task_runner.py:84} INFO - Running: ['airflow', 'tasks', 'run', 'sample_etl', 'create_table', 'manual__2025-05-12T14:26:14.424551+00:00', '--job-id', '7', '--raw', '--subdir', 'DAGS_FOLDER/sample_etl.py', '--cfg-path', '/tmp/tmp85fiezxe']
[2025-05-12T14:26:16.399+0000] {standard_task_runner.py:85} INFO - Job 7: Subtask create_table
[2025-05-12T14:26:16.472+0000] {logging_mixin.py:154} WARNING - /home/airflow/.local/lib/python3.8/site-packages/airflow/settings.py:195 DeprecationWarning: The sql_alchemy_conn option in [core] has been moved to the sql_alchemy_conn option in [database] - the old setting has been used, but please update your config.
[2025-05-12T14:26:16.524+0000] {task_command.py:416} INFO - Running <TaskInstance: sample_etl.create_table manual__2025-05-12T14:26:14.424551+00:00 [running]> on host 71b84ce77c79
[2025-05-12T14:26:16.632+0000] {taskinstance.py:1662} INFO - Exporting env vars: AIRFLOW_CTX_DAG_OWNER='airflow' AIRFLOW_CTX_DAG_ID='sample_etl' AIRFLOW_CTX_TASK_ID='create_table' AIRFLOW_CTX_EXECUTION_DATE='2025-05-12T14:26:14.424551+00:00' AIRFLOW_CTX_TRY_NUMBER='1' AIRFLOW_CTX_DAG_RUN_ID='manual__2025-05-12T14:26:14.424551+00:00'
[2025-05-12T14:26:16.633+0000] {sql.py:274} INFO - Executing: 
            CREATE TABLE IF NOT EXISTS etl_stats (
                id SERIAL PRIMARY KEY,
                run_date DATE,
                doctor_count INT
            );
        
[2025-05-12T14:26:16.705+0000] {base.py:73} INFO - Using connection ID '***_default' for task execution.
[2025-05-12T14:26:16.719+0000] {taskinstance.py:1937} ERROR - Task failed with exception
Traceback (most recent call last):
  File "/home/airflow/.local/lib/python3.8/site-packages/airflow/providers/common/sql/operators/sql.py", line 275, in execute
    hook = self.get_db_hook()
  File "/home/airflow/.local/lib/python3.8/site-packages/airflow/providers/common/sql/operators/sql.py", line 186, in get_db_hook
    return self._hook
  File "/usr/local/lib/python3.8/functools.py", line 967, in __get__
    val = self.func(instance)
  File "/home/airflow/.local/lib/python3.8/site-packages/airflow/providers/common/sql/operators/sql.py", line 149, in _hook
    hook = conn.get_hook(hook_params=self.hook_params)
  File "/home/airflow/.local/lib/python3.8/site-packages/airflow/models/connection.py", line 361, in get_hook
    raise AirflowException(f'Unknown hook type "{self.conn_type}"')
airflow.exceptions.AirflowException: Unknown hook type "***ql+psycopg2"
[2025-05-12T14:26:16.726+0000] {taskinstance.py:1400} INFO - Marking task as FAILED. dag_id=sample_etl, task_id=create_table, execution_date=20250512T142614, start_date=20250512T142616, end_date=20250512T142616
[2025-05-12T14:26:16.735+0000] {standard_task_runner.py:104} ERROR - Failed to execute job 7 for task create_table (Unknown hook type "***ql+psycopg2"; 581)
[2025-05-12T14:26:16.744+0000] {local_task_job_runner.py:228} INFO - Task exited with return code 1
[2025-05-12T14:26:16.766+0000] {taskinstance.py:2778} INFO - 0 downstream tasks scheduled from follow-on schedule check
