[2025-05-12T15:06:59.777+0000] {taskinstance.py:1159} INFO - Dependencies all met for dep_context=non-requeueable deps ti=<TaskInstance: sample_etl.create_table manual__2025-05-12T15:06:54.408390+00:00 [queued]>
[2025-05-12T15:06:59.793+0000] {taskinstance.py:1159} INFO - Dependencies all met for dep_context=requeueable deps ti=<TaskInstance: sample_etl.create_table manual__2025-05-12T15:06:54.408390+00:00 [queued]>
[2025-05-12T15:06:59.794+0000] {taskinstance.py:1361} INFO - Starting attempt 1 of 3
[2025-05-12T15:06:59.811+0000] {taskinstance.py:1382} INFO - Executing <Task(PostgresOperator): create_table> on 2025-05-12 15:06:54.408390+00:00
[2025-05-12T15:06:59.819+0000] {standard_task_runner.py:57} INFO - Started process 234 to run task
[2025-05-12T15:06:59.826+0000] {standard_task_runner.py:84} INFO - Running: ['airflow', 'tasks', 'run', 'sample_etl', 'create_table', 'manual__2025-05-12T15:06:54.408390+00:00', '--job-id', '50', '--raw', '--subdir', 'DAGS_FOLDER/sample_etl.py', '--cfg-path', '/tmp/tmpvme6bvuv']
[2025-05-12T15:06:59.839+0000] {standard_task_runner.py:85} INFO - Job 50: Subtask create_table
[2025-05-12T15:06:59.881+0000] {logging_mixin.py:154} WARNING - /home/airflow/.local/lib/python3.8/site-packages/airflow/settings.py:195 DeprecationWarning: The sql_alchemy_conn option in [core] has been moved to the sql_alchemy_conn option in [database] - the old setting has been used, but please update your config.
[2025-05-12T15:06:59.929+0000] {task_command.py:416} INFO - Running <TaskInstance: sample_etl.create_table manual__2025-05-12T15:06:54.408390+00:00 [running]> on host de2b4b3e4d0c
[2025-05-12T15:07:00.058+0000] {taskinstance.py:1662} INFO - Exporting env vars: AIRFLOW_CTX_DAG_EMAIL='taimourabdulkarim20@gmail.com' AIRFLOW_CTX_DAG_OWNER='airflow' AIRFLOW_CTX_DAG_ID='sample_etl' AIRFLOW_CTX_TASK_ID='create_table' AIRFLOW_CTX_EXECUTION_DATE='2025-05-12T15:06:54.408390+00:00' AIRFLOW_CTX_TRY_NUMBER='1' AIRFLOW_CTX_DAG_RUN_ID='manual__2025-05-12T15:06:54.408390+00:00'
[2025-05-12T15:07:00.059+0000] {sql.py:274} INFO - Executing: 
            CREATE TABLE IF NOT EXISTS etl_stats (
                id SERIAL PRIMARY KEY,
                run_date DATE,
                doctor_count INT
            );
        
[2025-05-12T15:07:00.197+0000] {base.py:73} INFO - Using connection ID '***_default' for task execution.
[2025-05-12T15:07:00.211+0000] {base.py:73} INFO - Using connection ID '***_default' for task execution.
[2025-05-12T15:07:00.229+0000] {sql.py:418} INFO - Running statement: 
            CREATE TABLE IF NOT EXISTS etl_stats (
                id SERIAL PRIMARY KEY,
                run_date DATE,
                doctor_count INT
            );
        , parameters: None
[2025-05-12T15:07:00.247+0000] {taskinstance.py:1400} INFO - Marking task as SUCCESS. dag_id=sample_etl, task_id=create_table, execution_date=20250512T150654, start_date=20250512T150659, end_date=20250512T150700
[2025-05-12T15:07:00.261+0000] {local_task_job_runner.py:228} INFO - Task exited with return code 0
[2025-05-12T15:07:00.290+0000] {taskinstance.py:2778} INFO - 1 downstream tasks scheduled from follow-on schedule check
