[2025-05-14T20:02:16.581+0000] {taskinstance.py:1159} INFO - Dependencies all met for dep_context=non-requeueable deps ti=<TaskInstance: sample_etl.dbt_run manual__2025-05-14T19:59:41.470868+00:00 [queued]>
[2025-05-14T20:02:16.589+0000] {taskinstance.py:1159} INFO - Dependencies all met for dep_context=requeueable deps ti=<TaskInstance: sample_etl.dbt_run manual__2025-05-14T19:59:41.470868+00:00 [queued]>
[2025-05-14T20:02:16.589+0000] {taskinstance.py:1361} INFO - Starting attempt 1 of 3
[2025-05-14T20:02:16.600+0000] {taskinstance.py:1382} INFO - Executing <Task(BashOperator): dbt_run> on 2025-05-14 19:59:41.470868+00:00
[2025-05-14T20:02:16.604+0000] {standard_task_runner.py:57} INFO - Started process 389 to run task
[2025-05-14T20:02:16.607+0000] {standard_task_runner.py:84} INFO - Running: ['airflow', 'tasks', 'run', 'sample_etl', 'dbt_run', 'manual__2025-05-14T19:59:41.470868+00:00', '--job-id', '195', '--raw', '--subdir', 'DAGS_FOLDER/sample_etl.py', '--cfg-path', '/tmp/tmpz5f1jg9w']
[2025-05-14T20:02:16.609+0000] {standard_task_runner.py:85} INFO - Job 195: Subtask dbt_run
[2025-05-14T20:02:16.623+0000] {logging_mixin.py:154} WARNING - /home/airflow/.local/lib/python3.8/site-packages/airflow/settings.py:195 DeprecationWarning: The sql_alchemy_conn option in [core] has been moved to the sql_alchemy_conn option in [database] - the old setting has been used, but please update your config.
[2025-05-14T20:02:16.673+0000] {task_command.py:416} INFO - Running <TaskInstance: sample_etl.dbt_run manual__2025-05-14T19:59:41.470868+00:00 [running]> on host 9fe39872fea7
[2025-05-14T20:02:16.813+0000] {taskinstance.py:1662} INFO - Exporting env vars: AIRFLOW_CTX_DAG_EMAIL='taimourabdulkarim20@gmail.com' AIRFLOW_CTX_DAG_OWNER='airflow' AIRFLOW_CTX_DAG_ID='sample_etl' AIRFLOW_CTX_TASK_ID='dbt_run' AIRFLOW_CTX_EXECUTION_DATE='2025-05-14T19:59:41.470868+00:00' AIRFLOW_CTX_TRY_NUMBER='1' AIRFLOW_CTX_DAG_RUN_ID='manual__2025-05-14T19:59:41.470868+00:00'
[2025-05-14T20:02:16.816+0000] {subprocess.py:63} INFO - Tmp dir root location: /tmp
[2025-05-14T20:02:16.820+0000] {subprocess.py:75} INFO - Running command: ['/bin/bash', '-c', 'docker exec -i $(docker ps -qf "ancestor=ghcr.io/dbt-labs/dbt-***:1.7.4") dbt run --project-dir /usr/app --profiles-dir /usr/app']
[2025-05-14T20:02:16.831+0000] {subprocess.py:86} INFO - Output:
[2025-05-14T20:02:20.611+0000] {subprocess.py:93} INFO - [0m20:02:20  Running with dbt=1.7.4
[2025-05-14T20:02:20.921+0000] {subprocess.py:93} INFO - [0m20:02:20  Registered adapter: ***=1.7.4
[2025-05-14T20:02:21.002+0000] {subprocess.py:93} INFO - [0m20:02:21  Found 1 model, 0 sources, 0 exposures, 0 metrics, 401 macros, 0 groups, 0 semantic models
[2025-05-14T20:02:21.006+0000] {subprocess.py:93} INFO - [0m20:02:21
[2025-05-14T20:02:21.196+0000] {subprocess.py:93} INFO - [0m20:02:21  Concurrency: 1 threads (target='dev')
[2025-05-14T20:02:21.197+0000] {subprocess.py:93} INFO - [0m20:02:21
[2025-05-14T20:02:21.201+0000] {subprocess.py:93} INFO - [0m20:02:21  1 of 1 START sql view model public.doctor_appointments ......................... [RUN]
[2025-05-14T20:02:21.327+0000] {subprocess.py:93} INFO - [0m20:02:21  1 of 1 OK created sql view model public.doctor_appointments .................... [[32mCREATE VIEW[0m in 0.12s]
[2025-05-14T20:02:21.347+0000] {subprocess.py:93} INFO - [0m20:02:21
[2025-05-14T20:02:21.347+0000] {subprocess.py:93} INFO - [0m20:02:21  Finished running 1 view model in 0 hours 0 minutes and 0.34 seconds (0.34s).
[2025-05-14T20:02:21.358+0000] {subprocess.py:93} INFO - [0m20:02:21
[2025-05-14T20:02:21.359+0000] {subprocess.py:93} INFO - [0m20:02:21  [32mCompleted successfully[0m
[2025-05-14T20:02:21.359+0000] {subprocess.py:93} INFO - [0m20:02:21
[2025-05-14T20:02:21.360+0000] {subprocess.py:93} INFO - [0m20:02:21  Done. PASS=1 WARN=0 ERROR=0 SKIP=0 TOTAL=1
[2025-05-14T20:02:23.048+0000] {subprocess.py:97} INFO - Command exited with return code 0
[2025-05-14T20:02:23.199+0000] {taskinstance.py:1400} INFO - Marking task as SUCCESS. dag_id=sample_etl, task_id=dbt_run, execution_date=20250514T195941, start_date=20250514T200216, end_date=20250514T200223
[2025-05-14T20:02:23.259+0000] {local_task_job_runner.py:228} INFO - Task exited with return code 0
[2025-05-14T20:02:23.324+0000] {taskinstance.py:2778} INFO - 1 downstream tasks scheduled from follow-on schedule check
