[2025-05-14T19:48:59.018+0000] {taskinstance.py:1159} INFO - Dependencies all met for dep_context=non-requeueable deps ti=<TaskInstance: sample_etl.load_data manual__2025-05-14T19:48:54.821631+00:00 [queued]>
[2025-05-14T19:48:59.027+0000] {taskinstance.py:1159} INFO - Dependencies all met for dep_context=requeueable deps ti=<TaskInstance: sample_etl.load_data manual__2025-05-14T19:48:54.821631+00:00 [queued]>
[2025-05-14T19:48:59.027+0000] {taskinstance.py:1361} INFO - Starting attempt 1 of 3
[2025-05-14T19:48:59.039+0000] {taskinstance.py:1382} INFO - Executing <Task(PostgresOperator): load_data> on 2025-05-14 19:48:54.821631+00:00
[2025-05-14T19:48:59.043+0000] {standard_task_runner.py:57} INFO - Started process 230 to run task
[2025-05-14T19:48:59.051+0000] {standard_task_runner.py:84} INFO - Running: ['airflow', 'tasks', 'run', 'sample_etl', 'load_data', 'manual__2025-05-14T19:48:54.821631+00:00', '--job-id', '137', '--raw', '--subdir', 'DAGS_FOLDER/sample_etl.py', '--cfg-path', '/tmp/tmpy79zu7nq']
[2025-05-14T19:48:59.055+0000] {standard_task_runner.py:85} INFO - Job 137: Subtask load_data
[2025-05-14T19:48:59.073+0000] {logging_mixin.py:154} WARNING - /home/airflow/.local/lib/python3.8/site-packages/airflow/settings.py:195 DeprecationWarning: The sql_alchemy_conn option in [core] has been moved to the sql_alchemy_conn option in [database] - the old setting has been used, but please update your config.
[2025-05-14T19:48:59.107+0000] {task_command.py:416} INFO - Running <TaskInstance: sample_etl.load_data manual__2025-05-14T19:48:54.821631+00:00 [running]> on host 6e6caaaae917
[2025-05-14T19:48:59.187+0000] {taskinstance.py:1662} INFO - Exporting env vars: AIRFLOW_CTX_DAG_EMAIL='taimourabdulkarim20@gmail.com' AIRFLOW_CTX_DAG_OWNER='airflow' AIRFLOW_CTX_DAG_ID='sample_etl' AIRFLOW_CTX_TASK_ID='load_data' AIRFLOW_CTX_EXECUTION_DATE='2025-05-14T19:48:54.821631+00:00' AIRFLOW_CTX_TRY_NUMBER='1' AIRFLOW_CTX_DAG_RUN_ID='manual__2025-05-14T19:48:54.821631+00:00'
[2025-05-14T19:48:59.188+0000] {sql.py:274} INFO - Executing: 
            INSERT INTO etl_stats (run_date, doctor_count)
            SELECT CURRENT_DATE, COUNT(*) FROM users WHERE role = 'doctor';
        
[2025-05-14T19:48:59.207+0000] {base.py:73} INFO - Using connection ID '***_default' for task execution.
[2025-05-14T19:48:59.210+0000] {base.py:73} INFO - Using connection ID '***_default' for task execution.
[2025-05-14T19:48:59.217+0000] {sql.py:418} INFO - Running statement: 
            INSERT INTO etl_stats (run_date, doctor_count)
            SELECT CURRENT_DATE, COUNT(*) FROM users WHERE role = 'doctor';
        , parameters: None
[2025-05-14T19:48:59.219+0000] {sql.py:427} INFO - Rows affected: 1
[2025-05-14T19:48:59.233+0000] {taskinstance.py:1400} INFO - Marking task as SUCCESS. dag_id=sample_etl, task_id=load_data, execution_date=20250514T194854, start_date=20250514T194859, end_date=20250514T194859
[2025-05-14T19:48:59.281+0000] {local_task_job_runner.py:228} INFO - Task exited with return code 0
[2025-05-14T19:48:59.316+0000] {taskinstance.py:2778} INFO - 1 downstream tasks scheduled from follow-on schedule check
