[2025-05-14T19:49:07.508+0000] {taskinstance.py:1159} INFO - Dependencies all met for dep_context=non-requeueable deps ti=<TaskInstance: sample_etl.aggregate_weekly_signups manual__2025-05-14T19:48:54.821631+00:00 [queued]>
[2025-05-14T19:49:07.515+0000] {taskinstance.py:1159} INFO - Dependencies all met for dep_context=requeueable deps ti=<TaskInstance: sample_etl.aggregate_weekly_signups manual__2025-05-14T19:48:54.821631+00:00 [queued]>
[2025-05-14T19:49:07.515+0000] {taskinstance.py:1361} INFO - Starting attempt 1 of 3
[2025-05-14T19:49:07.525+0000] {taskinstance.py:1382} INFO - Executing <Task(PostgresOperator): aggregate_weekly_signups> on 2025-05-14 19:48:54.821631+00:00
[2025-05-14T19:49:07.528+0000] {standard_task_runner.py:57} INFO - Started process 246 to run task
[2025-05-14T19:49:07.530+0000] {standard_task_runner.py:84} INFO - Running: ['airflow', 'tasks', 'run', 'sample_etl', 'aggregate_weekly_signups', 'manual__2025-05-14T19:48:54.821631+00:00', '--job-id', '145', '--raw', '--subdir', 'DAGS_FOLDER/sample_etl.py', '--cfg-path', '/tmp/tmp928dix_u']
[2025-05-14T19:49:07.532+0000] {standard_task_runner.py:85} INFO - Job 145: Subtask aggregate_weekly_signups
[2025-05-14T19:49:07.547+0000] {logging_mixin.py:154} WARNING - /home/airflow/.local/lib/python3.8/site-packages/airflow/settings.py:195 DeprecationWarning: The sql_alchemy_conn option in [core] has been moved to the sql_alchemy_conn option in [database] - the old setting has been used, but please update your config.
[2025-05-14T19:49:07.575+0000] {task_command.py:416} INFO - Running <TaskInstance: sample_etl.aggregate_weekly_signups manual__2025-05-14T19:48:54.821631+00:00 [running]> on host 6e6caaaae917
[2025-05-14T19:49:07.645+0000] {taskinstance.py:1662} INFO - Exporting env vars: AIRFLOW_CTX_DAG_EMAIL='taimourabdulkarim20@gmail.com' AIRFLOW_CTX_DAG_OWNER='airflow' AIRFLOW_CTX_DAG_ID='sample_etl' AIRFLOW_CTX_TASK_ID='aggregate_weekly_signups' AIRFLOW_CTX_EXECUTION_DATE='2025-05-14T19:48:54.821631+00:00' AIRFLOW_CTX_TRY_NUMBER='1' AIRFLOW_CTX_DAG_RUN_ID='manual__2025-05-14T19:48:54.821631+00:00'
[2025-05-14T19:49:07.646+0000] {sql.py:274} INFO - Executing: 
            INSERT INTO weekly_signups (week_start, user_signups)
            SELECT
                date_trunc('week', CURRENT_DATE)::date AS week_start,
                COUNT(*)
            FROM users
            WHERE created_at >= date_trunc('week', CURRENT_DATE)
            AND created_at < date_trunc('week', CURRENT_DATE) + INTERVAL '7 days'
            ON CONFLICT (week_start) DO UPDATE
            SET user_signups = EXCLUDED.user_signups;
        
[2025-05-14T19:49:07.662+0000] {base.py:73} INFO - Using connection ID '***_default' for task execution.
[2025-05-14T19:49:07.666+0000] {base.py:73} INFO - Using connection ID '***_default' for task execution.
[2025-05-14T19:49:07.676+0000] {sql.py:418} INFO - Running statement: 
            INSERT INTO weekly_signups (week_start, user_signups)
            SELECT
                date_trunc('week', CURRENT_DATE)::date AS week_start,
                COUNT(*)
            FROM users
            WHERE created_at >= date_trunc('week', CURRENT_DATE)
            AND created_at < date_trunc('week', CURRENT_DATE) + INTERVAL '7 days'
            ON CONFLICT (week_start) DO UPDATE
            SET user_signups = EXCLUDED.user_signups;
        , parameters: None
[2025-05-14T19:49:07.678+0000] {sql.py:427} INFO - Rows affected: 1
[2025-05-14T19:49:07.691+0000] {taskinstance.py:1400} INFO - Marking task as SUCCESS. dag_id=sample_etl, task_id=aggregate_weekly_signups, execution_date=20250514T194854, start_date=20250514T194907, end_date=20250514T194907
[2025-05-14T19:49:07.711+0000] {local_task_job_runner.py:228} INFO - Task exited with return code 0
[2025-05-14T19:49:07.739+0000] {taskinstance.py:2778} INFO - 1 downstream tasks scheduled from follow-on schedule check
