[2025-05-14T19:23:38.878+0000] {taskinstance.py:1159} INFO - Dependencies all met for dep_context=non-requeueable deps ti=<TaskInstance: sample_etl.load_data scheduled__2025-05-13T00:00:00+00:00 [queued]>
[2025-05-14T19:23:38.887+0000] {taskinstance.py:1159} INFO - Dependencies all met for dep_context=requeueable deps ti=<TaskInstance: sample_etl.load_data scheduled__2025-05-13T00:00:00+00:00 [queued]>
[2025-05-14T19:23:38.888+0000] {taskinstance.py:1361} INFO - Starting attempt 1 of 3
[2025-05-14T19:23:38.902+0000] {taskinstance.py:1382} INFO - Executing <Task(PostgresOperator): load_data> on 2025-05-13 00:00:00+00:00
[2025-05-14T19:23:38.906+0000] {standard_task_runner.py:57} INFO - Started process 203 to run task
[2025-05-14T19:23:38.918+0000] {standard_task_runner.py:84} INFO - Running: ['airflow', 'tasks', 'run', 'sample_etl', 'load_data', 'scheduled__2025-05-13T00:00:00+00:00', '--job-id', '95', '--raw', '--subdir', 'DAGS_FOLDER/sample_etl.py', '--cfg-path', '/tmp/tmpkrdyyx7n']
[2025-05-14T19:23:38.921+0000] {standard_task_runner.py:85} INFO - Job 95: Subtask load_data
[2025-05-14T19:23:38.943+0000] {logging_mixin.py:154} WARNING - /home/airflow/.local/lib/python3.8/site-packages/airflow/settings.py:195 DeprecationWarning: The sql_alchemy_conn option in [core] has been moved to the sql_alchemy_conn option in [database] - the old setting has been used, but please update your config.
[2025-05-14T19:23:38.981+0000] {task_command.py:416} INFO - Running <TaskInstance: sample_etl.load_data scheduled__2025-05-13T00:00:00+00:00 [running]> on host 3dfadb756915
[2025-05-14T19:23:39.112+0000] {taskinstance.py:1662} INFO - Exporting env vars: AIRFLOW_CTX_DAG_EMAIL='taimourabdulkarim20@gmail.com' AIRFLOW_CTX_DAG_OWNER='airflow' AIRFLOW_CTX_DAG_ID='sample_etl' AIRFLOW_CTX_TASK_ID='load_data' AIRFLOW_CTX_EXECUTION_DATE='2025-05-13T00:00:00+00:00' AIRFLOW_CTX_TRY_NUMBER='1' AIRFLOW_CTX_DAG_RUN_ID='scheduled__2025-05-13T00:00:00+00:00'
[2025-05-14T19:23:39.113+0000] {sql.py:274} INFO - Executing: 
            INSERT INTO etl_stats (run_date, doctor_count)
            SELECT CURRENT_DATE, COUNT(*) FROM users WHERE role = 'doctor';
        
[2025-05-14T19:23:39.170+0000] {base.py:73} INFO - Using connection ID '***_default' for task execution.
[2025-05-14T19:23:39.179+0000] {base.py:73} INFO - Using connection ID '***_default' for task execution.
[2025-05-14T19:23:39.205+0000] {sql.py:418} INFO - Running statement: 
            INSERT INTO etl_stats (run_date, doctor_count)
            SELECT CURRENT_DATE, COUNT(*) FROM users WHERE role = 'doctor';
        , parameters: None
[2025-05-14T19:23:39.223+0000] {sql.py:427} INFO - Rows affected: 1
[2025-05-14T19:23:39.293+0000] {taskinstance.py:1400} INFO - Marking task as SUCCESS. dag_id=sample_etl, task_id=load_data, execution_date=20250513T000000, start_date=20250514T192338, end_date=20250514T192339
[2025-05-14T19:23:39.420+0000] {local_task_job_runner.py:228} INFO - Task exited with return code 0
[2025-05-14T19:23:39.476+0000] {taskinstance.py:2778} INFO - 1 downstream tasks scheduled from follow-on schedule check
[2025-05-14T21:47:54.907+0000] {taskinstance.py:1159} INFO - Dependencies all met for dep_context=non-requeueable deps ti=<TaskInstance: sample_etl.load_data scheduled__2025-05-13T00:00:00+00:00 [queued]>
[2025-05-14T21:47:54.917+0000] {taskinstance.py:1159} INFO - Dependencies all met for dep_context=requeueable deps ti=<TaskInstance: sample_etl.load_data scheduled__2025-05-13T00:00:00+00:00 [queued]>
[2025-05-14T21:47:54.918+0000] {taskinstance.py:1361} INFO - Starting attempt 1 of 3
[2025-05-14T21:47:54.928+0000] {taskinstance.py:1382} INFO - Executing <Task(PostgresOperator): load_data> on 2025-05-13 00:00:00+00:00
[2025-05-14T21:47:54.932+0000] {standard_task_runner.py:57} INFO - Started process 352 to run task
[2025-05-14T21:47:54.937+0000] {standard_task_runner.py:84} INFO - Running: ['airflow', 'tasks', 'run', 'sample_etl', 'load_data', 'scheduled__2025-05-13T00:00:00+00:00', '--job-id', '9', '--raw', '--subdir', 'DAGS_FOLDER/sample_etl.py', '--cfg-path', '/tmp/tmpxpf17yf4']
[2025-05-14T21:47:54.939+0000] {standard_task_runner.py:85} INFO - Job 9: Subtask load_data
[2025-05-14T21:47:54.955+0000] {logging_mixin.py:154} WARNING - /home/airflow/.local/lib/python3.8/site-packages/airflow/settings.py:195 DeprecationWarning: The sql_alchemy_conn option in [core] has been moved to the sql_alchemy_conn option in [database] - the old setting has been used, but please update your config.
[2025-05-14T21:47:54.992+0000] {task_command.py:416} INFO - Running <TaskInstance: sample_etl.load_data scheduled__2025-05-13T00:00:00+00:00 [running]> on host 6cf6e5bc95cc
[2025-05-14T21:47:55.132+0000] {taskinstance.py:1662} INFO - Exporting env vars: AIRFLOW_CTX_DAG_EMAIL='taimourabdulkarim20@gmail.com' AIRFLOW_CTX_DAG_OWNER='airflow' AIRFLOW_CTX_DAG_ID='sample_etl' AIRFLOW_CTX_TASK_ID='load_data' AIRFLOW_CTX_EXECUTION_DATE='2025-05-13T00:00:00+00:00' AIRFLOW_CTX_TRY_NUMBER='1' AIRFLOW_CTX_DAG_RUN_ID='scheduled__2025-05-13T00:00:00+00:00'
[2025-05-14T21:47:55.134+0000] {sql.py:274} INFO - Executing: 
            INSERT INTO etl_stats (run_date, doctor_count)
            SELECT CURRENT_DATE, COUNT(*) FROM users WHERE role = 'doctor'
            ON CONFLICT (run_date) DO UPDATE
            SET doctor_count = EXCLUDED.doctor_count;
        
[2025-05-14T21:47:55.179+0000] {base.py:73} INFO - Using connection ID '***_default' for task execution.
[2025-05-14T21:47:55.190+0000] {base.py:73} INFO - Using connection ID '***_default' for task execution.
[2025-05-14T21:47:55.200+0000] {sql.py:418} INFO - Running statement: 
            INSERT INTO etl_stats (run_date, doctor_count)
            SELECT CURRENT_DATE, COUNT(*) FROM users WHERE role = 'doctor'
            ON CONFLICT (run_date) DO UPDATE
            SET doctor_count = EXCLUDED.doctor_count;
        , parameters: None
[2025-05-14T21:47:55.204+0000] {taskinstance.py:1937} ERROR - Task failed with exception
Traceback (most recent call last):
  File "/home/airflow/.local/lib/python3.8/site-packages/airflow/providers/common/sql/operators/sql.py", line 280, in execute
    output = hook.run(
  File "/home/airflow/.local/lib/python3.8/site-packages/airflow/providers/common/sql/hooks/sql.py", line 392, in run
    self._run_command(cur, sql_statement, parameters)
  File "/home/airflow/.local/lib/python3.8/site-packages/airflow/providers/common/sql/hooks/sql.py", line 423, in _run_command
    cur.execute(sql_statement)
psycopg2.errors.InvalidColumnReference: there is no unique or exclusion constraint matching the ON CONFLICT specification

[2025-05-14T21:47:55.217+0000] {taskinstance.py:1400} INFO - Marking task as UP_FOR_RETRY. dag_id=sample_etl, task_id=load_data, execution_date=20250513T000000, start_date=20250514T214754, end_date=20250514T214755
[2025-05-14T21:47:55.241+0000] {logging_mixin.py:154} WARNING - /home/airflow/.local/lib/python3.8/site-packages/airflow/utils/email.py:154 RemovedInAirflow3Warning: Fetching SMTP credentials from configuration variables will be deprecated in a future release. Please set credentials using a connection instead.
[2025-05-14T21:47:55.242+0000] {email.py:270} INFO - Email alerting: attempt 1
[2025-05-14T21:47:56.468+0000] {email.py:281} INFO - Sent an alert email to ['taimourabdulkarim20@gmail.com']
[2025-05-14T21:47:57.653+0000] {standard_task_runner.py:104} ERROR - Failed to execute job 9 for task load_data (there is no unique or exclusion constraint matching the ON CONFLICT specification
; 352)
[2025-05-14T21:47:57.676+0000] {local_task_job_runner.py:228} INFO - Task exited with return code 1
[2025-05-14T21:47:57.734+0000] {taskinstance.py:2778} INFO - 0 downstream tasks scheduled from follow-on schedule check
[2025-05-14T22:13:22.833+0000] {taskinstance.py:1159} INFO - Dependencies all met for dep_context=non-requeueable deps ti=<TaskInstance: sample_etl.load_data scheduled__2025-05-13T00:00:00+00:00 [queued]>
[2025-05-14T22:13:22.843+0000] {taskinstance.py:1159} INFO - Dependencies all met for dep_context=requeueable deps ti=<TaskInstance: sample_etl.load_data scheduled__2025-05-13T00:00:00+00:00 [queued]>
[2025-05-14T22:13:22.843+0000] {taskinstance.py:1361} INFO - Starting attempt 1 of 3
[2025-05-14T22:13:22.857+0000] {taskinstance.py:1382} INFO - Executing <Task(PostgresOperator): load_data> on 2025-05-13 00:00:00+00:00
[2025-05-14T22:13:22.861+0000] {standard_task_runner.py:57} INFO - Started process 515 to run task
[2025-05-14T22:13:22.871+0000] {standard_task_runner.py:84} INFO - Running: ['airflow', 'tasks', 'run', 'sample_etl', 'load_data', 'scheduled__2025-05-13T00:00:00+00:00', '--job-id', '67', '--raw', '--subdir', 'DAGS_FOLDER/sample_etl.py', '--cfg-path', '/tmp/tmpfomzf9xz']
[2025-05-14T22:13:22.882+0000] {standard_task_runner.py:85} INFO - Job 67: Subtask load_data
[2025-05-14T22:13:22.904+0000] {logging_mixin.py:154} WARNING - /home/airflow/.local/lib/python3.8/site-packages/airflow/settings.py:195 DeprecationWarning: The sql_alchemy_conn option in [core] has been moved to the sql_alchemy_conn option in [database] - the old setting has been used, but please update your config.
[2025-05-14T22:13:22.971+0000] {task_command.py:416} INFO - Running <TaskInstance: sample_etl.load_data scheduled__2025-05-13T00:00:00+00:00 [running]> on host dd657b0ac9c8
[2025-05-14T22:13:23.067+0000] {taskinstance.py:1662} INFO - Exporting env vars: AIRFLOW_CTX_DAG_EMAIL='taimourabdulkarim20@gmail.com' AIRFLOW_CTX_DAG_OWNER='airflow' AIRFLOW_CTX_DAG_ID='sample_etl' AIRFLOW_CTX_TASK_ID='load_data' AIRFLOW_CTX_EXECUTION_DATE='2025-05-13T00:00:00+00:00' AIRFLOW_CTX_TRY_NUMBER='1' AIRFLOW_CTX_DAG_RUN_ID='scheduled__2025-05-13T00:00:00+00:00'
[2025-05-14T22:13:23.069+0000] {sql.py:274} INFO - Executing: 
            INSERT INTO etl_stats (run_date, doctor_count)
            SELECT CURRENT_DATE, COUNT(*) FROM users WHERE role = 'doctor'
            ON CONFLICT (run_date) DO UPDATE
            SET doctor_count = EXCLUDED.doctor_count;
        
[2025-05-14T22:13:23.122+0000] {base.py:73} INFO - Using connection ID '***_default' for task execution.
[2025-05-14T22:13:23.132+0000] {base.py:73} INFO - Using connection ID '***_default' for task execution.
[2025-05-14T22:13:23.142+0000] {sql.py:418} INFO - Running statement: 
            INSERT INTO etl_stats (run_date, doctor_count)
            SELECT CURRENT_DATE, COUNT(*) FROM users WHERE role = 'doctor'
            ON CONFLICT (run_date) DO UPDATE
            SET doctor_count = EXCLUDED.doctor_count;
        , parameters: None
[2025-05-14T22:13:23.145+0000] {sql.py:427} INFO - Rows affected: 1
[2025-05-14T22:13:23.157+0000] {taskinstance.py:1400} INFO - Marking task as SUCCESS. dag_id=sample_etl, task_id=load_data, execution_date=20250513T000000, start_date=20250514T221322, end_date=20250514T221323
[2025-05-14T22:13:23.218+0000] {local_task_job_runner.py:228} INFO - Task exited with return code 0
[2025-05-14T22:13:23.279+0000] {taskinstance.py:2778} INFO - 1 downstream tasks scheduled from follow-on schedule check
[2025-05-14T22:52:26.441+0000] {taskinstance.py:1159} INFO - Dependencies all met for dep_context=non-requeueable deps ti=<TaskInstance: sample_etl.load_data scheduled__2025-05-13T00:00:00+00:00 [queued]>
[2025-05-14T22:52:26.449+0000] {taskinstance.py:1159} INFO - Dependencies all met for dep_context=requeueable deps ti=<TaskInstance: sample_etl.load_data scheduled__2025-05-13T00:00:00+00:00 [queued]>
[2025-05-14T22:52:26.449+0000] {taskinstance.py:1361} INFO - Starting attempt 1 of 3
[2025-05-14T22:52:26.460+0000] {taskinstance.py:1382} INFO - Executing <Task(PostgresOperator): load_data> on 2025-05-13 00:00:00+00:00
[2025-05-14T22:52:26.469+0000] {standard_task_runner.py:57} INFO - Started process 368 to run task
[2025-05-14T22:52:26.476+0000] {standard_task_runner.py:84} INFO - Running: ['airflow', 'tasks', 'run', 'sample_etl', 'load_data', 'scheduled__2025-05-13T00:00:00+00:00', '--job-id', '27', '--raw', '--subdir', 'DAGS_FOLDER/sample_etl.py', '--cfg-path', '/tmp/tmpvj6mab50']
[2025-05-14T22:52:26.480+0000] {standard_task_runner.py:85} INFO - Job 27: Subtask load_data
[2025-05-14T22:52:26.507+0000] {logging_mixin.py:154} WARNING - /home/airflow/.local/lib/python3.8/site-packages/airflow/settings.py:195 DeprecationWarning: The sql_alchemy_conn option in [core] has been moved to the sql_alchemy_conn option in [database] - the old setting has been used, but please update your config.
[2025-05-14T22:52:26.558+0000] {task_command.py:416} INFO - Running <TaskInstance: sample_etl.load_data scheduled__2025-05-13T00:00:00+00:00 [running]> on host dff7001aa755
[2025-05-14T22:52:26.656+0000] {taskinstance.py:1662} INFO - Exporting env vars: AIRFLOW_CTX_DAG_EMAIL='taimourabdulkarim20@gmail.com' AIRFLOW_CTX_DAG_OWNER='airflow' AIRFLOW_CTX_DAG_ID='sample_etl' AIRFLOW_CTX_TASK_ID='load_data' AIRFLOW_CTX_EXECUTION_DATE='2025-05-13T00:00:00+00:00' AIRFLOW_CTX_TRY_NUMBER='1' AIRFLOW_CTX_DAG_RUN_ID='scheduled__2025-05-13T00:00:00+00:00'
[2025-05-14T22:52:26.659+0000] {sql.py:274} INFO - Executing: 
            INSERT INTO etl_stats (run_date, doctor_count)
            SELECT CURRENT_DATE, COUNT(*) FROM users WHERE role = 'doctor'
            ON CONFLICT (run_date) DO UPDATE
            SET doctor_count = EXCLUDED.doctor_count;
        
[2025-05-14T22:52:26.704+0000] {base.py:73} INFO - Using connection ID '***_default' for task execution.
[2025-05-14T22:52:26.714+0000] {base.py:73} INFO - Using connection ID '***_default' for task execution.
[2025-05-14T22:52:26.722+0000] {sql.py:418} INFO - Running statement: 
            INSERT INTO etl_stats (run_date, doctor_count)
            SELECT CURRENT_DATE, COUNT(*) FROM users WHERE role = 'doctor'
            ON CONFLICT (run_date) DO UPDATE
            SET doctor_count = EXCLUDED.doctor_count;
        , parameters: None
[2025-05-14T22:52:26.724+0000] {sql.py:427} INFO - Rows affected: 1
[2025-05-14T22:52:26.739+0000] {taskinstance.py:1400} INFO - Marking task as SUCCESS. dag_id=sample_etl, task_id=load_data, execution_date=20250513T000000, start_date=20250514T225226, end_date=20250514T225226
[2025-05-14T22:52:26.790+0000] {local_task_job_runner.py:228} INFO - Task exited with return code 0
[2025-05-14T22:52:26.825+0000] {taskinstance.py:2778} INFO - 1 downstream tasks scheduled from follow-on schedule check
