[2025-05-14T19:25:02.487+0000] {taskinstance.py:1159} INFO - Dependencies all met for dep_context=non-requeueable deps ti=<TaskInstance: sample_etl.create_table manual__2025-05-14T19:24:59.580405+00:00 [queued]>
[2025-05-14T19:25:02.493+0000] {taskinstance.py:1159} INFO - Dependencies all met for dep_context=requeueable deps ti=<TaskInstance: sample_etl.create_table manual__2025-05-14T19:24:59.580405+00:00 [queued]>
[2025-05-14T19:25:02.493+0000] {taskinstance.py:1361} INFO - Starting attempt 1 of 3
[2025-05-14T19:25:02.503+0000] {taskinstance.py:1382} INFO - Executing <Task(PostgresOperator): create_table> on 2025-05-14 19:24:59.580405+00:00
[2025-05-14T19:25:02.507+0000] {standard_task_runner.py:57} INFO - Started process 304 to run task
[2025-05-14T19:25:02.510+0000] {standard_task_runner.py:84} INFO - Running: ['airflow', 'tasks', 'run', 'sample_etl', 'create_table', 'manual__2025-05-14T19:24:59.580405+00:00', '--job-id', '114', '--raw', '--subdir', 'DAGS_FOLDER/sample_etl.py', '--cfg-path', '/tmp/tmpx2yiv2wo']
[2025-05-14T19:25:02.512+0000] {standard_task_runner.py:85} INFO - Job 114: Subtask create_table
[2025-05-14T19:25:02.527+0000] {logging_mixin.py:154} WARNING - /home/airflow/.local/lib/python3.8/site-packages/airflow/settings.py:195 DeprecationWarning: The sql_alchemy_conn option in [core] has been moved to the sql_alchemy_conn option in [database] - the old setting has been used, but please update your config.
[2025-05-14T19:25:02.557+0000] {task_command.py:416} INFO - Running <TaskInstance: sample_etl.create_table manual__2025-05-14T19:24:59.580405+00:00 [running]> on host 3dfadb756915
[2025-05-14T19:25:02.629+0000] {taskinstance.py:1662} INFO - Exporting env vars: AIRFLOW_CTX_DAG_EMAIL='taimourabdulkarim20@gmail.com' AIRFLOW_CTX_DAG_OWNER='airflow' AIRFLOW_CTX_DAG_ID='sample_etl' AIRFLOW_CTX_TASK_ID='create_table' AIRFLOW_CTX_EXECUTION_DATE='2025-05-14T19:24:59.580405+00:00' AIRFLOW_CTX_TRY_NUMBER='1' AIRFLOW_CTX_DAG_RUN_ID='manual__2025-05-14T19:24:59.580405+00:00'
[2025-05-14T19:25:02.630+0000] {sql.py:274} INFO - Executing: 
            CREATE TABLE IF NOT EXISTS etl_stats (
                id SERIAL PRIMARY KEY,
                run_date DATE,
                doctor_count INT
            );
        
[2025-05-14T19:25:02.678+0000] {base.py:73} INFO - Using connection ID '***_default' for task execution.
[2025-05-14T19:25:02.689+0000] {base.py:73} INFO - Using connection ID '***_default' for task execution.
[2025-05-14T19:25:02.698+0000] {sql.py:418} INFO - Running statement: 
            CREATE TABLE IF NOT EXISTS etl_stats (
                id SERIAL PRIMARY KEY,
                run_date DATE,
                doctor_count INT
            );
        , parameters: None
[2025-05-14T19:25:02.711+0000] {taskinstance.py:1400} INFO - Marking task as SUCCESS. dag_id=sample_etl, task_id=create_table, execution_date=20250514T192459, start_date=20250514T192502, end_date=20250514T192502
[2025-05-14T19:25:02.737+0000] {local_task_job_runner.py:228} INFO - Task exited with return code 0
[2025-05-14T19:25:02.769+0000] {taskinstance.py:2778} INFO - 1 downstream tasks scheduled from follow-on schedule check
