[2025-05-15T09:24:30.930+0000] {taskinstance.py:1159} INFO - Dependencies all met for dep_context=non-requeueable deps ti=<TaskInstance: sample_etl.create_user_stats_table manual__2025-05-15T09:24:23.032555+00:00 [queued]>
[2025-05-15T09:24:30.945+0000] {taskinstance.py:1159} INFO - Dependencies all met for dep_context=requeueable deps ti=<TaskInstance: sample_etl.create_user_stats_table manual__2025-05-15T09:24:23.032555+00:00 [queued]>
[2025-05-15T09:24:30.946+0000] {taskinstance.py:1361} INFO - Starting attempt 1 of 3
[2025-05-15T09:24:30.962+0000] {taskinstance.py:1382} INFO - Executing <Task(PostgresOperator): create_user_stats_table> on 2025-05-15 09:24:23.032555+00:00
[2025-05-15T09:24:30.967+0000] {standard_task_runner.py:57} INFO - Started process 244 to run task
[2025-05-15T09:24:30.977+0000] {standard_task_runner.py:84} INFO - Running: ['airflow', 'tasks', 'run', 'sample_etl', 'create_user_stats_table', 'manual__2025-05-15T09:24:23.032555+00:00', '--job-id', '11', '--raw', '--subdir', 'DAGS_FOLDER/sample_etl.py', '--cfg-path', '/tmp/tmpl98xlo1m']
[2025-05-15T09:24:30.981+0000] {standard_task_runner.py:85} INFO - Job 11: Subtask create_user_stats_table
[2025-05-15T09:24:31.004+0000] {logging_mixin.py:154} WARNING - /home/airflow/.local/lib/python3.8/site-packages/airflow/settings.py:195 DeprecationWarning: The sql_alchemy_conn option in [core] has been moved to the sql_alchemy_conn option in [database] - the old setting has been used, but please update your config.
[2025-05-15T09:24:31.051+0000] {task_command.py:416} INFO - Running <TaskInstance: sample_etl.create_user_stats_table manual__2025-05-15T09:24:23.032555+00:00 [running]> on host 45eecb73d756
[2025-05-15T09:24:31.127+0000] {taskinstance.py:1662} INFO - Exporting env vars: AIRFLOW_CTX_DAG_EMAIL='taimourabdulkarim20@gmail.com' AIRFLOW_CTX_DAG_OWNER='airflow' AIRFLOW_CTX_DAG_ID='sample_etl' AIRFLOW_CTX_TASK_ID='create_user_stats_table' AIRFLOW_CTX_EXECUTION_DATE='2025-05-15T09:24:23.032555+00:00' AIRFLOW_CTX_TRY_NUMBER='1' AIRFLOW_CTX_DAG_RUN_ID='manual__2025-05-15T09:24:23.032555+00:00'
[2025-05-15T09:24:31.128+0000] {sql.py:274} INFO - Executing: 
            CREATE TABLE IF NOT EXISTS user_stats (
                stat_date DATE PRIMARY KEY,
                total_users INT,
                new_users INT
            );
        
[2025-05-15T09:24:31.157+0000] {base.py:73} INFO - Using connection ID '***_default' for task execution.
[2025-05-15T09:24:31.166+0000] {base.py:73} INFO - Using connection ID '***_default' for task execution.
[2025-05-15T09:24:31.173+0000] {sql.py:418} INFO - Running statement: 
            CREATE TABLE IF NOT EXISTS user_stats (
                stat_date DATE PRIMARY KEY,
                total_users INT,
                new_users INT
            );
        , parameters: None
[2025-05-15T09:24:31.193+0000] {taskinstance.py:1400} INFO - Marking task as SUCCESS. dag_id=sample_etl, task_id=create_user_stats_table, execution_date=20250515T092423, start_date=20250515T092430, end_date=20250515T092431
[2025-05-15T09:24:31.240+0000] {local_task_job_runner.py:228} INFO - Task exited with return code 0
[2025-05-15T09:24:31.283+0000] {taskinstance.py:2778} INFO - 1 downstream tasks scheduled from follow-on schedule check
