[2025-05-14T22:08:29.718+0000] {taskinstance.py:1159} INFO - Dependencies all met for dep_context=non-requeueable deps ti=<TaskInstance: sample_etl.create_weekly_signups_table manual__2025-05-14T22:08:17.462522+00:00 [queued]>
[2025-05-14T22:08:29.725+0000] {taskinstance.py:1159} INFO - Dependencies all met for dep_context=requeueable deps ti=<TaskInstance: sample_etl.create_weekly_signups_table manual__2025-05-14T22:08:17.462522+00:00 [queued]>
[2025-05-14T22:08:29.725+0000] {taskinstance.py:1361} INFO - Starting attempt 1 of 3
[2025-05-14T22:08:29.738+0000] {taskinstance.py:1382} INFO - Executing <Task(PostgresOperator): create_weekly_signups_table> on 2025-05-14 22:08:17.462522+00:00
[2025-05-14T22:08:29.744+0000] {standard_task_runner.py:57} INFO - Started process 248 to run task
[2025-05-14T22:08:29.749+0000] {standard_task_runner.py:84} INFO - Running: ['airflow', 'tasks', 'run', 'sample_etl', 'create_weekly_signups_table', 'manual__2025-05-14T22:08:17.462522+00:00', '--job-id', '16', '--raw', '--subdir', 'DAGS_FOLDER/sample_etl.py', '--cfg-path', '/tmp/tmpb34sce8n']
[2025-05-14T22:08:29.751+0000] {standard_task_runner.py:85} INFO - Job 16: Subtask create_weekly_signups_table
[2025-05-14T22:08:29.774+0000] {logging_mixin.py:154} WARNING - /home/airflow/.local/lib/python3.8/site-packages/airflow/settings.py:195 DeprecationWarning: The sql_alchemy_conn option in [core] has been moved to the sql_alchemy_conn option in [database] - the old setting has been used, but please update your config.
[2025-05-14T22:08:29.819+0000] {task_command.py:416} INFO - Running <TaskInstance: sample_etl.create_weekly_signups_table manual__2025-05-14T22:08:17.462522+00:00 [running]> on host dd657b0ac9c8
[2025-05-14T22:08:29.891+0000] {taskinstance.py:1662} INFO - Exporting env vars: AIRFLOW_CTX_DAG_EMAIL='taimourabdulkarim20@gmail.com' AIRFLOW_CTX_DAG_OWNER='airflow' AIRFLOW_CTX_DAG_ID='sample_etl' AIRFLOW_CTX_TASK_ID='create_weekly_signups_table' AIRFLOW_CTX_EXECUTION_DATE='2025-05-14T22:08:17.462522+00:00' AIRFLOW_CTX_TRY_NUMBER='1' AIRFLOW_CTX_DAG_RUN_ID='manual__2025-05-14T22:08:17.462522+00:00'
[2025-05-14T22:08:29.892+0000] {sql.py:274} INFO - Executing: 
            CREATE TABLE IF NOT EXISTS weekly_signups (
                week_start DATE PRIMARY KEY,
                user_signups INT
            );
        
[2025-05-14T22:08:29.915+0000] {base.py:73} INFO - Using connection ID '***_default' for task execution.
[2025-05-14T22:08:29.920+0000] {base.py:73} INFO - Using connection ID '***_default' for task execution.
[2025-05-14T22:08:29.927+0000] {sql.py:418} INFO - Running statement: 
            CREATE TABLE IF NOT EXISTS weekly_signups (
                week_start DATE PRIMARY KEY,
                user_signups INT
            );
        , parameters: None
[2025-05-14T22:08:29.942+0000] {taskinstance.py:1400} INFO - Marking task as SUCCESS. dag_id=sample_etl, task_id=create_weekly_signups_table, execution_date=20250514T220817, start_date=20250514T220829, end_date=20250514T220829
[2025-05-14T22:08:29.973+0000] {local_task_job_runner.py:228} INFO - Task exited with return code 0
[2025-05-14T22:08:30.003+0000] {taskinstance.py:2778} INFO - 1 downstream tasks scheduled from follow-on schedule check
