[2025-05-15T09:24:43.611+0000] {taskinstance.py:1159} INFO - Dependencies all met for dep_context=non-requeueable deps ti=<TaskInstance: sample_etl.create_department_doctor_counts_table manual__2025-05-15T09:24:23.032555+00:00 [queued]>
[2025-05-15T09:24:43.623+0000] {taskinstance.py:1159} INFO - Dependencies all met for dep_context=requeueable deps ti=<TaskInstance: sample_etl.create_department_doctor_counts_table manual__2025-05-15T09:24:23.032555+00:00 [queued]>
[2025-05-15T09:24:43.623+0000] {taskinstance.py:1361} INFO - Starting attempt 1 of 3
[2025-05-15T09:24:43.634+0000] {taskinstance.py:1382} INFO - Executing <Task(PostgresOperator): create_department_doctor_counts_table> on 2025-05-15 09:24:23.032555+00:00
[2025-05-15T09:24:43.639+0000] {standard_task_runner.py:57} INFO - Started process 264 to run task
[2025-05-15T09:24:43.652+0000] {standard_task_runner.py:84} INFO - Running: ['airflow', 'tasks', 'run', 'sample_etl', 'create_department_doctor_counts_table', 'manual__2025-05-15T09:24:23.032555+00:00', '--job-id', '22', '--raw', '--subdir', 'DAGS_FOLDER/sample_etl.py', '--cfg-path', '/tmp/tmpkmo0me7a']
[2025-05-15T09:24:43.655+0000] {standard_task_runner.py:85} INFO - Job 22: Subtask create_department_doctor_counts_table
[2025-05-15T09:24:43.689+0000] {logging_mixin.py:154} WARNING - /home/airflow/.local/lib/python3.8/site-packages/airflow/settings.py:195 DeprecationWarning: The sql_alchemy_conn option in [core] has been moved to the sql_alchemy_conn option in [database] - the old setting has been used, but please update your config.
[2025-05-15T09:24:43.737+0000] {task_command.py:416} INFO - Running <TaskInstance: sample_etl.create_department_doctor_counts_table manual__2025-05-15T09:24:23.032555+00:00 [running]> on host 45eecb73d756
[2025-05-15T09:24:43.827+0000] {taskinstance.py:1662} INFO - Exporting env vars: AIRFLOW_CTX_DAG_EMAIL='taimourabdulkarim20@gmail.com' AIRFLOW_CTX_DAG_OWNER='airflow' AIRFLOW_CTX_DAG_ID='sample_etl' AIRFLOW_CTX_TASK_ID='create_department_doctor_counts_table' AIRFLOW_CTX_EXECUTION_DATE='2025-05-15T09:24:23.032555+00:00' AIRFLOW_CTX_TRY_NUMBER='1' AIRFLOW_CTX_DAG_RUN_ID='manual__2025-05-15T09:24:23.032555+00:00'
[2025-05-15T09:24:43.828+0000] {sql.py:274} INFO - Executing: 
            CREATE TABLE IF NOT EXISTS department_doctor_counts (
                stat_date DATE,
                department_id UUID,
                doctor_count INT,
                PRIMARY KEY (stat_date, department_id)
            );
        
[2025-05-15T09:24:43.860+0000] {base.py:73} INFO - Using connection ID '***_default' for task execution.
[2025-05-15T09:24:43.865+0000] {base.py:73} INFO - Using connection ID '***_default' for task execution.
[2025-05-15T09:24:43.873+0000] {sql.py:418} INFO - Running statement: 
            CREATE TABLE IF NOT EXISTS department_doctor_counts (
                stat_date DATE,
                department_id UUID,
                doctor_count INT,
                PRIMARY KEY (stat_date, department_id)
            );
        , parameters: None
[2025-05-15T09:24:43.891+0000] {taskinstance.py:1400} INFO - Marking task as SUCCESS. dag_id=sample_etl, task_id=create_department_doctor_counts_table, execution_date=20250515T092423, start_date=20250515T092443, end_date=20250515T092443
[2025-05-15T09:24:43.915+0000] {local_task_job_runner.py:228} INFO - Task exited with return code 0
[2025-05-15T09:24:43.945+0000] {taskinstance.py:2778} INFO - 1 downstream tasks scheduled from follow-on schedule check
