[2025-05-14T19:23:41.477+0000] {taskinstance.py:1159} INFO - Dependencies all met for dep_context=non-requeueable deps ti=<TaskInstance: sample_etl.aggregate_user_stats scheduled__2025-05-13T00:00:00+00:00 [queued]>
[2025-05-14T19:23:41.493+0000] {taskinstance.py:1159} INFO - Dependencies all met for dep_context=requeueable deps ti=<TaskInstance: sample_etl.aggregate_user_stats scheduled__2025-05-13T00:00:00+00:00 [queued]>
[2025-05-14T19:23:41.494+0000] {taskinstance.py:1361} INFO - Starting attempt 1 of 3
[2025-05-14T19:23:41.515+0000] {taskinstance.py:1382} INFO - Executing <Task(PostgresOperator): aggregate_user_stats> on 2025-05-13 00:00:00+00:00
[2025-05-14T19:23:41.529+0000] {standard_task_runner.py:57} INFO - Started process 214 to run task
[2025-05-14T19:23:41.538+0000] {standard_task_runner.py:84} INFO - Running: ['airflow', 'tasks', 'run', 'sample_etl', 'aggregate_user_stats', 'scheduled__2025-05-13T00:00:00+00:00', '--job-id', '97', '--raw', '--subdir', 'DAGS_FOLDER/sample_etl.py', '--cfg-path', '/tmp/tmpvmtx0_z3']
[2025-05-14T19:23:41.544+0000] {standard_task_runner.py:85} INFO - Job 97: Subtask aggregate_user_stats
[2025-05-14T19:23:41.573+0000] {logging_mixin.py:154} WARNING - /home/airflow/.local/lib/python3.8/site-packages/airflow/settings.py:195 DeprecationWarning: The sql_alchemy_conn option in [core] has been moved to the sql_alchemy_conn option in [database] - the old setting has been used, but please update your config.
[2025-05-14T19:23:41.634+0000] {task_command.py:416} INFO - Running <TaskInstance: sample_etl.aggregate_user_stats scheduled__2025-05-13T00:00:00+00:00 [running]> on host 3dfadb756915
[2025-05-14T19:23:41.778+0000] {taskinstance.py:1662} INFO - Exporting env vars: AIRFLOW_CTX_DAG_EMAIL='taimourabdulkarim20@gmail.com' AIRFLOW_CTX_DAG_OWNER='airflow' AIRFLOW_CTX_DAG_ID='sample_etl' AIRFLOW_CTX_TASK_ID='aggregate_user_stats' AIRFLOW_CTX_EXECUTION_DATE='2025-05-13T00:00:00+00:00' AIRFLOW_CTX_TRY_NUMBER='1' AIRFLOW_CTX_DAG_RUN_ID='scheduled__2025-05-13T00:00:00+00:00'
[2025-05-14T19:23:41.780+0000] {sql.py:274} INFO - Executing: 
            INSERT INTO user_stats (stat_date, total_users, new_users)
            SELECT
                CURRENT_DATE,
                COUNT(*),
                COUNT(*) FILTER (WHERE created_at::date = CURRENT_DATE)
            FROM users
            ON CONFLICT (stat_date) DO UPDATE
            SET
                total_users = EXCLUDED.total_users,
                new_users = EXCLUDED.new_users;
        
[2025-05-14T19:23:41.837+0000] {base.py:73} INFO - Using connection ID '***_default' for task execution.
[2025-05-14T19:23:41.845+0000] {base.py:73} INFO - Using connection ID '***_default' for task execution.
[2025-05-14T19:23:41.860+0000] {sql.py:418} INFO - Running statement: 
            INSERT INTO user_stats (stat_date, total_users, new_users)
            SELECT
                CURRENT_DATE,
                COUNT(*),
                COUNT(*) FILTER (WHERE created_at::date = CURRENT_DATE)
            FROM users
            ON CONFLICT (stat_date) DO UPDATE
            SET
                total_users = EXCLUDED.total_users,
                new_users = EXCLUDED.new_users;
        , parameters: None
[2025-05-14T19:23:41.867+0000] {sql.py:427} INFO - Rows affected: 1
[2025-05-14T19:23:41.885+0000] {taskinstance.py:1400} INFO - Marking task as SUCCESS. dag_id=sample_etl, task_id=aggregate_user_stats, execution_date=20250513T000000, start_date=20250514T192341, end_date=20250514T192341
[2025-05-14T19:23:41.931+0000] {local_task_job_runner.py:228} INFO - Task exited with return code 0
[2025-05-14T19:23:41.977+0000] {taskinstance.py:2778} INFO - 1 downstream tasks scheduled from follow-on schedule check
[2025-05-14T22:13:25.337+0000] {taskinstance.py:1159} INFO - Dependencies all met for dep_context=non-requeueable deps ti=<TaskInstance: sample_etl.aggregate_user_stats scheduled__2025-05-13T00:00:00+00:00 [queued]>
[2025-05-14T22:13:25.347+0000] {taskinstance.py:1159} INFO - Dependencies all met for dep_context=requeueable deps ti=<TaskInstance: sample_etl.aggregate_user_stats scheduled__2025-05-13T00:00:00+00:00 [queued]>
[2025-05-14T22:13:25.347+0000] {taskinstance.py:1361} INFO - Starting attempt 1 of 3
[2025-05-14T22:13:25.359+0000] {taskinstance.py:1382} INFO - Executing <Task(PostgresOperator): aggregate_user_stats> on 2025-05-13 00:00:00+00:00
[2025-05-14T22:13:25.364+0000] {standard_task_runner.py:57} INFO - Started process 519 to run task
[2025-05-14T22:13:25.371+0000] {standard_task_runner.py:84} INFO - Running: ['airflow', 'tasks', 'run', 'sample_etl', 'aggregate_user_stats', 'scheduled__2025-05-13T00:00:00+00:00', '--job-id', '69', '--raw', '--subdir', 'DAGS_FOLDER/sample_etl.py', '--cfg-path', '/tmp/tmpz3_mnwsy']
[2025-05-14T22:13:25.374+0000] {standard_task_runner.py:85} INFO - Job 69: Subtask aggregate_user_stats
[2025-05-14T22:13:25.394+0000] {logging_mixin.py:154} WARNING - /home/airflow/.local/lib/python3.8/site-packages/airflow/settings.py:195 DeprecationWarning: The sql_alchemy_conn option in [core] has been moved to the sql_alchemy_conn option in [database] - the old setting has been used, but please update your config.
[2025-05-14T22:13:25.433+0000] {task_command.py:416} INFO - Running <TaskInstance: sample_etl.aggregate_user_stats scheduled__2025-05-13T00:00:00+00:00 [running]> on host dd657b0ac9c8
[2025-05-14T22:13:25.508+0000] {taskinstance.py:1662} INFO - Exporting env vars: AIRFLOW_CTX_DAG_EMAIL='taimourabdulkarim20@gmail.com' AIRFLOW_CTX_DAG_OWNER='airflow' AIRFLOW_CTX_DAG_ID='sample_etl' AIRFLOW_CTX_TASK_ID='aggregate_user_stats' AIRFLOW_CTX_EXECUTION_DATE='2025-05-13T00:00:00+00:00' AIRFLOW_CTX_TRY_NUMBER='1' AIRFLOW_CTX_DAG_RUN_ID='scheduled__2025-05-13T00:00:00+00:00'
[2025-05-14T22:13:25.509+0000] {sql.py:274} INFO - Executing: 
            INSERT INTO user_stats (stat_date, total_users, new_users)
            SELECT
                CURRENT_DATE,
                COUNT(*),
                COUNT(*) FILTER (WHERE created_at::date = CURRENT_DATE)
            FROM users
            ON CONFLICT (stat_date) DO UPDATE
            SET
                total_users = EXCLUDED.total_users,
                new_users = EXCLUDED.new_users;
        
[2025-05-14T22:13:25.594+0000] {base.py:73} INFO - Using connection ID '***_default' for task execution.
[2025-05-14T22:13:25.605+0000] {base.py:73} INFO - Using connection ID '***_default' for task execution.
[2025-05-14T22:13:25.651+0000] {sql.py:418} INFO - Running statement: 
            INSERT INTO user_stats (stat_date, total_users, new_users)
            SELECT
                CURRENT_DATE,
                COUNT(*),
                COUNT(*) FILTER (WHERE created_at::date = CURRENT_DATE)
            FROM users
            ON CONFLICT (stat_date) DO UPDATE
            SET
                total_users = EXCLUDED.total_users,
                new_users = EXCLUDED.new_users;
        , parameters: None
[2025-05-14T22:13:25.656+0000] {sql.py:427} INFO - Rows affected: 1
[2025-05-14T22:13:25.679+0000] {taskinstance.py:1400} INFO - Marking task as SUCCESS. dag_id=sample_etl, task_id=aggregate_user_stats, execution_date=20250513T000000, start_date=20250514T221325, end_date=20250514T221325
[2025-05-14T22:13:25.747+0000] {local_task_job_runner.py:228} INFO - Task exited with return code 0
[2025-05-14T22:13:25.817+0000] {taskinstance.py:2778} INFO - 1 downstream tasks scheduled from follow-on schedule check
[2025-05-14T22:52:29.097+0000] {taskinstance.py:1159} INFO - Dependencies all met for dep_context=non-requeueable deps ti=<TaskInstance: sample_etl.aggregate_user_stats scheduled__2025-05-13T00:00:00+00:00 [queued]>
[2025-05-14T22:52:29.106+0000] {taskinstance.py:1159} INFO - Dependencies all met for dep_context=requeueable deps ti=<TaskInstance: sample_etl.aggregate_user_stats scheduled__2025-05-13T00:00:00+00:00 [queued]>
[2025-05-14T22:52:29.106+0000] {taskinstance.py:1361} INFO - Starting attempt 1 of 3
[2025-05-14T22:52:29.117+0000] {taskinstance.py:1382} INFO - Executing <Task(PostgresOperator): aggregate_user_stats> on 2025-05-13 00:00:00+00:00
[2025-05-14T22:52:29.121+0000] {standard_task_runner.py:57} INFO - Started process 372 to run task
[2025-05-14T22:52:29.126+0000] {standard_task_runner.py:84} INFO - Running: ['airflow', 'tasks', 'run', 'sample_etl', 'aggregate_user_stats', 'scheduled__2025-05-13T00:00:00+00:00', '--job-id', '29', '--raw', '--subdir', 'DAGS_FOLDER/sample_etl.py', '--cfg-path', '/tmp/tmpbmukh2d2']
[2025-05-14T22:52:29.135+0000] {standard_task_runner.py:85} INFO - Job 29: Subtask aggregate_user_stats
[2025-05-14T22:52:29.155+0000] {logging_mixin.py:154} WARNING - /home/airflow/.local/lib/python3.8/site-packages/airflow/settings.py:195 DeprecationWarning: The sql_alchemy_conn option in [core] has been moved to the sql_alchemy_conn option in [database] - the old setting has been used, but please update your config.
[2025-05-14T22:52:29.217+0000] {task_command.py:416} INFO - Running <TaskInstance: sample_etl.aggregate_user_stats scheduled__2025-05-13T00:00:00+00:00 [running]> on host dff7001aa755
[2025-05-14T22:52:29.414+0000] {taskinstance.py:1662} INFO - Exporting env vars: AIRFLOW_CTX_DAG_EMAIL='taimourabdulkarim20@gmail.com' AIRFLOW_CTX_DAG_OWNER='airflow' AIRFLOW_CTX_DAG_ID='sample_etl' AIRFLOW_CTX_TASK_ID='aggregate_user_stats' AIRFLOW_CTX_EXECUTION_DATE='2025-05-13T00:00:00+00:00' AIRFLOW_CTX_TRY_NUMBER='1' AIRFLOW_CTX_DAG_RUN_ID='scheduled__2025-05-13T00:00:00+00:00'
[2025-05-14T22:52:29.416+0000] {sql.py:274} INFO - Executing: 
            INSERT INTO user_stats (stat_date, total_users, new_users)
            SELECT
                CURRENT_DATE,
                COUNT(*),
                COUNT(*) FILTER (WHERE created_at::date = CURRENT_DATE)
            FROM users
            ON CONFLICT (stat_date) DO UPDATE
            SET
                total_users = EXCLUDED.total_users,
                new_users = EXCLUDED.new_users;
        
[2025-05-14T22:52:29.460+0000] {base.py:73} INFO - Using connection ID '***_default' for task execution.
[2025-05-14T22:52:29.472+0000] {base.py:73} INFO - Using connection ID '***_default' for task execution.
[2025-05-14T22:52:29.485+0000] {sql.py:418} INFO - Running statement: 
            INSERT INTO user_stats (stat_date, total_users, new_users)
            SELECT
                CURRENT_DATE,
                COUNT(*),
                COUNT(*) FILTER (WHERE created_at::date = CURRENT_DATE)
            FROM users
            ON CONFLICT (stat_date) DO UPDATE
            SET
                total_users = EXCLUDED.total_users,
                new_users = EXCLUDED.new_users;
        , parameters: None
[2025-05-14T22:52:29.487+0000] {sql.py:427} INFO - Rows affected: 1
[2025-05-14T22:52:29.509+0000] {taskinstance.py:1400} INFO - Marking task as SUCCESS. dag_id=sample_etl, task_id=aggregate_user_stats, execution_date=20250513T000000, start_date=20250514T225229, end_date=20250514T225229
[2025-05-14T22:52:29.570+0000] {local_task_job_runner.py:228} INFO - Task exited with return code 0
[2025-05-14T22:52:29.636+0000] {taskinstance.py:2778} INFO - 1 downstream tasks scheduled from follow-on schedule check
