[2025-05-14T19:23:50.586+0000] {taskinstance.py:1159} INFO - Dependencies all met for dep_context=non-requeueable deps ti=<TaskInstance: sample_etl.create_weekly_signups_table scheduled__2025-05-13T00:00:00+00:00 [queued]>
[2025-05-14T19:23:50.606+0000] {taskinstance.py:1159} INFO - Dependencies all met for dep_context=requeueable deps ti=<TaskInstance: sample_etl.create_weekly_signups_table scheduled__2025-05-13T00:00:00+00:00 [queued]>
[2025-05-14T19:23:50.606+0000] {taskinstance.py:1361} INFO - Starting attempt 1 of 3
[2025-05-14T19:23:50.632+0000] {taskinstance.py:1382} INFO - Executing <Task(PostgresOperator): create_weekly_signups_table> on 2025-05-13 00:00:00+00:00
[2025-05-14T19:23:50.643+0000] {standard_task_runner.py:57} INFO - Started process 225 to run task
[2025-05-14T19:23:50.658+0000] {standard_task_runner.py:84} INFO - Running: ['airflow', 'tasks', 'run', 'sample_etl', 'create_weekly_signups_table', 'scheduled__2025-05-13T00:00:00+00:00', '--job-id', '102', '--raw', '--subdir', 'DAGS_FOLDER/sample_etl.py', '--cfg-path', '/tmp/tmpqzffr9rr']
[2025-05-14T19:23:50.666+0000] {standard_task_runner.py:85} INFO - Job 102: Subtask create_weekly_signups_table
[2025-05-14T19:23:50.721+0000] {logging_mixin.py:154} WARNING - /home/airflow/.local/lib/python3.8/site-packages/airflow/settings.py:195 DeprecationWarning: The sql_alchemy_conn option in [core] has been moved to the sql_alchemy_conn option in [database] - the old setting has been used, but please update your config.
[2025-05-14T19:23:50.977+0000] {task_command.py:416} INFO - Running <TaskInstance: sample_etl.create_weekly_signups_table scheduled__2025-05-13T00:00:00+00:00 [running]> on host 3dfadb756915
[2025-05-14T19:23:51.331+0000] {taskinstance.py:1662} INFO - Exporting env vars: AIRFLOW_CTX_DAG_EMAIL='taimourabdulkarim20@gmail.com' AIRFLOW_CTX_DAG_OWNER='airflow' AIRFLOW_CTX_DAG_ID='sample_etl' AIRFLOW_CTX_TASK_ID='create_weekly_signups_table' AIRFLOW_CTX_EXECUTION_DATE='2025-05-13T00:00:00+00:00' AIRFLOW_CTX_TRY_NUMBER='1' AIRFLOW_CTX_DAG_RUN_ID='scheduled__2025-05-13T00:00:00+00:00'
[2025-05-14T19:23:51.335+0000] {sql.py:274} INFO - Executing: 
            CREATE TABLE IF NOT EXISTS weekly_signups (
                week_start DATE PRIMARY KEY,
                user_signups INT
            );
        
[2025-05-14T19:23:51.419+0000] {base.py:73} INFO - Using connection ID '***_default' for task execution.
[2025-05-14T19:23:51.430+0000] {base.py:73} INFO - Using connection ID '***_default' for task execution.
[2025-05-14T19:23:51.440+0000] {sql.py:418} INFO - Running statement: 
            CREATE TABLE IF NOT EXISTS weekly_signups (
                week_start DATE PRIMARY KEY,
                user_signups INT
            );
        , parameters: None
[2025-05-14T19:23:51.459+0000] {taskinstance.py:1400} INFO - Marking task as SUCCESS. dag_id=sample_etl, task_id=create_weekly_signups_table, execution_date=20250513T000000, start_date=20250514T192350, end_date=20250514T192351
[2025-05-14T19:23:51.653+0000] {local_task_job_runner.py:228} INFO - Task exited with return code 0
[2025-05-14T19:23:52.124+0000] {taskinstance.py:2778} INFO - 1 downstream tasks scheduled from follow-on schedule check
[2025-05-14T22:13:31.919+0000] {taskinstance.py:1159} INFO - Dependencies all met for dep_context=non-requeueable deps ti=<TaskInstance: sample_etl.create_weekly_signups_table scheduled__2025-05-13T00:00:00+00:00 [queued]>
[2025-05-14T22:13:31.929+0000] {taskinstance.py:1159} INFO - Dependencies all met for dep_context=requeueable deps ti=<TaskInstance: sample_etl.create_weekly_signups_table scheduled__2025-05-13T00:00:00+00:00 [queued]>
[2025-05-14T22:13:31.929+0000] {taskinstance.py:1361} INFO - Starting attempt 1 of 3
[2025-05-14T22:13:31.940+0000] {taskinstance.py:1382} INFO - Executing <Task(PostgresOperator): create_weekly_signups_table> on 2025-05-13 00:00:00+00:00
[2025-05-14T22:13:31.946+0000] {standard_task_runner.py:57} INFO - Started process 534 to run task
[2025-05-14T22:13:31.953+0000] {standard_task_runner.py:84} INFO - Running: ['airflow', 'tasks', 'run', 'sample_etl', 'create_weekly_signups_table', 'scheduled__2025-05-13T00:00:00+00:00', '--job-id', '74', '--raw', '--subdir', 'DAGS_FOLDER/sample_etl.py', '--cfg-path', '/tmp/tmpgy0j27p1']
[2025-05-14T22:13:31.956+0000] {standard_task_runner.py:85} INFO - Job 74: Subtask create_weekly_signups_table
[2025-05-14T22:13:31.976+0000] {logging_mixin.py:154} WARNING - /home/airflow/.local/lib/python3.8/site-packages/airflow/settings.py:195 DeprecationWarning: The sql_alchemy_conn option in [core] has been moved to the sql_alchemy_conn option in [database] - the old setting has been used, but please update your config.
[2025-05-14T22:13:32.023+0000] {task_command.py:416} INFO - Running <TaskInstance: sample_etl.create_weekly_signups_table scheduled__2025-05-13T00:00:00+00:00 [running]> on host dd657b0ac9c8
[2025-05-14T22:13:32.147+0000] {taskinstance.py:1662} INFO - Exporting env vars: AIRFLOW_CTX_DAG_EMAIL='taimourabdulkarim20@gmail.com' AIRFLOW_CTX_DAG_OWNER='airflow' AIRFLOW_CTX_DAG_ID='sample_etl' AIRFLOW_CTX_TASK_ID='create_weekly_signups_table' AIRFLOW_CTX_EXECUTION_DATE='2025-05-13T00:00:00+00:00' AIRFLOW_CTX_TRY_NUMBER='1' AIRFLOW_CTX_DAG_RUN_ID='scheduled__2025-05-13T00:00:00+00:00'
[2025-05-14T22:13:32.147+0000] {sql.py:274} INFO - Executing: 
            CREATE TABLE IF NOT EXISTS weekly_signups (
                week_start DATE PRIMARY KEY,
                user_signups INT
            );
        
[2025-05-14T22:13:32.172+0000] {base.py:73} INFO - Using connection ID '***_default' for task execution.
[2025-05-14T22:13:32.177+0000] {base.py:73} INFO - Using connection ID '***_default' for task execution.
[2025-05-14T22:13:32.184+0000] {sql.py:418} INFO - Running statement: 
            CREATE TABLE IF NOT EXISTS weekly_signups (
                week_start DATE PRIMARY KEY,
                user_signups INT
            );
        , parameters: None
[2025-05-14T22:13:32.196+0000] {taskinstance.py:1400} INFO - Marking task as SUCCESS. dag_id=sample_etl, task_id=create_weekly_signups_table, execution_date=20250513T000000, start_date=20250514T221331, end_date=20250514T221332
[2025-05-14T22:13:32.221+0000] {local_task_job_runner.py:228} INFO - Task exited with return code 0
[2025-05-14T22:13:32.261+0000] {taskinstance.py:2778} INFO - 1 downstream tasks scheduled from follow-on schedule check
[2025-05-14T22:52:35.465+0000] {taskinstance.py:1159} INFO - Dependencies all met for dep_context=non-requeueable deps ti=<TaskInstance: sample_etl.create_weekly_signups_table scheduled__2025-05-13T00:00:00+00:00 [queued]>
[2025-05-14T22:52:35.473+0000] {taskinstance.py:1159} INFO - Dependencies all met for dep_context=requeueable deps ti=<TaskInstance: sample_etl.create_weekly_signups_table scheduled__2025-05-13T00:00:00+00:00 [queued]>
[2025-05-14T22:52:35.473+0000] {taskinstance.py:1361} INFO - Starting attempt 1 of 3
[2025-05-14T22:52:35.483+0000] {taskinstance.py:1382} INFO - Executing <Task(PostgresOperator): create_weekly_signups_table> on 2025-05-13 00:00:00+00:00
[2025-05-14T22:52:35.502+0000] {standard_task_runner.py:57} INFO - Started process 382 to run task
[2025-05-14T22:52:35.510+0000] {standard_task_runner.py:84} INFO - Running: ['airflow', 'tasks', 'run', 'sample_etl', 'create_weekly_signups_table', 'scheduled__2025-05-13T00:00:00+00:00', '--job-id', '34', '--raw', '--subdir', 'DAGS_FOLDER/sample_etl.py', '--cfg-path', '/tmp/tmp6va01t09']
[2025-05-14T22:52:35.513+0000] {standard_task_runner.py:85} INFO - Job 34: Subtask create_weekly_signups_table
[2025-05-14T22:52:35.533+0000] {logging_mixin.py:154} WARNING - /home/airflow/.local/lib/python3.8/site-packages/airflow/settings.py:195 DeprecationWarning: The sql_alchemy_conn option in [core] has been moved to the sql_alchemy_conn option in [database] - the old setting has been used, but please update your config.
[2025-05-14T22:52:35.577+0000] {task_command.py:416} INFO - Running <TaskInstance: sample_etl.create_weekly_signups_table scheduled__2025-05-13T00:00:00+00:00 [running]> on host dff7001aa755
[2025-05-14T22:52:35.660+0000] {taskinstance.py:1662} INFO - Exporting env vars: AIRFLOW_CTX_DAG_EMAIL='taimourabdulkarim20@gmail.com' AIRFLOW_CTX_DAG_OWNER='airflow' AIRFLOW_CTX_DAG_ID='sample_etl' AIRFLOW_CTX_TASK_ID='create_weekly_signups_table' AIRFLOW_CTX_EXECUTION_DATE='2025-05-13T00:00:00+00:00' AIRFLOW_CTX_TRY_NUMBER='1' AIRFLOW_CTX_DAG_RUN_ID='scheduled__2025-05-13T00:00:00+00:00'
[2025-05-14T22:52:35.661+0000] {sql.py:274} INFO - Executing: 
            CREATE TABLE IF NOT EXISTS weekly_signups (
                week_start DATE PRIMARY KEY,
                user_signups INT
            );
        
[2025-05-14T22:52:35.685+0000] {base.py:73} INFO - Using connection ID '***_default' for task execution.
[2025-05-14T22:52:35.689+0000] {base.py:73} INFO - Using connection ID '***_default' for task execution.
[2025-05-14T22:52:35.697+0000] {sql.py:418} INFO - Running statement: 
            CREATE TABLE IF NOT EXISTS weekly_signups (
                week_start DATE PRIMARY KEY,
                user_signups INT
            );
        , parameters: None
[2025-05-14T22:52:35.711+0000] {taskinstance.py:1400} INFO - Marking task as SUCCESS. dag_id=sample_etl, task_id=create_weekly_signups_table, execution_date=20250513T000000, start_date=20250514T225235, end_date=20250514T225235
[2025-05-14T22:52:35.731+0000] {local_task_job_runner.py:228} INFO - Task exited with return code 0
[2025-05-14T22:52:35.763+0000] {taskinstance.py:2778} INFO - 1 downstream tasks scheduled from follow-on schedule check
